#
# There is insufficient memory for the Java Runtime Environment to continue.
# Native memory allocation (malloc) failed to allocate 297296 bytes for Chunk::new
# Possible reasons:
#   The system is out of physical RAM or swap space
#   In 32 bit mode, the process size limit was hit
# Possible solutions:
#   Reduce memory load on the system
#   Increase physical memory or swap space
#   Check if swap backing store is full
#   Use 64 bit Java on a 64 bit OS
#   Decrease Java heap size (-Xmx/-Xms)
#   Decrease number of Java threads
#   Decrease Java thread stack sizes (-Xss)
#   Set larger code cache with -XX:ReservedCodeCacheSize=
# This output file may be truncated or incomplete.
#
#  Out of Memory Error (allocation.cpp:390), pid=8152, tid=0x0000000000002928
#
# JRE version: OpenJDK Runtime Environment (8.0_152-b01) (build 1.8.0_152-release-1248-b01)
# Java VM: OpenJDK 64-Bit Server VM (25.152-b01 mixed mode windows-amd64 compressed oops)
# Failed to write core dump. Minidumps are not enabled by default on client versions of Windows
#

---------------  T H R E A D  ---------------

Current thread (0x00000000175eb000):  JavaThread "C2 CompilerThread1" daemon [_thread_in_native, id=10536, stack(0x0000000017ce0000,0x0000000017de0000)]

Stack: [0x0000000017ce0000,0x0000000017de0000]
[error occurred during error reporting (printing stack bounds), id 0xc0000005]

Native frames: (J=compiled Java code, j=interpreted, Vv=VM code, C=native code)


Current CompileTask:
C2: 920369 11365       4       com.android.tools.r8.code.BaseInstructionFactory::create (3362 bytes)


---------------  P R O C E S S  ---------------

Java Threads: ( => current thread )
  0x000000001e7e0800 JavaThread "ForkJoinPool-2-worker-0" daemon [_thread_blocked, id=7256, stack(0x0000000027200000,0x0000000027300000)]
  0x000000001e7e0000 JavaThread "ForkJoinPool-2-worker-3" daemon [_thread_blocked, id=13172, stack(0x0000000027100000,0x0000000027200000)]
  0x000000001e7dd800 JavaThread "ForkJoinPool-2-worker-2" daemon [_thread_blocked, id=11288, stack(0x0000000027000000,0x0000000027100000)]
  0x000000001e7df000 JavaThread "ForkJoinPool-2-worker-1" daemon [_thread_in_Java, id=2864, stack(0x0000000026f00000,0x0000000027000000)]
  0x000000001e7dc800 JavaThread "ForkJoinPool.commonPool-worker-3" daemon [_thread_blocked, id=3064, stack(0x0000000026e00000,0x0000000026f00000)]
  0x000000001e7d5000 JavaThread "ForkJoinPool.commonPool-worker-2" daemon [_thread_blocked, id=13256, stack(0x0000000026d00000,0x0000000026e00000)]
  0x000000001e7db000 JavaThread "Cache worker for Java compile cache (C:\Users\Administrator\Documents\GitHub\HellgaramMobileApp\.gradle\4.10.1\javaCompile)" [_thread_blocked, id=10048, stack(0x0000000026c00000,0x0000000026d00000)]
  0x000000001e7d3800 JavaThread "Cache worker for Java compile cache (C:\Users\Administrator\.gradle\caches\4.10.1\javaCompile)" [_thread_blocked, id=3512, stack(0x0000000026b00000,0x0000000026c00000)]
  0x000000001e7d3000 JavaThread "Cache worker for Build Output Cleanup Cache (C:\Users\Administrator\Documents\GitHub\HellgaramMobileApp\.gradle\buildOutputCleanup)" [_thread_blocked, id=1516, stack(0x0000000026a00000,0x0000000026b00000)]
  0x000000001e7d9800 JavaThread "Cache worker for task history cache (C:\Users\Administrator\Documents\GitHub\HellgaramMobileApp\.gradle\4.10.1\taskHistory)" [_thread_blocked, id=7128, stack(0x0000000026900000,0x0000000026a00000)]
  0x000000001e7d6800 JavaThread "Task worker for ':' Thread 3" [_thread_blocked, id=11272, stack(0x0000000026800000,0x0000000026900000)]
  0x000000001ea16000 JavaThread "Task worker for ':' Thread 2" [_thread_blocked, id=7888, stack(0x0000000026700000,0x0000000026800000)]
  0x000000001ea14800 JavaThread "Task worker for ':'" [_thread_blocked, id=208, stack(0x0000000026600000,0x0000000026700000)]
  0x000000001ea13800 JavaThread "Cache worker for file content cache (C:\Users\Administrator\Documents\GitHub\HellgaramMobileApp\.gradle\4.10.1\fileContent)" [_thread_blocked, id=11228, stack(0x0000000026500000,0x0000000026600000)]
  0x000000001ea15000 JavaThread "Build operations Thread 4" [_thread_blocked, id=6464, stack(0x0000000026400000,0x0000000026500000)]
  0x000000001ea16800 JavaThread "Build operations Thread 3" [_thread_blocked, id=4264, stack(0x0000000026300000,0x0000000026400000)]
  0x000000001ea13000 JavaThread "Build operations Thread 2" [_thread_blocked, id=4056, stack(0x0000000026200000,0x0000000026300000)]
  0x000000001ea0d800 JavaThread "Build operations" [_thread_blocked, id=5804, stack(0x0000000026100000,0x0000000026200000)]
  0x000000001ea0b800 JavaThread "Cache worker for cache directory md-rule (C:\Users\Administrator\.gradle\caches\4.10.1\md-rule)" [_thread_blocked, id=10360, stack(0x0000000026000000,0x0000000026100000)]
  0x000000001ea0c000 JavaThread "Cache worker for cache directory md-supplier (C:\Users\Administrator\.gradle\caches\4.10.1\md-supplier)" [_thread_blocked, id=5132, stack(0x0000000025f00000,0x0000000026000000)]
  0x000000001ea12000 JavaThread "Cache worker for file hash cache (C:\Users\Administrator\Documents\GitHub\HellgaramMobileApp\.gradle\4.10.1\fileHashes)" [_thread_blocked, id=7868, stack(0x0000000025e00000,0x0000000025f00000)]
  0x000000001ea0a800 JavaThread "Stdin handler" [_thread_blocked, id=11200, stack(0x0000000025d00000,0x0000000025e00000)]
  0x000000001ea11800 JavaThread "Asynchronous log dispatcher for DefaultDaemonConnection: socket connection from /127.0.0.1:56089 to /127.0.0.1:56154" [_thread_blocked, id=9464, stack(0x0000000025c00000,0x0000000025d00000)]
  0x000000001ea10800 JavaThread "Daemon worker Thread 2" [_thread_blocked, id=8756, stack(0x0000000025b00000,0x0000000025c00000)]
  0x000000001ea10000 JavaThread "Cancel handler" [_thread_blocked, id=6716, stack(0x0000000025a00000,0x0000000025b00000)]
  0x000000001ea0f000 JavaThread "Handler for socket connection from /127.0.0.1:56089 to /127.0.0.1:56154" [_thread_in_native, id=3248, stack(0x0000000025900000,0x0000000025a00000)]
  0x000000001ea07800 JavaThread "Daemon Thread 2" [_thread_blocked, id=9548, stack(0x0000000025800000,0x0000000025900000)]
  0x000000001ea0a000 JavaThread "pool-1-thread-1" [_thread_blocked, id=12328, stack(0x0000000025600000,0x0000000025700000)]
  0x000000001e7dc000 JavaThread "Cache worker for file content cache (C:\Users\Administrator\.gradle\caches\4.10.1\fileContent)" [_thread_blocked, id=12068, stack(0x0000000022210000,0x0000000022310000)]
  0x000000001e7d2000 JavaThread "Memory manager" [_thread_blocked, id=13068, stack(0x0000000020e80000,0x0000000020f80000)]
  0x0000000018712000 JavaThread "Cache worker for Artifact transforms cache (C:\Users\Administrator\.gradle\caches\transforms-1)" [_thread_blocked, id=12300, stack(0x000000001f560000,0x000000001f660000)]
  0x0000000018713000 JavaThread "Cache worker for journal cache (C:\Users\Administrator\.gradle\caches\journal-1)" [_thread_blocked, id=3412, stack(0x000000001ba90000,0x000000001bb90000)]
  0x0000000019d1a800 JavaThread "File lock request listener" [_thread_in_native, id=11796, stack(0x000000001b890000,0x000000001b990000)]
  0x0000000019870000 JavaThread "Cache worker for file hash cache (C:\Users\Administrator\.gradle\caches\4.10.1\fileHashes)" [_thread_blocked, id=3424, stack(0x000000001b790000,0x000000001b890000)]
  0x0000000019721800 JavaThread "Daemon periodic checks" [_thread_blocked, id=892, stack(0x000000001ac90000,0x000000001ad90000)]
  0x000000001971e800 JavaThread "Incoming local TCP Connector on port 56089" [_thread_in_native, id=5712, stack(0x00000000198b0000,0x00000000199b0000)]
  0x0000000017677800 JavaThread "Service Thread" daemon [_thread_blocked, id=10724, stack(0x0000000017ee0000,0x0000000017fe0000)]
  0x00000000175fb000 JavaThread "C1 CompilerThread2" daemon [_thread_blocked, id=4308, stack(0x0000000017de0000,0x0000000017ee0000)]
=>0x00000000175eb000 JavaThread "C2 CompilerThread1" daemon [_thread_in_native, id=10536, stack(0x0000000017ce0000,0x0000000017de0000)]
  0x000000001624d800 JavaThread "C2 CompilerThread0" daemon [_thread_in_native, id=4300, stack(0x0000000017be0000,0x0000000017ce0000)]
  0x00000000175e8800 JavaThread "Attach Listener" daemon [_thread_blocked, id=11012, stack(0x0000000017ae0000,0x0000000017be0000)]
  0x00000000161ff800 JavaThread "Signal Dispatcher" daemon [_thread_blocked, id=11720, stack(0x00000000179e0000,0x0000000017ae0000)]
  0x000000000287c000 JavaThread "Finalizer" daemon [_thread_blocked, id=12512, stack(0x0000000017450000,0x0000000017550000)]
  0x0000000002871000 JavaThread "Reference Handler" daemon [_thread_blocked, id=4600, stack(0x0000000017350000,0x0000000017450000)]
  0x0000000002782800 JavaThread "main" [_thread_blocked, id=6860, stack(0x0000000002680000,0x0000000002780000)]

Other Threads:
  0x00000000161b7800 VMThread [stack: 0x0000000017250000,0x0000000017350000] [id=10484]
  0x0000000017678800 WatcherThread [stack: 0x0000000017fe0000,0x00000000180e0000] [id=5492]

VM state:not at safepoint (normal execution)

VM Mutex/Monitor currently owned by a thread: None

Heap:
 PSYoungGen      total 238592K, used 81386K [0x00000000e0000000, 0x00000000f2080000, 0x0000000100000000)
  eden space 209408K, 30% used [0x00000000e0000000,0x00000000e3eb7af0,0x00000000ecc80000)
  from space 29184K, 58% used [0x00000000ecc80000,0x00000000edd42eb8,0x00000000ee900000)
  to   space 29696K, 0% used [0x00000000f0380000,0x00000000f0380000,0x00000000f2080000)
 ParOldGen       total 85504K, used 48236K [0x00000000a0000000, 0x00000000a5380000, 0x00000000e0000000)
  object space 85504K, 56% used [0x00000000a0000000,0x00000000a2f1b0f0,0x00000000a5380000)
 Metaspace       used 79090K, capacity 81888K, committed 82048K, reserved 1120256K
  class space    used 10474K, capacity 11049K, committed 11136K, reserved 1048576K

Card table byte_map: [0x0000000011c40000,0x0000000011f50000] byte_map_base: 0x0000000011740000

Marking Bits: (ParMarkBitMap*) 0x000000006acd5aa0
 Begin Bits: [0x0000000012550000, 0x0000000013d50000)
 End Bits:   [0x0000000013d50000, 0x0000000015550000)

Polling page: 0x0000000000b00000

CodeCache: size=245760Kb used=30210Kb max_used=30210Kb free=215549Kb
 bounds [0x0000000002880000, 0x0000000004620000, 0x0000000011880000]
 total_blobs=10630 nmethods=9778 adapters=764
 compilation: enabled

Compilation events (10 events):
Event: 919.870 Thread 0x00000000175fb000 11449 %     3       java.util.concurrent.ForkJoinPool::scan @ 45 (416 bytes)
Event: 919.873 Thread 0x00000000175fb000 nmethod 11449% 0x000000000461bc50 code [0x000000000461be40, 0x000000000461cc38]
Event: 919.874 Thread 0x00000000175fb000 11450 %     3       com.android.tools.r8.ir.desugar.CovariantReturnTypeAnnotationTransformer::buildCovariantReturnTypeMethodsForClass @ 14 (61 bytes)
Event: 919.875 Thread 0x00000000175fb000 nmethod 11450% 0x000000000461d310 code [0x000000000461d4c0, 0x000000000461da28]
Event: 919.892 Thread 0x00000000175fb000 11451       2       com.android.tools.r8.graph.DexAnnotation::createEnclosingMethodAnnotation (17 bytes)
Event: 919.893 Thread 0x00000000175fb000 nmethod 11451 0x000000000461dd10 code [0x000000000461de80, 0x000000000461e048]
Event: 919.893 Thread 0x00000000175fb000 11452       2       com.android.tools.r8.graph.DexValue$DexValueMethod::<init> (7 bytes)
Event: 919.893 Thread 0x00000000175fb000 nmethod 11452 0x000000000461e150 code [0x000000000461e2a0, 0x000000000461e410]
Event: 919.895 Thread 0x00000000175fb000 11453       1       com.android.tools.r8.graph.DexClass::clearEnclosingMethod (6 bytes)
Event: 919.895 Thread 0x00000000175fb000 nmethod 11453 0x0000000003289190 code [0x00000000032892e0, 0x0000000003289410]

GC Heap History (10 events):
Event: 17.995 GC heap before
{Heap before GC invocations=17 (full 3):
 PSYoungGen      total 187392K, used 13812K [0x00000000e0000000, 0x00000000ed380000, 0x0000000100000000)
  eden space 173568K, 0% used [0x00000000e0000000,0x00000000e0000000,0x00000000ea980000)
  from space 13824K, 99% used [0x00000000ebc80000,0x00000000ec9fd300,0x00000000eca00000)
  to   space 19456K, 0% used [0x00000000ea980000,0x00000000ea980000,0x00000000ebc80000)
 ParOldGen       total 48128K, used 33980K [0x00000000a0000000, 0x00000000a2f00000, 0x00000000e0000000)
  object space 48128K, 70% used [0x00000000a0000000,0x00000000a212f130,0x00000000a2f00000)
 Metaspace       used 57396K, capacity 58924K, committed 59008K, reserved 1099776K
  class space    used 7836K, capacity 8251K, committed 8320K, reserved 1048576K
Event: 18.451 GC heap after
Heap after GC invocations=17 (full 3):
 PSYoungGen      total 187392K, used 0K [0x00000000e0000000, 0x00000000ed380000, 0x0000000100000000)
  eden space 173568K, 0% used [0x00000000e0000000,0x00000000e0000000,0x00000000ea980000)
  from space 13824K, 0% used [0x00000000ebc80000,0x00000000ebc80000,0x00000000eca00000)
  to   space 19456K, 0% used [0x00000000ea980000,0x00000000ea980000,0x00000000ebc80000)
 ParOldGen       total 85504K, used 36843K [0x00000000a0000000, 0x00000000a5380000, 0x00000000e0000000)
  object space 85504K, 43% used [0x00000000a0000000,0x00000000a23facf0,0x00000000a5380000)
 Metaspace       used 57396K, capacity 58924K, committed 59008K, reserved 1099776K
  class space    used 7836K, capacity 8251K, committed 8320K, reserved 1048576K
}
Event: 23.544 GC heap before
{Heap before GC invocations=18 (full 3):
 PSYoungGen      total 187392K, used 173446K [0x00000000e0000000, 0x00000000ed380000, 0x0000000100000000)
  eden space 173568K, 99% used [0x00000000e0000000,0x00000000ea961ba0,0x00000000ea980000)
  from space 13824K, 0% used [0x00000000ebc80000,0x00000000ebc80000,0x00000000eca00000)
  to   space 19456K, 0% used [0x00000000ea980000,0x00000000ea980000,0x00000000ebc80000)
 ParOldGen       total 85504K, used 36843K [0x00000000a0000000, 0x00000000a5380000, 0x00000000e0000000)
  object space 85504K, 43% used [0x00000000a0000000,0x00000000a23facf0,0x00000000a5380000)
 Metaspace       used 63411K, capacity 65308K, committed 65536K, reserved 1105920K
  class space    used 8607K, capacity 9095K, committed 9216K, reserved 1048576K
Event: 23.644 GC heap after
Heap after GC invocations=18 (full 3):
 PSYoungGen      total 193024K, used 19453K [0x00000000e0000000, 0x00000000f0780000, 0x0000000100000000)
  eden space 173568K, 0% used [0x00000000e0000000,0x00000000e0000000,0x00000000ea980000)
  from space 19456K, 99% used [0x00000000ea980000,0x00000000ebc7f7b8,0x00000000ebc80000)
  to   space 29696K, 0% used [0x00000000eea80000,0x00000000eea80000,0x00000000f0780000)
 ParOldGen       total 85504K, used 55867K [0x00000000a0000000, 0x00000000a5380000, 0x00000000e0000000)
  object space 85504K, 65% used [0x00000000a0000000,0x00000000a368ed40,0x00000000a5380000)
 Metaspace       used 63411K, capacity 65308K, committed 65536K, reserved 1105920K
  class space    used 8607K, capacity 9095K, committed 9216K, reserved 1048576K
}
Event: 26.575 GC heap before
{Heap before GC invocations=19 (full 3):
 PSYoungGen      total 193024K, used 193021K [0x00000000e0000000, 0x00000000f0780000, 0x0000000100000000)
  eden space 173568K, 100% used [0x00000000e0000000,0x00000000ea980000,0x00000000ea980000)
  from space 19456K, 99% used [0x00000000ea980000,0x00000000ebc7f7b8,0x00000000ebc80000)
  to   space 29696K, 0% used [0x00000000eea80000,0x00000000eea80000,0x00000000f0780000)
 ParOldGen       total 85504K, used 55899K [0x00000000a0000000, 0x00000000a5380000, 0x00000000e0000000)
  object space 85504K, 65% used [0x00000000a0000000,0x00000000a3696d50,0x00000000a5380000)
 Metaspace       used 66063K, capacity 68336K, committed 68480K, reserved 1107968K
  class space    used 8934K, capacity 9487K, committed 9600K, reserved 1048576K
Event: 26.635 GC heap after
Heap after GC invocations=19 (full 3):
 PSYoungGen      total 237056K, used 14188K [0x00000000e0000000, 0x00000000f0580000, 0x0000000100000000)
  eden space 209408K, 0% used [0x00000000e0000000,0x00000000e0000000,0x00000000ecc80000)
  from space 27648K, 51% used [0x00000000eea80000,0x00000000ef85b260,0x00000000f0580000)
  to   space 29184K, 0% used [0x00000000ecc80000,0x00000000ecc80000,0x00000000ee900000)
 ParOldGen       total 85504K, used 71968K [0x00000000a0000000, 0x00000000a5380000, 0x00000000e0000000)
  object space 85504K, 84% used [0x00000000a0000000,0x00000000a4648088,0x00000000a5380000)
 Metaspace       used 66063K, capacity 68336K, committed 68480K, reserved 1107968K
  class space    used 8934K, capacity 9487K, committed 9600K, reserved 1048576K
}
Event: 26.635 GC heap before
{Heap before GC invocations=20 (full 4):
 PSYoungGen      total 237056K, used 14188K [0x00000000e0000000, 0x00000000f0580000, 0x0000000100000000)
  eden space 209408K, 0% used [0x00000000e0000000,0x00000000e0000000,0x00000000ecc80000)
  from space 27648K, 51% used [0x00000000eea80000,0x00000000ef85b260,0x00000000f0580000)
  to   space 29184K, 0% used [0x00000000ecc80000,0x00000000ecc80000,0x00000000ee900000)
 ParOldGen       total 85504K, used 71968K [0x00000000a0000000, 0x00000000a5380000, 0x00000000e0000000)
  object space 85504K, 84% used [0x00000000a0000000,0x00000000a4648088,0x00000000a5380000)
 Metaspace       used 66063K, capacity 68336K, committed 68480K, reserved 1107968K
  class space    used 8934K, capacity 9487K, committed 9600K, reserved 1048576K
Event: 26.777 GC heap after
Heap after GC invocations=20 (full 4):
 PSYoungGen      total 237056K, used 0K [0x00000000e0000000, 0x00000000f0580000, 0x0000000100000000)
  eden space 209408K, 0% used [0x00000000e0000000,0x00000000e0000000,0x00000000ecc80000)
  from space 27648K, 0% used [0x00000000eea80000,0x00000000eea80000,0x00000000f0580000)
  to   space 29184K, 0% used [0x00000000ecc80000,0x00000000ecc80000,0x00000000ee900000)
 ParOldGen       total 85504K, used 48225K [0x00000000a0000000, 0x00000000a5380000, 0x00000000e0000000)
  object space 85504K, 56% used [0x00000000a0000000,0x00000000a2f18720,0x00000000a5380000)
 Metaspace       used 66039K, capacity 68276K, committed 68480K, reserved 1107968K
  class space    used 8925K, capacity 9471K, committed 9600K, reserved 1048576K
}
Event: 919.120 GC heap before
{Heap before GC invocations=21 (full 4):
 PSYoungGen      total 237056K, used 209408K [0x00000000e0000000, 0x00000000f0580000, 0x0000000100000000)
  eden space 209408K, 100% used [0x00000000e0000000,0x00000000ecc80000,0x00000000ecc80000)
  from space 27648K, 0% used [0x00000000eea80000,0x00000000eea80000,0x00000000f0580000)
  to   space 29184K, 0% used [0x00000000ecc80000,0x00000000ecc80000,0x00000000ee900000)
 ParOldGen       total 85504K, used 48228K [0x00000000a0000000, 0x00000000a5380000, 0x00000000e0000000)
  object space 85504K, 56% used [0x00000000a0000000,0x00000000a2f190f0,0x00000000a5380000)
 Metaspace       used 78979K, capacity 81752K, committed 82048K, reserved 1120256K
  class space    used 10462K, capacity 11049K, committed 11136K, reserved 1048576K
Event: 919.169 GC heap after
Heap after GC invocations=21 (full 4):
 PSYoungGen      total 238592K, used 17163K [0x00000000e0000000, 0x00000000f2080000, 0x0000000100000000)
  eden space 209408K, 0% used [0x00000000e0000000,0x00000000e0000000,0x00000000ecc80000)
  from space 29184K, 58% used [0x00000000ecc80000,0x00000000edd42eb8,0x00000000ee900000)
  to   space 29696K, 0% used [0x00000000f0380000,0x00000000f0380000,0x00000000f2080000)
 ParOldGen       total 85504K, used 48236K [0x00000000a0000000, 0x00000000a5380000, 0x00000000e0000000)
  object space 85504K, 56% used [0x00000000a0000000,0x00000000a2f1b0f0,0x00000000a5380000)
 Metaspace       used 78979K, capacity 81752K, committed 82048K, reserved 1120256K
  class space    used 10462K, capacity 11049K, committed 11136K, reserved 1048576K
}

Deoptimization events (10 events):
Event: 918.898 Thread 0x000000001ea10800 Uncommon trap: reason=class_check action=maybe_recompile pc=0x0000000003c6a39c method=java.util.Map.computeIfAbsent(Ljava/lang/Object;Ljava/util/function/Function;)Ljava/lang/Object; @ 7
Event: 918.904 Thread 0x000000001ea10800 Uncommon trap: reason=class_check action=maybe_recompile pc=0x0000000003eb5a60 method=java.util.Spliterators$ArraySpliterator.tryAdvance(Ljava/util/function/Consumer;)Z @ 49
Event: 918.904 Thread 0x000000001ea10800 Uncommon trap: reason=class_check action=maybe_recompile pc=0x0000000003eb5a60 method=java.util.Spliterators$ArraySpliterator.tryAdvance(Ljava/util/function/Consumer;)Z @ 49
Event: 918.904 Thread 0x000000001ea10800 Uncommon trap: reason=class_check action=maybe_recompile pc=0x0000000003eb5a60 method=java.util.Spliterators$ArraySpliterator.tryAdvance(Ljava/util/function/Consumer;)Z @ 49
Event: 918.904 Thread 0x000000001ea10800 Uncommon trap: reason=class_check action=maybe_recompile pc=0x0000000003eb5a60 method=java.util.Spliterators$ArraySpliterator.tryAdvance(Ljava/util/function/Consumer;)Z @ 49
Event: 918.923 Thread 0x000000001ea10800 Uncommon trap: reason=class_check action=maybe_recompile pc=0x0000000003ba092c method=java.util.stream.StreamOpFlag.fromCharacteristics(Ljava/util/Spliterator;)I @ 14
Event: 918.998 Thread 0x000000001ea10800 Uncommon trap: reason=class_check action=maybe_recompile pc=0x0000000003ba092c method=java.util.stream.StreamOpFlag.fromCharacteristics(Ljava/util/Spliterator;)I @ 14
Event: 919.190 Thread 0x000000001ea10800 Uncommon trap: reason=unstable_if action=reinterpret pc=0x0000000003e2e1bc method=com.android.tools.r8.it.unimi.dsi.fastutil.objects.Object2IntLinkedOpenHashMap.insert(Ljava/lang/Object;I)I @ 117
Event: 919.200 Thread 0x000000001ea10800 Uncommon trap: reason=speculate_class_check action=maybe_recompile pc=0x00000000040b7b1c method=java.nio.charset.CharsetEncoder.encode(Ljava/nio/CharBuffer;Ljava/nio/ByteBuffer;Z)Ljava/nio/charset/CoderResult; @ 57
Event: 919.311 Thread 0x000000001ea14800 Uncommon trap: reason=unstable_if action=reinterpret pc=0x0000000003fda648 method=sun.nio.fs.WindowsNativeDispatcher.asNativeBuffer(Ljava/lang/String;)Lsun/nio/fs/NativeBuffer; @ 33

Classes redefined (0 events):
No events

Internal exceptions (10 events):
Event: 915.038 Thread 0x000000001ea10800 Exception <a 'sun/nio/fs/WindowsException'> (0x00000000e635db10) thrown at [D:\src\AOSP-openjdk-cygwin\jdk8u\hotspot\src\share\vm\prims\jni.cpp, line 709]
Event: 915.038 Thread 0x000000001ea10800 Exception <a 'sun/nio/fs/WindowsException'> (0x00000000e635ea40) thrown at [D:\src\AOSP-openjdk-cygwin\jdk8u\hotspot\src\share\vm\prims\jni.cpp, line 709]
Event: 916.111 Thread 0x000000001ea10800 Implicit null exception at 0x00000000035f885b to 0x00000000035f900d
Event: 916.152 Thread 0x000000001ea10800 Implicit null exception at 0x0000000002af7a2d to 0x0000000002af8111
Event: 918.711 Thread 0x000000001ea10800 Exception <a 'java/lang/NoSuchMethodError': java.lang.Object.lambda$and$0(Ljava/util/function/Predicate;Ljava/lang/Object;)Z> (0x00000000ebe7df20) thrown at [D:\src\AOSP-openjdk-cygwin\jdk8u\hotspot\src\share\vm\interpreter\linkResolver.cpp, line 584]
Event: 918.714 Thread 0x000000001ea10800 Exception <a 'java/lang/NoSuchMethodError': java.lang.Object.lambda$static$0(Ljava/lang/String;)Z> (0x00000000ebe8ca48) thrown at [D:\src\AOSP-openjdk-cygwin\jdk8u\hotspot\src\share\vm\interpreter\linkResolver.cpp, line 584]
Event: 918.743 Thread 0x000000001ea10800 Exception <a 'sun/nio/fs/WindowsException'> (0x00000000ec088e68) thrown at [D:\src\AOSP-openjdk-cygwin\jdk8u\hotspot\src\share\vm\prims\jni.cpp, line 709]
Event: 918.907 Thread 0x000000001ea10800 Exception <a 'java/lang/NoSuchMethodError': java.lang.Object.lambda$comparingInt$7b0bb60$1(Ljava/util/function/ToIntFunction;Ljava/lang/Object;Ljava/lang/Object;)I> (0x00000000ec834dc0) thrown at [D:\src\AOSP-openjdk-cygwin\jdk8u\hotspot\src\share\vm\inte
Event: 919.192 Thread 0x000000001ea10800 Exception <a 'sun/nio/fs/WindowsException'> (0x00000000e009cd18) thrown at [D:\src\AOSP-openjdk-cygwin\jdk8u\hotspot\src\share\vm\prims\jni.cpp, line 709]
Event: 919.426 Thread 0x000000001e7df000 Exception <a 'sun/nio/fs/WindowsException'> (0x00000000e0681250) thrown at [D:\src\AOSP-openjdk-cygwin\jdk8u\hotspot\src\share\vm\prims\jni.cpp, line 709]

Events (10 events):
Event: 919.623 Thread 0x000000001624d800 flushing nmethod 0x0000000004142850
Event: 919.633 Thread 0x00000000175fb000 flushing nmethod 0x00000000041fe450
Event: 919.732 Thread 0x000000001e7e0800 DEOPT PACKING pc=0x0000000003c7bbae sp=0x00000000272fec10
Event: 919.732 Thread 0x000000001e7e0800 DEOPT UNPACKING pc=0x00000000028c75d0 sp=0x00000000272fe9a0 mode 0
Event: 919.767 Thread 0x000000001e7e0800 DEOPT PACKING pc=0x0000000003c7bbae sp=0x00000000272fee00
Event: 919.767 Thread 0x000000001e7e0800 DEOPT UNPACKING pc=0x00000000028c75d0 sp=0x00000000272feb90 mode 0
Event: 919.821 Thread 0x000000001e7e0800 DEOPT PACKING pc=0x0000000003cb13d2 sp=0x00000000272fe890
Event: 919.821 Thread 0x000000001e7e0800 DEOPT UNPACKING pc=0x00000000028c75d0 sp=0x00000000272fe608 mode 0
Event: 919.864 Executing VM operation: RevokeBias
Event: 919.864 Executing VM operation: RevokeBias done


Dynamic libraries:
0x00007ff73ff80000 - 0x00007ff73ffb1000 	C:\Program Files\Android\Android Studio\jre\bin\java.exe
0x00007ffdb2ba0000 - 0x00007ffdb2d81000 	C:\WINDOWS\SYSTEM32\ntdll.dll
0x00007ffdb1ed0000 - 0x00007ffdb1f82000 	C:\WINDOWS\System32\KERNEL32.DLL
0x00007ffdaf160000 - 0x00007ffdaf3d3000 	C:\WINDOWS\System32\KERNELBASE.dll
0x00007ffdb2740000 - 0x00007ffdb27e1000 	C:\WINDOWS\System32\ADVAPI32.dll
0x00007ffdb0590000 - 0x00007ffdb062e000 	C:\WINDOWS\System32\msvcrt.dll
0x00007ffdb27f0000 - 0x00007ffdb284b000 	C:\WINDOWS\System32\sechost.dll
0x00007ffdb0050000 - 0x00007ffdb0174000 	C:\WINDOWS\System32\RPCRT4.dll
0x00007ffdb1d40000 - 0x00007ffdb1ed0000 	C:\WINDOWS\System32\USER32.dll
0x00007ffdaf7d0000 - 0x00007ffdaf7f0000 	C:\WINDOWS\System32\win32u.dll
0x00007ffdb1c70000 - 0x00007ffdb1c98000 	C:\WINDOWS\System32\GDI32.dll
0x00007ffdaefc0000 - 0x00007ffdaf152000 	C:\WINDOWS\System32\gdi32full.dll
0x00007ffdaf3e0000 - 0x00007ffdaf47f000 	C:\WINDOWS\System32\msvcp_win.dll
0x00007ffdaf480000 - 0x00007ffdaf57a000 	C:\WINDOWS\System32\ucrtbase.dll
0x00007ffda3a60000 - 0x00007ffda3cc9000 	C:\WINDOWS\WinSxS\amd64_microsoft.windows.common-controls_6595b64144ccf1df_6.0.17134.523_none_fb409dd930672a56\COMCTL32.dll
0x00007ffdb01e0000 - 0x00007ffdb0502000 	C:\WINDOWS\System32\combase.dll
0x00007ffdaff00000 - 0x00007ffdaff7a000 	C:\WINDOWS\System32\bcryptPrimitives.dll
0x00007ffdb1d10000 - 0x00007ffdb1d3d000 	C:\WINDOWS\System32\IMM32.DLL
0x000000006a350000 - 0x000000006a422000 	C:\Program Files\Android\Android Studio\jre\jre\bin\msvcr100.dll
0x000000006a510000 - 0x000000006ad51000 	C:\Program Files\Android\Android Studio\jre\jre\bin\server\jvm.dll
0x00007ffdb1ca0000 - 0x00007ffdb1ca8000 	C:\WINDOWS\System32\PSAPI.DLL
0x00007ffdad5a0000 - 0x00007ffdad5aa000 	C:\WINDOWS\SYSTEM32\VERSION.dll
0x00007ffdaa630000 - 0x00007ffdaa653000 	C:\WINDOWS\SYSTEM32\WINMM.dll
0x00007ffd9ff20000 - 0x00007ffd9ff29000 	C:\WINDOWS\SYSTEM32\WSOCK32.dll
0x00007ffdb1f90000 - 0x00007ffdb1ffc000 	C:\WINDOWS\System32\WS2_32.dll
0x00007ffdaa600000 - 0x00007ffdaa62a000 	C:\WINDOWS\SYSTEM32\WINMMBASE.dll
0x00007ffdaef70000 - 0x00007ffdaefb9000 	C:\WINDOWS\System32\cfgmgr32.dll
0x00007ffda6090000 - 0x00007ffda609f000 	C:\Program Files\Android\Android Studio\jre\jre\bin\verify.dll
0x00007ffd98530000 - 0x00007ffd98559000 	C:\Program Files\Android\Android Studio\jre\jre\bin\java.dll
0x00007ffd97050000 - 0x00007ffd97066000 	C:\Program Files\Android\Android Studio\jre\jre\bin\zip.dll
0x00007ffdb0830000 - 0x00007ffdb1c70000 	C:\WINDOWS\System32\SHELL32.dll
0x00007ffdb2000000 - 0x00007ffdb20a9000 	C:\WINDOWS\System32\shcore.dll
0x00007ffdaf7f0000 - 0x00007ffdafefd000 	C:\WINDOWS\System32\windows.storage.dll
0x00007ffdb1cb0000 - 0x00007ffdb1d01000 	C:\WINDOWS\System32\shlwapi.dll
0x00007ffdaeeb0000 - 0x00007ffdaeec1000 	C:\WINDOWS\System32\kernel.appcore.dll
0x00007ffdaef40000 - 0x00007ffdaef5f000 	C:\WINDOWS\System32\profapi.dll
0x00007ffdaeed0000 - 0x00007ffdaef1c000 	C:\WINDOWS\System32\powrprof.dll
0x00007ffdaef60000 - 0x00007ffdaef6a000 	C:\WINDOWS\System32\FLTLIB.DLL
0x00007ffd96cb0000 - 0x00007ffd96cca000 	C:\Program Files\Android\Android Studio\jre\jre\bin\net.dll
0x00007ffdae730000 - 0x00007ffdae796000 	C:\WINDOWS\system32\mswsock.dll
0x00007ffd95d20000 - 0x00007ffd95d31000 	C:\Program Files\Android\Android Studio\jre\jre\bin\nio.dll
0x00007ffda9420000 - 0x00007ffda943e000 	C:\Users\Administrator\.gradle\native\25\windows-amd64\native-platform.dll
0x00007ffda5a30000 - 0x00007ffda5a3d000 	C:\Program Files\Android\Android Studio\jre\jre\bin\management.dll
0x00007ffdae8e0000 - 0x00007ffdae8f7000 	C:\WINDOWS\SYSTEM32\CRYPTSP.dll
0x00007ffdae310000 - 0x00007ffdae343000 	C:\WINDOWS\system32\rsaenh.dll
0x00007ffdaea10000 - 0x00007ffdaea35000 	C:\WINDOWS\SYSTEM32\bcrypt.dll
0x00007ffdaede0000 - 0x00007ffdaee08000 	C:\WINDOWS\SYSTEM32\USERENV.dll
0x00007ffdae900000 - 0x00007ffdae90b000 	C:\WINDOWS\SYSTEM32\CRYPTBASE.dll
0x00007ffdae4b0000 - 0x00007ffdae4e8000 	C:\WINDOWS\SYSTEM32\IPHLPAPI.DLL
0x00007ffdb2210000 - 0x00007ffdb2218000 	C:\WINDOWS\System32\NSI.dll
0x00007ffda5490000 - 0x00007ffda54a6000 	C:\WINDOWS\SYSTEM32\dhcpcsvc6.DLL
0x00007ffda7930000 - 0x00007ffda794a000 	C:\WINDOWS\SYSTEM32\dhcpcsvc.DLL

VM Arguments:
jvm_args: -Xmx1536m -Dfile.encoding=x-windows-949 -Duser.country=KR -Duser.language=ko -Duser.variant 
java_command: org.gradle.launcher.daemon.bootstrap.GradleDaemon 4.10.1
java_class_path (initial): C:\Users\Administrator\.gradle\wrapper\dists\gradle-4.10.1-all\455itskqi2qtf0v2sja68alqd\gradle-4.10.1\lib\gradle-launcher-4.10.1.jar
Launcher Type: SUN_STANDARD

Environment Variables:
JAVA_HOME=C:\Program Files\Java\jdk1.8.0_191
PATH=C:\Program Files (x86)\NAT Service;C:\Program Files\Java\jdk1.8.0_191\bin;C:\oraclexe\app\oracle\product\11.2.0\server\bin;C:\Program Files (x86)\Intel\iCLS Client\;C:\Program Files\Intel\iCLS Client\;C:\WINDOWS\system32;C:\WINDOWS;C:\WINDOWS\System32\Wbem;C:\WINDOWS\System32\WindowsPowerShell\v1.0\;C:\Program Files (x86)\Intel\OpenCL SDK\3.0\bin\x86;C:\Program Files (x86)\Intel\OpenCL SDK\3.0\bin\x64;C:\Program Files\Intel\Intel(R) Management Engine Components\DAL;C:\Program Files\Intel\Intel(R) Management Engine Components\IPT;C:\Program Files (x86)\Intel\Intel(R) Management Engine Components\DAL;C:\Program Files (x86)\Intel\Intel(R) Management Engine Components\IPT;C:\Program Files\Intel\WiFi\bin\;C:\Program Files\Common Files\Intel\WirelessCommon\;C:\WINDOWS\system32\config\systemprofile\.dnx\bin;C:\Program Files\Microsoft DNX\Dnvm\;C:\Program Files\Microsoft SQL Server\130\Tools\Binn\;C:\Program Files (x86)\Windows Kits\8.1\Windows Performance Toolkit\;C:\WINDOWS\System32\OpenSSH\;C:\Program Files\Git\cmd;C:\Program Files\nodejs\;C:\Program Files\Intel\WiFi\bin\;C:\Program Files\Common Files\Intel\WirelessCommon\;C:\Users\Administrator\AppData\Local\Microsoft\WindowsApps;C:\Users\Administrator\AppData\Local\GitHubDesktop\bin;C:\Users\Administrator\AppData\Roaming\npm;C:\Users\Administrator\AppData\Local\Programs\Microsoft VS Code\bin
USERNAME=Administrator
OS=Windows_NT
PROCESSOR_IDENTIFIER=Intel64 Family 6 Model 69 Stepping 1, GenuineIntel



---------------  S Y S T E M  ---------------

OS: Windows 10.0 , 64 bit Build 17134 (10.0.17134.1)

CPU:total 4 (initial active 4) (2 cores per cpu, 2 threads per core) family 6 model 69 stepping 1, cmov, cx8, fxsr, mmx, sse, sse2, sse3, ssse3, sse4.1, sse4.2, popcnt, avx, avx2, aes, clmul, erms, lzcnt, ht, tsc, tscinvbit, bmi1, bmi2

Memory: 4k page, physical 4099872k(626488k free), swap 6197024k(5332k free)

vm_info: OpenJDK 64-Bit Server VM (25.152-b01) for windows-amd64 JRE (1.8.0_152-release-1248-b01), built by "builder" with MS VC++ 10.0 (VS2010)

time: Wed Feb 13 22:58:10 2019
elapsed time: 920 seconds (0d 0h 15m 20s)

