#
# There is insufficient memory for the Java Runtime Environment to continue.
# Native memory allocation (malloc) failed to allocate 65552 bytes for Chunk::new
# Possible reasons:
#   The system is out of physical RAM or swap space
#   In 32 bit mode, the process size limit was hit
# Possible solutions:
#   Reduce memory load on the system
#   Increase physical memory or swap space
#   Check if swap backing store is full
#   Use 64 bit Java on a 64 bit OS
#   Decrease Java heap size (-Xmx/-Xms)
#   Decrease number of Java threads
#   Decrease Java thread stack sizes (-Xss)
#   Set larger code cache with -XX:ReservedCodeCacheSize=
# This output file may be truncated or incomplete.
#
#  Out of Memory Error (allocation.cpp:390), pid=5308, tid=0x00000000000001c0
#
# JRE version: OpenJDK Runtime Environment (8.0_152-b01) (build 1.8.0_152-release-1248-b01)
# Java VM: OpenJDK 64-Bit Server VM (25.152-b01 mixed mode windows-amd64 compressed oops)
# Failed to write core dump. Minidumps are not enabled by default on client versions of Windows
#

---------------  T H R E A D  ---------------

Current thread (0x00000000168be800):  JavaThread "C2 CompilerThread1" daemon [_thread_in_native, id=448, stack(0x00000000182d0000,0x00000000183d0000)]

Stack: [0x00000000182d0000,0x00000000183d0000]
[error occurred during error reporting (printing stack bounds), id 0xc0000005]

Native frames: (J=compiled Java code, j=interpreted, Vv=VM code, C=native code)


Current CompileTask:
C2:4770600 26279       4       org.gradle.api.internal.artifacts.ivyservice.resolveengine.graph.builder.NodeState::getTransitiveIncomingEdges (67 bytes)


---------------  P R O C E S S  ---------------

Java Threads: ( => current thread )
  0x000000001c41d000 JavaThread "Cache worker for Build Output Cleanup Cache (C:\Users\Administrator\Documents\GitHub\HellgaramMobileApp\.gradle\buildOutputCleanup)" [_thread_blocked, id=9192, stack(0x00000000494e0000,0x00000000495e0000)]
  0x00000000263f0000 JavaThread "Cache worker for task history cache (C:\Users\Administrator\Documents\GitHub\HellgaramMobileApp\.gradle\4.10.1\taskHistory)" [_thread_blocked, id=664, stack(0x00000000493e0000,0x00000000494e0000)]
  0x00000000263f3000 JavaThread "Task worker for ':' Thread 3" [_thread_blocked, id=9040, stack(0x00000000492e0000,0x00000000493e0000)]
  0x00000000263f2800 JavaThread "Task worker for ':' Thread 2" [_thread_in_native, id=11868, stack(0x00000000491e0000,0x00000000492e0000)]
  0x00000000263f1800 JavaThread "Task worker for ':'" [_thread_blocked, id=9776, stack(0x00000000490e0000,0x00000000491e0000)]
  0x00000000263e8800 JavaThread "Cache worker for file content cache (C:\Users\Administrator\Documents\GitHub\HellgaramMobileApp\.gradle\4.10.1\fileContent)" [_thread_blocked, id=5368, stack(0x0000000048fe0000,0x00000000490e0000)]
  0x00000000263ea000 JavaThread "Build operations Thread 4" [_thread_blocked, id=8684, stack(0x0000000048ee0000,0x0000000048fe0000)]
  0x00000000263e7000 JavaThread "Build operations Thread 3" [_thread_blocked, id=5464, stack(0x0000000048de0000,0x0000000048ee0000)]
  0x00000000263e6000 JavaThread "Build operations Thread 2" [_thread_in_native, id=332, stack(0x0000000048ce0000,0x0000000048de0000)]
  0x0000000019fe2000 JavaThread "Build operations" [_thread_blocked, id=8908, stack(0x0000000048be0000,0x0000000048ce0000)]
  0x0000000019fe1800 JavaThread "Cache worker for cache directory md-rule (C:\Users\Administrator\.gradle\caches\4.10.1\md-rule)" [_thread_blocked, id=7132, stack(0x0000000048ae0000,0x0000000048be0000)]
  0x0000000019fe0800 JavaThread "Cache worker for cache directory md-supplier (C:\Users\Administrator\.gradle\caches\4.10.1\md-supplier)" [_thread_blocked, id=3860, stack(0x00000000489e0000,0x0000000048ae0000)]
  0x0000000019fe0000 JavaThread "Cache worker for file hash cache (C:\Users\Administrator\Documents\GitHub\HellgaramMobileApp\.gradle\4.10.1\fileHashes)" [_thread_blocked, id=5420, stack(0x00000000488e0000,0x00000000489e0000)]
  0x0000000019fdf000 JavaThread "Stdin handler" [_thread_blocked, id=1740, stack(0x00000000487e0000,0x00000000488e0000)]
  0x0000000019fd7800 JavaThread "Asynchronous log dispatcher for DefaultDaemonConnection: socket connection from /127.0.0.1:58837 to /127.0.0.1:59392" [_thread_blocked, id=6544, stack(0x00000000486e0000,0x00000000487e0000)]
  0x0000000019fdd800 JavaThread "Daemon worker Thread 13" [_thread_blocked, id=9332, stack(0x00000000485e0000,0x00000000486e0000)]
  0x0000000019fdd000 JavaThread "Cancel handler" [_thread_blocked, id=4840, stack(0x00000000484e0000,0x00000000485e0000)]
  0x0000000019fdb800 JavaThread "Handler for socket connection from /127.0.0.1:58837 to /127.0.0.1:59392" [_thread_in_native, id=9268, stack(0x00000000483e0000,0x00000000484e0000)]
  0x0000000019fda800 JavaThread "Daemon Thread 13" [_thread_blocked, id=7216, stack(0x00000000482e0000,0x00000000483e0000)]
  0x000000001c421800 JavaThread "Cache worker for Java compile cache (C:\Users\Administrator\.gradle\caches\4.10.1\javaCompile)" [_thread_blocked, id=1404, stack(0x0000000024a80000,0x0000000024b80000)]
  0x000000001c418800 JavaThread "MarlinRenderer Disposer" daemon [_thread_blocked, id=7288, stack(0x0000000024080000,0x0000000024180000)]
  0x000000001c41f800 JavaThread "Java2D Disposer" daemon [_thread_blocked, id=6396, stack(0x0000000023f80000,0x0000000024080000)]
  0x0000000019fd7000 JavaThread "Cache worker for file content cache (C:\Users\Administrator\.gradle\caches\4.10.1\fileContent)" [_thread_blocked, id=7840, stack(0x0000000021f20000,0x0000000022020000)]
  0x0000000019fd9000 JavaThread "Memory manager" [_thread_blocked, id=6680, stack(0x0000000021810000,0x0000000021910000)]
  0x000000001c36a000 JavaThread "Cache worker for Artifact transforms cache (C:\Users\Administrator\.gradle\caches\transforms-1)" [_thread_blocked, id=10828, stack(0x000000001fee0000,0x000000001ffe0000)]
  0x000000001c365800 JavaThread "Cache worker for journal cache (C:\Users\Administrator\.gradle\caches\journal-1)" [_thread_blocked, id=10696, stack(0x000000001d020000,0x000000001d120000)]
  0x000000001a0e6800 JavaThread "File lock request listener" [_thread_in_native, id=12132, stack(0x000000001be50000,0x000000001bf50000)]
  0x0000000019dd9000 JavaThread "Cache worker for file hash cache (C:\Users\Administrator\.gradle\caches\4.10.1\fileHashes)" [_thread_blocked, id=6724, stack(0x000000001bd50000,0x000000001be50000)]
  0x0000000019157800 JavaThread "Daemon periodic checks" [_thread_blocked, id=1728, stack(0x000000001b250000,0x000000001b350000)]
  0x00000000194e3800 JavaThread "Incoming local TCP Connector on port 58837" [_thread_in_native, id=1344, stack(0x000000001b070000,0x000000001b170000)]
  0x0000000017c5b800 JavaThread "Service Thread" daemon [_thread_blocked, id=6896, stack(0x00000000184d0000,0x00000000185d0000)]
  0x0000000017bdf800 JavaThread "C1 CompilerThread2" daemon [_thread_blocked, id=11992, stack(0x00000000183d0000,0x00000000184d0000)]
=>0x00000000168be800 JavaThread "C2 CompilerThread1" daemon [_thread_in_native, id=448, stack(0x00000000182d0000,0x00000000183d0000)]
  0x00000000168ba800 JavaThread "C2 CompilerThread0" daemon [_thread_in_native, id=11040, stack(0x00000000181d0000,0x00000000182d0000)]
  0x0000000016870000 JavaThread "Attach Listener" daemon [_thread_blocked, id=7180, stack(0x00000000180d0000,0x00000000181d0000)]
  0x0000000017bd8800 JavaThread "Signal Dispatcher" daemon [_thread_blocked, id=1036, stack(0x0000000017fd0000,0x00000000180d0000)]
  0x0000000002eed000 JavaThread "Finalizer" daemon [_thread_blocked, id=9156, stack(0x0000000017ad0000,0x0000000017bd0000)]
  0x0000000002ee1800 JavaThread "Reference Handler" daemon [_thread_blocked, id=2112, stack(0x00000000179d0000,0x0000000017ad0000)]
  0x0000000002df2800 JavaThread "main" [_thread_blocked, id=7076, stack(0x0000000002c30000,0x0000000002d30000)]

Other Threads:
  0x0000000016827800 VMThread [stack: 0x00000000178d0000,0x00000000179d0000] [id=12044]
  0x0000000017c19800 WatcherThread [stack: 0x00000000185d0000,0x00000000186d0000] [id=11912]

VM state:not at safepoint (normal execution)

VM Mutex/Monitor currently owned by a thread: None

Heap:
 PSYoungGen      total 439296K, used 109492K [0x00000000e0000000, 0x00000000feb00000, 0x0000000100000000)
  eden space 387072K, 23% used [0x00000000e0000000,0x00000000e5907878,0x00000000f7a00000)
  from space 52224K, 35% used [0x00000000fab00000,0x00000000fbce5b78,0x00000000fde00000)
  to   space 50176K, 0% used [0x00000000f7a00000,0x00000000f7a00000,0x00000000fab00000)
 ParOldGen       total 140800K, used 47152K [0x00000000a0000000, 0x00000000a8980000, 0x00000000e0000000)
  object space 140800K, 33% used [0x00000000a0000000,0x00000000a2e0c388,0x00000000a8980000)
 Metaspace       used 92991K, capacity 98612K, committed 98688K, reserved 1134592K
  class space    used 11601K, capacity 12609K, committed 12672K, reserved 1048576K

Card table byte_map: [0x00000000122b0000,0x00000000125c0000] byte_map_base: 0x0000000011db0000

Marking Bits: (ParMarkBitMap*) 0x000000005de65aa0
 Begin Bits: [0x0000000012bc0000, 0x00000000143c0000)
 End Bits:   [0x00000000143c0000, 0x0000000015bc0000)

Polling page: 0x0000000000a40000

CodeCache: size=245760Kb used=68096Kb max_used=69140Kb free=177663Kb
 bounds [0x0000000002ef0000, 0x00000000072f0000, 0x0000000011ef0000]
 total_blobs=20519 nmethods=19537 adapters=892
 compilation: enabled

Compilation events (10 events):
Event: 4768.584 Thread 0x00000000168be800 26277       4       org.gradle.api.internal.artifacts.ivyservice.resolveengine.graph.builder.ComponentState::forEachCapability (101 bytes)
Event: 4768.585 Thread 0x00000000168ba800 26278       4       org.gradle.api.internal.artifacts.ivyservice.resolveengine.graph.builder.NodeState::visitOutgoingDependencies (176 bytes)
Event: 4768.606 Thread 0x00000000168be800 nmethod 26277 0x0000000003420cd0 code [0x0000000003420e80, 0x0000000003421658]
Event: 4768.610 Thread 0x0000000017bdf800 26281       3       org.gradle.api.internal.artifacts.repositories.transport.RepositoryTransportFactory::findConnectorFactory (59 bytes)
Event: 4768.611 Thread 0x0000000017bdf800 nmethod 26281 0x000000000399f910 code [0x000000000399fb00, 0x00000000039a02d8]
Event: 4768.611 Thread 0x0000000017bdf800 26282       3       org.gradle.api.internal.artifacts.repositories.transport.RepositoryTransportFactory::validateConnectorFactoryCredentials (272 bytes)
Event: 4768.612 Thread 0x00000000168be800 26279       4       org.gradle.api.internal.artifacts.ivyservice.resolveengine.graph.builder.NodeState::getTransitiveIncomingEdges (67 bytes)
Event: 4768.617 Thread 0x0000000017bdf800 nmethod 26282 0x0000000003c48f10 code [0x0000000003c49500, 0x0000000003c4d5e8]
Event: 4768.624 Thread 0x0000000017bdf800 26283       3       org.gradle.api.internal.artifacts.ivyservice.resolutionstrategy.DefaultExternalResourceCachePolicy::<init> (5 bytes)
Event: 4768.624 Thread 0x0000000017bdf800 nmethod 26283 0x0000000004417d90 code [0x0000000004417ee0, 0x0000000004418090]

GC Heap History (10 events):
Event: 3474.190 GC heap before
{Heap before GC invocations=53 (full 5):
 PSYoungGen      total 420352K, used 386948K [0x00000000e0000000, 0x00000000fcb80000, 0x0000000100000000)
  eden space 375808K, 100% used [0x00000000e0000000,0x00000000f6f00000,0x00000000f6f00000)
  from space 44544K, 25% used [0x00000000f6f00000,0x00000000f79e1288,0x00000000f9a80000)
  to   space 43520K, 0% used [0x00000000fa100000,0x00000000fa100000,0x00000000fcb80000)
 ParOldGen       total 140800K, used 47136K [0x00000000a0000000, 0x00000000a8980000, 0x00000000e0000000)
  object space 140800K, 33% used [0x00000000a0000000,0x00000000a2e08388,0x00000000a8980000)
 Metaspace       used 91330K, capacity 95328K, committed 96000K, reserved 1132544K
  class space    used 11350K, capacity 12117K, committed 12288K, reserved 1048576K
Event: 3474.219 GC heap after
Heap after GC invocations=53 (full 5):
 PSYoungGen      total 421888K, used 15160K [0x00000000e0000000, 0x00000000fc780000, 0x0000000100000000)
  eden space 382464K, 0% used [0x00000000e0000000,0x00000000e0000000,0x00000000f7580000)
  from space 39424K, 38% used [0x00000000fa100000,0x00000000fafce158,0x00000000fc780000)
  to   space 41984K, 0% used [0x00000000f7580000,0x00000000f7580000,0x00000000f9e80000)
 ParOldGen       total 140800K, used 47136K [0x00000000a0000000, 0x00000000a8980000, 0x00000000e0000000)
  object space 140800K, 33% used [0x00000000a0000000,0x00000000a2e08388,0x00000000a8980000)
 Metaspace       used 91330K, capacity 95328K, committed 96000K, reserved 1132544K
  class space    used 11350K, capacity 12117K, committed 12288K, reserved 1048576K
}
Event: 3739.456 GC heap before
{Heap before GC invocations=54 (full 5):
 PSYoungGen      total 421888K, used 397624K [0x00000000e0000000, 0x00000000fc780000, 0x0000000100000000)
  eden space 382464K, 100% used [0x00000000e0000000,0x00000000f7580000,0x00000000f7580000)
  from space 39424K, 38% used [0x00000000fa100000,0x00000000fafce158,0x00000000fc780000)
  to   space 41984K, 0% used [0x00000000f7580000,0x00000000f7580000,0x00000000f9e80000)
 ParOldGen       total 140800K, used 47136K [0x00000000a0000000, 0x00000000a8980000, 0x00000000e0000000)
  object space 140800K, 33% used [0x00000000a0000000,0x00000000a2e08388,0x00000000a8980000)
 Metaspace       used 92344K, capacity 97788K, committed 98048K, reserved 1134592K
  class space    used 11554K, capacity 12495K, committed 12544K, reserved 1048576K
Event: 3739.580 GC heap after
Heap after GC invocations=54 (full 5):
 PSYoungGen      total 424448K, used 37644K [0x00000000e0000000, 0x00000000fd580000, 0x0000000100000000)
  eden space 382464K, 0% used [0x00000000e0000000,0x00000000e0000000,0x00000000f7580000)
  from space 41984K, 89% used [0x00000000f7580000,0x00000000f9a43330,0x00000000f9e80000)
  to   space 46592K, 0% used [0x00000000fa800000,0x00000000fa800000,0x00000000fd580000)
 ParOldGen       total 140800K, used 47144K [0x00000000a0000000, 0x00000000a8980000, 0x00000000e0000000)
  object space 140800K, 33% used [0x00000000a0000000,0x00000000a2e0a388,0x00000000a8980000)
 Metaspace       used 92344K, capacity 97788K, committed 98048K, reserved 1134592K
  class space    used 11554K, capacity 12495K, committed 12544K, reserved 1048576K
}
Event: 3811.343 GC heap before
{Heap before GC invocations=55 (full 5):
 PSYoungGen      total 424448K, used 418102K [0x00000000e0000000, 0x00000000fd580000, 0x0000000100000000)
  eden space 382464K, 99% used [0x00000000e0000000,0x00000000f738a560,0x00000000f7580000)
  from space 41984K, 89% used [0x00000000f7580000,0x00000000f9a43330,0x00000000f9e80000)
  to   space 46592K, 0% used [0x00000000fa800000,0x00000000fa800000,0x00000000fd580000)
 ParOldGen       total 140800K, used 47144K [0x00000000a0000000, 0x00000000a8980000, 0x00000000e0000000)
  object space 140800K, 33% used [0x00000000a0000000,0x00000000a2e0a388,0x00000000a8980000)
 Metaspace       used 92516K, capacity 98086K, committed 98304K, reserved 1134592K
  class space    used 11575K, capacity 12534K, committed 12544K, reserved 1048576K
Event: 3811.413 GC heap after
Heap after GC invocations=55 (full 5):
 PSYoungGen      total 427520K, used 45529K [0x00000000e0000000, 0x00000000fe200000, 0x0000000100000000)
  eden space 380928K, 0% used [0x00000000e0000000,0x00000000e0000000,0x00000000f7400000)
  from space 46592K, 97% used [0x00000000fa800000,0x00000000fd476770,0x00000000fd580000)
  to   space 53248K, 0% used [0x00000000f7400000,0x00000000f7400000,0x00000000fa800000)
 ParOldGen       total 140800K, used 47144K [0x00000000a0000000, 0x00000000a8980000, 0x00000000e0000000)
  object space 140800K, 33% used [0x00000000a0000000,0x00000000a2e0a388,0x00000000a8980000)
 Metaspace       used 92516K, capacity 98086K, committed 98304K, reserved 1134592K
  class space    used 11575K, capacity 12534K, committed 12544K, reserved 1048576K
}
Event: 4274.632 GC heap before
{Heap before GC invocations=56 (full 5):
 PSYoungGen      total 427520K, used 426457K [0x00000000e0000000, 0x00000000fe200000, 0x0000000100000000)
  eden space 380928K, 100% used [0x00000000e0000000,0x00000000f7400000,0x00000000f7400000)
  from space 46592K, 97% used [0x00000000fa800000,0x00000000fd476770,0x00000000fd580000)
  to   space 53248K, 0% used [0x00000000f7400000,0x00000000f7400000,0x00000000fa800000)
 ParOldGen       total 140800K, used 47144K [0x00000000a0000000, 0x00000000a8980000, 0x00000000e0000000)
  object space 140800K, 33% used [0x00000000a0000000,0x00000000a2e0a388,0x00000000a8980000)
 Metaspace       used 92830K, capacity 98364K, committed 98688K, reserved 1134592K
  class space    used 11584K, capacity 12573K, committed 12672K, reserved 1048576K
Event: 4274.904 GC heap after
Heap after GC invocations=56 (full 5):
 PSYoungGen      total 434176K, used 28645K [0x00000000e0000000, 0x00000000fde00000, 0x0000000100000000)
  eden space 380928K, 0% used [0x00000000e0000000,0x00000000e0000000,0x00000000f7400000)
  from space 53248K, 53% used [0x00000000f7400000,0x00000000f8ff9740,0x00000000fa800000)
  to   space 52224K, 0% used [0x00000000fab00000,0x00000000fab00000,0x00000000fde00000)
 ParOldGen       total 140800K, used 47152K [0x00000000a0000000, 0x00000000a8980000, 0x00000000e0000000)
  object space 140800K, 33% used [0x00000000a0000000,0x00000000a2e0c388,0x00000000a8980000)
 Metaspace       used 92830K, capacity 98364K, committed 98688K, reserved 1134592K
  class space    used 11584K, capacity 12573K, committed 12672K, reserved 1048576K
}
Event: 4277.616 GC heap before
{Heap before GC invocations=57 (full 5):
 PSYoungGen      total 434176K, used 409412K [0x00000000e0000000, 0x00000000fde00000, 0x0000000100000000)
  eden space 380928K, 99% used [0x00000000e0000000,0x00000000f73d7bb8,0x00000000f7400000)
  from space 53248K, 53% used [0x00000000f7400000,0x00000000f8ff9740,0x00000000fa800000)
  to   space 52224K, 0% used [0x00000000fab00000,0x00000000fab00000,0x00000000fde00000)
 ParOldGen       total 140800K, used 47152K [0x00000000a0000000, 0x00000000a8980000, 0x00000000e0000000)
  object space 140800K, 33% used [0x00000000a0000000,0x00000000a2e0c388,0x00000000a8980000)
 Metaspace       used 92852K, capacity 98388K, committed 98688K, reserved 1134592K
  class space    used 11586K, capacity 12577K, committed 12672K, reserved 1048576K
Event: 4277.700 GC heap after
Heap after GC invocations=57 (full 5):
 PSYoungGen      total 439296K, used 18326K [0x00000000e0000000, 0x00000000feb00000, 0x0000000100000000)
  eden space 387072K, 0% used [0x00000000e0000000,0x00000000e0000000,0x00000000f7a00000)
  from space 52224K, 35% used [0x00000000fab00000,0x00000000fbce5b78,0x00000000fde00000)
  to   space 50176K, 0% used [0x00000000f7a00000,0x00000000f7a00000,0x00000000fab00000)
 ParOldGen       total 140800K, used 47152K [0x00000000a0000000, 0x00000000a8980000, 0x00000000e0000000)
  object space 140800K, 33% used [0x00000000a0000000,0x00000000a2e0c388,0x00000000a8980000)
 Metaspace       used 92852K, capacity 98388K, committed 98688K, reserved 1134592K
  class space    used 11586K, capacity 12577K, committed 12672K, reserved 1048576K
}

Deoptimization events (10 events):
Event: 4277.933 Thread 0x00000000263ea000 Uncommon trap: reason=class_check action=maybe_recompile pc=0x00000000051249d8 method=java.lang.StringCoding.decode(Ljava/nio/charset/Charset;[BII)[C @ 1
Event: 4277.952 Thread 0x00000000263ea000 Uncommon trap: reason=bimorphic action=maybe_recompile pc=0x000000000701f634 method=com.google.common.collect.ImmutableMap.copyOf(Ljava/util/Map;)Lcom/google/common/collect/ImmutableMap; @ 49
Event: 4277.952 Thread 0x00000000263ea000 Uncommon trap: reason=bimorphic action=maybe_recompile pc=0x0000000007056108 method=com.google.common.collect.Iterables.toArray(Ljava/lang/Iterable;[Ljava/lang/Object;)[Ljava/lang/Object; @ 7
Event: 4277.952 Thread 0x00000000263ea000 Uncommon trap: reason=class_check action=maybe_recompile pc=0x000000000701f51c method=com.google.common.collect.ImmutableMap.copyOf(Ljava/lang/Iterable;)Lcom/google/common/collect/ImmutableMap; @ 53
Event: 4277.959 Thread 0x00000000263ea000 Uncommon trap: reason=bimorphic action=maybe_recompile pc=0x000000000701f634 method=com.google.common.collect.ImmutableMap.copyOf(Ljava/util/Map;)Lcom/google/common/collect/ImmutableMap; @ 49
Event: 4277.959 Thread 0x00000000263ea000 Uncommon trap: reason=bimorphic action=maybe_recompile pc=0x0000000007056108 method=com.google.common.collect.Iterables.toArray(Ljava/lang/Iterable;[Ljava/lang/Object;)[Ljava/lang/Object; @ 7
Event: 4278.195 Thread 0x000000001c41d000 Uncommon trap: reason=bimorphic action=maybe_recompile pc=0x0000000005e06e9c method=com.google.common.collect.AbstractIterator.tryToComputeNext()Z @ 9
Event: 4278.232 Thread 0x000000001c41d000 Uncommon trap: reason=bimorphic action=maybe_recompile pc=0x00000000056492e4 method=com.google.common.collect.AbstractMapBasedMultimap.put(Ljava/lang/Object;Ljava/lang/Object;)Z @ 5
Event: 4278.239 Thread 0x000000001c41d000 Uncommon trap: reason=unstable_if action=reinterpret pc=0x0000000005d098e0 method=org.gradle.internal.logging.sink.OutputEventTransformer.onOutput(Lorg/gradle/internal/logging/events/OutputEvent;)V @ 283
Event: 4768.070 Thread 0x00000000263ea000 Uncommon trap: reason=unstable_if action=reinterpret pc=0x0000000003b81068 method=java.util.concurrent.ConcurrentHashMap.addCount(JI)V @ 168

Classes redefined (0 events):
No events

Internal exceptions (10 events):
Event: 4768.332 Thread 0x0000000019fdd800 Exception <a 'sun/nio/fs/WindowsException'> (0x00000000e4a2c588) thrown at [D:\src\AOSP-openjdk-cygwin\jdk8u\hotspot\src\share\vm\prims\jni.cpp, line 709]
Event: 4768.332 Thread 0x0000000019fdd800 Exception <a 'sun/nio/fs/WindowsException'> (0x00000000e4a2d150) thrown at [D:\src\AOSP-openjdk-cygwin\jdk8u\hotspot\src\share\vm\prims\jni.cpp, line 709]
Event: 4768.332 Thread 0x0000000019fdd800 Exception <a 'sun/nio/fs/WindowsException'> (0x00000000e4a303e0) thrown at [D:\src\AOSP-openjdk-cygwin\jdk8u\hotspot\src\share\vm\prims\jni.cpp, line 709]
Event: 4768.332 Thread 0x0000000019fdd800 Exception <a 'sun/nio/fs/WindowsException'> (0x00000000e4a30fb8) thrown at [D:\src\AOSP-openjdk-cygwin\jdk8u\hotspot\src\share\vm\prims\jni.cpp, line 709]
Event: 4768.333 Thread 0x0000000019fdd800 Exception <a 'sun/nio/fs/WindowsException'> (0x00000000e4a33250) thrown at [D:\src\AOSP-openjdk-cygwin\jdk8u\hotspot\src\share\vm\prims\jni.cpp, line 709]
Event: 4768.333 Thread 0x0000000019fdd800 Exception <a 'sun/nio/fs/WindowsException'> (0x00000000e4a33e48) thrown at [D:\src\AOSP-openjdk-cygwin\jdk8u\hotspot\src\share\vm\prims\jni.cpp, line 709]
Event: 4768.334 Thread 0x0000000019fdd800 Exception <a 'sun/nio/fs/WindowsException'> (0x00000000e4a379b0) thrown at [D:\src\AOSP-openjdk-cygwin\jdk8u\hotspot\src\share\vm\prims\jni.cpp, line 709]
Event: 4768.334 Thread 0x0000000019fdd800 Exception <a 'sun/nio/fs/WindowsException'> (0x00000000e4a385b8) thrown at [D:\src\AOSP-openjdk-cygwin\jdk8u\hotspot\src\share\vm\prims\jni.cpp, line 709]
Event: 4768.335 Thread 0x0000000019fdd800 Exception <a 'sun/nio/fs/WindowsException'> (0x00000000e4a3a8c8) thrown at [D:\src\AOSP-openjdk-cygwin\jdk8u\hotspot\src\share\vm\prims\jni.cpp, line 709]
Event: 4768.335 Thread 0x0000000019fdd800 Exception <a 'sun/nio/fs/WindowsException'> (0x00000000e4a3b4e0) thrown at [D:\src\AOSP-openjdk-cygwin\jdk8u\hotspot\src\share\vm\prims\jni.cpp, line 709]

Events (10 events):
Event: 4768.647 Thread 0x0000000017bdf800 flushing nmethod 0x0000000004c48ed0
Event: 4768.647 Thread 0x0000000017bdf800 flushing nmethod 0x0000000004c4c0d0
Event: 4768.647 Thread 0x0000000017bdf800 flushing nmethod 0x0000000004c4c490
Event: 4768.647 Thread 0x0000000017bdf800 flushing nmethod 0x0000000004c4c8d0
Event: 4768.647 Thread 0x0000000017bdf800 flushing nmethod 0x0000000004c59250
Event: 4768.648 Thread 0x0000000017bdf800 flushing nmethod 0x0000000004c6cf10
Event: 4768.648 Thread 0x0000000017bdf800 flushing nmethod 0x0000000004c6e1d0
Event: 4768.649 Executing VM operation: BulkRevokeBias
Event: 4768.654 Executing VM operation: BulkRevokeBias done
Event: 4768.654 Thread 0x0000000017bdf800 flushing nmethod 0x0000000004d13f90


Dynamic libraries:
0x00007ff7f8260000 - 0x00007ff7f8291000 	C:\Program Files\Android\Android Studio\jre\bin\java.exe
0x00007ff97dfe0000 - 0x00007ff97e1c1000 	C:\WINDOWS\SYSTEM32\ntdll.dll
0x00007ff97b780000 - 0x00007ff97b832000 	C:\WINDOWS\System32\KERNEL32.DLL
0x00007ff97ad30000 - 0x00007ff97afa3000 	C:\WINDOWS\System32\KERNELBASE.dll
0x00007ff97d100000 - 0x00007ff97d1a1000 	C:\WINDOWS\System32\ADVAPI32.dll
0x00007ff97b550000 - 0x00007ff97b5ee000 	C:\WINDOWS\System32\msvcrt.dll
0x00007ff97d3d0000 - 0x00007ff97d42b000 	C:\WINDOWS\System32\sechost.dll
0x00007ff97d430000 - 0x00007ff97d554000 	C:\WINDOWS\System32\RPCRT4.dll
0x00007ff97b5f0000 - 0x00007ff97b780000 	C:\WINDOWS\System32\USER32.dll
0x00007ff97a3b0000 - 0x00007ff97a3d0000 	C:\WINDOWS\System32\win32u.dll
0x00007ff97b840000 - 0x00007ff97b868000 	C:\WINDOWS\System32\GDI32.dll
0x00007ff97b2d0000 - 0x00007ff97b462000 	C:\WINDOWS\System32\gdi32full.dll
0x00007ff97a4d0000 - 0x00007ff97a56f000 	C:\WINDOWS\System32\msvcp_win.dll
0x00007ff97a3d0000 - 0x00007ff97a4ca000 	C:\WINDOWS\System32\ucrtbase.dll
0x00007ff96cf10000 - 0x00007ff96d179000 	C:\WINDOWS\WinSxS\amd64_microsoft.windows.common-controls_6595b64144ccf1df_6.0.17134.590_none_fb3d9bff3069e088\COMCTL32.dll
0x00007ff97da30000 - 0x00007ff97dd52000 	C:\WINDOWS\System32\combase.dll
0x00007ff97b1a0000 - 0x00007ff97b21a000 	C:\WINDOWS\System32\bcryptPrimitives.dll
0x00007ff97d8b0000 - 0x00007ff97d8dd000 	C:\WINDOWS\System32\IMM32.DLL
0x000000005d4e0000 - 0x000000005d5b2000 	C:\Program Files\Android\Android Studio\jre\jre\bin\msvcr100.dll
0x000000005d6a0000 - 0x000000005dee1000 	C:\Program Files\Android\Android Studio\jre\jre\bin\server\jvm.dll
0x00007ff97d3c0000 - 0x00007ff97d3c8000 	C:\WINDOWS\System32\PSAPI.DLL
0x00007ff96bb40000 - 0x00007ff96bb49000 	C:\WINDOWS\SYSTEM32\WSOCK32.dll
0x00007ff97d350000 - 0x00007ff97d3bc000 	C:\WINDOWS\System32\WS2_32.dll
0x00007ff973f00000 - 0x00007ff973f23000 	C:\WINDOWS\SYSTEM32\WINMM.dll
0x00007ff96c2b0000 - 0x00007ff96c2ba000 	C:\WINDOWS\SYSTEM32\VERSION.dll
0x00007ff973ed0000 - 0x00007ff973efa000 	C:\WINDOWS\SYSTEM32\WINMMBASE.dll
0x00007ff97a5d0000 - 0x00007ff97a619000 	C:\WINDOWS\System32\cfgmgr32.dll
0x00007ff96e7b0000 - 0x00007ff96e7bf000 	C:\Program Files\Android\Android Studio\jre\jre\bin\verify.dll
0x00007ff9558f0000 - 0x00007ff955919000 	C:\Program Files\Android\Android Studio\jre\jre\bin\java.dll
0x00007ff95b310000 - 0x00007ff95b326000 	C:\Program Files\Android\Android Studio\jre\jre\bin\zip.dll
0x00007ff97b870000 - 0x00007ff97ccb0000 	C:\WINDOWS\System32\SHELL32.dll
0x00007ff97b470000 - 0x00007ff97b519000 	C:\WINDOWS\System32\shcore.dll
0x00007ff97a620000 - 0x00007ff97ad2d000 	C:\WINDOWS\System32\windows.storage.dll
0x00007ff97d6f0000 - 0x00007ff97d741000 	C:\WINDOWS\System32\shlwapi.dll
0x00007ff97a370000 - 0x00007ff97a381000 	C:\WINDOWS\System32\kernel.appcore.dll
0x00007ff97a350000 - 0x00007ff97a36f000 	C:\WINDOWS\System32\profapi.dll
0x00007ff97a300000 - 0x00007ff97a34c000 	C:\WINDOWS\System32\powrprof.dll
0x00007ff97a2f0000 - 0x00007ff97a2fa000 	C:\WINDOWS\System32\FLTLIB.DLL
0x00007ff955bb0000 - 0x00007ff955bca000 	C:\Program Files\Android\Android Studio\jre\jre\bin\net.dll
0x00007ff979b70000 - 0x00007ff979bd6000 	C:\WINDOWS\system32\mswsock.dll
0x00007ff955650000 - 0x00007ff955661000 	C:\Program Files\Android\Android Studio\jre\jre\bin\nio.dll
0x00007ff9701f0000 - 0x00007ff97020e000 	C:\Users\Administrator\.gradle\native\25\windows-amd64\native-platform.dll
0x00007ff96e670000 - 0x00007ff96e67d000 	C:\Program Files\Android\Android Studio\jre\jre\bin\management.dll
0x00007ff979d20000 - 0x00007ff979d37000 	C:\WINDOWS\SYSTEM32\CRYPTSP.dll
0x00007ff979750000 - 0x00007ff979783000 	C:\WINDOWS\system32\rsaenh.dll
0x00007ff979e50000 - 0x00007ff979e75000 	C:\WINDOWS\SYSTEM32\bcrypt.dll
0x00007ff97a1f0000 - 0x00007ff97a218000 	C:\WINDOWS\SYSTEM32\USERENV.dll
0x00007ff979d40000 - 0x00007ff979d4b000 	C:\WINDOWS\SYSTEM32\CRYPTBASE.dll
0x00007ff9798f0000 - 0x00007ff979928000 	C:\WINDOWS\SYSTEM32\IPHLPAPI.DLL
0x00007ff97d560000 - 0x00007ff97d568000 	C:\WINDOWS\System32\NSI.dll
0x00007ff972e30000 - 0x00007ff972e46000 	C:\WINDOWS\SYSTEM32\dhcpcsvc6.DLL
0x00007ff9732d0000 - 0x00007ff9732ea000 	C:\WINDOWS\SYSTEM32\dhcpcsvc.DLL
0x00007ff94c360000 - 0x00007ff94c4f7000 	C:\Program Files\Android\Android Studio\jre\jre\bin\awt.dll
0x00007ff97de00000 - 0x00007ff97dec3000 	C:\WINDOWS\System32\OLEAUT32.dll
0x00007ff976ae0000 - 0x00007ff9770a7000 	C:\WINDOWS\SYSTEM32\d2d1.dll
0x00007ff977aa0000 - 0x00007ff977b2b000 	C:\WINDOWS\SYSTEM32\apphelp.dll
0x00007ff9786b0000 - 0x00007ff9786d9000 	C:\WINDOWS\system32\DWMAPI.DLL
0x00007ff977bd0000 - 0x00007ff977c68000 	C:\WINDOWS\system32\uxtheme.dll
0x00007ff9793e0000 - 0x00007ff979411000 	C:\WINDOWS\SYSTEM32\ntmarta.dll

VM Arguments:
jvm_args: -Xmx1536m -Dfile.encoding=x-windows-949 -Duser.country=KR -Duser.language=ko -Duser.variant 
java_command: org.gradle.launcher.daemon.bootstrap.GradleDaemon 4.10.1
java_class_path (initial): C:\Users\Administrator\.gradle\wrapper\dists\gradle-4.10.1-all\455itskqi2qtf0v2sja68alqd\gradle-4.10.1\lib\gradle-launcher-4.10.1.jar
Launcher Type: SUN_STANDARD

Environment Variables:
JAVA_HOME=C:\Program Files\Java\jdk1.8.0_191
PATH=C:\Program Files (x86)\NAT Service;C:\Program Files\Java\jdk1.8.0_191\bin;C:\oraclexe\app\oracle\product\11.2.0\server\bin;C:\Program Files (x86)\Intel\iCLS Client\;C:\Program Files\Intel\iCLS Client\;C:\WINDOWS\system32;C:\WINDOWS;C:\WINDOWS\System32\Wbem;C:\WINDOWS\System32\WindowsPowerShell\v1.0\;C:\Program Files (x86)\Intel\OpenCL SDK\3.0\bin\x86;C:\Program Files (x86)\Intel\OpenCL SDK\3.0\bin\x64;C:\Program Files\Intel\Intel(R) Management Engine Components\DAL;C:\Program Files\Intel\Intel(R) Management Engine Components\IPT;C:\Program Files (x86)\Intel\Intel(R) Management Engine Components\DAL;C:\Program Files (x86)\Intel\Intel(R) Management Engine Components\IPT;C:\Program Files\Intel\WiFi\bin\;C:\Program Files\Common Files\Intel\WirelessCommon\;C:\WINDOWS\system32\config\systemprofile\.dnx\bin;C:\Program Files\Microsoft DNX\Dnvm\;C:\Program Files\Microsoft SQL Server\130\Tools\Binn\;C:\Program Files (x86)\Windows Kits\8.1\Windows Performance Toolkit\;C:\WINDOWS\System32\OpenSSH\;C:\Program Files\Git\cmd;C:\Program Files\nodejs\;C:\Program Files\Intel\WiFi\bin\;C:\Program Files\Common Files\Intel\WirelessCommon\;C:\Users\Administrator\AppData\Local\Microsoft\WindowsApps;C:\Users\Administrator\AppData\Local\GitHubDesktop\bin;C:\Users\Administrator\AppData\Roaming\npm;C:\Users\Administrator\AppData\Local\Programs\Microsoft VS Code\bin
USERNAME=Administrator
OS=Windows_NT
PROCESSOR_IDENTIFIER=Intel64 Family 6 Model 69 Stepping 1, GenuineIntel



---------------  S Y S T E M  ---------------

OS: Windows 10.0 , 64 bit Build 17134 (10.0.17134.556)

CPU:total 4 (initial active 4) (2 cores per cpu, 2 threads per core) family 6 model 69 stepping 1, cmov, cx8, fxsr, mmx, sse, sse2, sse3, ssse3, sse4.1, sse4.2, popcnt, avx, avx2, aes, clmul, erms, lzcnt, ht, tsc, tscinvbit, bmi1, bmi2

Memory: 4k page, physical 4099872k(337116k free), swap 6197024k(344k free)

vm_info: OpenJDK 64-Bit Server VM (25.152-b01) for windows-amd64 JRE (1.8.0_152-release-1248-b01), built by "builder" with MS VC++ 10.0 (VS2010)

time: Thu Feb 28 01:58:28 2019
elapsed time: 4768 seconds (0d 1h 19m 28s)

