#
# There is insufficient memory for the Java Runtime Environment to continue.
# Native memory allocation (malloc) failed to allocate 1103856 bytes for Chunk::new
# Possible reasons:
#   The system is out of physical RAM or swap space
#   In 32 bit mode, the process size limit was hit
# Possible solutions:
#   Reduce memory load on the system
#   Increase physical memory or swap space
#   Check if swap backing store is full
#   Use 64 bit Java on a 64 bit OS
#   Decrease Java heap size (-Xmx/-Xms)
#   Decrease number of Java threads
#   Decrease Java thread stack sizes (-Xss)
#   Set larger code cache with -XX:ReservedCodeCacheSize=
# This output file may be truncated or incomplete.
#
#  Out of Memory Error (allocation.cpp:390), pid=11020, tid=0x0000000000002cb0
#
# JRE version: OpenJDK Runtime Environment (8.0_152-b01) (build 1.8.0_152-release-1248-b01)
# Java VM: OpenJDK 64-Bit Server VM (25.152-b01 mixed mode windows-amd64 compressed oops)
# Failed to write core dump. Minidumps are not enabled by default on client versions of Windows
#

---------------  T H R E A D  ---------------

Current thread (0x000000001695a800):  JavaThread "C2 CompilerThread0" daemon [_thread_in_native, id=11440, stack(0x00000000182f0000,0x00000000183f0000)]

Stack: [0x00000000182f0000,0x00000000183f0000]
[error occurred during error reporting (printing stack bounds), id 0xc0000005]

Native frames: (J=compiled Java code, j=interpreted, Vv=VM code, C=native code)


Current CompileTask:
C2: 169412 12021       4       com.android.tools.r8.graph.DexMethod::collectIndexedItemsExceptName (34 bytes)


---------------  P R O C E S S  ---------------

Java Threads: ( => current thread )
  0x0000000017e57000 JavaThread "ForkJoinPool-2-worker-0" daemon [_thread_blocked, id=6692, stack(0x0000000026da0000,0x0000000026ea0000)]
  0x0000000017e57800 JavaThread "ForkJoinPool-2-worker-3" daemon [_thread_blocked, id=6656, stack(0x0000000026ca0000,0x0000000026da0000)]
  0x0000000017e58800 JavaThread "ForkJoinPool-2-worker-2" daemon [_thread_blocked, id=7312, stack(0x0000000026ba0000,0x0000000026ca0000)]
  0x0000000017e56000 JavaThread "ForkJoinPool-2-worker-1" daemon [_thread_in_Java, id=7180, stack(0x0000000026aa0000,0x0000000026ba0000)]
  0x0000000017e5c000 JavaThread "ForkJoinPool.commonPool-worker-0" daemon [_thread_blocked, id=11980, stack(0x00000000269a0000,0x0000000026aa0000)]
  0x0000000017e4e800 JavaThread "ForkJoinPool.commonPool-worker-3" daemon [_thread_blocked, id=10680, stack(0x00000000268a0000,0x00000000269a0000)]
  0x0000000017e52800 JavaThread "Cache worker for Java compile cache (C:\Users\Administrator\Documents\GitHub\HellgaramMobileApp\.gradle\4.10.1\javaCompile)" [_thread_blocked, id=13128, stack(0x00000000267a0000,0x00000000268a0000)]
  0x0000000017e51000 JavaThread "Cache worker for Java compile cache (C:\Users\Administrator\.gradle\caches\4.10.1\javaCompile)" [_thread_blocked, id=13124, stack(0x00000000266a0000,0x00000000267a0000)]
  0x0000000017e4f800 JavaThread "Cache worker for Build Output Cleanup Cache (C:\Users\Administrator\Documents\GitHub\HellgaramMobileApp\.gradle\buildOutputCleanup)" [_thread_blocked, id=1768, stack(0x00000000265a0000,0x00000000266a0000)]
  0x0000000017e53000 JavaThread "Cache worker for task history cache (C:\Users\Administrator\Documents\GitHub\HellgaramMobileApp\.gradle\4.10.1\taskHistory)" [_thread_blocked, id=476, stack(0x00000000264a0000,0x00000000265a0000)]
  0x0000000017e50000 JavaThread "Task worker for ':' Thread 3" [_thread_blocked, id=7160, stack(0x00000000263a0000,0x00000000264a0000)]
  0x0000000017e54000 JavaThread "Task worker for ':' Thread 2" [_thread_blocked, id=3596, stack(0x00000000262a0000,0x00000000263a0000)]
  0x0000000017e4e000 JavaThread "Task worker for ':'" [_thread_blocked, id=3172, stack(0x00000000261a0000,0x00000000262a0000)]
  0x000000001a97f800 JavaThread "Cache worker for file content cache (C:\Users\Administrator\Documents\GitHub\HellgaramMobileApp\.gradle\4.10.1\fileContent)" [_thread_blocked, id=2540, stack(0x00000000260a0000,0x00000000261a0000)]
  0x000000001a978800 JavaThread "Build operations Thread 4" [_thread_blocked, id=11088, stack(0x0000000025fa0000,0x00000000260a0000)]
  0x000000001a97d000 JavaThread "Build operations Thread 3" [_thread_blocked, id=12140, stack(0x0000000025ea0000,0x0000000025fa0000)]
  0x000000001a97c800 JavaThread "Build operations Thread 2" [_thread_blocked, id=5884, stack(0x0000000025da0000,0x0000000025ea0000)]
  0x000000001c16e000 JavaThread "Build operations" [_thread_blocked, id=5668, stack(0x0000000025ca0000,0x0000000025da0000)]
  0x000000001c16c800 JavaThread "Cache worker for cache directory md-rule (C:\Users\Administrator\.gradle\caches\4.10.1\md-rule)" [_thread_blocked, id=13120, stack(0x0000000025ba0000,0x0000000025ca0000)]
  0x000000001c16c000 JavaThread "Cache worker for cache directory md-supplier (C:\Users\Administrator\.gradle\caches\4.10.1\md-supplier)" [_thread_blocked, id=12988, stack(0x0000000025aa0000,0x0000000025ba0000)]
  0x000000001c16f000 JavaThread "Cache worker for file hash cache (C:\Users\Administrator\Documents\GitHub\HellgaramMobileApp\.gradle\4.10.1\fileHashes)" [_thread_blocked, id=12992, stack(0x00000000259a0000,0x0000000025aa0000)]
  0x000000001c16b000 JavaThread "Stdin handler" [_thread_blocked, id=8904, stack(0x00000000258a0000,0x00000000259a0000)]
  0x000000001c163000 JavaThread "Asynchronous log dispatcher for DefaultDaemonConnection: socket connection from /127.0.0.1:56060 to /127.0.0.1:56082" [_thread_blocked, id=13152, stack(0x00000000257a0000,0x00000000258a0000)]
  0x000000001c164800 JavaThread "Daemon worker Thread 2" [_thread_blocked, id=13184, stack(0x00000000256a0000,0x00000000257a0000)]
  0x000000001c168000 JavaThread "Cancel handler" [_thread_blocked, id=13268, stack(0x00000000255a0000,0x00000000256a0000)]
  0x000000001c160800 JavaThread "Handler for socket connection from /127.0.0.1:56060 to /127.0.0.1:56082" [_thread_in_native, id=6932, stack(0x00000000254a0000,0x00000000255a0000)]
  0x000000001c165000 JavaThread "Daemon Thread 2" [_thread_blocked, id=10232, stack(0x00000000253a0000,0x00000000254a0000)]
  0x000000001c169800 JavaThread "pool-1-thread-1" [_thread_blocked, id=7912, stack(0x00000000252a0000,0x00000000253a0000)]
  0x000000001c161800 JavaThread "Cache worker for file content cache (C:\Users\Administrator\.gradle\caches\4.10.1\fileContent)" [_thread_blocked, id=12480, stack(0x00000000220c0000,0x00000000221c0000)]
  0x000000001c166800 JavaThread "Memory manager" [_thread_blocked, id=12484, stack(0x0000000021fc0000,0x00000000220c0000)]
  0x000000001a97b800 JavaThread "Cache worker for Artifact transforms cache (C:\Users\Administrator\.gradle\caches\transforms-1)" [_thread_blocked, id=9792, stack(0x00000000206c0000,0x00000000207c0000)]
  0x000000001a979800 JavaThread "Cache worker for journal cache (C:\Users\Administrator\.gradle\caches\journal-1)" [_thread_blocked, id=11892, stack(0x000000001e860000,0x000000001e960000)]
  0x00000000195fa800 JavaThread "File lock request listener" [_thread_in_native, id=3888, stack(0x000000001cf40000,0x000000001d040000)]
  0x000000001a911800 JavaThread "Cache worker for file hash cache (C:\Users\Administrator\.gradle\caches\4.10.1\fileHashes)" [_thread_blocked, id=1616, stack(0x000000001ce40000,0x000000001cf40000)]
  0x00000000199c4000 JavaThread "Daemon periodic checks" [_thread_blocked, id=9100, stack(0x000000001b370000,0x000000001b470000)]
  0x000000001951a000 JavaThread "Incoming local TCP Connector on port 56060" [_thread_in_native, id=780, stack(0x000000001b190000,0x000000001b290000)]
  0x0000000017d74800 JavaThread "Service Thread" daemon [_thread_blocked, id=6976, stack(0x00000000185f0000,0x00000000186f0000)]
  0x0000000017d00800 JavaThread "C1 CompilerThread2" daemon [_thread_blocked, id=5772, stack(0x00000000184f0000,0x00000000185f0000)]
  0x000000001695d800 JavaThread "C2 CompilerThread1" daemon [_thread_in_native, id=10732, stack(0x00000000183f0000,0x00000000184f0000)]
=>0x000000001695a800 JavaThread "C2 CompilerThread0" daemon [_thread_in_native, id=11440, stack(0x00000000182f0000,0x00000000183f0000)]
  0x0000000017cf8800 JavaThread "Attach Listener" daemon [_thread_blocked, id=5636, stack(0x00000000181f0000,0x00000000182f0000)]
  0x000000001690f800 JavaThread "Signal Dispatcher" daemon [_thread_blocked, id=10652, stack(0x00000000180f0000,0x00000000181f0000)]
  0x0000000002f8c000 JavaThread "Finalizer" daemon [_thread_blocked, id=1148, stack(0x0000000017b60000,0x0000000017c60000)]
  0x0000000002f81000 JavaThread "Reference Handler" daemon [_thread_blocked, id=844, stack(0x0000000017a60000,0x0000000017b60000)]
  0x0000000002e92800 JavaThread "main" [_thread_blocked, id=10868, stack(0x0000000002d90000,0x0000000002e90000)]

Other Threads:
  0x00000000168c7800 VMThread [stack: 0x0000000017960000,0x0000000017a60000] [id=8044]
  0x0000000017d7d800 WatcherThread [stack: 0x00000000186f0000,0x00000000187f0000] [id=8552]

VM state:not at safepoint (normal execution)

VM Mutex/Monitor currently owned by a thread: None

Heap:
 PSYoungGen      total 155648K, used 125899K [0x00000000e0000000, 0x00000000ebe00000, 0x0000000100000000)
  eden space 130560K, 85% used [0x00000000e0000000,0x00000000e6cd7a20,0x00000000e7f80000)
  from space 25088K, 57% used [0x00000000e7f80000,0x00000000e8d9b378,0x00000000e9800000)
  to   space 25600K, 0% used [0x00000000ea500000,0x00000000ea500000,0x00000000ebe00000)
 ParOldGen       total 121344K, used 43571K [0x00000000a0000000, 0x00000000a7680000, 0x00000000e0000000)
  object space 121344K, 35% used [0x00000000a0000000,0x00000000a2a8ce30,0x00000000a7680000)
 Metaspace       used 79803K, capacity 82532K, committed 82560K, reserved 1120256K
  class space    used 10526K, capacity 11125K, committed 11136K, reserved 1048576K

Card table byte_map: [0x0000000012350000,0x0000000012660000] byte_map_base: 0x0000000011e50000

Marking Bits: (ParMarkBitMap*) 0x000000006acd5aa0
 Begin Bits: [0x0000000012c60000, 0x0000000014460000)
 End Bits:   [0x0000000014460000, 0x0000000015c60000)

Polling page: 0x0000000001230000

CodeCache: size=245760Kb used=31704Kb max_used=31712Kb free=214055Kb
 bounds [0x0000000002f90000, 0x0000000004ec0000, 0x0000000011f90000]
 total_blobs=11091 nmethods=10239 adapters=764
 compilation: enabled

Compilation events (10 events):
Event: 169.301 Thread 0x0000000017d00800 12051       2       com.android.tools.r8.code.MonitorEnter::collectIndexedItems (8 bytes)
Event: 169.301 Thread 0x0000000017d00800 nmethod 12051 0x0000000004ea3750 code [0x0000000004ea38a0, 0x0000000004ea39f0]
Event: 169.312 Thread 0x0000000017d00800 12052       2       com.android.tools.r8.graph.DexValue$DexValueBoolean::collectIndexedItems (8 bytes)
Event: 169.313 Thread 0x0000000017d00800 nmethod 12052 0x0000000004ea3410 code [0x0000000004ea3560, 0x0000000004ea36b0]
Event: 169.327 Thread 0x0000000017d00800 12053       2       com.android.tools.r8.code.AndInt2Addr::collectIndexedItems (8 bytes)
Event: 169.327 Thread 0x0000000017d00800 nmethod 12053 0x0000000004ea30d0 code [0x0000000004ea3220, 0x0000000004ea3370]
Event: 169.329 Thread 0x0000000017d00800 12054       2       com.android.tools.r8.code.CmpgFloat::collectIndexedItems (8 bytes)
Event: 169.329 Thread 0x0000000017d00800 nmethod 12054 0x0000000004ea2d90 code [0x0000000004ea2ee0, 0x0000000004ea3030]
Event: 169.331 Thread 0x0000000017d00800 12055       2       com.android.tools.r8.code.FloatToDouble::collectIndexedItems (8 bytes)
Event: 169.331 Thread 0x0000000017d00800 nmethod 12055 0x0000000004ea2a50 code [0x0000000004ea2ba0, 0x0000000004ea2cf0]

GC Heap History (10 events):
Event: 28.311 GC heap before
{Heap before GC invocations=21 (full 3):
 PSYoungGen      total 129024K, used 127423K [0x00000000e0000000, 0x00000000e9c00000, 0x0000000100000000)
  eden space 114688K, 99% used [0x00000000e0000000,0x00000000e6fa39b8,0x00000000e7000000)
  from space 14336K, 91% used [0x00000000e7000000,0x00000000e7ccc4c8,0x00000000e7e00000)
  to   space 15872K, 0% used [0x00000000e8c80000,0x00000000e8c80000,0x00000000e9c00000)
 ParOldGen       total 84480K, used 35473K [0x00000000a0000000, 0x00000000a5280000, 0x00000000e0000000)
  object space 84480K, 41% used [0x00000000a0000000,0x00000000a22a4768,0x00000000a5280000)
 Metaspace       used 67862K, capacity 70498K, committed 70784K, reserved 1110016K
  class space    used 9188K, capacity 9774K, committed 9856K, reserved 1048576K
Event: 28.413 GC heap after
Heap after GC invocations=21 (full 3):
 PSYoungGen      total 132608K, used 15863K [0x00000000e0000000, 0x00000000eb200000, 0x0000000100000000)
  eden space 116736K, 0% used [0x00000000e0000000,0x00000000e0000000,0x00000000e7200000)
  from space 15872K, 99% used [0x00000000e8c80000,0x00000000e9bfdcc0,0x00000000e9c00000)
  to   space 27136K, 0% used [0x00000000e7200000,0x00000000e7200000,0x00000000e8c80000)
 ParOldGen       total 84480K, used 59787K [0x00000000a0000000, 0x00000000a5280000, 0x00000000e0000000)
  object space 84480K, 70% used [0x00000000a0000000,0x00000000a3a62ec0,0x00000000a5280000)
 Metaspace       used 67862K, capacity 70498K, committed 70784K, reserved 1110016K
  class space    used 9188K, capacity 9774K, committed 9856K, reserved 1048576K
}
Event: 30.652 GC heap before
{Heap before GC invocations=22 (full 3):
 PSYoungGen      total 132608K, used 132599K [0x00000000e0000000, 0x00000000eb200000, 0x0000000100000000)
  eden space 116736K, 100% used [0x00000000e0000000,0x00000000e7200000,0x00000000e7200000)
  from space 15872K, 99% used [0x00000000e8c80000,0x00000000e9bfdcc0,0x00000000e9c00000)
  to   space 27136K, 0% used [0x00000000e7200000,0x00000000e7200000,0x00000000e8c80000)
 ParOldGen       total 84480K, used 59846K [0x00000000a0000000, 0x00000000a5280000, 0x00000000e0000000)
  object space 84480K, 70% used [0x00000000a0000000,0x00000000a3a71b20,0x00000000a5280000)
 Metaspace       used 69838K, capacity 72584K, committed 72832K, reserved 1112064K
  class space    used 9419K, capacity 10021K, committed 10112K, reserved 1048576K
Event: 30.691 GC heap after
Heap after GC invocations=22 (full 3):
 PSYoungGen      total 143872K, used 10811K [0x00000000e0000000, 0x00000000eb180000, 0x0000000100000000)
  eden space 116736K, 0% used [0x00000000e0000000,0x00000000e0000000,0x00000000e7200000)
  from space 27136K, 39% used [0x00000000e7200000,0x00000000e7c8ed50,0x00000000e8c80000)
  to   space 25600K, 0% used [0x00000000e9880000,0x00000000e9880000,0x00000000eb180000)
 ParOldGen       total 84480K, used 75111K [0x00000000a0000000, 0x00000000a5280000, 0x00000000e0000000)
  object space 84480K, 88% used [0x00000000a0000000,0x00000000a4959fc0,0x00000000a5280000)
 Metaspace       used 69838K, capacity 72584K, committed 72832K, reserved 1112064K
  class space    used 9419K, capacity 10021K, committed 10112K, reserved 1048576K
}
Event: 30.691 GC heap before
{Heap before GC invocations=23 (full 4):
 PSYoungGen      total 143872K, used 10811K [0x00000000e0000000, 0x00000000eb180000, 0x0000000100000000)
  eden space 116736K, 0% used [0x00000000e0000000,0x00000000e0000000,0x00000000e7200000)
  from space 27136K, 39% used [0x00000000e7200000,0x00000000e7c8ed50,0x00000000e8c80000)
  to   space 25600K, 0% used [0x00000000e9880000,0x00000000e9880000,0x00000000eb180000)
 ParOldGen       total 84480K, used 75111K [0x00000000a0000000, 0x00000000a5280000, 0x00000000e0000000)
  object space 84480K, 88% used [0x00000000a0000000,0x00000000a4959fc0,0x00000000a5280000)
 Metaspace       used 69838K, capacity 72584K, committed 72832K, reserved 1112064K
  class space    used 9419K, capacity 10021K, committed 10112K, reserved 1048576K
Event: 30.871 GC heap after
Heap after GC invocations=23 (full 4):
 PSYoungGen      total 143872K, used 0K [0x00000000e0000000, 0x00000000eb180000, 0x0000000100000000)
  eden space 116736K, 0% used [0x00000000e0000000,0x00000000e0000000,0x00000000e7200000)
  from space 27136K, 0% used [0x00000000e7200000,0x00000000e7200000,0x00000000e8c80000)
  to   space 25600K, 0% used [0x00000000e9880000,0x00000000e9880000,0x00000000eb180000)
 ParOldGen       total 121344K, used 43552K [0x00000000a0000000, 0x00000000a7680000, 0x00000000e0000000)
  object space 121344K, 35% used [0x00000000a0000000,0x00000000a2a88300,0x00000000a7680000)
 Metaspace       used 69642K, capacity 72022K, committed 72832K, reserved 1112064K
  class space    used 9352K, capacity 9904K, committed 10112K, reserved 1048576K
}
Event: 31.765 GC heap before
{Heap before GC invocations=24 (full 4):
 PSYoungGen      total 143872K, used 116736K [0x00000000e0000000, 0x00000000eb180000, 0x0000000100000000)
  eden space 116736K, 100% used [0x00000000e0000000,0x00000000e7200000,0x00000000e7200000)
  from space 27136K, 0% used [0x00000000e7200000,0x00000000e7200000,0x00000000e8c80000)
  to   space 25600K, 0% used [0x00000000e9880000,0x00000000e9880000,0x00000000eb180000)
 ParOldGen       total 121344K, used 43555K [0x00000000a0000000, 0x00000000a7680000, 0x00000000e0000000)
  object space 121344K, 35% used [0x00000000a0000000,0x00000000a2a88e30,0x00000000a7680000)
 Metaspace       used 69855K, capacity 72336K, committed 73088K, reserved 1112064K
  class space    used 9394K, capacity 9957K, committed 10112K, reserved 1048576K
Event: 31.772 GC heap after
Heap after GC invocations=24 (full 4):
 PSYoungGen      total 155136K, used 4609K [0x00000000e0000000, 0x00000000eb080000, 0x0000000100000000)
  eden space 130560K, 0% used [0x00000000e0000000,0x00000000e0000000,0x00000000e7f80000)
  from space 24576K, 18% used [0x00000000e9880000,0x00000000e9d006c8,0x00000000eb080000)
  to   space 25088K, 0% used [0x00000000e7f80000,0x00000000e7f80000,0x00000000e9800000)
 ParOldGen       total 121344K, used 43563K [0x00000000a0000000, 0x00000000a7680000, 0x00000000e0000000)
  object space 121344K, 35% used [0x00000000a0000000,0x00000000a2a8ae30,0x00000000a7680000)
 Metaspace       used 69855K, capacity 72336K, committed 73088K, reserved 1112064K
  class space    used 9394K, capacity 9957K, committed 10112K, reserved 1048576K
}
Event: 166.632 GC heap before
{Heap before GC invocations=25 (full 4):
 PSYoungGen      total 155136K, used 135169K [0x00000000e0000000, 0x00000000eb080000, 0x0000000100000000)
  eden space 130560K, 100% used [0x00000000e0000000,0x00000000e7f80000,0x00000000e7f80000)
  from space 24576K, 18% used [0x00000000e9880000,0x00000000e9d006c8,0x00000000eb080000)
  to   space 25088K, 0% used [0x00000000e7f80000,0x00000000e7f80000,0x00000000e9800000)
 ParOldGen       total 121344K, used 43563K [0x00000000a0000000, 0x00000000a7680000, 0x00000000e0000000)
  object space 121344K, 35% used [0x00000000a0000000,0x00000000a2a8ae30,0x00000000a7680000)
 Metaspace       used 75192K, capacity 77936K, committed 78208K, reserved 1116160K
  class space    used 9973K, capacity 10575K, committed 10624K, reserved 1048576K
Event: 166.664 GC heap after
Heap after GC invocations=25 (full 4):
 PSYoungGen      total 155648K, used 14444K [0x00000000e0000000, 0x00000000ebe00000, 0x0000000100000000)
  eden space 130560K, 0% used [0x00000000e0000000,0x00000000e0000000,0x00000000e7f80000)
  from space 25088K, 57% used [0x00000000e7f80000,0x00000000e8d9b378,0x00000000e9800000)
  to   space 25600K, 0% used [0x00000000ea500000,0x00000000ea500000,0x00000000ebe00000)
 ParOldGen       total 121344K, used 43571K [0x00000000a0000000, 0x00000000a7680000, 0x00000000e0000000)
  object space 121344K, 35% used [0x00000000a0000000,0x00000000a2a8ce30,0x00000000a7680000)
 Metaspace       used 75192K, capacity 77936K, committed 78208K, reserved 1116160K
  class space    used 9973K, capacity 10575K, committed 10624K, reserved 1048576K
}

Deoptimization events (10 events):
Event: 168.420 Thread 0x0000000017e5c000 Uncommon trap: reason=class_check action=maybe_recompile pc=0x00000000038e54e0 method=java.util.Spliterators$ArraySpliterator.tryAdvance(Ljava/util/function/Consumer;)Z @ 49
Event: 168.425 Thread 0x0000000017e5c000 Uncommon trap: reason=class_check action=maybe_recompile pc=0x000000000470efe4 method=com.android.tools.r8.ir.conversion.IRConverter.convertMethodToDex(Lcom/android/tools/r8/graph/DexEncodedMethod;)V @ 58
Event: 168.426 Thread 0x0000000017e5c000 Uncommon trap: reason=class_check action=maybe_recompile pc=0x0000000004ac75f4 method=java.util.Spliterators$ArraySpliterator.tryAdvance(Ljava/util/function/Consumer;)Z @ 49
Event: 168.428 Thread 0x0000000017e5c000 Uncommon trap: reason=class_check action=maybe_recompile pc=0x000000000470efe4 method=com.android.tools.r8.ir.conversion.IRConverter.convertMethodToDex(Lcom/android/tools/r8/graph/DexEncodedMethod;)V @ 58
Event: 168.430 Thread 0x0000000017e5c000 Uncommon trap: reason=class_check action=maybe_recompile pc=0x0000000003ac20d4 method=java.util.Spliterators$ArraySpliterator.tryAdvance(Ljava/util/function/Consumer;)Z @ 49
Event: 168.432 Thread 0x0000000017e5c000 Uncommon trap: reason=class_check action=maybe_recompile pc=0x000000000470efe4 method=com.android.tools.r8.ir.conversion.IRConverter.convertMethodToDex(Lcom/android/tools/r8/graph/DexEncodedMethod;)V @ 58
Event: 168.436 Thread 0x0000000017e5c000 Uncommon trap: reason=class_check action=maybe_recompile pc=0x0000000004710f48 method=com.android.tools.r8.ir.conversion.IRConverter.convertMethodToDex(Lcom/android/tools/r8/graph/DexEncodedMethod;)V @ 58
Event: 168.447 Thread 0x0000000017e5c000 Uncommon trap: reason=unstable_if action=reinterpret pc=0x00000000048a4fac method=java.util.TimSort.mergeLo(IIII)V @ 381
Event: 168.827 Thread 0x0000000017e58800 Uncommon trap: reason=unloaded action=reinterpret pc=0x00000000046a8994 method=com.android.tools.r8.code.BaseInstructionFactory.create(IILcom/android/tools/r8/code/BytecodeStream;Lcom/android/tools/r8/graph/OffsetToObjectMapping;)Lcom/android/tools/r8/cod
Event: 168.970 Thread 0x0000000017e58800 Uncommon trap: reason=unstable_if action=reinterpret pc=0x00000000042f3ac0 method=com.android.tools.r8.utils.IdentifierUtils.isSimpleNameChar(I)Z @ 45

Classes redefined (0 events):
No events

Internal exceptions (10 events):
Event: 163.975 Thread 0x000000001c164800 Exception <a 'sun/nio/fs/WindowsException'> (0x00000000e4a045e8) thrown at [D:\src\AOSP-openjdk-cygwin\jdk8u\hotspot\src\share\vm\prims\jni.cpp, line 709]
Event: 163.976 Thread 0x000000001c164800 Exception <a 'sun/nio/fs/WindowsException'> (0x00000000e4a068c8) thrown at [D:\src\AOSP-openjdk-cygwin\jdk8u\hotspot\src\share\vm\prims\jni.cpp, line 709]
Event: 163.976 Thread 0x000000001c164800 Exception <a 'sun/nio/fs/WindowsException'> (0x00000000e4a07798) thrown at [D:\src\AOSP-openjdk-cygwin\jdk8u\hotspot\src\share\vm\prims\jni.cpp, line 709]
Event: 163.977 Thread 0x000000001c164800 Exception <a 'sun/nio/fs/WindowsException'> (0x00000000e4a0b5a0) thrown at [D:\src\AOSP-openjdk-cygwin\jdk8u\hotspot\src\share\vm\prims\jni.cpp, line 709]
Event: 163.977 Thread 0x000000001c164800 Exception <a 'sun/nio/fs/WindowsException'> (0x00000000e4a0c498) thrown at [D:\src\AOSP-openjdk-cygwin\jdk8u\hotspot\src\share\vm\prims\jni.cpp, line 709]
Event: 163.978 Thread 0x000000001c164800 Exception <a 'sun/nio/fs/WindowsException'> (0x00000000e4a0e7a8) thrown at [D:\src\AOSP-openjdk-cygwin\jdk8u\hotspot\src\share\vm\prims\jni.cpp, line 709]
Event: 163.978 Thread 0x000000001c164800 Exception <a 'sun/nio/fs/WindowsException'> (0x00000000e4a0f6d8) thrown at [D:\src\AOSP-openjdk-cygwin\jdk8u\hotspot\src\share\vm\prims\jni.cpp, line 709]
Event: 168.415 Thread 0x0000000017e5c000 Exception <a 'sun/nio/fs/WindowsException'> (0x00000000e27796d8) thrown at [D:\src\AOSP-openjdk-cygwin\jdk8u\hotspot\src\share\vm\prims\jni.cpp, line 709]
Event: 168.450 Thread 0x0000000017e5c000 Exception <a 'sun/nio/fs/WindowsException'> (0x00000000e28750a8) thrown at [D:\src\AOSP-openjdk-cygwin\jdk8u\hotspot\src\share\vm\prims\jni.cpp, line 709]
Event: 168.692 Thread 0x0000000017e56000 Exception <a 'sun/nio/fs/WindowsException'> (0x00000000e2ce85e0) thrown at [D:\src\AOSP-openjdk-cygwin\jdk8u\hotspot\src\share\vm\prims\jni.cpp, line 709]

Events (10 events):
Event: 169.124 Thread 0x0000000017e56000 DEOPT PACKING pc=0x0000000004e80c7e sp=0x0000000026b9e4c0
Event: 169.124 Thread 0x0000000017e56000 DEOPT UNPACKING pc=0x0000000002fd75d0 sp=0x0000000026b9e230 mode 0
Event: 169.127 Thread 0x0000000017e56000 DEOPT PACKING pc=0x0000000004e80c7e sp=0x0000000026b9e4c0
Event: 169.127 Thread 0x0000000017e56000 DEOPT UNPACKING pc=0x0000000002fd75d0 sp=0x0000000026b9e230 mode 0
Event: 169.128 Thread 0x0000000017e56000 DEOPT PACKING pc=0x0000000004e80c7e sp=0x0000000026b9e4c0
Event: 169.128 Thread 0x0000000017e56000 DEOPT UNPACKING pc=0x0000000002fd75d0 sp=0x0000000026b9e230 mode 0
Event: 169.130 Thread 0x0000000017e56000 DEOPT PACKING pc=0x0000000004e80c7e sp=0x0000000026b9e4c0
Event: 169.130 Thread 0x0000000017e56000 DEOPT UNPACKING pc=0x0000000002fd75d0 sp=0x0000000026b9e230 mode 0
Event: 169.142 Thread 0x0000000017e56000 DEOPT PACKING pc=0x0000000004730057 sp=0x0000000026b9e7f0
Event: 169.142 Thread 0x0000000017e56000 DEOPT UNPACKING pc=0x0000000002fd75d0 sp=0x0000000026b9e590 mode 0


Dynamic libraries:
0x00007ff73ff80000 - 0x00007ff73ffb1000 	C:\Program Files\Android\Android Studio\jre\bin\java.exe
0x00007ffdb2ba0000 - 0x00007ffdb2d81000 	C:\WINDOWS\SYSTEM32\ntdll.dll
0x00007ffdb1ed0000 - 0x00007ffdb1f82000 	C:\WINDOWS\System32\KERNEL32.DLL
0x00007ffdaf160000 - 0x00007ffdaf3d3000 	C:\WINDOWS\System32\KERNELBASE.dll
0x00007ffdb2740000 - 0x00007ffdb27e1000 	C:\WINDOWS\System32\ADVAPI32.dll
0x00007ffdb0590000 - 0x00007ffdb062e000 	C:\WINDOWS\System32\msvcrt.dll
0x00007ffdb27f0000 - 0x00007ffdb284b000 	C:\WINDOWS\System32\sechost.dll
0x00007ffdb0050000 - 0x00007ffdb0174000 	C:\WINDOWS\System32\RPCRT4.dll
0x00007ffdb1d40000 - 0x00007ffdb1ed0000 	C:\WINDOWS\System32\USER32.dll
0x00007ffdaf7d0000 - 0x00007ffdaf7f0000 	C:\WINDOWS\System32\win32u.dll
0x00007ffdb1c70000 - 0x00007ffdb1c98000 	C:\WINDOWS\System32\GDI32.dll
0x00007ffdaefc0000 - 0x00007ffdaf152000 	C:\WINDOWS\System32\gdi32full.dll
0x00007ffdaf3e0000 - 0x00007ffdaf47f000 	C:\WINDOWS\System32\msvcp_win.dll
0x00007ffdaf480000 - 0x00007ffdaf57a000 	C:\WINDOWS\System32\ucrtbase.dll
0x00007ffda3a60000 - 0x00007ffda3cc9000 	C:\WINDOWS\WinSxS\amd64_microsoft.windows.common-controls_6595b64144ccf1df_6.0.17134.523_none_fb409dd930672a56\COMCTL32.dll
0x00007ffdb01e0000 - 0x00007ffdb0502000 	C:\WINDOWS\System32\combase.dll
0x00007ffdaff00000 - 0x00007ffdaff7a000 	C:\WINDOWS\System32\bcryptPrimitives.dll
0x00007ffdb1d10000 - 0x00007ffdb1d3d000 	C:\WINDOWS\System32\IMM32.DLL
0x000000006a350000 - 0x000000006a422000 	C:\Program Files\Android\Android Studio\jre\jre\bin\msvcr100.dll
0x000000006a510000 - 0x000000006ad51000 	C:\Program Files\Android\Android Studio\jre\jre\bin\server\jvm.dll
0x00007ffdb1ca0000 - 0x00007ffdb1ca8000 	C:\WINDOWS\System32\PSAPI.DLL
0x00007ffd9ff20000 - 0x00007ffd9ff29000 	C:\WINDOWS\SYSTEM32\WSOCK32.dll
0x00007ffdad5a0000 - 0x00007ffdad5aa000 	C:\WINDOWS\SYSTEM32\VERSION.dll
0x00007ffdaa630000 - 0x00007ffdaa653000 	C:\WINDOWS\SYSTEM32\WINMM.dll
0x00007ffdb1f90000 - 0x00007ffdb1ffc000 	C:\WINDOWS\System32\WS2_32.dll
0x00007ffdaa600000 - 0x00007ffdaa62a000 	C:\WINDOWS\SYSTEM32\winmmbase.dll
0x00007ffdaef70000 - 0x00007ffdaefb9000 	C:\WINDOWS\System32\cfgmgr32.dll
0x00007ffda6090000 - 0x00007ffda609f000 	C:\Program Files\Android\Android Studio\jre\jre\bin\verify.dll
0x00007ffd98530000 - 0x00007ffd98559000 	C:\Program Files\Android\Android Studio\jre\jre\bin\java.dll
0x00007ffd97050000 - 0x00007ffd97066000 	C:\Program Files\Android\Android Studio\jre\jre\bin\zip.dll
0x00007ffdb0830000 - 0x00007ffdb1c70000 	C:\WINDOWS\System32\SHELL32.dll
0x00007ffdb2000000 - 0x00007ffdb20a9000 	C:\WINDOWS\System32\shcore.dll
0x00007ffdaf7f0000 - 0x00007ffdafefd000 	C:\WINDOWS\System32\windows.storage.dll
0x00007ffdb1cb0000 - 0x00007ffdb1d01000 	C:\WINDOWS\System32\shlwapi.dll
0x00007ffdaeeb0000 - 0x00007ffdaeec1000 	C:\WINDOWS\System32\kernel.appcore.dll
0x00007ffdaef40000 - 0x00007ffdaef5f000 	C:\WINDOWS\System32\profapi.dll
0x00007ffdaeed0000 - 0x00007ffdaef1c000 	C:\WINDOWS\System32\powrprof.dll
0x00007ffdaef60000 - 0x00007ffdaef6a000 	C:\WINDOWS\System32\FLTLIB.DLL
0x00007ffd96cb0000 - 0x00007ffd96cca000 	C:\Program Files\Android\Android Studio\jre\jre\bin\net.dll
0x00007ffdae730000 - 0x00007ffdae796000 	C:\WINDOWS\system32\mswsock.dll
0x00007ffd95d20000 - 0x00007ffd95d31000 	C:\Program Files\Android\Android Studio\jre\jre\bin\nio.dll
0x00007ffda9420000 - 0x00007ffda943e000 	C:\Users\Administrator\.gradle\native\25\windows-amd64\native-platform.dll
0x00007ffda5a30000 - 0x00007ffda5a3d000 	C:\Program Files\Android\Android Studio\jre\jre\bin\management.dll
0x00007ffdae8e0000 - 0x00007ffdae8f7000 	C:\WINDOWS\SYSTEM32\CRYPTSP.dll
0x00007ffdae310000 - 0x00007ffdae343000 	C:\WINDOWS\system32\rsaenh.dll
0x00007ffdaea10000 - 0x00007ffdaea35000 	C:\WINDOWS\SYSTEM32\bcrypt.dll
0x00007ffdaede0000 - 0x00007ffdaee08000 	C:\WINDOWS\SYSTEM32\USERENV.dll
0x00007ffdae900000 - 0x00007ffdae90b000 	C:\WINDOWS\SYSTEM32\CRYPTBASE.dll
0x00007ffdae4b0000 - 0x00007ffdae4e8000 	C:\WINDOWS\SYSTEM32\IPHLPAPI.DLL
0x00007ffdb2210000 - 0x00007ffdb2218000 	C:\WINDOWS\System32\NSI.dll
0x00007ffda5490000 - 0x00007ffda54a6000 	C:\WINDOWS\SYSTEM32\dhcpcsvc6.DLL
0x00007ffda7930000 - 0x00007ffda794a000 	C:\WINDOWS\SYSTEM32\dhcpcsvc.DLL

VM Arguments:
jvm_args: -Xmx1536m -Dfile.encoding=x-windows-949 -Duser.country=KR -Duser.language=ko -Duser.variant 
java_command: org.gradle.launcher.daemon.bootstrap.GradleDaemon 4.10.1
java_class_path (initial): C:\Users\Administrator\.gradle\wrapper\dists\gradle-4.10.1-all\455itskqi2qtf0v2sja68alqd\gradle-4.10.1\lib\gradle-launcher-4.10.1.jar
Launcher Type: SUN_STANDARD

Environment Variables:
JAVA_HOME=C:\Program Files\Java\jdk1.8.0_191
PATH=C:\Program Files (x86)\NAT Service;C:\Program Files\Java\jdk1.8.0_191\bin;C:\oraclexe\app\oracle\product\11.2.0\server\bin;C:\Program Files (x86)\Intel\iCLS Client\;C:\Program Files\Intel\iCLS Client\;C:\WINDOWS\system32;C:\WINDOWS;C:\WINDOWS\System32\Wbem;C:\WINDOWS\System32\WindowsPowerShell\v1.0\;C:\Program Files (x86)\Intel\OpenCL SDK\3.0\bin\x86;C:\Program Files (x86)\Intel\OpenCL SDK\3.0\bin\x64;C:\Program Files\Intel\Intel(R) Management Engine Components\DAL;C:\Program Files\Intel\Intel(R) Management Engine Components\IPT;C:\Program Files (x86)\Intel\Intel(R) Management Engine Components\DAL;C:\Program Files (x86)\Intel\Intel(R) Management Engine Components\IPT;C:\Program Files\Intel\WiFi\bin\;C:\Program Files\Common Files\Intel\WirelessCommon\;C:\WINDOWS\system32\config\systemprofile\.dnx\bin;C:\Program Files\Microsoft DNX\Dnvm\;C:\Program Files\Microsoft SQL Server\130\Tools\Binn\;C:\Program Files (x86)\Windows Kits\8.1\Windows Performance Toolkit\;C:\WINDOWS\System32\OpenSSH\;C:\Program Files\Git\cmd;C:\Program Files\nodejs\;C:\Program Files\Intel\WiFi\bin\;C:\Program Files\Common Files\Intel\WirelessCommon\;C:\Users\Administrator\AppData\Local\Microsoft\WindowsApps;C:\Users\Administrator\AppData\Local\GitHubDesktop\bin;C:\Users\Administrator\AppData\Roaming\npm;C:\Users\Administrator\AppData\Local\Programs\Microsoft VS Code\bin
USERNAME=Administrator
OS=Windows_NT
PROCESSOR_IDENTIFIER=Intel64 Family 6 Model 69 Stepping 1, GenuineIntel



---------------  S Y S T E M  ---------------

OS: Windows 10.0 , 64 bit Build 17134 (10.0.17134.1)

CPU:total 4 (initial active 4) (2 cores per cpu, 2 threads per core) family 6 model 69 stepping 1, cmov, cx8, fxsr, mmx, sse, sse2, sse3, ssse3, sse4.1, sse4.2, popcnt, avx, avx2, aes, clmul, erms, lzcnt, ht, tsc, tscinvbit, bmi1, bmi2

Memory: 4k page, physical 4099872k(1202216k free), swap 6197024k(5168k free)

vm_info: OpenJDK 64-Bit Server VM (25.152-b01) for windows-amd64 JRE (1.8.0_152-release-1248-b01), built by "builder" with MS VC++ 10.0 (VS2010)

time: Wed Feb 13 22:42:44 2019
elapsed time: 169 seconds (0d 0h 2m 49s)

