#
# There is insufficient memory for the Java Runtime Environment to continue.
# Native memory allocation (malloc) failed to allocate 687536 bytes for Chunk::new
# Possible reasons:
#   The system is out of physical RAM or swap space
#   In 32 bit mode, the process size limit was hit
# Possible solutions:
#   Reduce memory load on the system
#   Increase physical memory or swap space
#   Check if swap backing store is full
#   Use 64 bit Java on a 64 bit OS
#   Decrease Java heap size (-Xmx/-Xms)
#   Decrease number of Java threads
#   Decrease Java thread stack sizes (-Xss)
#   Set larger code cache with -XX:ReservedCodeCacheSize=
# This output file may be truncated or incomplete.
#
#  Out of Memory Error (allocation.cpp:390), pid=6456, tid=0x0000000000002f50
#
# JRE version: OpenJDK Runtime Environment (8.0_152-b01) (build 1.8.0_152-release-1248-b01)
# Java VM: OpenJDK 64-Bit Server VM (25.152-b01 mixed mode windows-amd64 compressed oops)
# Failed to write core dump. Minidumps are not enabled by default on client versions of Windows
#

---------------  T H R E A D  ---------------

Current thread (0x00000000164af000):  JavaThread "C2 CompilerThread0" daemon [_thread_in_native, id=12112, stack(0x0000000017e00000,0x0000000017f00000)]

Stack: [0x0000000017e00000,0x0000000017f00000]
[error occurred during error reporting (printing stack bounds), id 0xc0000005]

Native frames: (J=compiled Java code, j=interpreted, Vv=VM code, C=native code)


Current CompileTask:
C2:2147646 13509       4       com.sun.tools.javac.code.Symbol::hiddenInInternal (202 bytes)


---------------  P R O C E S S  ---------------

Java Threads: ( => current thread )
  0x000000001c10b000 JavaThread "Cache worker for Java compile cache (C:\Users\Administrator\Documents\GitHub\Hellgaram\HellgaramMobileApp\.gradle\4.10.1\javaCompile)" [_thread_blocked, id=4540, stack(0x00000000277a0000,0x00000000278a0000)]
  0x000000001c10c800 JavaThread "Cache worker for Java compile cache (C:\Users\Administrator\.gradle\caches\4.10.1\javaCompile)" [_thread_blocked, id=8204, stack(0x00000000276a0000,0x00000000277a0000)]
  0x0000000019d3f000 JavaThread "stdout" daemon [_thread_in_native, id=13220, stack(0x00000000275a0000,0x00000000276a0000)]
  0x0000000019d3b800 JavaThread "stderr" daemon [_thread_in_native, id=10868, stack(0x00000000274a0000,0x00000000275a0000)]
  0x0000000019d39000 JavaThread "stdout" daemon [_thread_in_native, id=7424, stack(0x00000000273a0000,0x00000000274a0000)]
  0x000000001c110800 JavaThread "stderr" daemon [_thread_in_native, id=10392, stack(0x00000000272a0000,0x00000000273a0000)]
  0x000000001c115800 JavaThread "stdout" daemon [_thread_in_native, id=11356, stack(0x00000000271a0000,0x00000000272a0000)]
  0x000000001c113800 JavaThread "stderr" daemon [_thread_in_native, id=1028, stack(0x00000000270a0000,0x00000000271a0000)]
  0x000000001c112800 JavaThread "pool-4-thread-1" [_thread_blocked, id=7172, stack(0x0000000026fa0000,0x00000000270a0000)]
  0x000000001c10e000 JavaThread "MarlinRenderer Disposer" daemon [_thread_blocked, id=384, stack(0x0000000026ea0000,0x0000000026fa0000)]
  0x000000001c114000 JavaThread "Java2D Disposer" daemon [_thread_blocked, id=8672, stack(0x0000000026da0000,0x0000000026ea0000)]
  0x000000001c106800 JavaThread "ForkJoinPool.commonPool-worker-1" daemon [_thread_blocked, id=13028, stack(0x00000000268a0000,0x00000000269a0000)]
  0x000000001c109800 JavaThread "Cache worker for Build Output Cleanup Cache (C:\Users\Administrator\Documents\GitHub\Hellgaram\HellgaramMobileApp\.gradle\buildOutputCleanup)" [_thread_blocked, id=3392, stack(0x00000000267a0000,0x00000000268a0000)]
  0x000000001c10c000 JavaThread "Cache worker for task history cache (C:\Users\Administrator\Documents\GitHub\Hellgaram\HellgaramMobileApp\.gradle\4.10.1\taskHistory)" [_thread_blocked, id=10012, stack(0x00000000266a0000,0x00000000267a0000)]
  0x0000000019aab000 JavaThread "Task worker for ':' Thread 3" [_thread_blocked, id=3404, stack(0x00000000265a0000,0x00000000266a0000)]
  0x0000000019ab1800 JavaThread "Task worker for ':' Thread 2" [_thread_in_native, id=9344, stack(0x00000000264a0000,0x00000000265a0000)]
  0x0000000019ab0000 JavaThread "Task worker for ':'" [_thread_blocked, id=12804, stack(0x00000000263a0000,0x00000000264a0000)]
  0x0000000019ab1000 JavaThread "Cache worker for file content cache (C:\Users\Administrator\Documents\GitHub\Hellgaram\HellgaramMobileApp\.gradle\4.10.1\fileContent)" [_thread_blocked, id=1612, stack(0x00000000262a0000,0x00000000263a0000)]
  0x0000000019aae800 JavaThread "Cache worker for file content cache (C:\Users\Administrator\.gradle\caches\4.10.1\fileContent)" [_thread_blocked, id=704, stack(0x00000000261a0000,0x00000000262a0000)]
  0x0000000019aae000 JavaThread "Build operations Thread 4" [_thread_blocked, id=1932, stack(0x00000000260a0000,0x00000000261a0000)]
  0x0000000019aaa000 JavaThread "Build operations Thread 3" [_thread_blocked, id=12800, stack(0x0000000025fa0000,0x00000000260a0000)]
  0x0000000019aad000 JavaThread "Build operations Thread 2" [_thread_blocked, id=9116, stack(0x0000000025ea0000,0x0000000025fa0000)]
  0x0000000019aac800 JavaThread "Build operations" [_thread_blocked, id=568, stack(0x0000000025da0000,0x0000000025ea0000)]
  0x0000000019aaf800 JavaThread "Cache worker for cache directory md-rule (C:\Users\Administrator\.gradle\caches\4.10.1\md-rule)" [_thread_blocked, id=11832, stack(0x0000000025ca0000,0x0000000025da0000)]
  0x0000000019aa5800 JavaThread "Cache worker for cache directory md-supplier (C:\Users\Administrator\.gradle\caches\4.10.1\md-supplier)" [_thread_blocked, id=8800, stack(0x0000000025ba0000,0x0000000025ca0000)]
  0x0000000019aa2800 JavaThread "Cache worker for file hash cache (C:\Users\Administrator\Documents\GitHub\Hellgaram\HellgaramMobileApp\.gradle\4.10.1\fileHashes)" [_thread_blocked, id=11344, stack(0x0000000025aa0000,0x0000000025ba0000)]
  0x0000000019aa7000 JavaThread "Stdin handler" [_thread_blocked, id=10312, stack(0x00000000259a0000,0x0000000025aa0000)]
  0x0000000019aa8000 JavaThread "Asynchronous log dispatcher for DefaultDaemonConnection: socket connection from /127.0.0.1:63046 to /127.0.0.1:63306" [_thread_blocked, id=7768, stack(0x00000000258a0000,0x00000000259a0000)]
  0x0000000019aa5000 JavaThread "Daemon worker Thread 3" [_thread_blocked, id=11596, stack(0x00000000257a0000,0x00000000258a0000)]
  0x0000000019aa9800 JavaThread "Cancel handler" [_thread_blocked, id=6220, stack(0x00000000256a0000,0x00000000257a0000)]
  0x0000000019aa6800 JavaThread "Handler for socket connection from /127.0.0.1:63046 to /127.0.0.1:63306" [_thread_in_native, id=1312, stack(0x00000000255a0000,0x00000000256a0000)]
  0x0000000019aa4000 JavaThread "Daemon Thread 3" [_thread_blocked, id=4492, stack(0x00000000254a0000,0x00000000255a0000)]
  0x000000001c111000 JavaThread "pool-1-thread-1" [_thread_blocked, id=12592, stack(0x00000000226a0000,0x00000000227a0000)]
  0x000000001c10f000 JavaThread "Memory manager" [_thread_blocked, id=11548, stack(0x0000000021d90000,0x0000000021e90000)]
  0x0000000019d38800 JavaThread "Cache worker for Artifact transforms cache (C:\Users\Administrator\.gradle\caches\transforms-1)" [_thread_blocked, id=11488, stack(0x000000001f8a0000,0x000000001f9a0000)]
  0x0000000019d3d800 JavaThread "Cache worker for journal cache (C:\Users\Administrator\.gradle\caches\journal-1)" [_thread_blocked, id=13060, stack(0x000000001cc90000,0x000000001cd90000)]
  0x000000001932b000 JavaThread "File lock request listener" [_thread_in_native, id=11176, stack(0x000000001bac0000,0x000000001bbc0000)]
  0x0000000017a70800 JavaThread "Cache worker for file hash cache (C:\Users\Administrator\.gradle\caches\4.10.1\fileHashes)" [_thread_blocked, id=5988, stack(0x000000001b9c0000,0x000000001bac0000)]
  0x000000001886a000 JavaThread "Daemon periodic checks" [_thread_blocked, id=3260, stack(0x000000001aec0000,0x000000001afc0000)]
  0x0000000018ca9800 JavaThread "Incoming local TCP Connector on port 63046" [_thread_in_native, id=7036, stack(0x0000000019ad0000,0x0000000019bd0000)]
  0x0000000017886800 JavaThread "Service Thread" daemon [_thread_blocked, id=6184, stack(0x0000000018100000,0x0000000018200000)]
  0x000000001781a800 JavaThread "C1 CompilerThread2" daemon [_thread_in_native, id=3136, stack(0x0000000018000000,0x0000000018100000)]
  0x0000000017809800 JavaThread "C2 CompilerThread1" daemon [_thread_in_native, id=9260, stack(0x0000000017f00000,0x0000000018000000)]
=>0x00000000164af000 JavaThread "C2 CompilerThread0" daemon [_thread_in_native, id=12112, stack(0x0000000017e00000,0x0000000017f00000)]
  0x00000000164fe800 JavaThread "Attach Listener" daemon [_thread_blocked, id=5824, stack(0x0000000017d00000,0x0000000017e00000)]
  0x0000000017808800 JavaThread "Signal Dispatcher" daemon [_thread_blocked, id=12972, stack(0x0000000017c00000,0x0000000017d00000)]
  0x0000000002b2b800 JavaThread "Finalizer" daemon [_thread_blocked, id=12120, stack(0x0000000017700000,0x0000000017800000)]
  0x0000000002b21000 JavaThread "Reference Handler" daemon [_thread_blocked, id=4064, stack(0x0000000017600000,0x0000000017700000)]
  0x0000000002a32800 JavaThread "main" [_thread_blocked, id=3420, stack(0x0000000002870000,0x0000000002970000)]

Other Threads:
  0x0000000016467000 VMThread [stack: 0x0000000017500000,0x0000000017600000] [id=2616]
  0x000000001788f800 WatcherThread [stack: 0x0000000018200000,0x0000000018300000] [id=6988]

VM state:not at safepoint (normal execution)

VM Mutex/Monitor currently owned by a thread: None

Heap:
 PSYoungGen      total 274944K, used 130443K [0x00000000e0000000, 0x00000000f5280000, 0x0000000100000000)
  eden space 257024K, 45% used [0x00000000e0000000,0x00000000e735d5b8,0x00000000efb00000)
  from space 17920K, 68% used [0x00000000efb00000,0x00000000f07058a0,0x00000000f0c80000)
  to   space 18432K, 0% used [0x00000000f4080000,0x00000000f4080000,0x00000000f5280000)
 ParOldGen       total 78848K, used 42732K [0x00000000a0000000, 0x00000000a4d00000, 0x00000000e0000000)
  object space 78848K, 54% used [0x00000000a0000000,0x00000000a29bb3e0,0x00000000a4d00000)
 Metaspace       used 82396K, capacity 84588K, committed 84888K, reserved 1122304K
  class space    used 10479K, capacity 11052K, committed 11168K, reserved 1048576K

Card table byte_map: [0x0000000011ef0000,0x0000000012200000] byte_map_base: 0x00000000119f0000

Marking Bits: (ParMarkBitMap*) 0x000000006b5c5aa0
 Begin Bits: [0x0000000012800000, 0x0000000014000000)
 End Bits:   [0x0000000014000000, 0x0000000015800000)

Polling page: 0x00000000003f0000

CodeCache: size=245760Kb used=39242Kb max_used=39492Kb free=206517Kb
 bounds [0x0000000002b30000, 0x00000000051f0000, 0x0000000011b30000]
 total_blobs=12807 nmethods=11814 adapters=904
 compilation: enabled

Compilation events (10 events):
Event: 2146.754 Thread 0x000000001781a800 13648       3       com.sun.tools.javac.comp.Lower::visitVarDef (117 bytes)
Event: 2146.755 Thread 0x000000001781a800 nmethod 13648 0x0000000004acdfd0 code [0x0000000004ace1a0, 0x0000000004ace9c8]
Event: 2146.755 Thread 0x000000001781a800 13650       3       com.sun.tools.javac.comp.Lower$1::visitVarDef (42 bytes)
Event: 2146.756 Thread 0x000000001781a800 nmethod 13650 0x0000000004aef710 code [0x0000000004aef920, 0x0000000004af0568]
Event: 2146.756 Thread 0x000000001781a800 13647       3       com.sun.tools.javac.tree.JCTree$JCPrimitiveTypeTree::getTag (4 bytes)
Event: 2146.756 Thread 0x000000001781a800 nmethod 13647 0x0000000002cf8c10 code [0x0000000002cf8d60, 0x0000000002cf8eb0]
Event: 2146.756 Thread 0x000000001781a800 13646       3       com.sun.tools.javac.tree.JCTree$JCArrayTypeTree::accept (6 bytes)
Event: 2146.756 Thread 0x000000001781a800 nmethod 13646 0x0000000004a7af10 code [0x0000000004a7b080, 0x0000000004a7b2a8]
Event: 2146.756 Thread 0x000000001781a800 13653       3       com.sun.tools.javac.jvm.Code::emitop1 (101 bytes)
Event: 2146.757 Thread 0x000000001781a800 nmethod 13653 0x0000000004b0ad90 code [0x0000000004b0afc0, 0x0000000004b0b778]

GC Heap History (10 events):
Event: 26.666 GC heap before
{Heap before GC invocations=14 (full 2):
 PSYoungGen      total 156672K, used 123387K [0x00000000e0000000, 0x00000000eeb00000, 0x0000000100000000)
  eden space 144896K, 77% used [0x00000000e0000000,0x00000000e6d023b0,0x00000000e8d80000)
  from space 11776K, 99% used [0x00000000e8d80000,0x00000000e98fca78,0x00000000e9900000)
  to   space 15872K, 0% used [0x00000000edb80000,0x00000000edb80000,0x00000000eeb00000)
 ParOldGen       total 48128K, used 23473K [0x00000000a0000000, 0x00000000a2f00000, 0x00000000e0000000)
  object space 48128K, 48% used [0x00000000a0000000,0x00000000a16ec738,0x00000000a2f00000)
 Metaspace       used 57751K, capacity 59000K, committed 59160K, reserved 1099776K
  class space    used 7749K, capacity 8126K, committed 8224K, reserved 1048576K
Event: 26.732 GC heap after
Heap after GC invocations=14 (full 2):
 PSYoungGen      total 220672K, used 10668K [0x00000000e0000000, 0x00000000ee980000, 0x0000000100000000)
  eden space 206336K, 0% used [0x00000000e0000000,0x00000000e0000000,0x00000000ec980000)
  from space 14336K, 74% used [0x00000000edb80000,0x00000000ee5eb370,0x00000000ee980000)
  to   space 16384K, 0% used [0x00000000ec980000,0x00000000ec980000,0x00000000ed980000)
 ParOldGen       total 48128K, used 33248K [0x00000000a0000000, 0x00000000a2f00000, 0x00000000e0000000)
  object space 48128K, 69% used [0x00000000a0000000,0x00000000a2078398,0x00000000a2f00000)
 Metaspace       used 57751K, capacity 59000K, committed 59160K, reserved 1099776K
  class space    used 7749K, capacity 8126K, committed 8224K, reserved 1048576K
}
Event: 26.732 GC heap before
{Heap before GC invocations=15 (full 3):
 PSYoungGen      total 220672K, used 10668K [0x00000000e0000000, 0x00000000ee980000, 0x0000000100000000)
  eden space 206336K, 0% used [0x00000000e0000000,0x00000000e0000000,0x00000000ec980000)
  from space 14336K, 74% used [0x00000000edb80000,0x00000000ee5eb370,0x00000000ee980000)
  to   space 16384K, 0% used [0x00000000ec980000,0x00000000ec980000,0x00000000ed980000)
 ParOldGen       total 48128K, used 33248K [0x00000000a0000000, 0x00000000a2f00000, 0x00000000e0000000)
  object space 48128K, 69% used [0x00000000a0000000,0x00000000a2078398,0x00000000a2f00000)
 Metaspace       used 57751K, capacity 59000K, committed 59160K, reserved 1099776K
  class space    used 7749K, capacity 8126K, committed 8224K, reserved 1048576K
Event: 27.457 GC heap after
Heap after GC invocations=15 (full 3):
 PSYoungGen      total 220672K, used 0K [0x00000000e0000000, 0x00000000ee980000, 0x0000000100000000)
  eden space 206336K, 0% used [0x00000000e0000000,0x00000000e0000000,0x00000000ec980000)
  from space 14336K, 0% used [0x00000000edb80000,0x00000000edb80000,0x00000000ee980000)
  to   space 16384K, 0% used [0x00000000ec980000,0x00000000ec980000,0x00000000ed980000)
 ParOldGen       total 78848K, used 34579K [0x00000000a0000000, 0x00000000a4d00000, 0x00000000e0000000)
  object space 78848K, 43% used [0x00000000a0000000,0x00000000a21c4d70,0x00000000a4d00000)
 Metaspace       used 57751K, capacity 59000K, committed 59160K, reserved 1099776K
  class space    used 7749K, capacity 8126K, committed 8224K, reserved 1048576K
}
Event: 41.427 GC heap before
{Heap before GC invocations=16 (full 3):
 PSYoungGen      total 220672K, used 206336K [0x00000000e0000000, 0x00000000ee980000, 0x0000000100000000)
  eden space 206336K, 100% used [0x00000000e0000000,0x00000000ec980000,0x00000000ec980000)
  from space 14336K, 0% used [0x00000000edb80000,0x00000000edb80000,0x00000000ee980000)
  to   space 16384K, 0% used [0x00000000ec980000,0x00000000ec980000,0x00000000ed980000)
 ParOldGen       total 78848K, used 34579K [0x00000000a0000000, 0x00000000a4d00000, 0x00000000e0000000)
  object space 78848K, 43% used [0x00000000a0000000,0x00000000a21c4d70,0x00000000a4d00000)
 Metaspace       used 68858K, capacity 70796K, committed 71064K, reserved 1110016K
  class space    used 9064K, capacity 9555K, committed 9632K, reserved 1048576K
Event: 41.529 GC heap after
Heap after GC invocations=16 (full 3):
 PSYoungGen      total 222720K, used 16170K [0x00000000e0000000, 0x00000000f2880000, 0x0000000100000000)
  eden space 206336K, 0% used [0x00000000e0000000,0x00000000e0000000,0x00000000ec980000)
  from space 16384K, 98% used [0x00000000ec980000,0x00000000ed94a9a0,0x00000000ed980000)
  to   space 18944K, 0% used [0x00000000f1600000,0x00000000f1600000,0x00000000f2880000)
 ParOldGen       total 78848K, used 34587K [0x00000000a0000000, 0x00000000a4d00000, 0x00000000e0000000)
  object space 78848K, 43% used [0x00000000a0000000,0x00000000a21c6d70,0x00000000a4d00000)
 Metaspace       used 68858K, capacity 70796K, committed 71064K, reserved 1110016K
  class space    used 9064K, capacity 9555K, committed 9632K, reserved 1048576K
}
Event: 1351.771 GC heap before
{Heap before GC invocations=17 (full 3):
 PSYoungGen      total 222720K, used 222506K [0x00000000e0000000, 0x00000000f2880000, 0x0000000100000000)
  eden space 206336K, 100% used [0x00000000e0000000,0x00000000ec980000,0x00000000ec980000)
  from space 16384K, 98% used [0x00000000ec980000,0x00000000ed94a9a0,0x00000000ed980000)
  to   space 18944K, 0% used [0x00000000f1600000,0x00000000f1600000,0x00000000f2880000)
 ParOldGen       total 78848K, used 34587K [0x00000000a0000000, 0x00000000a4d00000, 0x00000000e0000000)
  object space 78848K, 43% used [0x00000000a0000000,0x00000000a21c6d70,0x00000000a4d00000)
 Metaspace       used 71178K, capacity 73290K, committed 73368K, reserved 1112064K
  class space    used 9290K, capacity 9823K, committed 9888K, reserved 1048576K
Event: 1351.818 GC heap after
Heap after GC invocations=17 (full 3):
 PSYoungGen      total 265216K, used 7119K [0x00000000e0000000, 0x00000000f1e00000, 0x0000000100000000)
  eden space 257024K, 0% used [0x00000000e0000000,0x00000000e0000000,0x00000000efb00000)
  from space 8192K, 86% used [0x00000000f1600000,0x00000000f1cf3d50,0x00000000f1e00000)
  to   space 17920K, 0% used [0x00000000efb00000,0x00000000efb00000,0x00000000f0c80000)
 ParOldGen       total 78848K, used 42724K [0x00000000a0000000, 0x00000000a4d00000, 0x00000000e0000000)
  object space 78848K, 54% used [0x00000000a0000000,0x00000000a29b93e0,0x00000000a4d00000)
 Metaspace       used 71178K, capacity 73290K, committed 73368K, reserved 1112064K
  class space    used 9290K, capacity 9823K, committed 9888K, reserved 1048576K
}
Event: 2142.792 GC heap before
{Heap before GC invocations=18 (full 3):
 PSYoungGen      total 265216K, used 264143K [0x00000000e0000000, 0x00000000f1e00000, 0x0000000100000000)
  eden space 257024K, 100% used [0x00000000e0000000,0x00000000efb00000,0x00000000efb00000)
  from space 8192K, 86% used [0x00000000f1600000,0x00000000f1cf3d50,0x00000000f1e00000)
  to   space 17920K, 0% used [0x00000000efb00000,0x00000000efb00000,0x00000000f0c80000)
 ParOldGen       total 78848K, used 42724K [0x00000000a0000000, 0x00000000a4d00000, 0x00000000e0000000)
  object space 78848K, 54% used [0x00000000a0000000,0x00000000a29b93e0,0x00000000a4d00000)
 Metaspace       used 76620K, capacity 78782K, committed 79000K, reserved 1118208K
  class space    used 9828K, capacity 10377K, committed 10400K, reserved 1048576K
Event: 2142.838 GC heap after
Heap after GC invocations=18 (full 3):
 PSYoungGen      total 274944K, used 12310K [0x00000000e0000000, 0x00000000f5280000, 0x0000000100000000)
  eden space 257024K, 0% used [0x00000000e0000000,0x00000000e0000000,0x00000000efb00000)
  from space 17920K, 68% used [0x00000000efb00000,0x00000000f07058a0,0x00000000f0c80000)
  to   space 18432K, 0% used [0x00000000f4080000,0x00000000f4080000,0x00000000f5280000)
 ParOldGen       total 78848K, used 42732K [0x00000000a0000000, 0x00000000a4d00000, 0x00000000e0000000)
  object space 78848K, 54% used [0x00000000a0000000,0x00000000a29bb3e0,0x00000000a4d00000)
 Metaspace       used 76620K, capacity 78782K, committed 79000K, reserved 1118208K
  class space    used 9828K, capacity 10377K, committed 10400K, reserved 1048576K
}

Deoptimization events (10 events):
Event: 2146.123 Thread 0x0000000019ab1800 Uncommon trap: reason=class_check action=maybe_recompile pc=0x0000000004f83718 method=com.sun.tools.javac.code.Type.containsAny(Lcom/sun/tools/javac/util/List;)Z @ 6
Event: 2146.125 Thread 0x0000000019ab1800 Uncommon trap: reason=class_check action=maybe_recompile pc=0x0000000004f83718 method=com.sun.tools.javac.code.Type.containsAny(Lcom/sun/tools/javac/util/List;)Z @ 6
Event: 2146.131 Thread 0x0000000019ab1800 Uncommon trap: reason=class_check action=maybe_recompile pc=0x0000000004f83718 method=com.sun.tools.javac.code.Type.containsAny(Lcom/sun/tools/javac/util/List;)Z @ 6
Event: 2146.131 Thread 0x0000000019ab1800 Uncommon trap: reason=class_check action=maybe_recompile pc=0x0000000004f83718 method=com.sun.tools.javac.code.Type.containsAny(Lcom/sun/tools/javac/util/List;)Z @ 6
Event: 2146.135 Thread 0x0000000019ab1800 Uncommon trap: reason=unstable_if action=reinterpret pc=0x0000000003371b34 method=java.util.EnumMap.isValidKey(Ljava/lang/Object;)Z @ 16
Event: 2146.153 Thread 0x0000000019ab1800 Uncommon trap: reason=unstable_if action=reinterpret pc=0x0000000005022d58 method=com.sun.tools.javac.comp.MemberEnter.visitVarDef(Lcom/sun/tools/javac/tree/JCTree$JCVariableDecl;)V @ 18
Event: 2146.273 Thread 0x0000000019ab1800 Uncommon trap: reason=unstable_if action=reinterpret pc=0x0000000004fae4b8 method=com.sun.tools.javac.code.Scope.lookup(Lcom/sun/tools/javac/util/Name;Lcom/sun/tools/javac/util/Filter;)Lcom/sun/tools/javac/code/Scope$Entry; @ 19
Event: 2146.273 Thread 0x0000000019ab1800 Uncommon trap: reason=unstable_if action=reinterpret pc=0x0000000005001764 method=com.sun.tools.javac.code.Scope.lookup(Lcom/sun/tools/javac/util/Name;Lcom/sun/tools/javac/util/Filter;)Lcom/sun/tools/javac/code/Scope$Entry; @ 19
Event: 2146.298 Thread 0x0000000019ab1800 Uncommon trap: reason=unstable_if action=reinterpret pc=0x0000000004f60ce4 method=com.sun.tools.javac.code.Scope.enter(Lcom/sun/tools/javac/code/Symbol;Lcom/sun/tools/javac/code/Scope;Lcom/sun/tools/javac/code/Scope;Z)V @ 116
Event: 2146.304 Thread 0x0000000019ab1800 Uncommon trap: reason=unstable_if action=reinterpret pc=0x0000000004584198 method=com.sun.tools.javac.util.ListBuffer.append(Ljava/lang/Object;)Lcom/sun/tools/javac/util/ListBuffer; @ 9

Classes redefined (0 events):
No events

Internal exceptions (10 events):
Event: 2133.495 Thread 0x0000000019aa5000 Implicit null exception at 0x000000000482487f to 0x0000000004824a9d
Event: 2135.284 Thread 0x0000000019aa5000 Implicit null exception at 0x00000000049dcd65 to 0x00000000049dcdb9
Event: 2135.284 Thread 0x0000000019aa5000 Implicit null exception at 0x00000000049ecd14 to 0x00000000049ecee1
Event: 2135.382 Thread 0x0000000019aa5000 Implicit null exception at 0x0000000004a285e2 to 0x0000000004a28d11
Event: 2135.993 Thread 0x0000000019aa5000 Implicit null exception at 0x0000000004ae3657 to 0x0000000004ae39b9
Event: 2136.083 Thread 0x000000001c112000 Exception <a 'java/io/FileNotFoundException'> (0x00000000ea11de28) thrown at [D:\src\AOSP-openjdk-cygwin\jdk8u\hotspot\src\share\vm\prims\jni.cpp, line 709]
Event: 2136.160 Thread 0x000000001c115000 Exception <a 'java/io/FileNotFoundException'> (0x00000000ea17b7d0) thrown at [D:\src\AOSP-openjdk-cygwin\jdk8u\hotspot\src\share\vm\prims\jni.cpp, line 709]
Event: 2137.622 Thread 0x0000000019aa5000 Implicit null exception at 0x0000000004bd87a2 to 0x0000000004bd6151
Event: 2140.039 Thread 0x0000000019aa5000 Implicit null exception at 0x0000000004d76778 to 0x0000000004d76b45
Event: 2142.631 Thread 0x0000000019ab1800 Exception <a 'java/lang/NoSuchMethodError': java.lang.Object.lambda$comparingInt$7b0bb60$1(Ljava/util/function/ToIntFunction;Ljava/lang/Object;Ljava/lang/Object;)I> (0x00000000ef063f48) thrown at [D:\src\AOSP-openjdk-cygwin\jdk8u\hotspot\src\share\vm\inte

Events (10 events):
Event: 2146.748 Thread 0x000000001781a800 flushing nmethod 0x0000000004aecf10
Event: 2146.748 Thread 0x000000001781a800 flushing nmethod 0x0000000004aedf10
Event: 2146.748 Thread 0x000000001781a800 flushing nmethod 0x0000000004aef710
Event: 2146.748 Thread 0x000000001781a800 flushing nmethod 0x0000000004af1510
Event: 2146.748 Thread 0x000000001781a800 flushing nmethod 0x0000000004af1f50
Event: 2146.748 Thread 0x000000001781a800 flushing nmethod 0x0000000004af2710
Event: 2146.748 Thread 0x000000001781a800 flushing nmethod 0x0000000004b0ac90
Event: 2146.748 Thread 0x000000001781a800 flushing nmethod 0x0000000004b0f0d0
Event: 2146.752 Executing VM operation: ForceSafepoint
Event: 2146.752 Executing VM operation: ForceSafepoint done


Dynamic libraries:
0x00007ff7ffec0000 - 0x00007ff7ffef1000 	C:\Program Files\Android\Android Studio\jre\bin\java.exe
0x00007ffeeebe0000 - 0x00007ffeeedc1000 	C:\WINDOWS\SYSTEM32\ntdll.dll
0x00007ffeec210000 - 0x00007ffeec2c2000 	C:\WINDOWS\System32\KERNEL32.DLL
0x00007ffeeb990000 - 0x00007ffeebc03000 	C:\WINDOWS\System32\KERNELBASE.dll
0x00007ffeee6c0000 - 0x00007ffeee761000 	C:\WINDOWS\System32\ADVAPI32.dll
0x00007ffeeeb10000 - 0x00007ffeeebae000 	C:\WINDOWS\System32\msvcrt.dll
0x00007ffeedf30000 - 0x00007ffeedf8b000 	C:\WINDOWS\System32\sechost.dll
0x00007ffeede00000 - 0x00007ffeedf24000 	C:\WINDOWS\System32\RPCRT4.dll
0x00007ffeee1b0000 - 0x00007ffeee340000 	C:\WINDOWS\System32\USER32.dll
0x00007ffeeb970000 - 0x00007ffeeb990000 	C:\WINDOWS\System32\win32u.dll
0x00007ffeec1d0000 - 0x00007ffeec1f8000 	C:\WINDOWS\System32\GDI32.dll
0x00007ffeebc10000 - 0x00007ffeebda2000 	C:\WINDOWS\System32\gdi32full.dll
0x00007ffeeb060000 - 0x00007ffeeb0ff000 	C:\WINDOWS\System32\msvcp_win.dll
0x00007ffeeb160000 - 0x00007ffeeb25a000 	C:\WINDOWS\System32\ucrtbase.dll
0x00007ffedda80000 - 0x00007ffeddce9000 	C:\WINDOWS\WinSxS\amd64_microsoft.windows.common-controls_6595b64144ccf1df_6.0.17134.523_none_fb409dd930672a56\COMCTL32.dll
0x00007ffeee780000 - 0x00007ffeeeaa2000 	C:\WINDOWS\System32\combase.dll
0x00007ffeebff0000 - 0x00007ffeec06a000 	C:\WINDOWS\System32\bcryptPrimitives.dll
0x00007ffeec0e0000 - 0x00007ffeec10d000 	C:\WINDOWS\System32\IMM32.DLL
0x000000006ac40000 - 0x000000006ad12000 	C:\Program Files\Android\Android Studio\jre\jre\bin\msvcr100.dll
0x000000006ae00000 - 0x000000006b641000 	C:\Program Files\Android\Android Studio\jre\jre\bin\server\jvm.dll
0x00007ffeee770000 - 0x00007ffeee778000 	C:\WINDOWS\System32\PSAPI.DLL
0x00007ffee5020000 - 0x00007ffee5043000 	C:\WINDOWS\SYSTEM32\WINMM.dll
0x00007ffedc740000 - 0x00007ffedc749000 	C:\WINDOWS\SYSTEM32\WSOCK32.dll
0x00007ffeec070000 - 0x00007ffeec0dc000 	C:\WINDOWS\System32\WS2_32.dll
0x00007ffedd000000 - 0x00007ffedd00a000 	C:\WINDOWS\SYSTEM32\VERSION.dll
0x00007ffee4fd0000 - 0x00007ffee4ffa000 	C:\WINDOWS\SYSTEM32\winmmbase.dll
0x00007ffeebfa0000 - 0x00007ffeebfe9000 	C:\WINDOWS\System32\cfgmgr32.dll
0x00007ffee23d0000 - 0x00007ffee23df000 	C:\Program Files\Android\Android Studio\jre\jre\bin\verify.dll
0x00007ffedee80000 - 0x00007ffedeea9000 	C:\Program Files\Android\Android Studio\jre\jre\bin\java.dll
0x00007ffee05a0000 - 0x00007ffee05b6000 	C:\Program Files\Android\Android Studio\jre\jre\bin\zip.dll
0x00007ffeec560000 - 0x00007ffeed9a0000 	C:\WINDOWS\System32\SHELL32.dll
0x00007ffeee4a0000 - 0x00007ffeee549000 	C:\WINDOWS\System32\shcore.dll
0x00007ffeeb260000 - 0x00007ffeeb96d000 	C:\WINDOWS\System32\windows.storage.dll
0x00007ffeec110000 - 0x00007ffeec161000 	C:\WINDOWS\System32\shlwapi.dll
0x00007ffeeaf90000 - 0x00007ffeeafa1000 	C:\WINDOWS\System32\kernel.appcore.dll
0x00007ffeeaf70000 - 0x00007ffeeaf8f000 	C:\WINDOWS\System32\profapi.dll
0x00007ffeeaf20000 - 0x00007ffeeaf6c000 	C:\WINDOWS\System32\powrprof.dll
0x00007ffeeaef0000 - 0x00007ffeeaefa000 	C:\WINDOWS\System32\FLTLIB.DLL
0x00007ffedee60000 - 0x00007ffedee7a000 	C:\Program Files\Android\Android Studio\jre\jre\bin\net.dll
0x00007ffeea770000 - 0x00007ffeea7d6000 	C:\WINDOWS\system32\mswsock.dll
0x00007ffedd370000 - 0x00007ffedd381000 	C:\Program Files\Android\Android Studio\jre\jre\bin\nio.dll
0x00007ffee23e0000 - 0x00007ffee23fe000 	C:\Users\Administrator\.gradle\native\25\windows-amd64\native-platform.dll
0x00007ffee0760000 - 0x00007ffee076d000 	C:\Program Files\Android\Android Studio\jre\jre\bin\management.dll
0x00007ffeea920000 - 0x00007ffeea937000 	C:\WINDOWS\SYSTEM32\CRYPTSP.dll
0x00007ffeea350000 - 0x00007ffeea383000 	C:\WINDOWS\system32\rsaenh.dll
0x00007ffeeaa50000 - 0x00007ffeeaa75000 	C:\WINDOWS\SYSTEM32\bcrypt.dll
0x00007ffeeae20000 - 0x00007ffeeae48000 	C:\WINDOWS\SYSTEM32\USERENV.dll
0x00007ffeea940000 - 0x00007ffeea94b000 	C:\WINDOWS\SYSTEM32\CRYPTBASE.dll
0x00007ffeea4f0000 - 0x00007ffeea528000 	C:\WINDOWS\SYSTEM32\IPHLPAPI.DLL
0x00007ffeeddf0000 - 0x00007ffeeddf8000 	C:\WINDOWS\System32\NSI.dll
0x00007ffee2690000 - 0x00007ffee26a6000 	C:\WINDOWS\SYSTEM32\dhcpcsvc6.DLL
0x00007ffee3fd0000 - 0x00007ffee3fea000 	C:\WINDOWS\SYSTEM32\dhcpcsvc.DLL
0x00007ffed4a80000 - 0x00007ffed4aa4000 	C:\Program Files\Android\Android Studio\jre\jre\bin\sunec.dll
0x00007ffeea530000 - 0x00007ffeea5ee000 	C:\WINDOWS\SYSTEM32\DNSAPI.dll
0x00007ffede450000 - 0x00007ffede45a000 	C:\Windows\System32\rasadhlp.dll
0x00007ffede460000 - 0x00007ffede4d2000 	C:\WINDOWS\System32\fwpuclnt.dll
0x00007ffee05d0000 - 0x00007ffee05db000 	C:\Program Files\Android\Android Studio\jre\jre\bin\sunmscapi.dll
0x00007ffeebdb0000 - 0x00007ffeebf92000 	C:\WINDOWS\System32\CRYPT32.dll
0x00007ffeeaf00000 - 0x00007ffeeaf12000 	C:\WINDOWS\System32\MSASN1.dll
0x00007ffec6310000 - 0x00007ffec64a7000 	C:\Program Files\Android\Android Studio\jre\jre\bin\awt.dll
0x00007ffeee550000 - 0x00007ffeee612000 	C:\WINDOWS\System32\OLEAUT32.dll
0x00007ffee76e0000 - 0x00007ffee7ca7000 	C:\WINDOWS\SYSTEM32\d2d1.dll
0x00007ffee86a0000 - 0x00007ffee872b000 	C:\WINDOWS\SYSTEM32\apphelp.dll
0x00007ffee92b0000 - 0x00007ffee92d9000 	C:\WINDOWS\system32\DWMAPI.DLL
0x00007ffee87d0000 - 0x00007ffee8868000 	C:\WINDOWS\system32\uxtheme.dll

VM Arguments:
jvm_args: -Xmx1536m -Dfile.encoding=x-windows-949 -Duser.country=KR -Duser.language=ko -Duser.variant 
java_command: org.gradle.launcher.daemon.bootstrap.GradleDaemon 4.10.1
java_class_path (initial): C:\Users\Administrator\.gradle\wrapper\dists\gradle-4.10.1-all\455itskqi2qtf0v2sja68alqd\gradle-4.10.1\lib\gradle-launcher-4.10.1.jar
Launcher Type: SUN_STANDARD

Environment Variables:
JAVA_HOME=C:\Program Files\Java\jdk1.8.0_191
PATH=C:\Program Files (x86)\NAT Service;C:\Program Files\Java\jdk1.8.0_191\bin;C:\oraclexe\app\oracle\product\11.2.0\server\bin;C:\Program Files (x86)\Intel\iCLS Client\;C:\Program Files\Intel\iCLS Client\;C:\WINDOWS\system32;C:\WINDOWS;C:\WINDOWS\System32\Wbem;C:\WINDOWS\System32\WindowsPowerShell\v1.0\;C:\Program Files (x86)\Intel\OpenCL SDK\3.0\bin\x86;C:\Program Files (x86)\Intel\OpenCL SDK\3.0\bin\x64;C:\Program Files\Intel\Intel(R) Management Engine Components\DAL;C:\Program Files\Intel\Intel(R) Management Engine Components\IPT;C:\Program Files (x86)\Intel\Intel(R) Management Engine Components\DAL;C:\Program Files (x86)\Intel\Intel(R) Management Engine Components\IPT;C:\Program Files\Intel\WiFi\bin\;C:\Program Files\Common Files\Intel\WirelessCommon\;C:\WINDOWS\system32\config\systemprofile\.dnx\bin;C:\Program Files\Microsoft DNX\Dnvm\;C:\Program Files\Microsoft SQL Server\130\Tools\Binn\;C:\Program Files (x86)\Windows Kits\8.1\Windows Performance Toolkit\;C:\WINDOWS\System32\OpenSSH\;C:\Program Files\Git\cmd;C:\Program Files\nodejs\;C:\Program Files\Intel\WiFi\bin\;C:\Program Files\Common Files\Intel\WirelessCommon\;C:\Users\Administrator\AppData\Local\Microsoft\WindowsApps;C:\Users\Administrator\AppData\Local\GitHubDesktop\bin;C:\Users\Administrator\AppData\Roaming\npm;C:\Users\Administrator\AppData\Local\Programs\Microsoft VS Code\bin
USERNAME=Administrator
OS=Windows_NT
PROCESSOR_IDENTIFIER=Intel64 Family 6 Model 69 Stepping 1, GenuineIntel



---------------  S Y S T E M  ---------------

OS: Windows 10.0 , 64 bit Build 17134 (10.0.17134.1)

CPU:total 4 (initial active 4) (2 cores per cpu, 2 threads per core) family 6 model 69 stepping 1, cmov, cx8, fxsr, mmx, sse, sse2, sse3, ssse3, sse4.1, sse4.2, popcnt, avx, avx2, aes, clmul, erms, lzcnt, ht, tsc, tscinvbit, bmi1, bmi2

Memory: 4k page, physical 4099872k(362252k free), swap 6197024k(6328k free)

vm_info: OpenJDK 64-Bit Server VM (25.152-b01) for windows-amd64 JRE (1.8.0_152-release-1248-b01), built by "builder" with MS VC++ 10.0 (VS2010)

time: Sun Feb 10 01:14:09 2019
elapsed time: 2146 seconds (0d 0h 35m 46s)

