#
# There is insufficient memory for the Java Runtime Environment to continue.
# Native memory allocation (malloc) failed to allocate 131088 bytes for Chunk::new
# Possible reasons:
#   The system is out of physical RAM or swap space
#   In 32 bit mode, the process size limit was hit
# Possible solutions:
#   Reduce memory load on the system
#   Increase physical memory or swap space
#   Check if swap backing store is full
#   Use 64 bit Java on a 64 bit OS
#   Decrease Java heap size (-Xmx/-Xms)
#   Decrease number of Java threads
#   Decrease Java thread stack sizes (-Xss)
#   Set larger code cache with -XX:ReservedCodeCacheSize=
# This output file may be truncated or incomplete.
#
#  Out of Memory Error (allocation.cpp:390), pid=8108, tid=0x00000000000028dc
#
# JRE version: OpenJDK Runtime Environment (8.0_152-b01) (build 1.8.0_152-release-1248-b01)
# Java VM: OpenJDK 64-Bit Server VM (25.152-b01 mixed mode windows-amd64 compressed oops)
# Failed to write core dump. Minidumps are not enabled by default on client versions of Windows
#

---------------  T H R E A D  ---------------

Current thread (0x00000000167ac800):  JavaThread "C2 CompilerThread0" daemon [_thread_in_native, id=10460, stack(0x00000000180e0000,0x00000000181e0000)]

Stack: [0x00000000180e0000,0x00000000181e0000]
[error occurred during error reporting (printing stack bounds), id 0xc0000005]

Native frames: (J=compiled Java code, j=interpreted, Vv=VM code, C=native code)


Current CompileTask:
C2:  21232 5786   !   4       java.io.ObjectOutputStream::writeObject0 (619 bytes)


---------------  P R O C E S S  ---------------

Java Threads: ( => current thread )
  0x0000000019ec4000 JavaThread "Cache worker for Build Output Cleanup Cache (C:\Users\Administrator\Documents\GitHub\Hellgaram\HellgaramMobileApp\.gradle\buildOutputCleanup)" [_thread_blocked, id=4832, stack(0x00000000236c0000,0x00000000237c0000)]
  0x0000000019ec2800 JavaThread "Cache worker for task history cache (C:\Users\Administrator\Documents\GitHub\Hellgaram\HellgaramMobileApp\.gradle\4.10.1\taskHistory)" [_thread_blocked, id=3884, stack(0x00000000235c0000,0x00000000236c0000)]
  0x0000000019ebd800 JavaThread "Task worker for ':' Thread 3" [_thread_blocked, id=7552, stack(0x00000000234c0000,0x00000000235c0000)]
  0x0000000019ebb000 JavaThread "Task worker for ':' Thread 2" [_thread_in_Java, id=8648, stack(0x00000000233c0000,0x00000000234c0000)]
  0x0000000019ebc000 JavaThread "Task worker for ':'" [_thread_blocked, id=7608, stack(0x00000000232c0000,0x00000000233c0000)]
  0x0000000019ec1000 JavaThread "Cache worker for file content cache (C:\Users\Administrator\Documents\GitHub\Hellgaram\HellgaramMobileApp\.gradle\4.10.1\fileContent)" [_thread_blocked, id=9508, stack(0x00000000231c0000,0x00000000232c0000)]
  0x0000000019ec2000 JavaThread "Cache worker for file content cache (C:\Users\Administrator\.gradle\caches\4.10.1\fileContent)" [_thread_blocked, id=2716, stack(0x00000000230c0000,0x00000000231c0000)]
  0x0000000019ec0800 JavaThread "Memory manager" [_thread_blocked, id=8404, stack(0x0000000022dc0000,0x0000000022ec0000)]
  0x0000000019ebe000 JavaThread "Build operations Thread 4" [_thread_blocked, id=8440, stack(0x00000000205b0000,0x00000000206b0000)]
  0x0000000019eb9800 JavaThread "Build operations Thread 3" [_thread_blocked, id=10644, stack(0x00000000204b0000,0x00000000205b0000)]
  0x0000000019ebc800 JavaThread "Build operations Thread 2" [_thread_in_Java, id=3092, stack(0x00000000203b0000,0x00000000204b0000)]
  0x0000000019eb9000 JavaThread "Build operations" [_thread_blocked, id=11872, stack(0x00000000202b0000,0x00000000203b0000)]
  0x0000000019eba800 JavaThread "Cache worker for Artifact transforms cache (C:\Users\Administrator\.gradle\caches\transforms-1)" [_thread_blocked, id=1552, stack(0x000000001ffb0000,0x00000000200b0000)]
  0x0000000018d02000 JavaThread "Cache worker for cache directory md-rule (C:\Users\Administrator\.gradle\caches\4.10.1\md-rule)" [_thread_blocked, id=1676, stack(0x000000001feb0000,0x000000001ffb0000)]
  0x0000000018d01000 JavaThread "Cache worker for cache directory md-supplier (C:\Users\Administrator\.gradle\caches\4.10.1\md-supplier)" [_thread_blocked, id=7288, stack(0x000000001fdb0000,0x000000001feb0000)]
  0x0000000018d05000 JavaThread "Cache worker for journal cache (C:\Users\Administrator\.gradle\caches\journal-1)" [_thread_blocked, id=6492, stack(0x000000001df00000,0x000000001e000000)]
  0x0000000018d02800 JavaThread "Cache worker for file hash cache (C:\Users\Administrator\Documents\GitHub\Hellgaram\HellgaramMobileApp\.gradle\4.10.1\fileHashes)" [_thread_blocked, id=11896, stack(0x000000001ce30000,0x000000001cf30000)]
  0x0000000018856800 JavaThread "File lock request listener" [_thread_in_native, id=9948, stack(0x000000001bd60000,0x000000001be60000)]
  0x0000000018cda800 JavaThread "Cache worker for file hash cache (C:\Users\Administrator\.gradle\caches\4.10.1\fileHashes)" [_thread_blocked, id=6888, stack(0x000000001bc60000,0x000000001bd60000)]
  0x0000000019ae8000 JavaThread "Stdin handler" [_thread_blocked, id=2588, stack(0x000000001b960000,0x000000001ba60000)]
  0x0000000019ae7000 JavaThread "Asynchronous log dispatcher for DefaultDaemonConnection: socket connection from /127.0.0.1:53930 to /127.0.0.1:53931" [_thread_blocked, id=1096, stack(0x000000001b860000,0x000000001b960000)]
  0x0000000017c9d800 JavaThread "Daemon worker" [_thread_blocked, id=5388, stack(0x000000001b760000,0x000000001b860000)]
  0x0000000017c9d000 JavaThread "Cancel handler" [_thread_blocked, id=716, stack(0x000000001b660000,0x000000001b760000)]
  0x00000000191fa800 JavaThread "Handler for socket connection from /127.0.0.1:53930 to /127.0.0.1:53931" [_thread_in_native, id=11356, stack(0x000000001b360000,0x000000001b460000)]
  0x0000000019b1e000 JavaThread "Daemon" [_thread_blocked, id=1556, stack(0x000000001b260000,0x000000001b360000)]
  0x0000000019d7e000 JavaThread "Daemon periodic checks" [_thread_blocked, id=10140, stack(0x000000001b160000,0x000000001b260000)]
  0x0000000019cf0000 JavaThread "Incoming local TCP Connector on port 53930" [_thread_in_native, id=10568, stack(0x000000001af80000,0x000000001b080000)]
  0x0000000017b65000 JavaThread "Service Thread" daemon [_thread_blocked, id=7716, stack(0x00000000183e0000,0x00000000184e0000)]
  0x0000000017b04000 JavaThread "C1 CompilerThread2" daemon [_thread_in_native, id=11980, stack(0x00000000182e0000,0x00000000183e0000)]
  0x0000000017ae9000 JavaThread "C2 CompilerThread1" daemon [_thread_in_native, id=11020, stack(0x00000000181e0000,0x00000000182e0000)]
=>0x00000000167ac800 JavaThread "C2 CompilerThread0" daemon [_thread_in_native, id=10460, stack(0x00000000180e0000,0x00000000181e0000)]
  0x0000000017ae8800 JavaThread "Attach Listener" daemon [_thread_blocked, id=11124, stack(0x0000000017fe0000,0x00000000180e0000)]
  0x0000000016748800 JavaThread "Signal Dispatcher" daemon [_thread_blocked, id=11788, stack(0x0000000017ee0000,0x0000000017fe0000)]
  0x0000000002ddc000 JavaThread "Finalizer" daemon [_thread_blocked, id=7668, stack(0x00000000179e0000,0x0000000017ae0000)]
  0x0000000002dd1000 JavaThread "Reference Handler" daemon [_thread_blocked, id=10944, stack(0x00000000178e0000,0x00000000179e0000)]
  0x0000000002ce2800 JavaThread "main" [_thread_blocked, id=12132, stack(0x00000000027c0000,0x00000000028c0000)]

Other Threads:
  0x0000000016717800 VMThread [stack: 0x00000000177e0000,0x00000000178e0000] [id=1764]
  0x0000000017b6e000 WatcherThread [stack: 0x00000000184e0000,0x00000000185e0000] [id=7456]

VM state:not at safepoint (normal execution)

VM Mutex/Monitor currently owned by a thread: None

Heap:
 PSYoungGen      total 132608K, used 20391K [0x00000000e0000000, 0x00000000e9d00000, 0x0000000100000000)
  eden space 121856K, 16% used [0x00000000e0000000,0x00000000e13e9f70,0x00000000e7700000)
  from space 10752K, 0% used [0x00000000e8480000,0x00000000e8480000,0x00000000e8f00000)
  to   space 13824K, 0% used [0x00000000e7700000,0x00000000e7700000,0x00000000e8480000)
 ParOldGen       total 80384K, used 34236K [0x00000000a0000000, 0x00000000a4e80000, 0x00000000e0000000)
  object space 80384K, 42% used [0x00000000a0000000,0x00000000a216f300,0x00000000a4e80000)
 Metaspace       used 58122K, capacity 59732K, committed 59904K, reserved 1101824K
  class space    used 7940K, capacity 8333K, committed 8448K, reserved 1048576K

Card table byte_map: [0x00000000121a0000,0x00000000124b0000] byte_map_base: 0x0000000011ca0000

Marking Bits: (ParMarkBitMap*) 0x000000006bb25aa0
 Begin Bits: [0x0000000012ab0000, 0x00000000142b0000)
 End Bits:   [0x00000000142b0000, 0x0000000015ab0000)

Polling page: 0x0000000000e70000

CodeCache: size=245760Kb used=16950Kb max_used=17717Kb free=228809Kb
 bounds [0x0000000002de0000, 0x0000000003f40000, 0x0000000011de0000]
 total_blobs=6054 nmethods=5265 adapters=701
 compilation: enabled

Compilation events (10 events):
Event: 21.213 Thread 0x0000000017b04000 5902       3       com.google.common.base.Stopwatch::elapsedNanos (32 bytes)
Event: 21.214 Thread 0x0000000017b04000 nmethod 5902 0x0000000003966010 code [0x0000000003966180, 0x0000000003966408]
Event: 21.214 Thread 0x0000000017b04000 5904       3       org.gradle.cache.internal.CrossProcessSynchronizingCache::get (19 bytes)
Event: 21.214 Thread 0x0000000017b04000 nmethod 5904 0x000000000333f210 code [0x000000000333f380, 0x000000000333f6e8]
Event: 21.214 Thread 0x0000000017b04000 5905       3       org.gradle.cache.internal.CrossProcessSynchronizingCache$1::<init> (15 bytes)
Event: 21.214 Thread 0x0000000017b04000 nmethod 5905 0x0000000003a4cfd0 code [0x0000000003a4d120, 0x0000000003a4d2f0]
Event: 21.214 Thread 0x0000000017b04000 5906       3       org.gradle.cache.internal.CrossProcessSynchronizingCache$1::create (17 bytes)
Event: 21.215 Thread 0x0000000017b04000 nmethod 5906 0x0000000003b68450 code [0x0000000003b685c0, 0x0000000003b68808]
Event: 21.215 Thread 0x0000000017b04000 5907   !   3       org.gradle.api.internal.changedetection.state.InMemoryDecoratedCache::get (57 bytes)
Event: 21.216 Thread 0x0000000017b04000 nmethod 5907 0x00000000038a0890 code [0x00000000038a0b00, 0x00000000038a18c8]

GC Heap History (10 events):
Event: 12.811 GC heap before
{Heap before GC invocations=15 (full 2):
 PSYoungGen      total 82432K, used 6612K [0x00000000e0000000, 0x00000000e7b00000, 0x0000000100000000)
  eden space 75776K, 0% used [0x00000000e0000000,0x00000000e0000000,0x00000000e4a00000)
  from space 6656K, 99% used [0x00000000e4a00000,0x00000000e5075238,0x00000000e5080000)
  to   space 7680K, 0% used [0x00000000e7380000,0x00000000e7380000,0x00000000e7b00000)
 ParOldGen       total 29184K, used 11489K [0x00000000a0000000, 0x00000000a1c80000, 0x00000000e0000000)
  object space 29184K, 39% used [0x00000000a0000000,0x00000000a0b38750,0x00000000a1c80000)
 Metaspace       used 34681K, capacity 35262K, committed 35416K, reserved 1079296K
  class space    used 4826K, capacity 5065K, committed 5120K, reserved 1048576K
Event: 13.028 GC heap after
Heap after GC invocations=15 (full 2):
 PSYoungGen      total 82432K, used 0K [0x00000000e0000000, 0x00000000e7b00000, 0x0000000100000000)
  eden space 75776K, 0% used [0x00000000e0000000,0x00000000e0000000,0x00000000e4a00000)
  from space 6656K, 0% used [0x00000000e4a00000,0x00000000e4a00000,0x00000000e5080000)
  to   space 7680K, 0% used [0x00000000e7380000,0x00000000e7380000,0x00000000e7b00000)
 ParOldGen       total 49152K, used 17584K [0x00000000a0000000, 0x00000000a3000000, 0x00000000e0000000)
  object space 49152K, 35% used [0x00000000a0000000,0x00000000a112c120,0x00000000a3000000)
 Metaspace       used 34681K, capacity 35262K, committed 35416K, reserved 1079296K
  class space    used 4826K, capacity 5065K, committed 5120K, reserved 1048576K
}
Event: 14.986 GC heap before
{Heap before GC invocations=16 (full 2):
 PSYoungGen      total 82432K, used 75776K [0x00000000e0000000, 0x00000000e7b00000, 0x0000000100000000)
  eden space 75776K, 100% used [0x00000000e0000000,0x00000000e4a00000,0x00000000e4a00000)
  from space 6656K, 0% used [0x00000000e4a00000,0x00000000e4a00000,0x00000000e5080000)
  to   space 7680K, 0% used [0x00000000e7380000,0x00000000e7380000,0x00000000e7b00000)
 ParOldGen       total 49152K, used 17584K [0x00000000a0000000, 0x00000000a3000000, 0x00000000e0000000)
  object space 49152K, 35% used [0x00000000a0000000,0x00000000a112c120,0x00000000a3000000)
 Metaspace       used 42057K, capacity 42762K, committed 43136K, reserved 1087488K
  class space    used 5686K, capacity 5952K, committed 6016K, reserved 1048576K
Event: 15.006 GC heap after
Heap after GC invocations=16 (full 2):
 PSYoungGen      total 105984K, used 7668K [0x00000000e0000000, 0x00000000e7b00000, 0x0000000100000000)
  eden space 98304K, 0% used [0x00000000e0000000,0x00000000e0000000,0x00000000e6000000)
  from space 7680K, 99% used [0x00000000e7380000,0x00000000e7afd080,0x00000000e7b00000)
  to   space 10240K, 0% used [0x00000000e6700000,0x00000000e6700000,0x00000000e7100000)
 ParOldGen       total 49152K, used 21978K [0x00000000a0000000, 0x00000000a3000000, 0x00000000e0000000)
  object space 49152K, 44% used [0x00000000a0000000,0x00000000a1576910,0x00000000a3000000)
 Metaspace       used 42057K, capacity 42762K, committed 43136K, reserved 1087488K
  class space    used 5686K, capacity 5952K, committed 6016K, reserved 1048576K
}
Event: 17.707 GC heap before
{Heap before GC invocations=17 (full 2):
 PSYoungGen      total 105984K, used 105972K [0x00000000e0000000, 0x00000000e7b00000, 0x0000000100000000)
  eden space 98304K, 100% used [0x00000000e0000000,0x00000000e6000000,0x00000000e6000000)
  from space 7680K, 99% used [0x00000000e7380000,0x00000000e7afd080,0x00000000e7b00000)
  to   space 10240K, 0% used [0x00000000e6700000,0x00000000e6700000,0x00000000e7100000)
 ParOldGen       total 49152K, used 21978K [0x00000000a0000000, 0x00000000a3000000, 0x00000000e0000000)
  object space 49152K, 44% used [0x00000000a0000000,0x00000000a1576910,0x00000000a3000000)
 Metaspace       used 49974K, capacity 51068K, committed 51328K, reserved 1093632K
  class space    used 6709K, capacity 7033K, committed 7040K, reserved 1048576K
Event: 17.734 GC heap after
Heap after GC invocations=17 (full 2):
 PSYoungGen      total 115712K, used 8465K [0x00000000e0000000, 0x00000000e8f00000, 0x0000000100000000)
  eden space 105472K, 0% used [0x00000000e0000000,0x00000000e0000000,0x00000000e6700000)
  from space 10240K, 82% used [0x00000000e6700000,0x00000000e6f444b0,0x00000000e7100000)
  to   space 10752K, 0% used [0x00000000e8480000,0x00000000e8480000,0x00000000e8f00000)
 ParOldGen       total 49152K, used 28406K [0x00000000a0000000, 0x00000000a3000000, 0x00000000e0000000)
  object space 49152K, 57% used [0x00000000a0000000,0x00000000a1bbdab8,0x00000000a3000000)
 Metaspace       used 49974K, capacity 51068K, committed 51328K, reserved 1093632K
  class space    used 6709K, capacity 7033K, committed 7040K, reserved 1048576K
}
Event: 20.161 GC heap before
{Heap before GC invocations=18 (full 2):
 PSYoungGen      total 115712K, used 103230K [0x00000000e0000000, 0x00000000e8f00000, 0x0000000100000000)
  eden space 105472K, 89% used [0x00000000e0000000,0x00000000e5c8b5c8,0x00000000e6700000)
  from space 10240K, 82% used [0x00000000e6700000,0x00000000e6f444b0,0x00000000e7100000)
  to   space 10752K, 0% used [0x00000000e8480000,0x00000000e8480000,0x00000000e8f00000)
 ParOldGen       total 49152K, used 28406K [0x00000000a0000000, 0x00000000a3000000, 0x00000000e0000000)
  object space 49152K, 57% used [0x00000000a0000000,0x00000000a1bbdab8,0x00000000a3000000)
 Metaspace       used 57386K, capacity 58922K, committed 59008K, reserved 1099776K
  class space    used 7844K, capacity 8262K, committed 8320K, reserved 1048576K
Event: 20.204 GC heap after
Heap after GC invocations=18 (full 2):
 PSYoungGen      total 132608K, used 10745K [0x00000000e0000000, 0x00000000e9d00000, 0x0000000100000000)
  eden space 121856K, 0% used [0x00000000e0000000,0x00000000e0000000,0x00000000e7700000)
  from space 10752K, 99% used [0x00000000e8480000,0x00000000e8efe728,0x00000000e8f00000)
  to   space 13824K, 0% used [0x00000000e7700000,0x00000000e7700000,0x00000000e8480000)
 ParOldGen       total 49152K, used 32067K [0x00000000a0000000, 0x00000000a3000000, 0x00000000e0000000)
  object space 49152K, 65% used [0x00000000a0000000,0x00000000a1f50d28,0x00000000a3000000)
 Metaspace       used 57386K, capacity 58922K, committed 59008K, reserved 1099776K
  class space    used 7844K, capacity 8262K, committed 8320K, reserved 1048576K
}
Event: 20.204 GC heap before
{Heap before GC invocations=19 (full 3):
 PSYoungGen      total 132608K, used 10745K [0x00000000e0000000, 0x00000000e9d00000, 0x0000000100000000)
  eden space 121856K, 0% used [0x00000000e0000000,0x00000000e0000000,0x00000000e7700000)
  from space 10752K, 99% used [0x00000000e8480000,0x00000000e8efe728,0x00000000e8f00000)
  to   space 13824K, 0% used [0x00000000e7700000,0x00000000e7700000,0x00000000e8480000)
 ParOldGen       total 49152K, used 32067K [0x00000000a0000000, 0x00000000a3000000, 0x00000000e0000000)
  object space 49152K, 65% used [0x00000000a0000000,0x00000000a1f50d28,0x00000000a3000000)
 Metaspace       used 57386K, capacity 58922K, committed 59008K, reserved 1099776K
  class space    used 7844K, capacity 8262K, committed 8320K, reserved 1048576K
Event: 20.716 GC heap after
Heap after GC invocations=19 (full 3):
 PSYoungGen      total 132608K, used 0K [0x00000000e0000000, 0x00000000e9d00000, 0x0000000100000000)
  eden space 121856K, 0% used [0x00000000e0000000,0x00000000e0000000,0x00000000e7700000)
  from space 10752K, 0% used [0x00000000e8480000,0x00000000e8480000,0x00000000e8f00000)
  to   space 13824K, 0% used [0x00000000e7700000,0x00000000e7700000,0x00000000e8480000)
 ParOldGen       total 80384K, used 34236K [0x00000000a0000000, 0x00000000a4e80000, 0x00000000e0000000)
  object space 80384K, 42% used [0x00000000a0000000,0x00000000a216f300,0x00000000a4e80000)
 Metaspace       used 57386K, capacity 58922K, committed 59008K, reserved 1099776K
  class space    used 7844K, capacity 8262K, committed 8320K, reserved 1048576K
}

Deoptimization events (10 events):
Event: 19.568 Thread 0x0000000017c9d800 Uncommon trap: reason=unstable_if action=reinterpret pc=0x0000000003e07694 method=org.gradle.internal.reflect.PropertyAccessorType.of(Ljava/lang/reflect/Method;)Lorg/gradle/internal/reflect/PropertyAccessorType; @ 4
Event: 20.043 Thread 0x0000000017c9d800 Uncommon trap: reason=predicate action=maybe_recompile pc=0x0000000003f1aaf8 method=java.util.AbstractCollection.toArray([Ljava/lang/Object;)[Ljava/lang/Object; @ 49
Event: 20.729 Thread 0x0000000019ebb000 Uncommon trap: reason=unstable_if action=reinterpret pc=0x0000000003e582bc method=java.io.ObjectStreamClass.getSerialVersionUID()J @ 4
Event: 20.753 Thread 0x0000000019ebb000 Uncommon trap: reason=unstable_if action=reinterpret pc=0x0000000003c8aa50 method=com.sun.org.apache.xerces.internal.impl.XMLEntityScanner.skipSpaces()Z @ 85
Event: 20.754 Thread 0x0000000019ebb000 Uncommon trap: reason=unstable_if action=reinterpret pc=0x0000000003349b6c method=com.sun.org.apache.xerces.internal.impl.XMLEntityScanner.peekChar()I @ 51
Event: 20.764 Thread 0x0000000019ebb000 Uncommon trap: reason=unstable_if action=reinterpret pc=0x00000000039f5d3c method=java.util.TreeMap.put(Ljava/lang/Object;Ljava/lang/Object;)Ljava/lang/Object; @ 163
Event: 20.807 Thread 0x0000000019ec2800 Uncommon trap: reason=unstable_if action=reinterpret pc=0x0000000003bb9858 method=java.util.regex.Pattern$Curly.match0(Ljava/util/regex/Matcher;IILjava/lang/CharSequence;)Z @ 5
Event: 20.845 Thread 0x0000000019ebb000 Uncommon trap: reason=unstable_if action=reinterpret pc=0x0000000003be8d28 method=java.util.regex.Pattern$GroupTail.match(Ljava/util/regex/Matcher;ILjava/lang/CharSequence;)Z @ 73
Event: 20.851 Thread 0x0000000019ebb000 Uncommon trap: reason=unstable_if action=reinterpret pc=0x0000000003c4ef6c method=java.util.regex.Pattern.closure(Ljava/util/regex/Pattern$Node;)Ljava/util/regex/Pattern$Node; @ 113
Event: 21.062 Thread 0x0000000019eb9000 Uncommon trap: reason=unstable_if action=reinterpret pc=0x00000000038be494 method=java.util.concurrent.ConcurrentHashMap.addCount(JI)V @ 110

Classes redefined (0 events):
No events

Internal exceptions (10 events):
Event: 18.861 Thread 0x0000000017c9d800 Exception <a 'java/lang/ClassNotFoundException': com/android/build/gradle/internal/api/ApkVariantOutputImpl_DecoratedCustomizer> (0x00000000e3580bc0) thrown at [D:\src\AOSP-openjdk-cygwin\jdk8u\hotspot\src\share\vm\classfile\systemDictionary.cpp, line 210
Event: 19.496 Thread 0x0000000017c9d800 Exception <a 'java/lang/NoSuchMethodError': java.lang.Object.lambda$static$0(Ljava/util/Set;Ljava/util/Set;)Z> (0x00000000e4262148) thrown at [D:\src\AOSP-openjdk-cygwin\jdk8u\hotspot\src\share\vm\interpreter\linkResolver.cpp, line 584]
Event: 19.496 Thread 0x0000000017c9d800 Exception <a 'java/lang/NoSuchMethodError': java.lang.Object.lambda$static$1(Ljava/util/Set;Ljava/util/Set;)Z> (0x00000000e4264ed0) thrown at [D:\src\AOSP-openjdk-cygwin\jdk8u\hotspot\src\share\vm\interpreter\linkResolver.cpp, line 584]
Event: 19.496 Thread 0x0000000017c9d800 Exception <a 'java/lang/NoSuchMethodError': java.lang.Object.lambda$static$2(Ljava/util/Set;Ljava/util/Set;)Z> (0x00000000e4267828) thrown at [D:\src\AOSP-openjdk-cygwin\jdk8u\hotspot\src\share\vm\interpreter\linkResolver.cpp, line 584]
Event: 19.496 Thread 0x0000000017c9d800 Exception <a 'java/lang/NoSuchMethodError': java.lang.Object.lambda$static$3(Ljava/util/Set;Ljava/util/Set;)Z> (0x00000000e426a180) thrown at [D:\src\AOSP-openjdk-cygwin\jdk8u\hotspot\src\share\vm\interpreter\linkResolver.cpp, line 584]
Event: 20.729 Thread 0x0000000019ebb000 Exception <a 'java/lang/NoSuchMethodError': <clinit>> (0x00000000e002d3d8) thrown at [D:\src\AOSP-openjdk-cygwin\jdk8u\hotspot\src\share\vm\prims\jni.cpp, line 1613]
Event: 20.729 Thread 0x0000000019ebb000 Exception <a 'java/lang/NoSuchMethodError': <clinit>> (0x00000000e0038658) thrown at [D:\src\AOSP-openjdk-cygwin\jdk8u\hotspot\src\share\vm\prims\jni.cpp, line 1613]
Event: 20.783 Thread 0x0000000019ebb000 Exception <a 'java/lang/NoSuchMethodError': <clinit>> (0x00000000e01c4ff8) thrown at [D:\src\AOSP-openjdk-cygwin\jdk8u\hotspot\src\share\vm\prims\jni.cpp, line 1613]
Event: 20.784 Thread 0x0000000019ebb000 Exception <a 'java/lang/NoSuchMethodError': <clinit>> (0x00000000e01d7e00) thrown at [D:\src\AOSP-openjdk-cygwin\jdk8u\hotspot\src\share\vm\prims\jni.cpp, line 1613]
Event: 20.784 Thread 0x0000000019ebb000 Exception <a 'java/lang/NoSuchMethodError': <clinit>> (0x00000000e01d96b0) thrown at [D:\src\AOSP-openjdk-cygwin\jdk8u\hotspot\src\share\vm\prims\jni.cpp, line 1613]

Events (10 events):
Event: 21.105 loading class org/gradle/api/internal/changedetection/state/mirror/MerkleDirectorySnapshotBuilder
Event: 21.105 loading class org/gradle/api/internal/changedetection/state/mirror/MerkleDirectorySnapshotBuilder done
Event: 21.107 loading class org/gradle/api/internal/changedetection/state/mirror/MirrorUpdatingDirectoryWalker$1
Event: 21.107 loading class org/gradle/api/internal/changedetection/state/mirror/MirrorUpdatingDirectoryWalker$1 done
Event: 21.114 loading class org/gradle/api/internal/changedetection/state/mirror/PhysicalSnapshot$1
Event: 21.114 loading class org/gradle/api/internal/changedetection/state/mirror/PhysicalSnapshot$1 done
Event: 21.114 loading class org/gradle/api/internal/changedetection/state/mirror/PhysicalDirectorySnapshot
Event: 21.114 loading class org/gradle/api/internal/changedetection/state/mirror/PhysicalDirectorySnapshot done
Event: 21.118 loading class com/google/common/cache/RemovalNotification
Event: 21.118 loading class com/google/common/cache/RemovalNotification done


Dynamic libraries:
0x00007ff7ecf40000 - 0x00007ff7ecf71000 	C:\Program Files\Android\Android Studio\jre\bin\java.exe
0x00007ffd8adb0000 - 0x00007ffd8af91000 	C:\WINDOWS\SYSTEM32\ntdll.dll
0x00007ffd8a050000 - 0x00007ffd8a102000 	C:\WINDOWS\System32\KERNEL32.DLL
0x00007ffd873a0000 - 0x00007ffd87613000 	C:\WINDOWS\System32\KERNELBASE.dll
0x00007ffd8ab10000 - 0x00007ffd8abb1000 	C:\WINDOWS\System32\ADVAPI32.dll
0x00007ffd888c0000 - 0x00007ffd8895e000 	C:\WINDOWS\System32\msvcrt.dll
0x00007ffd88800000 - 0x00007ffd8885b000 	C:\WINDOWS\System32\sechost.dll
0x00007ffd8a9e0000 - 0x00007ffd8ab04000 	C:\WINDOWS\System32\RPCRT4.dll
0x00007ffd89dd0000 - 0x00007ffd89f60000 	C:\WINDOWS\System32\USER32.dll
0x00007ffd871e0000 - 0x00007ffd87200000 	C:\WINDOWS\System32\win32u.dll
0x00007ffd8ac90000 - 0x00007ffd8acb8000 	C:\WINDOWS\System32\GDI32.dll
0x00007ffd87670000 - 0x00007ffd87802000 	C:\WINDOWS\System32\gdi32full.dll
0x00007ffd87200000 - 0x00007ffd8729f000 	C:\WINDOWS\System32\msvcp_win.dll
0x00007ffd872a0000 - 0x00007ffd8739a000 	C:\WINDOWS\System32\ucrtbase.dll
0x00007ffd79480000 - 0x00007ffd796e9000 	C:\WINDOWS\WinSxS\amd64_microsoft.windows.common-controls_6595b64144ccf1df_6.0.17134.523_none_fb409dd930672a56\COMCTL32.dll
0x00007ffd8a520000 - 0x00007ffd8a842000 	C:\WINDOWS\System32\combase.dll
0x00007ffd87ab0000 - 0x00007ffd87b2a000 	C:\WINDOWS\System32\bcryptPrimitives.dll
0x00007ffd88960000 - 0x00007ffd8898d000 	C:\WINDOWS\System32\IMM32.DLL
0x000000006b1a0000 - 0x000000006b272000 	C:\Program Files\Android\Android Studio\jre\jre\bin\msvcr100.dll
0x000000006b360000 - 0x000000006bba1000 	C:\Program Files\Android\Android Studio\jre\jre\bin\server\jvm.dll
0x00007ffd8a930000 - 0x00007ffd8a938000 	C:\WINDOWS\System32\PSAPI.DLL
0x00007ffd78280000 - 0x00007ffd78289000 	C:\WINDOWS\SYSTEM32\WSOCK32.dll
0x00007ffd78910000 - 0x00007ffd7891a000 	C:\WINDOWS\SYSTEM32\VERSION.dll
0x00007ffd8a290000 - 0x00007ffd8a2fc000 	C:\WINDOWS\System32\WS2_32.dll
0x00007ffd80fa0000 - 0x00007ffd80fc3000 	C:\WINDOWS\SYSTEM32\WINMM.dll
0x00007ffd80f70000 - 0x00007ffd80f9a000 	C:\WINDOWS\SYSTEM32\winmmbase.dll
0x00007ffd87620000 - 0x00007ffd87669000 	C:\WINDOWS\System32\cfgmgr32.dll
0x00007ffd80c50000 - 0x00007ffd80c5f000 	C:\Program Files\Android\Android Studio\jre\jre\bin\verify.dll
0x00007ffd7cfa0000 - 0x00007ffd7cfc9000 	C:\Program Files\Android\Android Studio\jre\jre\bin\java.dll
0x00007ffd7ba40000 - 0x00007ffd7ba56000 	C:\Program Files\Android\Android Studio\jre\jre\bin\zip.dll
0x00007ffd88990000 - 0x00007ffd89dd0000 	C:\WINDOWS\System32\SHELL32.dll
0x00007ffd8abe0000 - 0x00007ffd8ac89000 	C:\WINDOWS\System32\shcore.dll
0x00007ffd87b30000 - 0x00007ffd8823d000 	C:\WINDOWS\System32\windows.storage.dll
0x00007ffd88860000 - 0x00007ffd888b1000 	C:\WINDOWS\System32\shlwapi.dll
0x00007ffd87140000 - 0x00007ffd87151000 	C:\WINDOWS\System32\kernel.appcore.dll
0x00007ffd87160000 - 0x00007ffd8717f000 	C:\WINDOWS\System32\profapi.dll
0x00007ffd870e0000 - 0x00007ffd8712c000 	C:\WINDOWS\System32\powrprof.dll
0x00007ffd87130000 - 0x00007ffd8713a000 	C:\WINDOWS\System32\FLTLIB.DLL
0x00007ffd7b840000 - 0x00007ffd7b85a000 	C:\Program Files\Android\Android Studio\jre\jre\bin\net.dll
0x00007ffd86940000 - 0x00007ffd869a6000 	C:\WINDOWS\system32\mswsock.dll
0x00007ffd7b820000 - 0x00007ffd7b831000 	C:\Program Files\Android\Android Studio\jre\jre\bin\nio.dll
0x00007ffd82150000 - 0x00007ffd8216e000 	C:\Users\Administrator\.gradle\native\25\windows-amd64\native-platform.dll
0x00007ffd7c7d0000 - 0x00007ffd7c7dd000 	C:\Program Files\Android\Android Studio\jre\jre\bin\management.dll
0x00007ffd86af0000 - 0x00007ffd86b07000 	C:\WINDOWS\SYSTEM32\CRYPTSP.dll
0x00007ffd86520000 - 0x00007ffd86553000 	C:\WINDOWS\system32\rsaenh.dll
0x00007ffd86c20000 - 0x00007ffd86c45000 	C:\WINDOWS\SYSTEM32\bcrypt.dll
0x00007ffd86fc0000 - 0x00007ffd86fe8000 	C:\WINDOWS\SYSTEM32\USERENV.dll
0x00007ffd86b10000 - 0x00007ffd86b1b000 	C:\WINDOWS\SYSTEM32\CRYPTBASE.dll
0x00007ffd866c0000 - 0x00007ffd866f8000 	C:\WINDOWS\SYSTEM32\IPHLPAPI.DLL
0x00007ffd8a920000 - 0x00007ffd8a928000 	C:\WINDOWS\System32\NSI.dll
0x00007ffd806d0000 - 0x00007ffd806e6000 	C:\WINDOWS\SYSTEM32\dhcpcsvc6.DLL
0x00007ffd80890000 - 0x00007ffd808aa000 	C:\WINDOWS\SYSTEM32\dhcpcsvc.DLL

VM Arguments:
jvm_args: -Xmx1536m -Dfile.encoding=x-windows-949 -Duser.country=KR -Duser.language=ko -Duser.variant 
java_command: org.gradle.launcher.daemon.bootstrap.GradleDaemon 4.10.1
java_class_path (initial): C:\Users\Administrator\.gradle\wrapper\dists\gradle-4.10.1-all\455itskqi2qtf0v2sja68alqd\gradle-4.10.1\lib\gradle-launcher-4.10.1.jar
Launcher Type: SUN_STANDARD

Environment Variables:
JAVA_HOME=C:\Program Files\Java\jdk1.8.0_191
PATH=C:\Program Files (x86)\NAT Service;C:\Program Files\Java\jdk1.8.0_191\bin;C:\oraclexe\app\oracle\product\11.2.0\server\bin;C:\Program Files (x86)\Intel\iCLS Client\;C:\Program Files\Intel\iCLS Client\;C:\WINDOWS\system32;C:\WINDOWS;C:\WINDOWS\System32\Wbem;C:\WINDOWS\System32\WindowsPowerShell\v1.0\;C:\Program Files (x86)\Intel\OpenCL SDK\3.0\bin\x86;C:\Program Files (x86)\Intel\OpenCL SDK\3.0\bin\x64;C:\Program Files\Intel\Intel(R) Management Engine Components\DAL;C:\Program Files\Intel\Intel(R) Management Engine Components\IPT;C:\Program Files (x86)\Intel\Intel(R) Management Engine Components\DAL;C:\Program Files (x86)\Intel\Intel(R) Management Engine Components\IPT;C:\Program Files\Intel\WiFi\bin\;C:\Program Files\Common Files\Intel\WirelessCommon\;C:\WINDOWS\system32\config\systemprofile\.dnx\bin;C:\Program Files\Microsoft DNX\Dnvm\;C:\Program Files\Microsoft SQL Server\130\Tools\Binn\;C:\Program Files (x86)\Windows Kits\8.1\Windows Performance Toolkit\;C:\WINDOWS\System32\OpenSSH\;C:\Program Files\Git\cmd;C:\Program Files\nodejs\;C:\Program Files\Intel\WiFi\bin\;C:\Program Files\Common Files\Intel\WirelessCommon\;C:\Users\Administrator\AppData\Local\Microsoft\WindowsApps;C:\Users\Administrator\AppData\Local\GitHubDesktop\bin;C:\Users\Administrator\AppData\Roaming\npm;C:\Users\Administrator\AppData\Local\Programs\Microsoft VS Code\bin
USERNAME=Administrator
OS=Windows_NT
PROCESSOR_IDENTIFIER=Intel64 Family 6 Model 69 Stepping 1, GenuineIntel



---------------  S Y S T E M  ---------------

OS: Windows 10.0 , 64 bit Build 17134 (10.0.17134.1)

CPU:total 4 (initial active 4) (2 cores per cpu, 2 threads per core) family 6 model 69 stepping 1, cmov, cx8, fxsr, mmx, sse, sse2, sse3, ssse3, sse4.1, sse4.2, popcnt, avx, avx2, aes, clmul, erms, lzcnt, ht, tsc, tscinvbit, bmi1, bmi2

Memory: 4k page, physical 4099872k(351816k free), swap 6197024k(5296k free)

vm_info: OpenJDK 64-Bit Server VM (25.152-b01) for windows-amd64 JRE (1.8.0_152-release-1248-b01), built by "builder" with MS VC++ 10.0 (VS2010)

time: Tue Jan 29 00:56:19 2019
elapsed time: 21 seconds (0d 0h 0m 21s)

