#
# There is insufficient memory for the Java Runtime Environment to continue.
# Native memory allocation (malloc) failed to allocate 1124832 bytes for Chunk::new
# Possible reasons:
#   The system is out of physical RAM or swap space
#   In 32 bit mode, the process size limit was hit
# Possible solutions:
#   Reduce memory load on the system
#   Increase physical memory or swap space
#   Check if swap backing store is full
#   Use 64 bit Java on a 64 bit OS
#   Decrease Java heap size (-Xmx/-Xms)
#   Decrease number of Java threads
#   Decrease Java thread stack sizes (-Xss)
#   Set larger code cache with -XX:ReservedCodeCacheSize=
# This output file may be truncated or incomplete.
#
#  Out of Memory Error (allocation.cpp:390), pid=12196, tid=0x00000000000026b0
#
# JRE version: OpenJDK Runtime Environment (8.0_152-b01) (build 1.8.0_152-release-1248-b01)
# Java VM: OpenJDK 64-Bit Server VM (25.152-b01 mixed mode windows-amd64 compressed oops)
# Failed to write core dump. Minidumps are not enabled by default on client versions of Windows
#

---------------  T H R E A D  ---------------

Current thread (0x0000000016ec0000):  JavaThread "C2 CompilerThread0" daemon [_thread_in_native, id=9904, stack(0x0000000018810000,0x0000000018910000)]

Stack: [0x0000000018810000,0x0000000018910000]
[error occurred during error reporting (printing stack bounds), id 0xc0000005]

Native frames: (J=compiled Java code, j=interpreted, Vv=VM code, C=native code)


Current CompileTask:
C2:1418162 12488       4       com.android.tools.r8.dex.DexParser::parseDebugInfo (613 bytes)


---------------  P R O C E S S  ---------------

Java Threads: ( => current thread )
  0x000000001cfda000 JavaThread "ForkJoinPool-1-worker-0" daemon [_thread_blocked, id=6264, stack(0x0000000026fa0000,0x00000000270a0000)]
  0x000000001cfd2800 JavaThread "ForkJoinPool-1-worker-3" daemon [_thread_blocked, id=9944, stack(0x0000000026ea0000,0x0000000026fa0000)]
  0x000000001cfd9000 JavaThread "ForkJoinPool-1-worker-2" daemon [_thread_blocked, id=11284, stack(0x0000000026da0000,0x0000000026ea0000)]
  0x000000001cfd8800 JavaThread "ForkJoinPool-1-worker-1" daemon [_thread_in_native, id=2792, stack(0x0000000026ca0000,0x0000000026da0000)]
  0x000000001cfd1800 JavaThread "ForkJoinPool.commonPool-worker-2" daemon [_thread_blocked, id=7644, stack(0x0000000026ba0000,0x0000000026ca0000)]
  0x000000001cfd0000 JavaThread "ForkJoinPool.commonPool-worker-1" daemon [_thread_blocked, id=6404, stack(0x0000000026aa0000,0x0000000026ba0000)]
  0x000000001cfd6000 JavaThread "Cache worker for Java compile cache (C:\Users\Administrator\Documents\GitHub\HellgaramMobileApp\.gradle\4.10.1\javaCompile)" [_thread_blocked, id=11076, stack(0x00000000269a0000,0x0000000026aa0000)]
  0x000000001cfd4000 JavaThread "Cache worker for Java compile cache (C:\Users\Administrator\.gradle\caches\4.10.1\javaCompile)" [_thread_blocked, id=1292, stack(0x00000000268a0000,0x00000000269a0000)]
  0x000000001cfd4800 JavaThread "stdout" [_thread_in_native, id=5216, stack(0x00000000267a0000,0x00000000268a0000)]
  0x000000001cfd3000 JavaThread "stderr" [_thread_in_native, id=10400, stack(0x00000000266a0000,0x00000000267a0000)]
  0x000000001cfd5800 JavaThread "pool-5-thread-1" [_thread_blocked, id=3476, stack(0x00000000265a0000,0x00000000266a0000)]
  0x000000001a726000 JavaThread "Cache worker for Build Output Cleanup Cache (C:\Users\Administrator\Documents\GitHub\HellgaramMobileApp\.gradle\buildOutputCleanup)" [_thread_blocked, id=7300, stack(0x00000000263a0000,0x00000000264a0000)]
  0x000000001a725800 JavaThread "Cache worker for task history cache (C:\Users\Administrator\Documents\GitHub\HellgaramMobileApp\.gradle\4.10.1\taskHistory)" [_thread_blocked, id=10484, stack(0x00000000262a0000,0x00000000263a0000)]
  0x000000001a724800 JavaThread "Task worker for ':' Thread 3" [_thread_blocked, id=8076, stack(0x00000000261a0000,0x00000000262a0000)]
  0x000000001a724000 JavaThread "Task worker for ':' Thread 2" [_thread_blocked, id=10436, stack(0x00000000260a0000,0x00000000261a0000)]
  0x000000001e07e000 JavaThread "Task worker for ':'" [_thread_blocked, id=1916, stack(0x0000000025fa0000,0x00000000260a0000)]
  0x000000001e081800 JavaThread "Cache worker for file content cache (C:\Users\Administrator\Documents\GitHub\HellgaramMobileApp\.gradle\4.10.1\fileContent)" [_thread_blocked, id=5656, stack(0x0000000025ea0000,0x0000000025fa0000)]
  0x000000001e081000 JavaThread "Build operations Thread 4" [_thread_blocked, id=3440, stack(0x0000000025da0000,0x0000000025ea0000)]
  0x000000001e080000 JavaThread "Build operations Thread 3" [_thread_blocked, id=11280, stack(0x0000000025ca0000,0x0000000025da0000)]
  0x000000001e07d000 JavaThread "Build operations Thread 2" [_thread_blocked, id=10756, stack(0x0000000025ba0000,0x0000000025ca0000)]
  0x000000001e07c800 JavaThread "Build operations" [_thread_blocked, id=7264, stack(0x0000000025aa0000,0x0000000025ba0000)]
  0x000000001e07e800 JavaThread "Cache worker for cache directory md-rule (C:\Users\Administrator\.gradle\caches\4.10.1\md-rule)" [_thread_blocked, id=12176, stack(0x00000000259a0000,0x0000000025aa0000)]
  0x000000001e083000 JavaThread "Cache worker for cache directory md-supplier (C:\Users\Administrator\.gradle\caches\4.10.1\md-supplier)" [_thread_blocked, id=8248, stack(0x00000000258a0000,0x00000000259a0000)]
  0x000000001e07b800 JavaThread "Cache worker for file hash cache (C:\Users\Administrator\Documents\GitHub\HellgaramMobileApp\.gradle\4.10.1\fileHashes)" [_thread_blocked, id=10480, stack(0x00000000257a0000,0x00000000258a0000)]
  0x000000001e082800 JavaThread "Stdin handler" [_thread_blocked, id=10080, stack(0x00000000256a0000,0x00000000257a0000)]
  0x000000001e07f800 JavaThread "Asynchronous log dispatcher for DefaultDaemonConnection: socket connection from /127.0.0.1:59397 to /127.0.0.1:59494" [_thread_blocked, id=2624, stack(0x00000000255a0000,0x00000000256a0000)]
  0x000000001e074000 JavaThread "Daemon worker Thread 2" [_thread_blocked, id=7660, stack(0x00000000254a0000,0x00000000255a0000)]
  0x000000001e07b000 JavaThread "Cancel handler" [_thread_blocked, id=10616, stack(0x00000000253a0000,0x00000000254a0000)]
  0x000000001e07a000 JavaThread "Handler for socket connection from /127.0.0.1:59397 to /127.0.0.1:59494" [_thread_in_native, id=7788, stack(0x00000000252a0000,0x00000000253a0000)]
  0x000000001e078000 JavaThread "Daemon Thread 2" [_thread_blocked, id=8096, stack(0x00000000251a0000,0x00000000252a0000)]
  0x000000001e075800 JavaThread "Cache worker for file content cache (C:\Users\Administrator\.gradle\caches\4.10.1\fileContent)" [_thread_blocked, id=7348, stack(0x0000000023580000,0x0000000023680000)]
  0x000000001e075000 JavaThread "Memory manager" [_thread_blocked, id=2316, stack(0x0000000020fe0000,0x00000000210e0000)]
  0x000000001a727800 JavaThread "Cache worker for Artifact transforms cache (C:\Users\Administrator\.gradle\caches\transforms-1)" [_thread_blocked, id=10948, stack(0x0000000020530000,0x0000000020630000)]
  0x000000001a722800 JavaThread "Cache worker for journal cache (C:\Users\Administrator\.gradle\caches\journal-1)" [_thread_blocked, id=7608, stack(0x000000001ea90000,0x000000001eb90000)]
  0x000000001a895800 JavaThread "File lock request listener" [_thread_in_native, id=2396, stack(0x000000001c4b0000,0x000000001c5b0000)]
  0x000000001a499800 JavaThread "Cache worker for file hash cache (C:\Users\Administrator\.gradle\caches\4.10.1\fileHashes)" [_thread_blocked, id=6856, stack(0x000000001c3b0000,0x000000001c4b0000)]
  0x00000000195c9800 JavaThread "Daemon periodic checks" [_thread_blocked, id=3980, stack(0x000000001b8b0000,0x000000001b9b0000)]
  0x000000001961e000 JavaThread "Incoming local TCP Connector on port 59397" [_thread_in_native, id=1356, stack(0x000000001a4e0000,0x000000001a5e0000)]
  0x0000000018249000 JavaThread "Service Thread" daemon [_thread_blocked, id=11176, stack(0x0000000018b10000,0x0000000018c10000)]
  0x000000001821f800 JavaThread "C1 CompilerThread2" daemon [_thread_in_native, id=11880, stack(0x0000000018a10000,0x0000000018b10000)]
  0x0000000016f0d000 JavaThread "C2 CompilerThread1" daemon [_thread_in_native, id=780, stack(0x0000000018910000,0x0000000018a10000)]
=>0x0000000016ec0000 JavaThread "C2 CompilerThread0" daemon [_thread_in_native, id=9904, stack(0x0000000018810000,0x0000000018910000)]
  0x0000000016ebf000 JavaThread "Attach Listener" daemon [_thread_blocked, id=8524, stack(0x0000000018710000,0x0000000018810000)]
  0x0000000018218800 JavaThread "Signal Dispatcher" daemon [_thread_blocked, id=8196, stack(0x0000000018610000,0x0000000018710000)]
  0x000000000353d800 JavaThread "Finalizer" daemon [_thread_blocked, id=11628, stack(0x0000000018110000,0x0000000018210000)]
  0x0000000003532000 JavaThread "Reference Handler" daemon [_thread_blocked, id=9796, stack(0x0000000018010000,0x0000000018110000)]
  0x0000000003442800 JavaThread "main" [_thread_blocked, id=8008, stack(0x0000000002f40000,0x0000000003040000)]

Other Threads:
  0x0000000016e77000 VMThread [stack: 0x0000000017f10000,0x0000000018010000] [id=8600]
  0x000000001824a000 WatcherThread [stack: 0x0000000018c10000,0x0000000018d10000] [id=4456]

VM state:not at safepoint (normal execution)

VM Mutex/Monitor currently owned by a thread: None

Heap:
 PSYoungGen      total 173056K, used 116471K [0x00000000e0000000, 0x00000000ed380000, 0x0000000100000000)
  eden space 158720K, 64% used [0x00000000e0000000,0x00000000e63c26b8,0x00000000e9b00000)
  from space 14336K, 99% used [0x00000000e9b00000,0x00000000ea8fb608,0x00000000ea900000)
  to   space 17408K, 0% used [0x00000000ec280000,0x00000000ec280000,0x00000000ed380000)
 ParOldGen       total 74240K, used 36018K [0x00000000a0000000, 0x00000000a4880000, 0x00000000e0000000)
  object space 74240K, 48% used [0x00000000a0000000,0x00000000a232ca28,0x00000000a4880000)
 Metaspace       used 82098K, capacity 85178K, committed 85504K, reserved 1124352K
  class space    used 10765K, capacity 11442K, committed 11520K, reserved 1048576K

Card table byte_map: [0x0000000012900000,0x0000000012c10000] byte_map_base: 0x0000000012400000

Marking Bits: (ParMarkBitMap*) 0x000000005de65aa0
 Begin Bits: [0x0000000013210000, 0x0000000014a10000)
 End Bits:   [0x0000000014a10000, 0x0000000016210000)

Polling page: 0x0000000000df0000

CodeCache: size=245760Kb used=34080Kb max_used=34080Kb free=211679Kb
 bounds [0x0000000003540000, 0x00000000056c0000, 0x0000000012540000]
 total_blobs=11940 nmethods=11076 adapters=774
 compilation: enabled

Compilation events (10 events):
Event: 1417.570 Thread 0x000000001821f800 12807       2       java.util.TimSort::minRunLength (43 bytes)
Event: 1417.570 Thread 0x000000001821f800 nmethod 12807 0x00000000056a9610 code [0x00000000056a9760, 0x00000000056a98f0]
Event: 1417.570 Thread 0x000000001821f800 12808       2       java.util.TimSort::mergeForceCollapse (50 bytes)
Event: 1417.570 Thread 0x000000001821f800 nmethod 12808 0x00000000056a9990 code [0x00000000056a9b00, 0x00000000056a9d48]
Event: 1417.570 Thread 0x000000001821f800 12810       2       com.android.tools.r8.graph.DexValue$DexValueMethod::hashCode (5 bytes)
Event: 1417.571 Thread 0x000000001821f800 nmethod 12810 0x00000000056a9e90 code [0x00000000056aa000, 0x00000000056aa1c8]
Event: 1417.573 Thread 0x000000001821f800 12811       2       com.android.tools.r8.graph.DexValue$DexValueEnum::hashCode (5 bytes)
Event: 1417.574 Thread 0x000000001821f800 nmethod 12811 0x00000000056aa2d0 code [0x00000000056aa440, 0x00000000056aa608]
Event: 1417.575 Thread 0x000000001821f800 12812       2       java.util.LinkedHashSet::<init> (10 bytes)
Event: 1417.575 Thread 0x000000001821f800 nmethod 12812 0x00000000056aa710 code [0x00000000056aa8a0, 0x00000000056aaac8]

GC Heap History (10 events):
Event: 15.960 GC heap before
{Heap before GC invocations=20 (full 3):
 PSYoungGen      total 126464K, used 544K [0x00000000e0000000, 0x00000000ea680000, 0x0000000100000000)
  eden space 112128K, 0% used [0x00000000e0000000,0x00000000e0000000,0x00000000e6d80000)
  from space 14336K, 3% used [0x00000000e6d80000,0x00000000e6e08000,0x00000000e7b80000)
  to   space 14336K, 0% used [0x00000000e9880000,0x00000000e9880000,0x00000000ea680000)
 ParOldGen       total 50688K, used 41050K [0x00000000a0000000, 0x00000000a3180000, 0x00000000e0000000)
  object space 50688K, 80% used [0x00000000a0000000,0x00000000a2816a28,0x00000000a3180000)
 Metaspace       used 57395K, capacity 58936K, committed 59008K, reserved 1099776K
  class space    used 7825K, capacity 8253K, committed 8320K, reserved 1048576K
Event: 16.275 GC heap after
Heap after GC invocations=20 (full 3):
 PSYoungGen      total 126464K, used 0K [0x00000000e0000000, 0x00000000ea680000, 0x0000000100000000)
  eden space 112128K, 0% used [0x00000000e0000000,0x00000000e0000000,0x00000000e6d80000)
  from space 14336K, 0% used [0x00000000e6d80000,0x00000000e6d80000,0x00000000e7b80000)
  to   space 14336K, 0% used [0x00000000e9880000,0x00000000e9880000,0x00000000ea680000)
 ParOldGen       total 74240K, used 29043K [0x00000000a0000000, 0x00000000a4880000, 0x00000000e0000000)
  object space 74240K, 39% used [0x00000000a0000000,0x00000000a1c5cfe8,0x00000000a4880000)
 Metaspace       used 57395K, capacity 58936K, committed 59008K, reserved 1099776K
  class space    used 7825K, capacity 8253K, committed 8320K, reserved 1048576K
}
Event: 22.492 GC heap before
{Heap before GC invocations=21 (full 3):
 PSYoungGen      total 126464K, used 112128K [0x00000000e0000000, 0x00000000ea680000, 0x0000000100000000)
  eden space 112128K, 100% used [0x00000000e0000000,0x00000000e6d80000,0x00000000e6d80000)
  from space 14336K, 0% used [0x00000000e6d80000,0x00000000e6d80000,0x00000000e7b80000)
  to   space 14336K, 0% used [0x00000000e9880000,0x00000000e9880000,0x00000000ea680000)
 ParOldGen       total 74240K, used 29043K [0x00000000a0000000, 0x00000000a4880000, 0x00000000e0000000)
  object space 74240K, 39% used [0x00000000a0000000,0x00000000a1c5cfe8,0x00000000a4880000)
 Metaspace       used 60097K, capacity 61726K, committed 61824K, reserved 1101824K
  class space    used 8116K, capacity 8572K, committed 8576K, reserved 1048576K
Event: 22.510 GC heap after
Heap after GC invocations=21 (full 3):
 PSYoungGen      total 145920K, used 7880K [0x00000000e0000000, 0x00000000ea180000, 0x0000000100000000)
  eden space 136704K, 0% used [0x00000000e0000000,0x00000000e0000000,0x00000000e8580000)
  from space 9216K, 85% used [0x00000000e9880000,0x00000000ea0323d0,0x00000000ea180000)
  to   space 14336K, 0% used [0x00000000e8580000,0x00000000e8580000,0x00000000e9380000)
 ParOldGen       total 74240K, used 29051K [0x00000000a0000000, 0x00000000a4880000, 0x00000000e0000000)
  object space 74240K, 39% used [0x00000000a0000000,0x00000000a1c5efe8,0x00000000a4880000)
 Metaspace       used 60097K, capacity 61726K, committed 61824K, reserved 1101824K
  class space    used 8116K, capacity 8572K, committed 8576K, reserved 1048576K
}
Event: 25.199 GC heap before
{Heap before GC invocations=22 (full 3):
 PSYoungGen      total 145920K, used 144510K [0x00000000e0000000, 0x00000000ea180000, 0x0000000100000000)
  eden space 136704K, 99% used [0x00000000e0000000,0x00000000e856d6e8,0x00000000e8580000)
  from space 9216K, 85% used [0x00000000e9880000,0x00000000ea0323d0,0x00000000ea180000)
  to   space 14336K, 0% used [0x00000000e8580000,0x00000000e8580000,0x00000000e9380000)
 ParOldGen       total 74240K, used 29051K [0x00000000a0000000, 0x00000000a4880000, 0x00000000e0000000)
  object space 74240K, 39% used [0x00000000a0000000,0x00000000a1c5efe8,0x00000000a4880000)
 Metaspace       used 62398K, capacity 64216K, committed 64512K, reserved 1105920K
  class space    used 8405K, capacity 8867K, committed 8960K, reserved 1048576K
Event: 25.213 GC heap after
Heap after GC invocations=22 (full 3):
 PSYoungGen      total 151040K, used 5473K [0x00000000e0000000, 0x00000000eba00000, 0x0000000100000000)
  eden space 136704K, 0% used [0x00000000e0000000,0x00000000e0000000,0x00000000e8580000)
  from space 14336K, 38% used [0x00000000e8580000,0x00000000e8ad87b0,0x00000000e9380000)
  to   space 13824K, 0% used [0x00000000eac80000,0x00000000eac80000,0x00000000eba00000)
 ParOldGen       total 74240K, used 33072K [0x00000000a0000000, 0x00000000a4880000, 0x00000000e0000000)
  object space 74240K, 44% used [0x00000000a0000000,0x00000000a204c258,0x00000000a4880000)
 Metaspace       used 62398K, capacity 64216K, committed 64512K, reserved 1105920K
  class space    used 8405K, capacity 8867K, committed 8960K, reserved 1048576K
}
Event: 1404.844 GC heap before
{Heap before GC invocations=23 (full 3):
 PSYoungGen      total 151040K, used 142177K [0x00000000e0000000, 0x00000000eba00000, 0x0000000100000000)
  eden space 136704K, 100% used [0x00000000e0000000,0x00000000e8580000,0x00000000e8580000)
  from space 14336K, 38% used [0x00000000e8580000,0x00000000e8ad87b0,0x00000000e9380000)
  to   space 13824K, 0% used [0x00000000eac80000,0x00000000eac80000,0x00000000eba00000)
 ParOldGen       total 74240K, used 33072K [0x00000000a0000000, 0x00000000a4880000, 0x00000000e0000000)
  object space 74240K, 44% used [0x00000000a0000000,0x00000000a204c258,0x00000000a4880000)
 Metaspace       used 67460K, capacity 69652K, committed 69888K, reserved 1110016K
  class space    used 8927K, capacity 9427K, committed 9472K, reserved 1048576K
Event: 1405.086 GC heap after
Heap after GC invocations=23 (full 3):
 PSYoungGen      total 169472K, used 9848K [0x00000000e0000000, 0x00000000eb700000, 0x0000000100000000)
  eden space 158720K, 0% used [0x00000000e0000000,0x00000000e0000000,0x00000000e9b00000)
  from space 10752K, 91% used [0x00000000eac80000,0x00000000eb61e3f0,0x00000000eb700000)
  to   space 14336K, 0% used [0x00000000e9b00000,0x00000000e9b00000,0x00000000ea900000)
 ParOldGen       total 74240K, used 33080K [0x00000000a0000000, 0x00000000a4880000, 0x00000000e0000000)
  object space 74240K, 44% used [0x00000000a0000000,0x00000000a204e258,0x00000000a4880000)
 Metaspace       used 67460K, capacity 69652K, committed 69888K, reserved 1110016K
  class space    used 8927K, capacity 9427K, committed 9472K, reserved 1048576K
}
Event: 1414.642 GC heap before
{Heap before GC invocations=24 (full 3):
 PSYoungGen      total 169472K, used 168568K [0x00000000e0000000, 0x00000000eb700000, 0x0000000100000000)
  eden space 158720K, 100% used [0x00000000e0000000,0x00000000e9b00000,0x00000000e9b00000)
  from space 10752K, 91% used [0x00000000eac80000,0x00000000eb61e3f0,0x00000000eb700000)
  to   space 14336K, 0% used [0x00000000e9b00000,0x00000000e9b00000,0x00000000ea900000)
 ParOldGen       total 74240K, used 33080K [0x00000000a0000000, 0x00000000a4880000, 0x00000000e0000000)
  object space 74240K, 44% used [0x00000000a0000000,0x00000000a204e258,0x00000000a4880000)
 Metaspace       used 76074K, capacity 78476K, committed 78720K, reserved 1118208K
  class space    used 9948K, capacity 10533K, committed 10624K, reserved 1048576K
Event: 1414.718 GC heap after
Heap after GC invocations=24 (full 3):
 PSYoungGen      total 173056K, used 14317K [0x00000000e0000000, 0x00000000ed380000, 0x0000000100000000)
  eden space 158720K, 0% used [0x00000000e0000000,0x00000000e0000000,0x00000000e9b00000)
  from space 14336K, 99% used [0x00000000e9b00000,0x00000000ea8fb608,0x00000000ea900000)
  to   space 17408K, 0% used [0x00000000ec280000,0x00000000ec280000,0x00000000ed380000)
 ParOldGen       total 74240K, used 36018K [0x00000000a0000000, 0x00000000a4880000, 0x00000000e0000000)
  object space 74240K, 48% used [0x00000000a0000000,0x00000000a232ca28,0x00000000a4880000)
 Metaspace       used 76074K, capacity 78476K, committed 78720K, reserved 1118208K
  class space    used 9948K, capacity 10533K, committed 10624K, reserved 1048576K
}

Deoptimization events (10 events):
Event: 1415.948 Thread 0x000000001cfd8800 Uncommon trap: reason=class_check action=maybe_recompile pc=0x0000000004f65f34 method=java.util.Spliterators$1Adapter.hasNext()Z @ 12
Event: 1415.949 Thread 0x000000001cfd8800 Uncommon trap: reason=class_check action=maybe_recompile pc=0x0000000004f65f34 method=java.util.Spliterators$1Adapter.hasNext()Z @ 12
Event: 1416.314 Thread 0x000000001cfd8800 Uncommon trap: reason=unstable_if action=reinterpret pc=0x00000000042bd8e4 method=com.android.tools.r8.utils.LebUtils.parseUleb128(Lcom/android/tools/r8/dex/BinaryReader;)I @ 27
Event: 1416.314 Thread 0x000000001cfd8800 Uncommon trap: reason=unstable_if action=reinterpret pc=0x0000000004784648 method=com.android.tools.r8.graph.DexString.computeEquals(Ljava/lang/Object;)Z @ 34
Event: 1416.424 Thread 0x000000001cfd9000 Uncommon trap: reason=unstable_if action=reinterpret pc=0x00000000045262b0 method=java.util.Arrays.hashCode([Ljava/lang/Object;)I @ 1
Event: 1416.484 Thread 0x000000001cfd2800 Uncommon trap: reason=unstable_if action=reinterpret pc=0x0000000003a7f63c method=com.android.tools.r8.graph.DexString.slowCompareTo(Lcom/android/tools/r8/graph/DexString;)I @ 136
Event: 1416.491 Thread 0x000000001cfd2800 Uncommon trap: reason=unstable_if action=reinterpret pc=0x0000000005586890 method=com.android.tools.r8.it.unimi.dsi.fastutil.ints.Int2ObjectOpenHashMap.get(I)Ljava/lang/Object; @ 1
Event: 1416.887 Thread 0x000000001cfda000 Uncommon trap: reason=unloaded action=reinterpret pc=0x0000000005609ff8 method=com.android.tools.r8.code.BaseInstructionFactory.create(IILcom/android/tools/r8/code/BytecodeStream;Lcom/android/tools/r8/graph/OffsetToObjectMapping;)Lcom/android/tools/r8/cod
Event: 1416.987 Thread 0x000000001cfda000 Uncommon trap: reason=unloaded action=reinterpret pc=0x00000000055de880 method=com.android.tools.r8.dex.DexParser.parseEncodedValue()Lcom/android/tools/r8/graph/DexValue; @ 493
Event: 1416.988 Thread 0x000000001cfda000 Uncommon trap: reason=unstable_if action=reinterpret pc=0x00000000055f02bc method=com.android.tools.r8.it.unimi.dsi.fastutil.ints.Int2ObjectOpenHashMap.get(I)Ljava/lang/Object; @ 8

Classes redefined (0 events):
No events

Internal exceptions (10 events):
Event: 1414.064 Thread 0x000000001a724800 Exception <a 'java/lang/NoSuchMethodError': java.lang.Object.lambda$static$0(Ljava/lang/String;)Z> (0x00000000e8cb1d00) thrown at [D:\src\AOSP-openjdk-cygwin\jdk8u\hotspot\src\share\vm\interpreter\linkResolver.cpp, line 584]
Event: 1414.169 Thread 0x000000001cfd0000 Exception <a 'sun/nio/fs/WindowsException'> (0x00000000e8fb95d8) thrown at [D:\src\AOSP-openjdk-cygwin\jdk8u\hotspot\src\share\vm\prims\jni.cpp, line 709]
Event: 1414.170 Thread 0x000000001a724800 Exception <a 'sun/nio/fs/WindowsException'> (0x00000000e8f73350) thrown at [D:\src\AOSP-openjdk-cygwin\jdk8u\hotspot\src\share\vm\prims\jni.cpp, line 709]
Event: 1415.747 Thread 0x000000001cfd0000 Exception <a 'sun/nio/fs/WindowsException'> (0x00000000e1dcabc8) thrown at [D:\src\AOSP-openjdk-cygwin\jdk8u\hotspot\src\share\vm\prims\jni.cpp, line 709]
Event: 1415.748 Thread 0x000000001a724800 Exception <a 'sun/nio/fs/WindowsException'> (0x00000000e1d4ba70) thrown at [D:\src\AOSP-openjdk-cygwin\jdk8u\hotspot\src\share\vm\prims\jni.cpp, line 709]
Event: 1415.755 Thread 0x000000001a724800 Exception <a 'sun/nio/fs/WindowsException'> (0x00000000e1d97fb8) thrown at [D:\src\AOSP-openjdk-cygwin\jdk8u\hotspot\src\share\vm\prims\jni.cpp, line 709]
Event: 1415.757 Thread 0x000000001cfd0000 Exception <a 'sun/nio/fs/WindowsException'> (0x00000000e1de0648) thrown at [D:\src\AOSP-openjdk-cygwin\jdk8u\hotspot\src\share\vm\prims\jni.cpp, line 709]
Event: 1415.769 Thread 0x000000001cfd0000 Exception <a 'sun/nio/fs/WindowsException'> (0x00000000e1de7620) thrown at [D:\src\AOSP-openjdk-cygwin\jdk8u\hotspot\src\share\vm\prims\jni.cpp, line 709]
Event: 1416.220 Thread 0x000000001cfd8800 Exception <a 'sun/nio/fs/WindowsException'> (0x00000000e276ac60) thrown at [D:\src\AOSP-openjdk-cygwin\jdk8u\hotspot\src\share\vm\prims\jni.cpp, line 709]
Event: 1416.424 Thread 0x000000001cfd9000 Implicit null exception at 0x00000000045261af to 0x00000000045262a1

Events (10 events):
Event: 1417.173 loading class com/android/tools/r8/com/google/gson/internal/JsonReaderInternalAccess
Event: 1417.173 loading class com/android/tools/r8/com/google/gson/internal/JsonReaderInternalAccess done
Event: 1417.173 loading class com/android/tools/r8/com/google/gson/stream/JsonReader$1
Event: 1417.173 loading class com/android/tools/r8/com/google/gson/stream/JsonReader$1 done
Event: 1417.213 loading class com/android/tools/r8/com/google/gson/stream/JsonToken
Event: 1417.213 loading class com/android/tools/r8/com/google/gson/stream/JsonToken done
Event: 1417.213 loading class com/android/tools/r8/com/google/gson/internal/bind/TypeAdapters$36
Event: 1417.213 loading class com/android/tools/r8/com/google/gson/internal/bind/TypeAdapters$36 done
Event: 1417.578 loading class com/android/tools/r8/com/google/common/collect/Collections2
Event: 1417.578 loading class com/android/tools/r8/com/google/common/collect/Collections2 done


Dynamic libraries:
0x00007ff7f8260000 - 0x00007ff7f8291000 	C:\Program Files\Android\Android Studio\jre\bin\java.exe
0x00007ff97dfe0000 - 0x00007ff97e1c1000 	C:\WINDOWS\SYSTEM32\ntdll.dll
0x00007ff97b780000 - 0x00007ff97b832000 	C:\WINDOWS\System32\KERNEL32.DLL
0x00007ff97ad30000 - 0x00007ff97afa3000 	C:\WINDOWS\System32\KERNELBASE.dll
0x00007ff97d100000 - 0x00007ff97d1a1000 	C:\WINDOWS\System32\ADVAPI32.dll
0x00007ff97b550000 - 0x00007ff97b5ee000 	C:\WINDOWS\System32\msvcrt.dll
0x00007ff97d3d0000 - 0x00007ff97d42b000 	C:\WINDOWS\System32\sechost.dll
0x00007ff97d430000 - 0x00007ff97d554000 	C:\WINDOWS\System32\RPCRT4.dll
0x00007ff97b5f0000 - 0x00007ff97b780000 	C:\WINDOWS\System32\USER32.dll
0x00007ff97a3b0000 - 0x00007ff97a3d0000 	C:\WINDOWS\System32\win32u.dll
0x00007ff97b840000 - 0x00007ff97b868000 	C:\WINDOWS\System32\GDI32.dll
0x00007ff97b2d0000 - 0x00007ff97b462000 	C:\WINDOWS\System32\gdi32full.dll
0x00007ff97a4d0000 - 0x00007ff97a56f000 	C:\WINDOWS\System32\msvcp_win.dll
0x00007ff97a3d0000 - 0x00007ff97a4ca000 	C:\WINDOWS\System32\ucrtbase.dll
0x00007ff96cf10000 - 0x00007ff96d179000 	C:\WINDOWS\WinSxS\amd64_microsoft.windows.common-controls_6595b64144ccf1df_6.0.17134.590_none_fb3d9bff3069e088\COMCTL32.dll
0x00007ff97da30000 - 0x00007ff97dd52000 	C:\WINDOWS\System32\combase.dll
0x00007ff97b1a0000 - 0x00007ff97b21a000 	C:\WINDOWS\System32\bcryptPrimitives.dll
0x00007ff97d8b0000 - 0x00007ff97d8dd000 	C:\WINDOWS\System32\IMM32.DLL
0x000000005d4e0000 - 0x000000005d5b2000 	C:\Program Files\Android\Android Studio\jre\jre\bin\msvcr100.dll
0x000000005d6a0000 - 0x000000005dee1000 	C:\Program Files\Android\Android Studio\jre\jre\bin\server\jvm.dll
0x00007ff97d3c0000 - 0x00007ff97d3c8000 	C:\WINDOWS\System32\PSAPI.DLL
0x00007ff973f00000 - 0x00007ff973f23000 	C:\WINDOWS\SYSTEM32\WINMM.dll
0x00007ff96c2b0000 - 0x00007ff96c2ba000 	C:\WINDOWS\SYSTEM32\VERSION.dll
0x00007ff96bb40000 - 0x00007ff96bb49000 	C:\WINDOWS\SYSTEM32\WSOCK32.dll
0x00007ff97d350000 - 0x00007ff97d3bc000 	C:\WINDOWS\System32\WS2_32.dll
0x00007ff973ed0000 - 0x00007ff973efa000 	C:\WINDOWS\SYSTEM32\winmmbase.dll
0x00007ff97a5d0000 - 0x00007ff97a619000 	C:\WINDOWS\System32\cfgmgr32.dll
0x00007ff96e7b0000 - 0x00007ff96e7bf000 	C:\Program Files\Android\Android Studio\jre\jre\bin\verify.dll
0x00007ff9558f0000 - 0x00007ff955919000 	C:\Program Files\Android\Android Studio\jre\jre\bin\java.dll
0x00007ff95b310000 - 0x00007ff95b326000 	C:\Program Files\Android\Android Studio\jre\jre\bin\zip.dll
0x00007ff97b870000 - 0x00007ff97ccb0000 	C:\WINDOWS\System32\SHELL32.dll
0x00007ff97b470000 - 0x00007ff97b519000 	C:\WINDOWS\System32\shcore.dll
0x00007ff97a620000 - 0x00007ff97ad2d000 	C:\WINDOWS\System32\windows.storage.dll
0x00007ff97d6f0000 - 0x00007ff97d741000 	C:\WINDOWS\System32\shlwapi.dll
0x00007ff97a370000 - 0x00007ff97a381000 	C:\WINDOWS\System32\kernel.appcore.dll
0x00007ff97a350000 - 0x00007ff97a36f000 	C:\WINDOWS\System32\profapi.dll
0x00007ff97a300000 - 0x00007ff97a34c000 	C:\WINDOWS\System32\powrprof.dll
0x00007ff97a2f0000 - 0x00007ff97a2fa000 	C:\WINDOWS\System32\FLTLIB.DLL
0x00007ff955bb0000 - 0x00007ff955bca000 	C:\Program Files\Android\Android Studio\jre\jre\bin\net.dll
0x00007ff979b70000 - 0x00007ff979bd6000 	C:\WINDOWS\system32\mswsock.dll
0x00007ff955650000 - 0x00007ff955661000 	C:\Program Files\Android\Android Studio\jre\jre\bin\nio.dll
0x00007ff9701f0000 - 0x00007ff97020e000 	C:\Users\Administrator\.gradle\native\25\windows-amd64\native-platform.dll
0x00007ff96e670000 - 0x00007ff96e67d000 	C:\Program Files\Android\Android Studio\jre\jre\bin\management.dll
0x00007ff979d20000 - 0x00007ff979d37000 	C:\WINDOWS\SYSTEM32\CRYPTSP.dll
0x00007ff979750000 - 0x00007ff979783000 	C:\WINDOWS\system32\rsaenh.dll
0x00007ff979e50000 - 0x00007ff979e75000 	C:\WINDOWS\SYSTEM32\bcrypt.dll
0x00007ff97a1f0000 - 0x00007ff97a218000 	C:\WINDOWS\SYSTEM32\USERENV.dll
0x00007ff979d40000 - 0x00007ff979d4b000 	C:\WINDOWS\SYSTEM32\CRYPTBASE.dll
0x00007ff9798f0000 - 0x00007ff979928000 	C:\WINDOWS\SYSTEM32\IPHLPAPI.DLL
0x00007ff97d560000 - 0x00007ff97d568000 	C:\WINDOWS\System32\NSI.dll
0x00007ff972e30000 - 0x00007ff972e46000 	C:\WINDOWS\SYSTEM32\dhcpcsvc6.DLL
0x00007ff9732d0000 - 0x00007ff9732ea000 	C:\WINDOWS\SYSTEM32\dhcpcsvc.DLL

VM Arguments:
jvm_args: -Xmx1536m -Dfile.encoding=x-windows-949 -Duser.country=KR -Duser.language=ko -Duser.variant 
java_command: org.gradle.launcher.daemon.bootstrap.GradleDaemon 4.10.1
java_class_path (initial): C:\Users\Administrator\.gradle\wrapper\dists\gradle-4.10.1-all\455itskqi2qtf0v2sja68alqd\gradle-4.10.1\lib\gradle-launcher-4.10.1.jar
Launcher Type: SUN_STANDARD

Environment Variables:
JAVA_HOME=C:\Program Files\Java\jdk1.8.0_191
PATH=C:\Program Files (x86)\NAT Service;C:\Program Files\Java\jdk1.8.0_191\bin;C:\oraclexe\app\oracle\product\11.2.0\server\bin;C:\Program Files (x86)\Intel\iCLS Client\;C:\Program Files\Intel\iCLS Client\;C:\WINDOWS\system32;C:\WINDOWS;C:\WINDOWS\System32\Wbem;C:\WINDOWS\System32\WindowsPowerShell\v1.0\;C:\Program Files (x86)\Intel\OpenCL SDK\3.0\bin\x86;C:\Program Files (x86)\Intel\OpenCL SDK\3.0\bin\x64;C:\Program Files\Intel\Intel(R) Management Engine Components\DAL;C:\Program Files\Intel\Intel(R) Management Engine Components\IPT;C:\Program Files (x86)\Intel\Intel(R) Management Engine Components\DAL;C:\Program Files (x86)\Intel\Intel(R) Management Engine Components\IPT;C:\Program Files\Intel\WiFi\bin\;C:\Program Files\Common Files\Intel\WirelessCommon\;C:\WINDOWS\system32\config\systemprofile\.dnx\bin;C:\Program Files\Microsoft DNX\Dnvm\;C:\Program Files\Microsoft SQL Server\130\Tools\Binn\;C:\Program Files (x86)\Windows Kits\8.1\Windows Performance Toolkit\;C:\WINDOWS\System32\OpenSSH\;C:\Program Files\Git\cmd;C:\Program Files\nodejs\;C:\Program Files\Intel\WiFi\bin\;C:\Program Files\Common Files\Intel\WirelessCommon\;C:\Users\Administrator\AppData\Local\Microsoft\WindowsApps;C:\Users\Administrator\AppData\Local\GitHubDesktop\bin;C:\Users\Administrator\AppData\Roaming\npm;C:\Users\Administrator\AppData\Local\Programs\Microsoft VS Code\bin
USERNAME=Administrator
OS=Windows_NT
PROCESSOR_IDENTIFIER=Intel64 Family 6 Model 69 Stepping 1, GenuineIntel



---------------  S Y S T E M  ---------------

OS: Windows 10.0 , 64 bit Build 17134 (10.0.17134.556)

CPU:total 4 (initial active 4) (2 cores per cpu, 2 threads per core) family 6 model 69 stepping 1, cmov, cx8, fxsr, mmx, sse, sse2, sse3, ssse3, sse4.1, sse4.2, popcnt, avx, avx2, aes, clmul, erms, lzcnt, ht, tsc, tscinvbit, bmi1, bmi2

Memory: 4k page, physical 4099872k(326684k free), swap 6197024k(5748k free)

vm_info: OpenJDK 64-Bit Server VM (25.152-b01) for windows-amd64 JRE (1.8.0_152-release-1248-b01), built by "builder" with MS VC++ 10.0 (VS2010)

time: Thu Feb 28 02:22:13 2019
elapsed time: 1417 seconds (0d 0h 23m 37s)

