#
# There is insufficient memory for the Java Runtime Environment to continue.
# Native memory allocation (malloc) failed to allocate 1100496 bytes for Chunk::new
# Possible reasons:
#   The system is out of physical RAM or swap space
#   In 32 bit mode, the process size limit was hit
# Possible solutions:
#   Reduce memory load on the system
#   Increase physical memory or swap space
#   Check if swap backing store is full
#   Use 64 bit Java on a 64 bit OS
#   Decrease Java heap size (-Xmx/-Xms)
#   Decrease number of Java threads
#   Decrease Java thread stack sizes (-Xss)
#   Set larger code cache with -XX:ReservedCodeCacheSize=
# This output file may be truncated or incomplete.
#
#  Out of Memory Error (allocation.cpp:390), pid=11160, tid=0x0000000000002240
#
# JRE version: OpenJDK Runtime Environment (8.0_152-b01) (build 1.8.0_152-release-1248-b01)
# Java VM: OpenJDK 64-Bit Server VM (25.152-b01 mixed mode windows-amd64 compressed oops)
# Failed to write core dump. Minidumps are not enabled by default on client versions of Windows
#

---------------  T H R E A D  ---------------

Current thread (0x0000000017f89000):  JavaThread "C2 CompilerThread1" daemon [_thread_in_native, id=8768, stack(0x0000000018680000,0x0000000018780000)]

Stack: [0x0000000018680000,0x0000000018780000]
[error occurred during error reporting (printing stack bounds), id 0xc0000005]

Native frames: (J=compiled Java code, j=interpreted, Vv=VM code, C=native code)


Current CompileTask:
C2:  12487 2380       4       org.codehaus.groovy.reflection.CachedMethod::compareTo (25 bytes)


---------------  P R O C E S S  ---------------

Java Threads: ( => current thread )
  0x000000001a170000 JavaThread "Cache worker for Artifact transforms cache (C:\Users\Administrator\.gradle\caches\transforms-1)" [_thread_blocked, id=9564, stack(0x0000000020770000,0x0000000020870000)]
  0x0000000019099800 JavaThread "Cache worker for cache directory md-rule (C:\Users\Administrator\.gradle\caches\4.10.1\md-rule)" [_thread_blocked, id=11768, stack(0x0000000020670000,0x0000000020770000)]
  0x0000000019098800 JavaThread "Cache worker for cache directory md-supplier (C:\Users\Administrator\.gradle\caches\4.10.1\md-supplier)" [_thread_blocked, id=8108, stack(0x0000000020570000,0x0000000020670000)]
  0x0000000019094000 JavaThread "Cache worker for journal cache (C:\Users\Administrator\.gradle\caches\journal-1)" [_thread_blocked, id=3020, stack(0x000000001eb50000,0x000000001ec50000)]
  0x0000000019092800 JavaThread "Cache worker for file hash cache (C:\Users\Administrator\Documents\GitHub\Hellgaram\HellgaramMobileApp\.gradle\4.10.1\fileHashes)" [_thread_blocked, id=4920, stack(0x000000001ea50000,0x000000001eb50000)]
  0x000000001aa5d000 JavaThread "File lock request listener" [_thread_in_native, id=4320, stack(0x000000001d1d0000,0x000000001d2d0000)]
  0x000000001bf28800 JavaThread "Cache worker for file hash cache (C:\Users\Administrator\.gradle\caches\4.10.1\fileHashes)" [_thread_blocked, id=4424, stack(0x000000001d0d0000,0x000000001d1d0000)]
  0x0000000019f7e000 JavaThread "Stdin handler" [_thread_blocked, id=12272, stack(0x000000001be00000,0x000000001bf00000)]
  0x0000000019f7d000 JavaThread "Asynchronous log dispatcher for DefaultDaemonConnection: socket connection from /127.0.0.1:53797 to /127.0.0.1:53798" [_thread_blocked, id=11560, stack(0x000000001bd00000,0x000000001be00000)]
  0x0000000019f78000 JavaThread "Daemon worker" [_thread_in_vm, id=1164, stack(0x000000001bc00000,0x000000001bd00000)]
  0x0000000019f77000 JavaThread "Cancel handler" [_thread_blocked, id=11200, stack(0x000000001bb00000,0x000000001bc00000)]
  0x00000000195b9000 JavaThread "Handler for socket connection from /127.0.0.1:53797 to /127.0.0.1:53798" [_thread_in_native, id=3076, stack(0x000000001b800000,0x000000001b900000)]
  0x00000000197a6000 JavaThread "Daemon" [_thread_blocked, id=9408, stack(0x000000001b700000,0x000000001b800000)]
  0x000000001910a000 JavaThread "Daemon periodic checks" [_thread_blocked, id=7440, stack(0x000000001b600000,0x000000001b700000)]
  0x000000001a0de800 JavaThread "Incoming local TCP Connector on port 53797" [_thread_in_native, id=4640, stack(0x000000001b420000,0x000000001b520000)]
  0x000000001800e000 JavaThread "Service Thread" daemon [_thread_blocked, id=11644, stack(0x0000000018880000,0x0000000018980000)]
  0x0000000017f8f800 JavaThread "C1 CompilerThread2" daemon [_thread_blocked, id=3780, stack(0x0000000018780000,0x0000000018880000)]
=>0x0000000017f89000 JavaThread "C2 CompilerThread1" daemon [_thread_in_native, id=8768, stack(0x0000000018680000,0x0000000018780000)]
  0x0000000016bcb800 JavaThread "C2 CompilerThread0" daemon [_thread_blocked, id=2284, stack(0x0000000018580000,0x0000000018680000)]
  0x0000000017f88800 JavaThread "Attach Listener" daemon [_thread_blocked, id=9904, stack(0x0000000018480000,0x0000000018580000)]
  0x0000000016b7f800 JavaThread "Signal Dispatcher" daemon [_thread_blocked, id=8384, stack(0x0000000018380000,0x0000000018480000)]
  0x00000000031fc000 JavaThread "Finalizer" daemon [_thread_blocked, id=6784, stack(0x0000000017df0000,0x0000000017ef0000)]
  0x00000000031f1000 JavaThread "Reference Handler" daemon [_thread_blocked, id=10932, stack(0x0000000017cf0000,0x0000000017df0000)]
  0x0000000003102800 JavaThread "main" [_thread_blocked, id=1556, stack(0x0000000002c30000,0x0000000002d30000)]

Other Threads:
  0x0000000016b37800 VMThread [stack: 0x0000000017bf0000,0x0000000017cf0000] [id=220]
  0x000000001800f000 WatcherThread [stack: 0x0000000018980000,0x0000000018a80000] [id=11732]

VM state:not at safepoint (normal execution)

VM Mutex/Monitor currently owned by a thread: None

Heap:
 PSYoungGen      total 57344K, used 56372K [0x00000000e0000000, 0x00000000e5780000, 0x0000000100000000)
  eden space 51200K, 99% used [0x00000000e0000000,0x00000000e318abc0,0x00000000e3200000)
  from space 6144K, 91% used [0x00000000e3200000,0x00000000e37827b0,0x00000000e3800000)
  to   space 6656K, 0% used [0x00000000e5100000,0x00000000e5100000,0x00000000e5780000)
 ParOldGen       total 29184K, used 7379K [0x00000000a0000000, 0x00000000a1c80000, 0x00000000e0000000)
  object space 29184K, 25% used [0x00000000a0000000,0x00000000a0734f10,0x00000000a1c80000)
 Metaspace       used 29284K, capacity 29788K, committed 29952K, reserved 1075200K
  class space    used 4065K, capacity 4263K, committed 4352K, reserved 1048576K

Card table byte_map: [0x00000000125c0000,0x00000000128d0000] byte_map_base: 0x00000000120c0000

Marking Bits: (ParMarkBitMap*) 0x000000006bb25aa0
 Begin Bits: [0x0000000012ed0000, 0x00000000146d0000)
 End Bits:   [0x00000000146d0000, 0x0000000015ed0000)

Polling page: 0x0000000002be0000

CodeCache: size=245760Kb used=8754Kb max_used=8776Kb free=237005Kb
 bounds [0x0000000003200000, 0x0000000003aa0000, 0x0000000012200000]
 total_blobs=2897 nmethods=2226 adapters=584
 compilation: enabled

Compilation events (10 events):
Event: 12.188 Thread 0x0000000017f89000 2381       4       java.util.HashMap$HashIterator::hasNext (13 bytes)
Event: 12.189 Thread 0x0000000017f89000 nmethod 2381 0x00000000034eff50 code [0x00000000034f0080, 0x00000000034f00f8]
Event: 12.189 Thread 0x0000000017f89000 2380       4       org.codehaus.groovy.reflection.CachedMethod::compareTo (25 bytes)
Event: 12.213 Thread 0x0000000017f8f800 2388       3       sun.reflect.annotation.AnnotationParser$1::run (5 bytes)
Event: 12.214 Thread 0x0000000017f8f800 nmethod 2388 0x0000000003a6c310 code [0x0000000003a6c480, 0x0000000003a6c688]
Event: 12.214 Thread 0x0000000017f8f800 2389       3       sun.reflect.annotation.AnnotationParser$1::run (40 bytes)
Event: 12.215 Thread 0x0000000017f8f800 nmethod 2389 0x0000000003a6ad10 code [0x0000000003a6af40, 0x0000000003a6bd58]
Event: 12.215 Thread 0x0000000017f8f800 2390       3       sun.reflect.annotation.AnnotationInvocationHandler::<init> (56 bytes)
Event: 12.216 Thread 0x0000000017f8f800 nmethod 2390 0x0000000003a6a310 code [0x0000000003a6a4c0, 0x0000000003a6aae8]
Event: 12.464 Thread 0x0000000016bcb800 nmethod 2375 0x0000000003a8c650 code [0x0000000003a8d880, 0x0000000003a92cc0]

GC Heap History (10 events):
Event: 7.602 GC heap before
{Heap before GC invocations=8 (full 0):
 PSYoungGen      total 21504K, used 19651K [0x00000000e0000000, 0x00000000e2900000, 0x0000000100000000)
  eden space 15872K, 100% used [0x00000000e0000000,0x00000000e0f80000,0x00000000e0f80000)
  from space 5632K, 67% used [0x00000000e0f80000,0x00000000e1330c00,0x00000000e1500000)
  to   space 5120K, 0% used [0x00000000e2400000,0x00000000e2400000,0x00000000e2900000)
 ParOldGen       total 44032K, used 6716K [0x00000000a0000000, 0x00000000a2b00000, 0x00000000e0000000)
  object space 44032K, 15% used [0x00000000a0000000,0x00000000a068f328,0x00000000a2b00000)
 Metaspace       used 16498K, capacity 16886K, committed 17152K, reserved 1064960K
  class space    used 2370K, capacity 2523K, committed 2560K, reserved 1048576K
Event: 7.625 GC heap after
Heap after GC invocations=8 (full 0):
 PSYoungGen      total 36864K, used 3381K [0x00000000e0000000, 0x00000000e2900000, 0x0000000100000000)
  eden space 31744K, 0% used [0x00000000e0000000,0x00000000e0000000,0x00000000e1f00000)
  from space 5120K, 66% used [0x00000000e2400000,0x00000000e274d5d8,0x00000000e2900000)
  to   space 5120K, 0% used [0x00000000e1f00000,0x00000000e1f00000,0x00000000e2400000)
 ParOldGen       total 44032K, used 7572K [0x00000000a0000000, 0x00000000a2b00000, 0x00000000e0000000)
  object space 44032K, 17% used [0x00000000a0000000,0x00000000a0765348,0x00000000a2b00000)
 Metaspace       used 16498K, capacity 16886K, committed 17152K, reserved 1064960K
  class space    used 2370K, capacity 2523K, committed 2560K, reserved 1048576K
}
Event: 8.465 GC heap before
{Heap before GC invocations=9 (full 0):
 PSYoungGen      total 36864K, used 35125K [0x00000000e0000000, 0x00000000e2900000, 0x0000000100000000)
  eden space 31744K, 100% used [0x00000000e0000000,0x00000000e1f00000,0x00000000e1f00000)
  from space 5120K, 66% used [0x00000000e2400000,0x00000000e274d5d8,0x00000000e2900000)
  to   space 5120K, 0% used [0x00000000e1f00000,0x00000000e1f00000,0x00000000e2400000)
 ParOldGen       total 44032K, used 7572K [0x00000000a0000000, 0x00000000a2b00000, 0x00000000e0000000)
  object space 44032K, 17% used [0x00000000a0000000,0x00000000a0765348,0x00000000a2b00000)
 Metaspace       used 20309K, capacity 20834K, committed 20992K, reserved 1067008K
  class space    used 2860K, capacity 3057K, committed 3072K, reserved 1048576K
Event: 8.479 GC heap after
Heap after GC invocations=9 (full 0):
 PSYoungGen      total 36864K, used 5101K [0x00000000e0000000, 0x00000000e3e00000, 0x0000000100000000)
  eden space 31744K, 0% used [0x00000000e0000000,0x00000000e0000000,0x00000000e1f00000)
  from space 5120K, 99% used [0x00000000e1f00000,0x00000000e23fb760,0x00000000e2400000)
  to   space 6144K, 0% used [0x00000000e3800000,0x00000000e3800000,0x00000000e3e00000)
 ParOldGen       total 44032K, used 8899K [0x00000000a0000000, 0x00000000a2b00000, 0x00000000e0000000)
  object space 44032K, 20% used [0x00000000a0000000,0x00000000a08b0ed8,0x00000000a2b00000)
 Metaspace       used 20309K, capacity 20834K, committed 20992K, reserved 1067008K
  class space    used 2860K, capacity 3057K, committed 3072K, reserved 1048576K
}
Event: 8.535 GC heap before
{Heap before GC invocations=10 (full 0):
 PSYoungGen      total 36864K, used 6221K [0x00000000e0000000, 0x00000000e3e00000, 0x0000000100000000)
  eden space 31744K, 3% used [0x00000000e0000000,0x00000000e0117e38,0x00000000e1f00000)
  from space 5120K, 99% used [0x00000000e1f00000,0x00000000e23fb760,0x00000000e2400000)
  to   space 6144K, 0% used [0x00000000e3800000,0x00000000e3800000,0x00000000e3e00000)
 ParOldGen       total 44032K, used 8899K [0x00000000a0000000, 0x00000000a2b00000, 0x00000000e0000000)
  object space 44032K, 20% used [0x00000000a0000000,0x00000000a08b0ed8,0x00000000a2b00000)
 Metaspace       used 20747K, capacity 21218K, committed 21248K, reserved 1067008K
  class space    used 2887K, capacity 3057K, committed 3072K, reserved 1048576K
Event: 8.545 GC heap after
Heap after GC invocations=10 (full 0):
 PSYoungGen      total 57344K, used 2078K [0x00000000e0000000, 0x00000000e3e00000, 0x0000000100000000)
  eden space 51200K, 0% used [0x00000000e0000000,0x00000000e0000000,0x00000000e3200000)
  from space 6144K, 33% used [0x00000000e3800000,0x00000000e3a07990,0x00000000e3e00000)
  to   space 6144K, 0% used [0x00000000e3200000,0x00000000e3200000,0x00000000e3800000)
 ParOldGen       total 44032K, used 9986K [0x00000000a0000000, 0x00000000a2b00000, 0x00000000e0000000)
  object space 44032K, 22% used [0x00000000a0000000,0x00000000a09c0a88,0x00000000a2b00000)
 Metaspace       used 20747K, capacity 21218K, committed 21248K, reserved 1067008K
  class space    used 2887K, capacity 3057K, committed 3072K, reserved 1048576K
}
Event: 8.545 GC heap before
{Heap before GC invocations=11 (full 1):
 PSYoungGen      total 57344K, used 2078K [0x00000000e0000000, 0x00000000e3e00000, 0x0000000100000000)
  eden space 51200K, 0% used [0x00000000e0000000,0x00000000e0000000,0x00000000e3200000)
  from space 6144K, 33% used [0x00000000e3800000,0x00000000e3a07990,0x00000000e3e00000)
  to   space 6144K, 0% used [0x00000000e3200000,0x00000000e3200000,0x00000000e3800000)
 ParOldGen       total 44032K, used 9986K [0x00000000a0000000, 0x00000000a2b00000, 0x00000000e0000000)
  object space 44032K, 22% used [0x00000000a0000000,0x00000000a09c0a88,0x00000000a2b00000)
 Metaspace       used 20747K, capacity 21218K, committed 21248K, reserved 1067008K
  class space    used 2887K, capacity 3057K, committed 3072K, reserved 1048576K
Event: 8.628 GC heap after
Heap after GC invocations=11 (full 1):
 PSYoungGen      total 57344K, used 0K [0x00000000e0000000, 0x00000000e3e00000, 0x0000000100000000)
  eden space 51200K, 0% used [0x00000000e0000000,0x00000000e0000000,0x00000000e3200000)
  from space 6144K, 0% used [0x00000000e3800000,0x00000000e3800000,0x00000000e3e00000)
  to   space 6144K, 0% used [0x00000000e3200000,0x00000000e3200000,0x00000000e3800000)
 ParOldGen       total 29184K, used 7371K [0x00000000a0000000, 0x00000000a1c80000, 0x00000000e0000000)
  object space 29184K, 25% used [0x00000000a0000000,0x00000000a0732f10,0x00000000a1c80000)
 Metaspace       used 20747K, capacity 21218K, committed 21248K, reserved 1067008K
  class space    used 2887K, capacity 3057K, committed 3072K, reserved 1048576K
}
Event: 10.631 GC heap before
{Heap before GC invocations=12 (full 1):
 PSYoungGen      total 57344K, used 51200K [0x00000000e0000000, 0x00000000e3e00000, 0x0000000100000000)
  eden space 51200K, 100% used [0x00000000e0000000,0x00000000e3200000,0x00000000e3200000)
  from space 6144K, 0% used [0x00000000e3800000,0x00000000e3800000,0x00000000e3e00000)
  to   space 6144K, 0% used [0x00000000e3200000,0x00000000e3200000,0x00000000e3800000)
 ParOldGen       total 29184K, used 7371K [0x00000000a0000000, 0x00000000a1c80000, 0x00000000e0000000)
  object space 29184K, 25% used [0x00000000a0000000,0x00000000a0732f10,0x00000000a1c80000)
 Metaspace       used 26472K, capacity 26974K, committed 27136K, reserved 1073152K
  class space    used 3592K, capacity 3774K, committed 3840K, reserved 1048576K
Event: 10.660 GC heap after
Heap after GC invocations=12 (full 1):
 PSYoungGen      total 57344K, used 5641K [0x00000000e0000000, 0x00000000e5780000, 0x0000000100000000)
  eden space 51200K, 0% used [0x00000000e0000000,0x00000000e0000000,0x00000000e3200000)
  from space 6144K, 91% used [0x00000000e3200000,0x00000000e37827b0,0x00000000e3800000)
  to   space 6656K, 0% used [0x00000000e5100000,0x00000000e5100000,0x00000000e5780000)
 ParOldGen       total 29184K, used 7379K [0x00000000a0000000, 0x00000000a1c80000, 0x00000000e0000000)
  object space 29184K, 25% used [0x00000000a0000000,0x00000000a0734f10,0x00000000a1c80000)
 Metaspace       used 26472K, capacity 26974K, committed 27136K, reserved 1073152K
  class space    used 3592K, capacity 3774K, committed 3840K, reserved 1048576K
}

Deoptimization events (10 events):
Event: 9.352 Thread 0x0000000019f78000 Uncommon trap: reason=unstable_if action=reinterpret pc=0x000000000367e6a8 method=java.util.HashMap.hash(Ljava/lang/Object;)I @ 1
Event: 9.352 Thread 0x0000000019f78000 Uncommon trap: reason=unstable_if action=reinterpret pc=0x0000000003645ce8 method=java.util.HashMap.hash(Ljava/lang/Object;)I @ 1
Event: 9.666 Thread 0x0000000019f78000 Uncommon trap: reason=unstable_if action=reinterpret pc=0x000000000346a200 method=java.util.HashMap.getNode(ILjava/lang/Object;)Ljava/util/HashMap$Node; @ 53
Event: 9.666 Thread 0x0000000019f78000 Uncommon trap: reason=unstable_if action=reinterpret pc=0x0000000003718fd4 method=java.util.HashMap.hash(Ljava/lang/Object;)I @ 1
Event: 9.666 Thread 0x0000000019f78000 Uncommon trap: reason=unstable_if action=reinterpret pc=0x0000000003655654 method=java.util.HashMap.putVal(ILjava/lang/Object;Ljava/lang/Object;ZZ)Ljava/lang/Object; @ 85
Event: 9.742 Thread 0x0000000019f78000 Uncommon trap: reason=unstable_if action=reinterpret pc=0x00000000034bd7b0 method=java.util.LinkedHashMap.afterNodeInsertion(Z)V @ 1
Event: 10.533 Thread 0x0000000019f78000 Uncommon trap: reason=class_check action=maybe_recompile pc=0x00000000037dce70 method=sun.misc.URLClassPath.getLoader(I)Lsun/misc/URLClassPath$Loader; @ 94
Event: 10.545 Thread 0x0000000019f78000 Uncommon trap: reason=class_check action=maybe_recompile pc=0x00000000037d4d00 method=sun.misc.URLClassPath.getLoader(I)Lsun/misc/URLClassPath$Loader; @ 239
Event: 11.073 Thread 0x0000000019f78000 Uncommon trap: reason=unstable_if action=reinterpret pc=0x000000000349e14c method=java.io.WinNTFileSystem.resolve(Ljava/lang/String;Ljava/lang/String;)Ljava/lang/String; @ 49
Event: 12.112 Thread 0x0000000019f78000 Uncommon trap: reason=unstable_if action=reinterpret pc=0x00000000035ad5e0 method=java.net.URI.match(CJJ)Z @ 45

Classes redefined (0 events):
No events

Internal exceptions (10 events):
Event: 11.288 Thread 0x0000000019f78000 Exception <a 'java/lang/ClassNotFoundException': org/gradle/api/internal/DefaultDomainObjectCollectionCustomizer> (0x00000000e0969418) thrown at [D:\src\AOSP-openjdk-cygwin\jdk8u\hotspot\src\share\vm\classfile\systemDictionary.cpp, line 210]
Event: 11.296 Thread 0x0000000019f78000 Exception <a 'java/lang/ClassNotFoundException': org/gradle/api/internal/DefaultNamedDomainObjectCollectionCustomizer> (0x00000000e09c45a8) thrown at [D:\src\AOSP-openjdk-cygwin\jdk8u\hotspot\src\share\vm\classfile\systemDictionary.cpp, line 210]
Event: 11.308 Thread 0x0000000019f78000 Exception <a 'java/lang/ClassNotFoundException': org/gradle/api/internal/DefaultNamedDomainObjectListCustomizer> (0x00000000e0a3a9c0) thrown at [D:\src\AOSP-openjdk-cygwin\jdk8u\hotspot\src\share\vm\classfile\systemDictionary.cpp, line 210]
Event: 11.313 Thread 0x0000000019f78000 Exception <a 'java/lang/ClassNotFoundException': org/gradle/api/internal/artifacts/DefaultArtifactRepositoryContainerCustomizer> (0x00000000e0ab1078) thrown at [D:\src\AOSP-openjdk-cygwin\jdk8u\hotspot\src\share\vm\classfile\systemDictionary.cpp, line 210
Event: 11.317 Thread 0x0000000019f78000 Exception <a 'java/lang/ClassNotFoundException': org/gradle/api/internal/artifacts/dsl/DefaultRepositoryHandlerCustomizer> (0x00000000e0b171f0) thrown at [D:\src\AOSP-openjdk-cygwin\jdk8u\hotspot\src\share\vm\classfile\systemDictionary.cpp, line 210]
Event: 11.335 Thread 0x0000000019f78000 Exception <a 'java/lang/ClassNotFoundException': org/gradle/api/internal/artifacts/dsl/DefaultRepositoryHandler_DecoratedCustomizer> (0x00000000e0b866c0) thrown at [D:\src\AOSP-openjdk-cygwin\jdk8u\hotspot\src\share\vm\classfile\systemDictionary.cpp, line
Event: 12.057 Thread 0x0000000019f78000 Exception <a 'java/lang/ClassNotFoundException': org/gradle/api/internal/artifacts/dsl/dependencies/DefaultDependencyHandler_DecoratedBeanInfo> (0x00000000e2557158) thrown at [D:\src\AOSP-openjdk-cygwin\jdk8u\hotspot\src\share\vm\classfile\systemDictionar
Event: 12.060 Thread 0x0000000019f78000 Exception <a 'java/lang/ClassNotFoundException': org/gradle/api/internal/artifacts/dsl/dependencies/DefaultDependencyHandlerBeanInfo> (0x00000000e25a9528) thrown at [D:\src\AOSP-openjdk-cygwin\jdk8u\hotspot\src\share\vm\classfile\systemDictionary.cpp, lin
Event: 12.062 Thread 0x0000000019f78000 Exception <a 'java/lang/ClassNotFoundException': org/gradle/api/internal/artifacts/dsl/dependencies/DefaultDependencyHandlerCustomizer> (0x00000000e25fc7a0) thrown at [D:\src\AOSP-openjdk-cygwin\jdk8u\hotspot\src\share\vm\classfile\systemDictionary.cpp, l
Event: 12.066 Thread 0x0000000019f78000 Exception <a 'java/lang/ClassNotFoundException': org/gradle/api/internal/artifacts/dsl/dependencies/DefaultDependencyHandler_DecoratedCustomizer> (0x00000000e2676c48) thrown at [D:\src\AOSP-openjdk-cygwin\jdk8u\hotspot\src\share\vm\classfile\systemDiction

Events (10 events):
Event: 12.376 loading class org/gradle/api/internal/artifacts/dsl/DefaultComponentMetadataProcessor$1
Event: 12.376 loading class org/gradle/api/internal/artifacts/dsl/DefaultComponentMetadataProcessor$1 done
Event: 12.377 loading class org/gradle/api/internal/artifacts/ivyservice/ivyresolve/CachingModuleComponentRepository
Event: 12.377 loading class org/gradle/api/internal/artifacts/ivyservice/ivyresolve/CachingModuleComponentRepository done
Event: 12.379 loading class org/gradle/api/internal/artifacts/ivyservice/ivyresolve/CachingModuleComponentRepository$LocateInCacheRepositoryAccess
Event: 12.379 loading class org/gradle/api/internal/artifacts/ivyservice/ivyresolve/CachingModuleComponentRepository$LocateInCacheRepositoryAccess done
Event: 12.386 loading class org/gradle/internal/resolve/result/BuildableArtifactSetResolveResult
Event: 12.386 loading class org/gradle/internal/resolve/result/BuildableArtifactSetResolveResult done
Event: 12.388 loading class org/gradle/api/internal/artifacts/ivyservice/ivyresolve/CachingModuleComponentRepository$ResolveAndCacheRepositoryAccess
Event: 12.388 loading class org/gradle/api/internal/artifacts/ivyservice/ivyresolve/CachingModuleComponentRepository$ResolveAndCacheRepositoryAccess done


Dynamic libraries:
0x00007ff7ecf40000 - 0x00007ff7ecf71000 	C:\Program Files\Android\Android Studio\jre\bin\java.exe
0x00007ffd8adb0000 - 0x00007ffd8af91000 	C:\WINDOWS\SYSTEM32\ntdll.dll
0x00007ffd8a050000 - 0x00007ffd8a102000 	C:\WINDOWS\System32\KERNEL32.DLL
0x00007ffd873a0000 - 0x00007ffd87613000 	C:\WINDOWS\System32\KERNELBASE.dll
0x00007ffd8ab10000 - 0x00007ffd8abb1000 	C:\WINDOWS\System32\ADVAPI32.dll
0x00007ffd888c0000 - 0x00007ffd8895e000 	C:\WINDOWS\System32\msvcrt.dll
0x00007ffd88800000 - 0x00007ffd8885b000 	C:\WINDOWS\System32\sechost.dll
0x00007ffd8a9e0000 - 0x00007ffd8ab04000 	C:\WINDOWS\System32\RPCRT4.dll
0x00007ffd89dd0000 - 0x00007ffd89f60000 	C:\WINDOWS\System32\USER32.dll
0x00007ffd871e0000 - 0x00007ffd87200000 	C:\WINDOWS\System32\win32u.dll
0x00007ffd8ac90000 - 0x00007ffd8acb8000 	C:\WINDOWS\System32\GDI32.dll
0x00007ffd87670000 - 0x00007ffd87802000 	C:\WINDOWS\System32\gdi32full.dll
0x00007ffd87200000 - 0x00007ffd8729f000 	C:\WINDOWS\System32\msvcp_win.dll
0x00007ffd872a0000 - 0x00007ffd8739a000 	C:\WINDOWS\System32\ucrtbase.dll
0x00007ffd79480000 - 0x00007ffd796e9000 	C:\WINDOWS\WinSxS\amd64_microsoft.windows.common-controls_6595b64144ccf1df_6.0.17134.523_none_fb409dd930672a56\COMCTL32.dll
0x00007ffd8a520000 - 0x00007ffd8a842000 	C:\WINDOWS\System32\combase.dll
0x00007ffd87ab0000 - 0x00007ffd87b2a000 	C:\WINDOWS\System32\bcryptPrimitives.dll
0x00007ffd88960000 - 0x00007ffd8898d000 	C:\WINDOWS\System32\IMM32.DLL
0x000000006b1a0000 - 0x000000006b272000 	C:\Program Files\Android\Android Studio\jre\jre\bin\msvcr100.dll
0x000000006b360000 - 0x000000006bba1000 	C:\Program Files\Android\Android Studio\jre\jre\bin\server\jvm.dll
0x00007ffd8a930000 - 0x00007ffd8a938000 	C:\WINDOWS\System32\PSAPI.DLL
0x00007ffd78910000 - 0x00007ffd7891a000 	C:\WINDOWS\SYSTEM32\VERSION.dll
0x00007ffd80fa0000 - 0x00007ffd80fc3000 	C:\WINDOWS\SYSTEM32\WINMM.dll
0x00007ffd78280000 - 0x00007ffd78289000 	C:\WINDOWS\SYSTEM32\WSOCK32.dll
0x00007ffd8a290000 - 0x00007ffd8a2fc000 	C:\WINDOWS\System32\WS2_32.dll
0x00007ffd80f70000 - 0x00007ffd80f9a000 	C:\WINDOWS\SYSTEM32\WINMMBASE.dll
0x00007ffd87620000 - 0x00007ffd87669000 	C:\WINDOWS\System32\cfgmgr32.dll
0x00007ffd80c50000 - 0x00007ffd80c5f000 	C:\Program Files\Android\Android Studio\jre\jre\bin\verify.dll
0x00007ffd7cfa0000 - 0x00007ffd7cfc9000 	C:\Program Files\Android\Android Studio\jre\jre\bin\java.dll
0x00007ffd7ba40000 - 0x00007ffd7ba56000 	C:\Program Files\Android\Android Studio\jre\jre\bin\zip.dll
0x00007ffd88990000 - 0x00007ffd89dd0000 	C:\WINDOWS\System32\SHELL32.dll
0x00007ffd8abe0000 - 0x00007ffd8ac89000 	C:\WINDOWS\System32\shcore.dll
0x00007ffd87b30000 - 0x00007ffd8823d000 	C:\WINDOWS\System32\windows.storage.dll
0x00007ffd88860000 - 0x00007ffd888b1000 	C:\WINDOWS\System32\shlwapi.dll
0x00007ffd87140000 - 0x00007ffd87151000 	C:\WINDOWS\System32\kernel.appcore.dll
0x00007ffd87160000 - 0x00007ffd8717f000 	C:\WINDOWS\System32\profapi.dll
0x00007ffd870e0000 - 0x00007ffd8712c000 	C:\WINDOWS\System32\powrprof.dll
0x00007ffd87130000 - 0x00007ffd8713a000 	C:\WINDOWS\System32\FLTLIB.DLL
0x00007ffd7b840000 - 0x00007ffd7b85a000 	C:\Program Files\Android\Android Studio\jre\jre\bin\net.dll
0x00007ffd86940000 - 0x00007ffd869a6000 	C:\WINDOWS\system32\mswsock.dll
0x00007ffd7b820000 - 0x00007ffd7b831000 	C:\Program Files\Android\Android Studio\jre\jre\bin\nio.dll
0x00007ffd82150000 - 0x00007ffd8216e000 	C:\Users\Administrator\.gradle\native\25\windows-amd64\native-platform.dll
0x00007ffd7c7d0000 - 0x00007ffd7c7dd000 	C:\Program Files\Android\Android Studio\jre\jre\bin\management.dll
0x00007ffd86af0000 - 0x00007ffd86b07000 	C:\WINDOWS\SYSTEM32\CRYPTSP.dll
0x00007ffd86520000 - 0x00007ffd86553000 	C:\WINDOWS\system32\rsaenh.dll
0x00007ffd86c20000 - 0x00007ffd86c45000 	C:\WINDOWS\SYSTEM32\bcrypt.dll
0x00007ffd86fc0000 - 0x00007ffd86fe8000 	C:\WINDOWS\SYSTEM32\USERENV.dll
0x00007ffd86b10000 - 0x00007ffd86b1b000 	C:\WINDOWS\SYSTEM32\CRYPTBASE.dll
0x00007ffd866c0000 - 0x00007ffd866f8000 	C:\WINDOWS\SYSTEM32\IPHLPAPI.DLL
0x00007ffd8a920000 - 0x00007ffd8a928000 	C:\WINDOWS\System32\NSI.dll
0x00007ffd806d0000 - 0x00007ffd806e6000 	C:\WINDOWS\SYSTEM32\dhcpcsvc6.DLL
0x00007ffd80890000 - 0x00007ffd808aa000 	C:\WINDOWS\SYSTEM32\dhcpcsvc.DLL

VM Arguments:
jvm_args: -Xmx1536m -Dfile.encoding=x-windows-949 -Duser.country=KR -Duser.language=ko -Duser.variant 
java_command: org.gradle.launcher.daemon.bootstrap.GradleDaemon 4.10.1
java_class_path (initial): C:\Users\Administrator\.gradle\wrapper\dists\gradle-4.10.1-all\455itskqi2qtf0v2sja68alqd\gradle-4.10.1\lib\gradle-launcher-4.10.1.jar
Launcher Type: SUN_STANDARD

Environment Variables:
JAVA_HOME=C:\Program Files\Java\jdk1.8.0_191
PATH=C:\Program Files (x86)\NAT Service;C:\Program Files\Java\jdk1.8.0_191\bin;C:\oraclexe\app\oracle\product\11.2.0\server\bin;C:\Program Files (x86)\Intel\iCLS Client\;C:\Program Files\Intel\iCLS Client\;C:\WINDOWS\system32;C:\WINDOWS;C:\WINDOWS\System32\Wbem;C:\WINDOWS\System32\WindowsPowerShell\v1.0\;C:\Program Files (x86)\Intel\OpenCL SDK\3.0\bin\x86;C:\Program Files (x86)\Intel\OpenCL SDK\3.0\bin\x64;C:\Program Files\Intel\Intel(R) Management Engine Components\DAL;C:\Program Files\Intel\Intel(R) Management Engine Components\IPT;C:\Program Files (x86)\Intel\Intel(R) Management Engine Components\DAL;C:\Program Files (x86)\Intel\Intel(R) Management Engine Components\IPT;C:\Program Files\Intel\WiFi\bin\;C:\Program Files\Common Files\Intel\WirelessCommon\;C:\WINDOWS\system32\config\systemprofile\.dnx\bin;C:\Program Files\Microsoft DNX\Dnvm\;C:\Program Files\Microsoft SQL Server\130\Tools\Binn\;C:\Program Files (x86)\Windows Kits\8.1\Windows Performance Toolkit\;C:\WINDOWS\System32\OpenSSH\;C:\Program Files\Git\cmd;C:\Program Files\nodejs\;C:\Program Files\Intel\WiFi\bin\;C:\Program Files\Common Files\Intel\WirelessCommon\;C:\Users\Administrator\AppData\Local\Microsoft\WindowsApps;C:\Users\Administrator\AppData\Local\GitHubDesktop\bin;C:\Users\Administrator\AppData\Roaming\npm;C:\Users\Administrator\AppData\Local\Programs\Microsoft VS Code\bin
USERNAME=Administrator
OS=Windows_NT
PROCESSOR_IDENTIFIER=Intel64 Family 6 Model 69 Stepping 1, GenuineIntel



---------------  S Y S T E M  ---------------

OS: Windows 10.0 , 64 bit Build 17134 (10.0.17134.1)

CPU:total 4 (initial active 4) (2 cores per cpu, 2 threads per core) family 6 model 69 stepping 1, cmov, cx8, fxsr, mmx, sse, sse2, sse3, ssse3, sse4.1, sse4.2, popcnt, avx, avx2, aes, clmul, erms, lzcnt, ht, tsc, tscinvbit, bmi1, bmi2

Memory: 4k page, physical 4099872k(227648k free), swap 6197024k(42532k free)

vm_info: OpenJDK 64-Bit Server VM (25.152-b01) for windows-amd64 JRE (1.8.0_152-release-1248-b01), built by "builder" with MS VC++ 10.0 (VS2010)

time: Tue Jan 29 00:53:17 2019
elapsed time: 12 seconds (0d 0h 0m 12s)

