#
# There is insufficient memory for the Java Runtime Environment to continue.
# Native memory allocation (malloc) failed to allocate 1173104 bytes for Chunk::new
# Possible reasons:
#   The system is out of physical RAM or swap space
#   In 32 bit mode, the process size limit was hit
# Possible solutions:
#   Reduce memory load on the system
#   Increase physical memory or swap space
#   Check if swap backing store is full
#   Use 64 bit Java on a 64 bit OS
#   Decrease Java heap size (-Xmx/-Xms)
#   Decrease number of Java threads
#   Decrease Java thread stack sizes (-Xss)
#   Set larger code cache with -XX:ReservedCodeCacheSize=
# This output file may be truncated or incomplete.
#
#  Out of Memory Error (allocation.cpp:390), pid=3520, tid=0x0000000000002f84
#
# JRE version: OpenJDK Runtime Environment (8.0_152-b01) (build 1.8.0_152-release-1248-b01)
# Java VM: OpenJDK 64-Bit Server VM (25.152-b01 mixed mode windows-amd64 compressed oops)
# Failed to write core dump. Minidumps are not enabled by default on client versions of Windows
#

---------------  T H R E A D  ---------------

Current thread (0x0000000016f79800):  JavaThread "C2 CompilerThread0" daemon [_thread_in_native, id=12164, stack(0x0000000018910000,0x0000000018a10000)]

Stack: [0x0000000018910000,0x0000000018a10000]
[error occurred during error reporting (printing stack bounds), id 0xc0000005]

Native frames: (J=compiled Java code, j=interpreted, Vv=VM code, C=native code)


Current CompileTask:
C2:4576521 19818   !   4       com.android.ide.common.resources.ResourceSet::createFileAndItemsFromXml (576 bytes)


---------------  P R O C E S S  ---------------

Java Threads: ( => current thread )
  0x000000001fd4a000 JavaThread "stdout" [_thread_in_native, id=6984, stack(0x000000003a530000,0x000000003a630000)]
  0x000000001fd47000 JavaThread "stderr" [_thread_in_native, id=11492, stack(0x000000003a430000,0x000000003a530000)]
  0x000000001fd4d000 JavaThread "pool-30-thread-1" [_thread_blocked, id=8296, stack(0x000000003a330000,0x000000003a430000)]
  0x000000001fd48800 JavaThread "ForkJoinPool.commonPool-worker-3" daemon [_thread_blocked, id=7040, stack(0x000000003a230000,0x000000003a330000)]
  0x000000001fd3e000 JavaThread "Cache worker for Build Output Cleanup Cache (C:\Users\Administrator\Documents\GitHub\HellgaramMobileApp\.gradle\buildOutputCleanup)" [_thread_blocked, id=1736, stack(0x000000003a130000,0x000000003a230000)]
  0x000000001fd40000 JavaThread "Cache worker for task history cache (C:\Users\Administrator\Documents\GitHub\HellgaramMobileApp\.gradle\4.10.1\taskHistory)" [_thread_blocked, id=8364, stack(0x000000003a030000,0x000000003a130000)]
  0x000000001fd42800 JavaThread "Task worker for ':' Thread 3" [_thread_blocked, id=10340, stack(0x0000000039f30000,0x000000003a030000)]
  0x000000001fd44000 JavaThread "Task worker for ':' Thread 2" [_thread_blocked, id=9336, stack(0x0000000039e30000,0x0000000039f30000)]
  0x000000001fd3f800 JavaThread "Task worker for ':'" [_thread_blocked, id=6772, stack(0x0000000039d30000,0x0000000039e30000)]
  0x000000001c596000 JavaThread "Cache worker for file content cache (C:\Users\Administrator\Documents\GitHub\HellgaramMobileApp\.gradle\4.10.1\fileContent)" [_thread_blocked, id=9124, stack(0x0000000039c30000,0x0000000039d30000)]
  0x000000001c59c000 JavaThread "Build operations Thread 4" [_thread_blocked, id=1560, stack(0x0000000039b30000,0x0000000039c30000)]
  0x000000001c592000 JavaThread "Build operations Thread 3" [_thread_blocked, id=4464, stack(0x0000000039a30000,0x0000000039b30000)]
  0x000000001c599000 JavaThread "Build operations Thread 2" [_thread_blocked, id=10544, stack(0x0000000039930000,0x0000000039a30000)]
  0x000000001c591800 JavaThread "Build operations" [_thread_blocked, id=6888, stack(0x0000000039830000,0x0000000039930000)]
  0x000000001c598800 JavaThread "Cache worker for cache directory md-rule (C:\Users\Administrator\.gradle\caches\4.10.1\md-rule)" [_thread_blocked, id=7180, stack(0x0000000039730000,0x0000000039830000)]
  0x000000001c597800 JavaThread "Cache worker for cache directory md-supplier (C:\Users\Administrator\.gradle\caches\4.10.1\md-supplier)" [_thread_blocked, id=1840, stack(0x0000000039630000,0x0000000039730000)]
  0x000000001c590000 JavaThread "Cache worker for file hash cache (C:\Users\Administrator\Documents\GitHub\HellgaramMobileApp\.gradle\4.10.1\fileHashes)" [_thread_blocked, id=4624, stack(0x0000000039530000,0x0000000039630000)]
  0x000000001c597000 JavaThread "Stdin handler" [_thread_blocked, id=5848, stack(0x0000000039430000,0x0000000039530000)]
  0x000000001c594000 JavaThread "Asynchronous log dispatcher for DefaultDaemonConnection: socket connection from /127.0.0.1:60375 to /127.0.0.1:60684" [_thread_blocked, id=11952, stack(0x0000000039330000,0x0000000039430000)]
  0x000000001c58f000 JavaThread "Daemon worker Thread 11" [_thread_in_native, id=3104, stack(0x0000000039230000,0x0000000039330000)]
  0x000000001c593000 JavaThread "Cancel handler" [_thread_blocked, id=4808, stack(0x0000000039130000,0x0000000039230000)]
  0x000000001c58e800 JavaThread "Handler for socket connection from /127.0.0.1:60375 to /127.0.0.1:60684" [_thread_in_native, id=1432, stack(0x0000000039030000,0x0000000039130000)]
  0x000000001c595800 JavaThread "Daemon Thread 11" [_thread_blocked, id=7880, stack(0x0000000038f30000,0x0000000039030000)]
  0x000000001fd49000 JavaThread "Cache worker for Java compile cache (C:\Users\Administrator\.gradle\caches\4.10.1\javaCompile)" [_thread_blocked, id=1068, stack(0x0000000024060000,0x0000000024160000)]
  0x000000001fd46000 JavaThread "Cache worker for file content cache (C:\Users\Administrator\.gradle\caches\4.10.1\fileContent)" [_thread_blocked, id=1360, stack(0x00000000233e0000,0x00000000234e0000)]
  0x000000001fd3e800 JavaThread "Memory manager" [_thread_blocked, id=5480, stack(0x00000000220c0000,0x00000000221c0000)]
  0x000000001b354800 JavaThread "Cache worker for Artifact transforms cache (C:\Users\Administrator\.gradle\caches\transforms-1)" [_thread_blocked, id=8828, stack(0x00000000209f0000,0x0000000020af0000)]
  0x000000001b355800 JavaThread "Cache worker for journal cache (C:\Users\Administrator\.gradle\caches\journal-1)" [_thread_blocked, id=7088, stack(0x000000001e890000,0x000000001e990000)]
  0x00000000190e6800 JavaThread "File lock request listener" [_thread_in_native, id=3200, stack(0x000000001d6c0000,0x000000001d7c0000)]
  0x000000001afd7800 JavaThread "Cache worker for file hash cache (C:\Users\Administrator\.gradle\caches\4.10.1\fileHashes)" [_thread_blocked, id=7772, stack(0x000000001d5c0000,0x000000001d6c0000)]
  0x000000001989e800 JavaThread "Daemon periodic checks" [_thread_blocked, id=11020, stack(0x000000001b9d0000,0x000000001bad0000)]
  0x000000001a13a000 JavaThread "Incoming local TCP Connector on port 60375" [_thread_in_native, id=10008, stack(0x000000001a5e0000,0x000000001a6e0000)]
  0x0000000018395000 JavaThread "Service Thread" daemon [_thread_blocked, id=6584, stack(0x0000000018c10000,0x0000000018d10000)]
  0x0000000018326000 JavaThread "C1 CompilerThread2" daemon [_thread_blocked, id=10908, stack(0x0000000018b10000,0x0000000018c10000)]
  0x0000000016f7c800 JavaThread "C2 CompilerThread1" daemon [_thread_blocked, id=12232, stack(0x0000000018a10000,0x0000000018b10000)]
=>0x0000000016f79800 JavaThread "C2 CompilerThread0" daemon [_thread_in_native, id=12164, stack(0x0000000018910000,0x0000000018a10000)]
  0x0000000016f2f000 JavaThread "Attach Listener" daemon [_thread_blocked, id=8340, stack(0x0000000018810000,0x0000000018910000)]
  0x0000000018318800 JavaThread "Signal Dispatcher" daemon [_thread_blocked, id=9100, stack(0x0000000018710000,0x0000000018810000)]
  0x00000000035ac000 JavaThread "Finalizer" daemon [_thread_blocked, id=10916, stack(0x0000000018180000,0x0000000018280000)]
  0x00000000035a0800 JavaThread "Reference Handler" daemon [_thread_blocked, id=8244, stack(0x0000000018080000,0x0000000018180000)]
  0x00000000034b2800 JavaThread "main" [_thread_blocked, id=6040, stack(0x0000000003340000,0x0000000003440000)]

Other Threads:
  0x0000000016ee7800 VMThread [stack: 0x0000000017f80000,0x0000000018080000] [id=6672]
  0x000000001839e000 WatcherThread [stack: 0x0000000018d10000,0x0000000018e10000] [id=3472]

VM state:not at safepoint (normal execution)

VM Mutex/Monitor currently owned by a thread: None

Heap:
 PSYoungGen      total 270336K, used 45194K [0x00000000e0000000, 0x00000000f4a80000, 0x0000000100000000)
  eden space 238080K, 17% used [0x00000000e0000000,0x00000000e28b1cc8,0x00000000ee880000)
  from space 32256K, 10% used [0x00000000ee880000,0x00000000eebf0d80,0x00000000f0800000)
  to   space 41472K, 0% used [0x00000000f2200000,0x00000000f2200000,0x00000000f4a80000)
 ParOldGen       total 123904K, used 41006K [0x00000000a0000000, 0x00000000a7900000, 0x00000000e0000000)
  object space 123904K, 33% used [0x00000000a0000000,0x00000000a280ba20,0x00000000a7900000)
 Metaspace       used 85299K, capacity 89132K, committed 89216K, reserved 1126400K
  class space    used 10878K, capacity 11627K, committed 11648K, reserved 1048576K

Card table byte_map: [0x0000000012970000,0x0000000012c80000] byte_map_base: 0x0000000012470000

Marking Bits: (ParMarkBitMap*) 0x000000005de65aa0
 Begin Bits: [0x0000000013280000, 0x0000000014a80000)
 End Bits:   [0x0000000014a80000, 0x0000000016280000)

Polling page: 0x0000000002f40000

CodeCache: size=245760Kb used=51293Kb max_used=51329Kb free=194466Kb
 bounds [0x00000000035b0000, 0x0000000006830000, 0x00000000125b0000]
 total_blobs=16168 nmethods=15305 adapters=774
 compilation: enabled

Compilation events (10 events):
Event: 4574.141 Thread 0x0000000016f7c800 19841       4       com.sun.org.apache.xerces.internal.dom.NodeImpl::ownerDocument (23 bytes)
Event: 4574.142 Thread 0x0000000016f7c800 nmethod 19841 0x0000000003e5a190 code [0x0000000003e5a2e0, 0x0000000003e5a3b8]
Event: 4574.142 Thread 0x0000000016f7c800 19843       4       com.sun.org.apache.xerces.internal.dom.NodeImpl::isReadOnly (15 bytes)
Event: 4574.143 Thread 0x0000000016f7c800 nmethod 19843 0x00000000046deb10 code [0x00000000046dec40, 0x00000000046decb8]
Event: 4574.143 Thread 0x0000000016f7c800 19837       4       com.sun.org.apache.xerces.internal.dom.DeferredTextImpl::synchronizeData (47 bytes)
Event: 4574.147 Thread 0x0000000016f7c800 nmethod 19837 0x00000000067dd750 code [0x00000000067dd8c0, 0x00000000067ddba8]
Event: 4574.147 Thread 0x0000000016f7c800 19790       4       org.gradle.cache.internal.DefaultFileLockManager$DefaultFileLock::writeFile (10 bytes)
Event: 4574.148 Thread 0x0000000016f7c800 nmethod 19790 0x0000000003e59e10 code [0x0000000003e59f60, 0x0000000003e5a008]
Event: 4574.242 Thread 0x0000000016f7c800 19846       4       com.esotericsoftware.kryo.io.Output::writeLong (1304 bytes)
Event: 4574.268 Thread 0x0000000016f7c800 nmethod 19846 0x00000000067de6d0 code [0x00000000067de880, 0x00000000067df2c8]

GC Heap History (10 events):
Event: 4252.147 GC heap before
{Heap before GC invocations=32 (full 4):
 PSYoungGen      total 257536K, used 241365K [0x00000000e0000000, 0x00000000f2600000, 0x0000000100000000)
  eden space 225792K, 99% used [0x00000000e0000000,0x00000000edc4a690,0x00000000edc80000)
  from space 31744K, 49% used [0x00000000edc80000,0x00000000eebeb130,0x00000000efb80000)
  to   space 30720K, 0% used [0x00000000f0800000,0x00000000f0800000,0x00000000f2600000)
 ParOldGen       total 136704K, used 71434K [0x00000000a0000000, 0x00000000a8580000, 0x00000000e0000000)
  object space 136704K, 52% used [0x00000000a0000000,0x00000000a45c2858,0x00000000a8580000)
 Metaspace       used 84691K, capacity 88386K, committed 88704K, reserved 1126400K
  class space    used 10841K, capacity 11562K, committed 11648K, reserved 1048576K
Event: 4252.191 GC heap after
Heap after GC invocations=32 (full 4):
 PSYoungGen      total 268800K, used 22749K [0x00000000e0000000, 0x00000000f2f00000, 0x0000000100000000)
  eden space 238080K, 0% used [0x00000000e0000000,0x00000000e0000000,0x00000000ee880000)
  from space 30720K, 74% used [0x00000000f0800000,0x00000000f1e374b8,0x00000000f2600000)
  to   space 32256K, 0% used [0x00000000ee880000,0x00000000ee880000,0x00000000f0800000)
 ParOldGen       total 136704K, used 71434K [0x00000000a0000000, 0x00000000a8580000, 0x00000000e0000000)
  object space 136704K, 52% used [0x00000000a0000000,0x00000000a45c2858,0x00000000a8580000)
 Metaspace       used 84691K, capacity 88386K, committed 88704K, reserved 1126400K
  class space    used 10841K, capacity 11562K, committed 11648K, reserved 1048576K
}
Event: 4435.124 GC heap before
{Heap before GC invocations=33 (full 4):
 PSYoungGen      total 268800K, used 260829K [0x00000000e0000000, 0x00000000f2f00000, 0x0000000100000000)
  eden space 238080K, 100% used [0x00000000e0000000,0x00000000ee880000,0x00000000ee880000)
  from space 30720K, 74% used [0x00000000f0800000,0x00000000f1e374b8,0x00000000f2600000)
  to   space 32256K, 0% used [0x00000000ee880000,0x00000000ee880000,0x00000000f0800000)
 ParOldGen       total 136704K, used 71434K [0x00000000a0000000, 0x00000000a8580000, 0x00000000e0000000)
  object space 136704K, 52% used [0x00000000a0000000,0x00000000a45c2858,0x00000000a8580000)
 Metaspace       used 84848K, capacity 88578K, committed 88704K, reserved 1126400K
  class space    used 10841K, capacity 11562K, committed 11648K, reserved 1048576K
Event: 4435.242 GC heap after
Heap after GC invocations=33 (full 4):
 PSYoungGen      total 270336K, used 32234K [0x00000000e0000000, 0x00000000f4a80000, 0x0000000100000000)
  eden space 238080K, 0% used [0x00000000e0000000,0x00000000e0000000,0x00000000ee880000)
  from space 32256K, 99% used [0x00000000ee880000,0x00000000f07fa860,0x00000000f0800000)
  to   space 41472K, 0% used [0x00000000f2200000,0x00000000f2200000,0x00000000f4a80000)
 ParOldGen       total 136704K, used 84179K [0x00000000a0000000, 0x00000000a8580000, 0x00000000e0000000)
  object space 136704K, 61% used [0x00000000a0000000,0x00000000a5234e48,0x00000000a8580000)
 Metaspace       used 84848K, capacity 88578K, committed 88704K, reserved 1126400K
  class space    used 10841K, capacity 11562K, committed 11648K, reserved 1048576K
}
Event: 4489.811 GC heap before
{Heap before GC invocations=34 (full 4):
 PSYoungGen      total 270336K, used 270314K [0x00000000e0000000, 0x00000000f4a80000, 0x0000000100000000)
  eden space 238080K, 100% used [0x00000000e0000000,0x00000000ee880000,0x00000000ee880000)
  from space 32256K, 99% used [0x00000000ee880000,0x00000000f07fa860,0x00000000f0800000)
  to   space 41472K, 0% used [0x00000000f2200000,0x00000000f2200000,0x00000000f4a80000)
 ParOldGen       total 136704K, used 84187K [0x00000000a0000000, 0x00000000a8580000, 0x00000000e0000000)
  object space 136704K, 61% used [0x00000000a0000000,0x00000000a5236e58,0x00000000a8580000)
 Metaspace       used 85148K, capacity 88900K, committed 88960K, reserved 1126400K
  class space    used 10874K, capacity 11595K, committed 11648K, reserved 1048576K
Event: 4489.894 GC heap after
Heap after GC invocations=34 (full 4):
 PSYoungGen      total 279552K, used 41445K [0x00000000e0000000, 0x00000000f4a80000, 0x0000000100000000)
  eden space 238080K, 0% used [0x00000000e0000000,0x00000000e0000000,0x00000000ee880000)
  from space 41472K, 99% used [0x00000000f2200000,0x00000000f4a795f0,0x00000000f4a80000)
  to   space 32256K, 0% used [0x00000000ee880000,0x00000000ee880000,0x00000000f0800000)
 ParOldGen       total 136704K, used 95970K [0x00000000a0000000, 0x00000000a8580000, 0x00000000e0000000)
  object space 136704K, 70% used [0x00000000a0000000,0x00000000a5db8b60,0x00000000a8580000)
 Metaspace       used 85148K, capacity 88900K, committed 88960K, reserved 1126400K
  class space    used 10874K, capacity 11595K, committed 11648K, reserved 1048576K
}
Event: 4490.274 GC heap before
{Heap before GC invocations=35 (full 5):
 PSYoungGen      total 279552K, used 279334K [0x00000000e0000000, 0x00000000f4a80000, 0x0000000100000000)
  eden space 238080K, 99% used [0x00000000e0000000,0x00000000ee850558,0x00000000ee880000)
  from space 41472K, 99% used [0x00000000f2200000,0x00000000f4a795f0,0x00000000f4a80000)
  to   space 32256K, 0% used [0x00000000ee880000,0x00000000ee880000,0x00000000f0800000)
 ParOldGen       total 144384K, used 144099K [0x00000000a0000000, 0x00000000a8d00000, 0x00000000e0000000)
  object space 144384K, 99% used [0x00000000a0000000,0x00000000a8cb8e50,0x00000000a8d00000)
 Metaspace       used 85208K, capacity 88964K, committed 89216K, reserved 1126400K
  class space    used 10874K, capacity 11595K, committed 11648K, reserved 1048576K
Event: 4490.703 GC heap after
Heap after GC invocations=35 (full 5):
 PSYoungGen      total 279552K, used 0K [0x00000000e0000000, 0x00000000f4a80000, 0x0000000100000000)
  eden space 238080K, 0% used [0x00000000e0000000,0x00000000e0000000,0x00000000ee880000)
  from space 41472K, 0% used [0x00000000f2200000,0x00000000f2200000,0x00000000f4a80000)
  to   space 32256K, 0% used [0x00000000ee880000,0x00000000ee880000,0x00000000f0800000)
 ParOldGen       total 123904K, used 40998K [0x00000000a0000000, 0x00000000a7900000, 0x00000000e0000000)
  object space 123904K, 33% used [0x00000000a0000000,0x00000000a2809a20,0x00000000a7900000)
 Metaspace       used 85196K, capacity 88946K, committed 89216K, reserved 1126400K
  class space    used 10872K, capacity 11592K, committed 11648K, reserved 1048576K
}
Event: 4573.690 GC heap before
{Heap before GC invocations=36 (full 5):
 PSYoungGen      total 279552K, used 238080K [0x00000000e0000000, 0x00000000f4a80000, 0x0000000100000000)
  eden space 238080K, 100% used [0x00000000e0000000,0x00000000ee880000,0x00000000ee880000)
  from space 41472K, 0% used [0x00000000f2200000,0x00000000f2200000,0x00000000f4a80000)
  to   space 32256K, 0% used [0x00000000ee880000,0x00000000ee880000,0x00000000f0800000)
 ParOldGen       total 123904K, used 40998K [0x00000000a0000000, 0x00000000a7900000, 0x00000000e0000000)
  object space 123904K, 33% used [0x00000000a0000000,0x00000000a2809a20,0x00000000a7900000)
 Metaspace       used 85294K, capacity 89132K, committed 89216K, reserved 1126400K
  class space    used 10878K, capacity 11627K, committed 11648K, reserved 1048576K
Event: 4573.708 GC heap after
Heap after GC invocations=36 (full 5):
 PSYoungGen      total 270336K, used 3523K [0x00000000e0000000, 0x00000000f4a80000, 0x0000000100000000)
  eden space 238080K, 0% used [0x00000000e0000000,0x00000000e0000000,0x00000000ee880000)
  from space 32256K, 10% used [0x00000000ee880000,0x00000000eebf0d80,0x00000000f0800000)
  to   space 41472K, 0% used [0x00000000f2200000,0x00000000f2200000,0x00000000f4a80000)
 ParOldGen       total 123904K, used 41006K [0x00000000a0000000, 0x00000000a7900000, 0x00000000e0000000)
  object space 123904K, 33% used [0x00000000a0000000,0x00000000a280ba20,0x00000000a7900000)
 Metaspace       used 85294K, capacity 89132K, committed 89216K, reserved 1126400K
  class space    used 10878K, capacity 11627K, committed 11648K, reserved 1048576K
}

Deoptimization events (10 events):
Event: 4490.973 Thread 0x000000001c597000 Uncommon trap: reason=speculate_class_check action=maybe_recompile pc=0x00000000065dde44 method=java.lang.StringCoding.decode(Ljava/nio/charset/Charset;[BII)[C @ 99
Event: 4490.977 Thread 0x000000001c597000 Uncommon trap: reason=speculate_class_check action=maybe_recompile pc=0x00000000065df338 method=java.lang.StringCoding.decode(Ljava/nio/charset/Charset;[BII)[C @ 91
Event: 4491.199 Thread 0x000000001c593000 Uncommon trap: reason=null_check action=make_not_entrant pc=0x0000000004676b98 method=java.lang.ThreadLocal$ThreadLocalMap.expungeStaleEntry(I)I @ 51
Event: 4491.217 Thread 0x000000001c592000 Uncommon trap: reason=unstable_if action=reinterpret pc=0x0000000003ed6c08 method=com.google.protobuf.CodedOutputStream.computeUInt32SizeNoTag(I)I @ 14
Event: 4571.695 Thread 0x000000001c58f000 Uncommon trap: reason=unstable_if action=reinterpret pc=0x000000000541f398 method=java.util.concurrent.ConcurrentHashMap.putVal(Ljava/lang/Object;Ljava/lang/Object;Z)Ljava/lang/Object; @ 113
Event: 4573.161 Thread 0x000000001c591800 Uncommon trap: reason=unstable_if action=reinterpret pc=0x000000000482584c method=java.util.concurrent.ConcurrentHashMap.addCount(JI)V @ 97
Event: 4573.927 Thread 0x000000001fd3f800 Uncommon trap: reason=class_check action=maybe_recompile pc=0x0000000003b2f1a4 method=com.sun.org.apache.xerces.internal.dom.AttrImpl.getOwnerElement()Lorg/w3c/dom/Element; @ 18
Event: 4573.927 Thread 0x000000001fd3f800 Uncommon trap: reason=class_check action=maybe_recompile pc=0x0000000003b2f1a4 method=com.sun.org.apache.xerces.internal.dom.AttrImpl.getOwnerElement()Lorg/w3c/dom/Element; @ 18
Event: 4573.929 Thread 0x000000001fd3f800 Uncommon trap: reason=class_check action=maybe_recompile pc=0x0000000003b2f1a4 method=com.sun.org.apache.xerces.internal.dom.AttrImpl.getOwnerElement()Lorg/w3c/dom/Element; @ 18
Event: 4573.930 Thread 0x000000001fd3f800 Uncommon trap: reason=class_check action=maybe_recompile pc=0x0000000003b2f1a4 method=com.sun.org.apache.xerces.internal.dom.AttrImpl.getOwnerElement()Lorg/w3c/dom/Element; @ 18

Classes redefined (0 events):
No events

Internal exceptions (10 events):
Event: 4572.497 Thread 0x000000001c58f000 Exception <a 'sun/nio/fs/WindowsException'> (0x00000000ecde2460) thrown at [D:\src\AOSP-openjdk-cygwin\jdk8u\hotspot\src\share\vm\prims\jni.cpp, line 709]
Event: 4572.497 Thread 0x000000001c58f000 Exception <a 'sun/nio/fs/WindowsException'> (0x00000000ecde32b8) thrown at [D:\src\AOSP-openjdk-cygwin\jdk8u\hotspot\src\share\vm\prims\jni.cpp, line 709]
Event: 4572.498 Thread 0x000000001c58f000 Exception <a 'sun/nio/fs/WindowsException'> (0x00000000ecde6770) thrown at [D:\src\AOSP-openjdk-cygwin\jdk8u\hotspot\src\share\vm\prims\jni.cpp, line 709]
Event: 4572.498 Thread 0x000000001c58f000 Exception <a 'sun/nio/fs/WindowsException'> (0x00000000ecde7600) thrown at [D:\src\AOSP-openjdk-cygwin\jdk8u\hotspot\src\share\vm\prims\jni.cpp, line 709]
Event: 4572.498 Thread 0x000000001c58f000 Exception <a 'sun/nio/fs/WindowsException'> (0x00000000ecde9898) thrown at [D:\src\AOSP-openjdk-cygwin\jdk8u\hotspot\src\share\vm\prims\jni.cpp, line 709]
Event: 4572.507 Thread 0x000000001c58f000 Exception <a 'sun/nio/fs/WindowsException'> (0x00000000ecdea768) thrown at [D:\src\AOSP-openjdk-cygwin\jdk8u\hotspot\src\share\vm\prims\jni.cpp, line 709]
Event: 4572.510 Thread 0x000000001c58f000 Exception <a 'sun/nio/fs/WindowsException'> (0x00000000ecdee550) thrown at [D:\src\AOSP-openjdk-cygwin\jdk8u\hotspot\src\share\vm\prims\jni.cpp, line 709]
Event: 4572.511 Thread 0x000000001c58f000 Exception <a 'sun/nio/fs/WindowsException'> (0x00000000ecdef448) thrown at [D:\src\AOSP-openjdk-cygwin\jdk8u\hotspot\src\share\vm\prims\jni.cpp, line 709]
Event: 4572.511 Thread 0x000000001c58f000 Exception <a 'sun/nio/fs/WindowsException'> (0x00000000ecdf1758) thrown at [D:\src\AOSP-openjdk-cygwin\jdk8u\hotspot\src\share\vm\prims\jni.cpp, line 709]
Event: 4572.511 Thread 0x000000001c58f000 Exception <a 'sun/nio/fs/WindowsException'> (0x00000000ecdf2688) thrown at [D:\src\AOSP-openjdk-cygwin\jdk8u\hotspot\src\share\vm\prims\jni.cpp, line 709]

Events (10 events):
Event: 4574.290 Executing VM operation: RevokeBias
Event: 4574.290 Executing VM operation: RevokeBias done
Event: 4574.290 Executing VM operation: BulkRevokeBias
Event: 4574.291 Executing VM operation: BulkRevokeBias done
Event: 4574.464 Executing VM operation: RevokeBias
Event: 4574.465 Executing VM operation: RevokeBias done
Event: 4574.642 Executing VM operation: RevokeBias
Event: 4574.642 Executing VM operation: RevokeBias done
Event: 4574.642 Executing VM operation: RevokeBias
Event: 4574.642 Executing VM operation: RevokeBias done


Dynamic libraries:
0x00007ff718610000 - 0x00007ff718641000 	C:\Program Files\Android\Android Studio\jre\bin\java.exe
0x00007ff97dfe0000 - 0x00007ff97e1c1000 	C:\WINDOWS\SYSTEM32\ntdll.dll
0x00007ff97b780000 - 0x00007ff97b832000 	C:\WINDOWS\System32\KERNEL32.DLL
0x00007ff97ad30000 - 0x00007ff97afa3000 	C:\WINDOWS\System32\KERNELBASE.dll
0x00007ff97d100000 - 0x00007ff97d1a1000 	C:\WINDOWS\System32\ADVAPI32.dll
0x00007ff97b550000 - 0x00007ff97b5ee000 	C:\WINDOWS\System32\msvcrt.dll
0x00007ff97d3d0000 - 0x00007ff97d42b000 	C:\WINDOWS\System32\sechost.dll
0x00007ff97d430000 - 0x00007ff97d554000 	C:\WINDOWS\System32\RPCRT4.dll
0x00007ff97b5f0000 - 0x00007ff97b780000 	C:\WINDOWS\System32\USER32.dll
0x00007ff97a3b0000 - 0x00007ff97a3d0000 	C:\WINDOWS\System32\win32u.dll
0x00007ff97b840000 - 0x00007ff97b868000 	C:\WINDOWS\System32\GDI32.dll
0x00007ff97b2d0000 - 0x00007ff97b462000 	C:\WINDOWS\System32\gdi32full.dll
0x00007ff97a4d0000 - 0x00007ff97a56f000 	C:\WINDOWS\System32\msvcp_win.dll
0x00007ff97a3d0000 - 0x00007ff97a4ca000 	C:\WINDOWS\System32\ucrtbase.dll
0x00007ff96cf10000 - 0x00007ff96d179000 	C:\WINDOWS\WinSxS\amd64_microsoft.windows.common-controls_6595b64144ccf1df_6.0.17134.590_none_fb3d9bff3069e088\COMCTL32.dll
0x00007ff97da30000 - 0x00007ff97dd52000 	C:\WINDOWS\System32\combase.dll
0x00007ff97b1a0000 - 0x00007ff97b21a000 	C:\WINDOWS\System32\bcryptPrimitives.dll
0x00007ff97d8b0000 - 0x00007ff97d8dd000 	C:\WINDOWS\System32\IMM32.DLL
0x000000005d4e0000 - 0x000000005d5b2000 	C:\Program Files\Android\Android Studio\jre\jre\bin\msvcr100.dll
0x000000005d6a0000 - 0x000000005dee1000 	C:\Program Files\Android\Android Studio\jre\jre\bin\server\jvm.dll
0x00007ff97d3c0000 - 0x00007ff97d3c8000 	C:\WINDOWS\System32\PSAPI.DLL
0x00007ff973f00000 - 0x00007ff973f23000 	C:\WINDOWS\SYSTEM32\WINMM.dll
0x00007ff96bb40000 - 0x00007ff96bb49000 	C:\WINDOWS\SYSTEM32\WSOCK32.dll
0x00007ff96c2b0000 - 0x00007ff96c2ba000 	C:\WINDOWS\SYSTEM32\VERSION.dll
0x00007ff97d350000 - 0x00007ff97d3bc000 	C:\WINDOWS\System32\WS2_32.dll
0x00007ff973ed0000 - 0x00007ff973efa000 	C:\WINDOWS\SYSTEM32\WINMMBASE.dll
0x00007ff97a5d0000 - 0x00007ff97a619000 	C:\WINDOWS\System32\cfgmgr32.dll
0x00007ff96bff0000 - 0x00007ff96bfff000 	C:\Program Files\Android\Android Studio\jre\jre\bin\verify.dll
0x00007ff94de00000 - 0x00007ff94de29000 	C:\Program Files\Android\Android Studio\jre\jre\bin\java.dll
0x00007ff958a30000 - 0x00007ff958a46000 	C:\Program Files\Android\Android Studio\jre\jre\bin\zip.dll
0x00007ff97b870000 - 0x00007ff97ccb0000 	C:\WINDOWS\System32\SHELL32.dll
0x00007ff97b470000 - 0x00007ff97b519000 	C:\WINDOWS\System32\shcore.dll
0x00007ff97a620000 - 0x00007ff97ad2d000 	C:\WINDOWS\System32\windows.storage.dll
0x00007ff97d6f0000 - 0x00007ff97d741000 	C:\WINDOWS\System32\shlwapi.dll
0x00007ff97a370000 - 0x00007ff97a381000 	C:\WINDOWS\System32\kernel.appcore.dll
0x00007ff97a350000 - 0x00007ff97a36f000 	C:\WINDOWS\System32\profapi.dll
0x00007ff97a300000 - 0x00007ff97a34c000 	C:\WINDOWS\System32\powrprof.dll
0x00007ff97a2f0000 - 0x00007ff97a2fa000 	C:\WINDOWS\System32\FLTLIB.DLL
0x00007ff957fc0000 - 0x00007ff957fda000 	C:\Program Files\Android\Android Studio\jre\jre\bin\net.dll
0x00007ff979b70000 - 0x00007ff979bd6000 	C:\WINDOWS\system32\mswsock.dll
0x00007ff957b30000 - 0x00007ff957b41000 	C:\Program Files\Android\Android Studio\jre\jre\bin\nio.dll
0x00007ff96ffa0000 - 0x00007ff96ffbe000 	C:\Users\Administrator\.gradle\native\25\windows-amd64\native-platform.dll
0x00007ff96bec0000 - 0x00007ff96becd000 	C:\Program Files\Android\Android Studio\jre\jre\bin\management.dll
0x00007ff979d20000 - 0x00007ff979d37000 	C:\WINDOWS\SYSTEM32\CRYPTSP.dll
0x00007ff979750000 - 0x00007ff979783000 	C:\WINDOWS\system32\rsaenh.dll
0x00007ff979e50000 - 0x00007ff979e75000 	C:\WINDOWS\SYSTEM32\bcrypt.dll
0x00007ff97a1f0000 - 0x00007ff97a218000 	C:\WINDOWS\SYSTEM32\USERENV.dll
0x00007ff979d40000 - 0x00007ff979d4b000 	C:\WINDOWS\SYSTEM32\CRYPTBASE.dll
0x00007ff9798f0000 - 0x00007ff979928000 	C:\WINDOWS\SYSTEM32\IPHLPAPI.DLL
0x00007ff97d560000 - 0x00007ff97d568000 	C:\WINDOWS\System32\NSI.dll
0x00007ff972e30000 - 0x00007ff972e46000 	C:\WINDOWS\SYSTEM32\dhcpcsvc6.DLL
0x00007ff9732d0000 - 0x00007ff9732ea000 	C:\WINDOWS\SYSTEM32\dhcpcsvc.DLL

VM Arguments:
jvm_args: -Xmx1536m -Dfile.encoding=x-windows-949 -Duser.country=KR -Duser.language=ko -Duser.variant 
java_command: org.gradle.launcher.daemon.bootstrap.GradleDaemon 4.10.1
java_class_path (initial): C:\Users\Administrator\.gradle\wrapper\dists\gradle-4.10.1-all\455itskqi2qtf0v2sja68alqd\gradle-4.10.1\lib\gradle-launcher-4.10.1.jar
Launcher Type: SUN_STANDARD

Environment Variables:
JAVA_HOME=C:\Program Files\Java\jdk1.8.0_191
PATH=C:\Program Files (x86)\NAT Service;C:\Program Files\Java\jdk1.8.0_191\bin;C:\oraclexe\app\oracle\product\11.2.0\server\bin;C:\Program Files (x86)\Intel\iCLS Client\;C:\Program Files\Intel\iCLS Client\;C:\WINDOWS\system32;C:\WINDOWS;C:\WINDOWS\System32\Wbem;C:\WINDOWS\System32\WindowsPowerShell\v1.0\;C:\Program Files (x86)\Intel\OpenCL SDK\3.0\bin\x86;C:\Program Files (x86)\Intel\OpenCL SDK\3.0\bin\x64;C:\Program Files\Intel\Intel(R) Management Engine Components\DAL;C:\Program Files\Intel\Intel(R) Management Engine Components\IPT;C:\Program Files (x86)\Intel\Intel(R) Management Engine Components\DAL;C:\Program Files (x86)\Intel\Intel(R) Management Engine Components\IPT;C:\Program Files\Intel\WiFi\bin\;C:\Program Files\Common Files\Intel\WirelessCommon\;C:\WINDOWS\system32\config\systemprofile\.dnx\bin;C:\Program Files\Microsoft DNX\Dnvm\;C:\Program Files\Microsoft SQL Server\130\Tools\Binn\;C:\Program Files (x86)\Windows Kits\8.1\Windows Performance Toolkit\;C:\WINDOWS\System32\OpenSSH\;C:\Program Files\Git\cmd;C:\Program Files\nodejs\;C:\Program Files\Intel\WiFi\bin\;C:\Program Files\Common Files\Intel\WirelessCommon\;C:\Users\Administrator\AppData\Local\Microsoft\WindowsApps;C:\Users\Administrator\AppData\Local\GitHubDesktop\bin;C:\Users\Administrator\AppData\Roaming\npm;C:\Users\Administrator\AppData\Local\Programs\Microsoft VS Code\bin
USERNAME=Administrator
OS=Windows_NT
PROCESSOR_IDENTIFIER=Intel64 Family 6 Model 69 Stepping 1, GenuineIntel



---------------  S Y S T E M  ---------------

OS: Windows 10.0 , 64 bit Build 17134 (10.0.17134.556)

CPU:total 4 (initial active 4) (2 cores per cpu, 2 threads per core) family 6 model 69 stepping 1, cmov, cx8, fxsr, mmx, sse, sse2, sse3, ssse3, sse4.1, sse4.2, popcnt, avx, avx2, aes, clmul, erms, lzcnt, ht, tsc, tscinvbit, bmi1, bmi2

Memory: 4k page, physical 4099872k(374648k free), swap 6197024k(5944k free)

vm_info: OpenJDK 64-Bit Server VM (25.152-b01) for windows-amd64 JRE (1.8.0_152-release-1248-b01), built by "builder" with MS VC++ 10.0 (VS2010)

time: Thu Feb 28 11:59:45 2019
elapsed time: 4574 seconds (0d 1h 16m 14s)

