#
# There is insufficient memory for the Java Runtime Environment to continue.
# Native memory allocation (malloc) failed to allocate 456336 bytes for Chunk::new
# Possible reasons:
#   The system is out of physical RAM or swap space
#   In 32 bit mode, the process size limit was hit
# Possible solutions:
#   Reduce memory load on the system
#   Increase physical memory or swap space
#   Check if swap backing store is full
#   Use 64 bit Java on a 64 bit OS
#   Decrease Java heap size (-Xmx/-Xms)
#   Decrease number of Java threads
#   Decrease Java thread stack sizes (-Xss)
#   Set larger code cache with -XX:ReservedCodeCacheSize=
# This output file may be truncated or incomplete.
#
#  Out of Memory Error (allocation.cpp:390), pid=12936, tid=0x0000000000002de8
#
# JRE version: OpenJDK Runtime Environment (8.0_152-b01) (build 1.8.0_152-release-1248-b01)
# Java VM: OpenJDK 64-Bit Server VM (25.152-b01 mixed mode windows-amd64 compressed oops)
# Failed to write core dump. Minidumps are not enabled by default on client versions of Windows
#

---------------  T H R E A D  ---------------

Current thread (0x0000000016e7e800):  JavaThread "C2 CompilerThread0" daemon [_thread_in_native, id=11752, stack(0x00000000187e0000,0x00000000188e0000)]

Stack: [0x00000000187e0000,0x00000000188e0000]
[error occurred during error reporting (printing stack bounds), id 0xc0000005]

Native frames: (J=compiled Java code, j=interpreted, Vv=VM code, C=native code)


Current CompileTask:
C2: 354808 14852       4       com.android.tools.r8.dex.DebugBytecodeWriter::generate (120 bytes)


---------------  P R O C E S S  ---------------

Java Threads: ( => current thread )
  0x000000001914c000 JavaThread "ForkJoinPool-2-worker-0" daemon [_thread_in_vm, id=3164, stack(0x0000000029640000,0x0000000029740000)]
  0x000000001914f000 JavaThread "ForkJoinPool-2-worker-3" daemon [_thread_blocked, id=8256, stack(0x0000000029540000,0x0000000029640000)]
  0x000000001914b800 JavaThread "ForkJoinPool-2-worker-2" daemon [_thread_blocked, id=9260, stack(0x0000000029440000,0x0000000029540000)]
  0x000000001914d000 JavaThread "ForkJoinPool-2-worker-1" daemon [_thread_blocked, id=4904, stack(0x0000000029340000,0x0000000029440000)]
  0x000000001c997800 JavaThread "ForkJoinPool.commonPool-worker-0" daemon [_thread_blocked, id=10280, stack(0x0000000029240000,0x0000000029340000)]
  0x000000001a7f0800 JavaThread "Cache worker for Java compile cache (C:\Users\Administrator\Documents\GitHub\HellgaramMobileApp\.gradle\4.10.1\javaCompile)" [_thread_blocked, id=2252, stack(0x0000000029140000,0x0000000029240000)]
  0x000000001a7f0000 JavaThread "stdout" daemon [_thread_in_native, id=9160, stack(0x0000000029040000,0x0000000029140000)]
  0x000000001a7ef000 JavaThread "stderr" daemon [_thread_in_native, id=11640, stack(0x0000000028f40000,0x0000000029040000)]
  0x000000001a7f1800 JavaThread "stdout" daemon [_thread_in_native, id=3008, stack(0x0000000028e40000,0x0000000028f40000)]
  0x000000001c999000 JavaThread "stderr" daemon [_thread_in_native, id=9972, stack(0x0000000028d40000,0x0000000028e40000)]
  0x000000001c998800 JavaThread "pool-4-thread-1" [_thread_blocked, id=4416, stack(0x0000000028c40000,0x0000000028d40000)]
  0x000000001c992800 JavaThread "ForkJoinPool.commonPool-worker-3" daemon [_thread_blocked, id=10520, stack(0x0000000028b40000,0x0000000028c40000)]
  0x000000001c994800 JavaThread "Cache worker for Build Output Cleanup Cache (C:\Users\Administrator\Documents\GitHub\HellgaramMobileApp\.gradle\buildOutputCleanup)" [_thread_blocked, id=1924, stack(0x0000000028840000,0x0000000028940000)]
  0x000000001c996000 JavaThread "Cache worker for task history cache (C:\Users\Administrator\Documents\GitHub\HellgaramMobileApp\.gradle\4.10.1\taskHistory)" [_thread_blocked, id=13284, stack(0x0000000028740000,0x0000000028840000)]
  0x000000001c98b800 JavaThread "Task worker for ':' Thread 3" [_thread_blocked, id=6340, stack(0x0000000028640000,0x0000000028740000)]
  0x000000001c991800 JavaThread "Task worker for ':' Thread 2" [_thread_blocked, id=392, stack(0x0000000028540000,0x0000000028640000)]
  0x000000001c98e000 JavaThread "Task worker for ':'" [_thread_blocked, id=12648, stack(0x0000000028440000,0x0000000028540000)]
  0x000000001c98a000 JavaThread "Cache worker for file content cache (C:\Users\Administrator\Documents\GitHub\HellgaramMobileApp\.gradle\4.10.1\fileContent)" [_thread_blocked, id=836, stack(0x0000000028340000,0x0000000028440000)]
  0x000000001c990000 JavaThread "Build operations Thread 4" [_thread_blocked, id=9792, stack(0x0000000028240000,0x0000000028340000)]
  0x0000000019f25800 JavaThread "Build operations Thread 3" [_thread_blocked, id=6116, stack(0x0000000028140000,0x0000000028240000)]
  0x0000000019f26800 JavaThread "Build operations Thread 2" [_thread_blocked, id=11700, stack(0x0000000028040000,0x0000000028140000)]
  0x0000000019f25000 JavaThread "Build operations" [_thread_blocked, id=12804, stack(0x0000000027f40000,0x0000000028040000)]
  0x0000000019f24000 JavaThread "Cache worker for cache directory md-rule (C:\Users\Administrator\.gradle\caches\4.10.1\md-rule)" [_thread_blocked, id=3332, stack(0x0000000027e40000,0x0000000027f40000)]
  0x0000000019f1c800 JavaThread "Cache worker for cache directory md-supplier (C:\Users\Administrator\.gradle\caches\4.10.1\md-supplier)" [_thread_blocked, id=7752, stack(0x0000000027d40000,0x0000000027e40000)]
  0x0000000019f1b800 JavaThread "Cache worker for file hash cache (C:\Users\Administrator\Documents\GitHub\HellgaramMobileApp\.gradle\4.10.1\fileHashes)" [_thread_blocked, id=11976, stack(0x0000000027c40000,0x0000000027d40000)]
  0x0000000019f22800 JavaThread "Stdin handler" [_thread_blocked, id=1348, stack(0x0000000027b40000,0x0000000027c40000)]
  0x0000000019f1b000 JavaThread "Asynchronous log dispatcher for DefaultDaemonConnection: socket connection from /127.0.0.1:52099 to /127.0.0.1:52120" [_thread_blocked, id=8344, stack(0x0000000027a40000,0x0000000027b40000)]
  0x0000000019f21800 JavaThread "Daemon worker Thread 2" [_thread_blocked, id=292, stack(0x0000000027940000,0x0000000027a40000)]
  0x0000000019f1f800 JavaThread "Cancel handler" [_thread_blocked, id=10308, stack(0x0000000027840000,0x0000000027940000)]
  0x0000000019f1e000 JavaThread "Handler for socket connection from /127.0.0.1:52099 to /127.0.0.1:52120" [_thread_in_native, id=6432, stack(0x0000000027740000,0x0000000027840000)]
  0x0000000019f1a000 JavaThread "Daemon Thread 2" [_thread_blocked, id=6568, stack(0x0000000027640000,0x0000000027740000)]
  0x0000000019f19800 JavaThread "pool-1-thread-1" [_thread_blocked, id=6996, stack(0x0000000027540000,0x0000000027640000)]
  0x0000000019f18000 JavaThread "Cache worker for Java compile cache (C:\Users\Administrator\.gradle\caches\4.10.1\javaCompile)" [_thread_blocked, id=5800, stack(0x0000000023920000,0x0000000023a20000)]
  0x000000001c98f800 JavaThread "Cache worker for file content cache (C:\Users\Administrator\.gradle\caches\4.10.1\fileContent)" [_thread_blocked, id=13036, stack(0x0000000022410000,0x0000000022510000)]
  0x000000001c98c800 JavaThread "Memory manager" [_thread_blocked, id=5244, stack(0x0000000022310000,0x0000000022410000)]
  0x000000001a7f3000 JavaThread "Cache worker for Artifact transforms cache (C:\Users\Administrator\.gradle\caches\transforms-1)" [_thread_blocked, id=6828, stack(0x0000000020340000,0x0000000020440000)]
  0x000000001a7ec000 JavaThread "Cache worker for journal cache (C:\Users\Administrator\.gradle\caches\journal-1)" [_thread_blocked, id=10116, stack(0x000000001d630000,0x000000001d730000)]
  0x000000001a059800 JavaThread "File lock request listener" [_thread_in_native, id=5844, stack(0x000000001c460000,0x000000001c560000)]
  0x000000001a32c000 JavaThread "Cache worker for file hash cache (C:\Users\Administrator\.gradle\caches\4.10.1\fileHashes)" [_thread_blocked, id=5684, stack(0x000000001c360000,0x000000001c460000)]
  0x000000001997c800 JavaThread "Daemon periodic checks" [_thread_blocked, id=936, stack(0x000000001b860000,0x000000001b960000)]
  0x0000000019977000 JavaThread "Incoming local TCP Connector on port 52099" [_thread_in_native, id=10924, stack(0x000000001b680000,0x000000001b780000)]
  0x0000000018263000 JavaThread "Service Thread" daemon [_thread_blocked, id=10724, stack(0x0000000018ae0000,0x0000000018be0000)]
  0x00000000181f4000 JavaThread "C1 CompilerThread2" daemon [_thread_blocked, id=9096, stack(0x00000000189e0000,0x0000000018ae0000)]
  0x0000000016ecb000 JavaThread "C2 CompilerThread1" daemon [_thread_in_native, id=12932, stack(0x00000000188e0000,0x00000000189e0000)]
=>0x0000000016e7e800 JavaThread "C2 CompilerThread0" daemon [_thread_in_native, id=11752, stack(0x00000000187e0000,0x00000000188e0000)]
  0x0000000016e7d000 JavaThread "Attach Listener" daemon [_thread_blocked, id=6928, stack(0x00000000186e0000,0x00000000187e0000)]
  0x00000000181e8800 JavaThread "Signal Dispatcher" daemon [_thread_blocked, id=6256, stack(0x00000000185e0000,0x00000000186e0000)]
  0x000000000345c000 JavaThread "Finalizer" daemon [_thread_blocked, id=968, stack(0x00000000180e0000,0x00000000181e0000)]
  0x0000000003450800 JavaThread "Reference Handler" daemon [_thread_blocked, id=7732, stack(0x0000000017fe0000,0x00000000180e0000)]
  0x0000000003362800 JavaThread "main" [_thread_blocked, id=12380, stack(0x0000000002ea0000,0x0000000002fa0000)]

Other Threads:
  0x0000000016e37800 VMThread [stack: 0x0000000017ee0000,0x0000000017fe0000] [id=12124]
  0x000000001826c000 WatcherThread [stack: 0x0000000018be0000,0x0000000018ce0000] [id=12732]

VM state:not at safepoint (normal execution)

VM Mutex/Monitor currently owned by a thread: None

Heap:
 PSYoungGen      total 210944K, used 126555K [0x00000000e0000000, 0x00000000f0400000, 0x0000000100000000)
  eden space 182272K, 57% used [0x00000000e0000000,0x00000000e66088e0,0x00000000eb200000)
  from space 28672K, 76% used [0x00000000eb200000,0x00000000ec78e658,0x00000000ece00000)
  to   space 30720K, 0% used [0x00000000ee600000,0x00000000ee600000,0x00000000f0400000)
 ParOldGen       total 140800K, used 75397K [0x00000000a0000000, 0x00000000a8980000, 0x00000000e0000000)
  object space 140800K, 53% used [0x00000000a0000000,0x00000000a49a15e0,0x00000000a8980000)
 Metaspace       used 83095K, capacity 86002K, committed 86144K, reserved 1124352K
  class space    used 10761K, capacity 11382K, committed 11392K, reserved 1048576K

Card table byte_map: [0x00000000128c0000,0x0000000012bd0000] byte_map_base: 0x00000000123c0000

Marking Bits: (ParMarkBitMap*) 0x00000000692e5aa0
 Begin Bits: [0x00000000131d0000, 0x00000000149d0000)
 End Bits:   [0x00000000149d0000, 0x00000000161d0000)

Polling page: 0x0000000001100000

CodeCache: size=245760Kb used=39646Kb max_used=39667Kb free=206113Kb
 bounds [0x0000000003500000, 0x0000000005bf0000, 0x0000000012500000]
 total_blobs=13403 nmethods=12538 adapters=774
 compilation: enabled

Compilation events (10 events):
Event: 354.634 Thread 0x00000000181f4000 14905 %     3       com.android.tools.r8.code.FillArrayDataPayload::write @ 26 (53 bytes)
Event: 354.635 Thread 0x00000000181f4000 nmethod 14905% 0x0000000005bd8910 code [0x0000000005bd8b00, 0x0000000005bd9628]
Event: 354.635 Thread 0x00000000181f4000 14906       3       com.android.tools.r8.code.FillArrayDataPayload::write (53 bytes)
Event: 354.636 Thread 0x00000000181f4000 nmethod 14906 0x0000000005bd9a10 code [0x0000000005bd9c00, 0x0000000005bda688]
Event: 354.656 Thread 0x00000000181f4000 14911 %     3       com.android.tools.r8.utils.EncodedValueUtils::putUnsigned @ 53 (81 bytes)
Event: 354.657 Thread 0x00000000181f4000 nmethod 14911% 0x0000000005bda9d0 code [0x0000000005bdab80, 0x0000000005bdb0a8]
Event: 354.657 Thread 0x00000000181f4000 14912       3       com.android.tools.r8.utils.EncodedValueUtils::putUnsigned (81 bytes)
Event: 354.657 Thread 0x00000000181f4000 nmethod 14912 0x0000000005bdb350 code [0x0000000005bdb500, 0x0000000005bdb9c8]
Event: 354.659 Thread 0x00000000181f4000 14913       2       com.android.tools.r8.graph.DexValue$DexValueMethod::writeTo (7 bytes)
Event: 354.659 Thread 0x00000000181f4000 nmethod 14913 0x0000000005bdbc50 code [0x0000000005bdbdc0, 0x0000000005bdbf28]

GC Heap History (10 events):
Event: 35.337 GC heap before
{Heap before GC invocations=23 (full 3):
 PSYoungGen      total 157184K, used 151283K [0x00000000e0000000, 0x00000000ec400000, 0x0000000100000000)
  eden space 142848K, 100% used [0x00000000e0000000,0x00000000e8b80000,0x00000000e8b80000)
  from space 14336K, 58% used [0x00000000e8b80000,0x00000000e93bcff8,0x00000000e9980000)
  to   space 14336K, 0% used [0x00000000eb600000,0x00000000eb600000,0x00000000ec400000)
 ParOldGen       total 73728K, used 33291K [0x00000000a0000000, 0x00000000a4800000, 0x00000000e0000000)
  object space 73728K, 45% used [0x00000000a0000000,0x00000000a2082e08,0x00000000a4800000)
 Metaspace       used 75424K, capacity 77834K, committed 77952K, reserved 1116160K
  class space    used 9994K, capacity 10598K, committed 10624K, reserved 1048576K
Event: 35.427 GC heap after
Heap after GC invocations=23 (full 3):
 PSYoungGen      total 173568K, used 14321K [0x00000000e0000000, 0x00000000edc80000, 0x0000000100000000)
  eden space 159232K, 0% used [0x00000000e0000000,0x00000000e0000000,0x00000000e9b80000)
  from space 14336K, 99% used [0x00000000eb600000,0x00000000ec3fc500,0x00000000ec400000)
  to   space 27136K, 0% used [0x00000000e9b80000,0x00000000e9b80000,0x00000000eb600000)
 ParOldGen       total 73728K, used 62717K [0x00000000a0000000, 0x00000000a4800000, 0x00000000e0000000)
  object space 73728K, 85% used [0x00000000a0000000,0x00000000a3d3f548,0x00000000a4800000)
 Metaspace       used 75424K, capacity 77834K, committed 77952K, reserved 1116160K
  class space    used 9994K, capacity 10598K, committed 10624K, reserved 1048576K
}
Event: 35.427 GC heap before
{Heap before GC invocations=24 (full 4):
 PSYoungGen      total 173568K, used 14321K [0x00000000e0000000, 0x00000000edc80000, 0x0000000100000000)
  eden space 159232K, 0% used [0x00000000e0000000,0x00000000e0000000,0x00000000e9b80000)
  from space 14336K, 99% used [0x00000000eb600000,0x00000000ec3fc500,0x00000000ec400000)
  to   space 27136K, 0% used [0x00000000e9b80000,0x00000000e9b80000,0x00000000eb600000)
 ParOldGen       total 73728K, used 62717K [0x00000000a0000000, 0x00000000a4800000, 0x00000000e0000000)
  object space 73728K, 85% used [0x00000000a0000000,0x00000000a3d3f548,0x00000000a4800000)
 Metaspace       used 75424K, capacity 77834K, committed 77952K, reserved 1116160K
  class space    used 9994K, capacity 10598K, committed 10624K, reserved 1048576K
Event: 36.314 GC heap after
Heap after GC invocations=24 (full 4):
 PSYoungGen      total 173568K, used 2028K [0x00000000e0000000, 0x00000000edc80000, 0x0000000100000000)
  eden space 159232K, 0% used [0x00000000e0000000,0x00000000e0000000,0x00000000e9b80000)
  from space 14336K, 14% used [0x00000000eb600000,0x00000000eb7fb368,0x00000000ec400000)
  to   space 27136K, 0% used [0x00000000e9b80000,0x00000000e9b80000,0x00000000eb600000)
 ParOldGen       total 140800K, used 73325K [0x00000000a0000000, 0x00000000a8980000, 0x00000000e0000000)
  object space 140800K, 52% used [0x00000000a0000000,0x00000000a479b5e0,0x00000000a8980000)
 Metaspace       used 75342K, capacity 77608K, committed 77952K, reserved 1116160K
  class space    used 9965K, capacity 10547K, committed 10624K, reserved 1048576K
}
Event: 38.542 GC heap before
{Heap before GC invocations=25 (full 4):
 PSYoungGen      total 173568K, used 161130K [0x00000000e0000000, 0x00000000edc80000, 0x0000000100000000)
  eden space 159232K, 99% used [0x00000000e0000000,0x00000000e9b5f4f0,0x00000000e9b80000)
  from space 14336K, 14% used [0x00000000eb600000,0x00000000eb7fb368,0x00000000ec400000)
  to   space 27136K, 0% used [0x00000000e9b80000,0x00000000e9b80000,0x00000000eb600000)
 ParOldGen       total 140800K, used 73325K [0x00000000a0000000, 0x00000000a8980000, 0x00000000e0000000)
  object space 140800K, 52% used [0x00000000a0000000,0x00000000a479b5e0,0x00000000a8980000)
 Metaspace       used 77323K, capacity 79800K, committed 80000K, reserved 1118208K
  class space    used 10214K, capacity 10805K, committed 10880K, reserved 1048576K
Event: 38.594 GC heap after
Heap after GC invocations=25 (full 4):
 PSYoungGen      total 186368K, used 16128K [0x00000000e0000000, 0x00000000eed00000, 0x0000000100000000)
  eden space 159232K, 0% used [0x00000000e0000000,0x00000000e0000000,0x00000000e9b80000)
  from space 27136K, 59% used [0x00000000e9b80000,0x00000000eab40350,0x00000000eb600000)
  to   space 28160K, 0% used [0x00000000ed180000,0x00000000ed180000,0x00000000eed00000)
 ParOldGen       total 140800K, used 75381K [0x00000000a0000000, 0x00000000a8980000, 0x00000000e0000000)
  object space 140800K, 53% used [0x00000000a0000000,0x00000000a499d5e0,0x00000000a8980000)
 Metaspace       used 77323K, capacity 79800K, committed 80000K, reserved 1118208K
  class space    used 10214K, capacity 10805K, committed 10880K, reserved 1048576K
}
Event: 344.862 GC heap before
{Heap before GC invocations=26 (full 4):
 PSYoungGen      total 186368K, used 175360K [0x00000000e0000000, 0x00000000eed00000, 0x0000000100000000)
  eden space 159232K, 100% used [0x00000000e0000000,0x00000000e9b80000,0x00000000e9b80000)
  from space 27136K, 59% used [0x00000000e9b80000,0x00000000eab40350,0x00000000eb600000)
  to   space 28160K, 0% used [0x00000000ed180000,0x00000000ed180000,0x00000000eed00000)
 ParOldGen       total 140800K, used 75381K [0x00000000a0000000, 0x00000000a8980000, 0x00000000e0000000)
  object space 140800K, 53% used [0x00000000a0000000,0x00000000a499d5e0,0x00000000a8980000)
 Metaspace       used 82404K, capacity 85204K, committed 85376K, reserved 1124352K
  class space    used 10756K, capacity 11379K, committed 11392K, reserved 1048576K
Event: 344.910 GC heap after
Heap after GC invocations=26 (full 4):
 PSYoungGen      total 207360K, used 17144K [0x00000000e0000000, 0x00000000eea00000, 0x0000000100000000)
  eden space 182272K, 0% used [0x00000000e0000000,0x00000000e0000000,0x00000000eb200000)
  from space 25088K, 68% used [0x00000000ed180000,0x00000000ee23e158,0x00000000eea00000)
  to   space 28672K, 0% used [0x00000000eb200000,0x00000000eb200000,0x00000000ece00000)
 ParOldGen       total 140800K, used 75389K [0x00000000a0000000, 0x00000000a8980000, 0x00000000e0000000)
  object space 140800K, 53% used [0x00000000a0000000,0x00000000a499f5e0,0x00000000a8980000)
 Metaspace       used 82404K, capacity 85204K, committed 85376K, reserved 1124352K
  class space    used 10756K, capacity 11379K, committed 11392K, reserved 1048576K
}
Event: 353.152 GC heap before
{Heap before GC invocations=27 (full 4):
 PSYoungGen      total 207360K, used 199416K [0x00000000e0000000, 0x00000000eea00000, 0x0000000100000000)
  eden space 182272K, 100% used [0x00000000e0000000,0x00000000eb200000,0x00000000eb200000)
  from space 25088K, 68% used [0x00000000ed180000,0x00000000ee23e158,0x00000000eea00000)
  to   space 28672K, 0% used [0x00000000eb200000,0x00000000eb200000,0x00000000ece00000)
 ParOldGen       total 140800K, used 75389K [0x00000000a0000000, 0x00000000a8980000, 0x00000000e0000000)
  object space 140800K, 53% used [0x00000000a0000000,0x00000000a499f5e0,0x00000000a8980000)
 Metaspace       used 83022K, capacity 85938K, committed 86144K, reserved 1124352K
  class space    used 10761K, capacity 11382K, committed 11392K, reserved 1048576K
Event: 353.184 GC heap after
Heap after GC invocations=27 (full 4):
 PSYoungGen      total 210944K, used 22073K [0x00000000e0000000, 0x00000000f0400000, 0x0000000100000000)
  eden space 182272K, 0% used [0x00000000e0000000,0x00000000e0000000,0x00000000eb200000)
  from space 28672K, 76% used [0x00000000eb200000,0x00000000ec78e658,0x00000000ece00000)
  to   space 30720K, 0% used [0x00000000ee600000,0x00000000ee600000,0x00000000f0400000)
 ParOldGen       total 140800K, used 75397K [0x00000000a0000000, 0x00000000a8980000, 0x00000000e0000000)
  object space 140800K, 53% used [0x00000000a0000000,0x00000000a49a15e0,0x00000000a8980000)
 Metaspace       used 83022K, capacity 85938K, committed 86144K, reserved 1124352K
  class space    used 10761K, capacity 11382K, committed 11392K, reserved 1048576K
}

Deoptimization events (10 events):
Event: 353.422 Thread 0x000000001914d000 Uncommon trap: reason=unstable_if action=reinterpret pc=0x0000000005b03200 method=java.util.concurrent.ForkJoinPool.helpStealer(Ljava/util/concurrent/ForkJoinPool$WorkQueue;Ljava/util/concurrent/ForkJoinTask;)V @ 44
Event: 354.168 Thread 0x000000001914c000 Uncommon trap: reason=null_check action=make_not_entrant pc=0x0000000004fac500 method=com.android.tools.r8.graph.DexString.computeEquals(Ljava/lang/Object;)Z @ 1
Event: 354.394 Thread 0x000000001914c000 Uncommon trap: reason=array_check action=maybe_recompile pc=0x0000000005adf75c method=java.util.TimSort.mergeHi(IIII)V @ 250
Event: 354.394 Thread 0x000000001914c000 Uncommon trap: reason=array_check action=maybe_recompile pc=0x0000000005b5c310 method=java.util.TimSort.mergeLo(IIII)V @ 133
Event: 354.394 Thread 0x000000001914c000 Uncommon trap: reason=array_check action=maybe_recompile pc=0x0000000005adf75c method=java.util.TimSort.mergeHi(IIII)V @ 250
Event: 354.394 Thread 0x000000001914c000 Uncommon trap: reason=array_check action=maybe_recompile pc=0x0000000005b5c310 method=java.util.TimSort.mergeLo(IIII)V @ 133
Event: 354.400 Thread 0x000000001914c000 Uncommon trap: reason=array_check action=maybe_recompile pc=0x0000000005ab6130 method=java.util.TimSort.mergeLo(IIII)V @ 590
Event: 354.406 Thread 0x000000001914c000 Uncommon trap: reason=array_check action=maybe_recompile pc=0x00000000050becd8 method=java.util.TimSort.mergeHi(IIII)V @ 250
Event: 354.408 Thread 0x000000001914c000 Uncommon trap: reason=array_check action=maybe_recompile pc=0x0000000005ab61d8 method=java.util.TimSort.mergeLo(IIII)V @ 375
Event: 354.444 Thread 0x000000001914c000 Uncommon trap: reason=array_check action=maybe_recompile pc=0x0000000005ab6130 method=java.util.TimSort.mergeLo(IIII)V @ 590

Classes redefined (0 events):
No events

Internal exceptions (10 events):
Event: 352.740 Thread 0x000000001c992800 Exception <a 'sun/nio/fs/WindowsException'> (0x00000000e9890178) thrown at [D:\src\AOSP-openjdk-cygwin\jdk8u\hotspot\src\share\vm\prims\jni.cpp, line 709]
Event: 352.743 Thread 0x000000001c98b800 Exception <a 'sun/nio/fs/WindowsException'> (0x00000000e97f5890) thrown at [D:\src\AOSP-openjdk-cygwin\jdk8u\hotspot\src\share\vm\prims\jni.cpp, line 709]
Event: 352.760 Thread 0x000000001c992800 Exception <a 'sun/nio/fs/WindowsException'> (0x00000000e9895d30) thrown at [D:\src\AOSP-openjdk-cygwin\jdk8u\hotspot\src\share\vm\prims\jni.cpp, line 709]
Event: 352.764 Thread 0x000000001c98b800 Exception <a 'sun/nio/fs/WindowsException'> (0x00000000e97fb8c8) thrown at [D:\src\AOSP-openjdk-cygwin\jdk8u\hotspot\src\share\vm\prims\jni.cpp, line 709]
Event: 352.766 Thread 0x000000001c992800 Exception <a 'sun/nio/fs/WindowsException'> (0x00000000e989cfd0) thrown at [D:\src\AOSP-openjdk-cygwin\jdk8u\hotspot\src\share\vm\prims\jni.cpp, line 709]
Event: 352.771 Thread 0x000000001c98b800 Exception <a 'sun/nio/fs/WindowsException'> (0x00000000e9801a20) thrown at [D:\src\AOSP-openjdk-cygwin\jdk8u\hotspot\src\share\vm\prims\jni.cpp, line 709]
Event: 352.775 Thread 0x000000001c992800 Exception <a 'sun/nio/fs/WindowsException'> (0x00000000e98a28a0) thrown at [D:\src\AOSP-openjdk-cygwin\jdk8u\hotspot\src\share\vm\prims\jni.cpp, line 709]
Event: 352.779 Thread 0x000000001c98b800 Exception <a 'sun/nio/fs/WindowsException'> (0x00000000e980cc50) thrown at [D:\src\AOSP-openjdk-cygwin\jdk8u\hotspot\src\share\vm\prims\jni.cpp, line 709]
Event: 353.118 Thread 0x000000001914d000 Exception <a 'sun/nio/fs/WindowsException'> (0x00000000e9ee7d80) thrown at [D:\src\AOSP-openjdk-cygwin\jdk8u\hotspot\src\share\vm\prims\jni.cpp, line 709]
Event: 354.168 Thread 0x000000001914c000 Implicit null exception at 0x0000000004fac38f to 0x0000000004fac4f1

Events (10 events):
Event: 354.480 Thread 0x000000001914c000 DEOPT PACKING pc=0x0000000003d0b00b sp=0x000000002973f0a0
Event: 354.480 Thread 0x000000001914c000 DEOPT UNPACKING pc=0x00000000035475d0 sp=0x000000002973ede0 mode 0
Event: 354.531 Thread 0x000000001914c000 DEOPT PACKING pc=0x00000000051c39ec sp=0x000000002973ee00
Event: 354.531 Thread 0x000000001914c000 DEOPT UNPACKING pc=0x00000000035475d0 sp=0x000000002973eb40 mode 0
Event: 354.636 Thread 0x000000001914c000 DEOPT PACKING pc=0x00000000051dad63 sp=0x000000002973ed90
Event: 354.636 Thread 0x000000001914c000 DEOPT UNPACKING pc=0x00000000035475d0 sp=0x000000002973eb00 mode 0
Event: 354.646 Thread 0x000000001914c000 DEOPT PACKING pc=0x0000000003d0b00b sp=0x000000002973f0a0
Event: 354.646 Thread 0x000000001914c000 DEOPT UNPACKING pc=0x00000000035475d0 sp=0x000000002973ede0 mode 0
Event: 354.657 Thread 0x000000001914c000 DEOPT PACKING pc=0x00000000051eb56c sp=0x000000002973ecf0
Event: 354.657 Thread 0x000000001914c000 DEOPT UNPACKING pc=0x00000000035475d0 sp=0x000000002973ea28 mode 0


Dynamic libraries:
0x00007ff6399d0000 - 0x00007ff639a01000 	C:\Program Files\Android\Android Studio\jre\bin\java.exe
0x00007ffdc7bd0000 - 0x00007ffdc7db1000 	C:\WINDOWS\SYSTEM32\ntdll.dll
0x00007ffdc50c0000 - 0x00007ffdc5172000 	C:\WINDOWS\System32\KERNEL32.DLL
0x00007ffdc4000000 - 0x00007ffdc4273000 	C:\WINDOWS\System32\KERNELBASE.dll
0x00007ffdc6080000 - 0x00007ffdc6121000 	C:\WINDOWS\System32\ADVAPI32.dll
0x00007ffdc5720000 - 0x00007ffdc57be000 	C:\WINDOWS\System32\msvcrt.dll
0x00007ffdc7b30000 - 0x00007ffdc7b8b000 	C:\WINDOWS\System32\sechost.dll
0x00007ffdc5340000 - 0x00007ffdc5464000 	C:\WINDOWS\System32\RPCRT4.dll
0x00007ffdc51b0000 - 0x00007ffdc5340000 	C:\WINDOWS\System32\USER32.dll
0x00007ffdc4730000 - 0x00007ffdc4750000 	C:\WINDOWS\System32\win32u.dll
0x00007ffdc5c20000 - 0x00007ffdc5c48000 	C:\WINDOWS\System32\GDI32.dll
0x00007ffdc4590000 - 0x00007ffdc4722000 	C:\WINDOWS\System32\gdi32full.dll
0x00007ffdc4470000 - 0x00007ffdc450f000 	C:\WINDOWS\System32\msvcp_win.dll
0x00007ffdc4f10000 - 0x00007ffdc500a000 	C:\WINDOWS\System32\ucrtbase.dll
0x00007ffdb6ea0000 - 0x00007ffdb7109000 	C:\WINDOWS\WinSxS\amd64_microsoft.windows.common-controls_6595b64144ccf1df_6.0.17134.523_none_fb409dd930672a56\COMCTL32.dll
0x00007ffdc5c50000 - 0x00007ffdc5f72000 	C:\WINDOWS\System32\combase.dll
0x00007ffdc4510000 - 0x00007ffdc458a000 	C:\WINDOWS\System32\bcryptPrimitives.dll
0x00007ffdc5180000 - 0x00007ffdc51ad000 	C:\WINDOWS\System32\IMM32.DLL
0x0000000068960000 - 0x0000000068a32000 	C:\Program Files\Android\Android Studio\jre\jre\bin\msvcr100.dll
0x0000000068b20000 - 0x0000000069361000 	C:\Program Files\Android\Android Studio\jre\jre\bin\server\jvm.dll
0x00007ffdc5c10000 - 0x00007ffdc5c18000 	C:\WINDOWS\System32\PSAPI.DLL
0x00007ffdbea90000 - 0x00007ffdbeab3000 	C:\WINDOWS\SYSTEM32\WINMM.dll
0x00007ffdb4ec0000 - 0x00007ffdb4ec9000 	C:\WINDOWS\SYSTEM32\WSOCK32.dll
0x00007ffdc25d0000 - 0x00007ffdc25da000 	C:\WINDOWS\SYSTEM32\VERSION.dll
0x00007ffdc7ac0000 - 0x00007ffdc7b2c000 	C:\WINDOWS\System32\WS2_32.dll
0x00007ffdbea60000 - 0x00007ffdbea8a000 	C:\WINDOWS\SYSTEM32\WINMMBASE.dll
0x00007ffdc5010000 - 0x00007ffdc5059000 	C:\WINDOWS\System32\cfgmgr32.dll
0x00007ffdbc4c0000 - 0x00007ffdbc4cf000 	C:\Program Files\Android\Android Studio\jre\jre\bin\verify.dll
0x00007ffdb74d0000 - 0x00007ffdb74f9000 	C:\Program Files\Android\Android Studio\jre\jre\bin\java.dll
0x00007ffdb7a60000 - 0x00007ffdb7a76000 	C:\Program Files\Android\Android Studio\jre\jre\bin\zip.dll
0x00007ffdc62b0000 - 0x00007ffdc76f0000 	C:\WINDOWS\System32\SHELL32.dll
0x00007ffdc5570000 - 0x00007ffdc5619000 	C:\WINDOWS\System32\shcore.dll
0x00007ffdc4750000 - 0x00007ffdc4e5d000 	C:\WINDOWS\System32\windows.storage.dll
0x00007ffdc5060000 - 0x00007ffdc50b1000 	C:\WINDOWS\System32\shlwapi.dll
0x00007ffdc3f80000 - 0x00007ffdc3f91000 	C:\WINDOWS\System32\kernel.appcore.dll
0x00007ffdc3f60000 - 0x00007ffdc3f7f000 	C:\WINDOWS\System32\profapi.dll
0x00007ffdc3f10000 - 0x00007ffdc3f5c000 	C:\WINDOWS\System32\powrprof.dll
0x00007ffdc3f00000 - 0x00007ffdc3f0a000 	C:\WINDOWS\System32\FLTLIB.DLL
0x00007ffdb63d0000 - 0x00007ffdb63ea000 	C:\Program Files\Android\Android Studio\jre\jre\bin\net.dll
0x00007ffdc3760000 - 0x00007ffdc37c6000 	C:\WINDOWS\system32\mswsock.dll
0x00007ffdb63b0000 - 0x00007ffdb63c1000 	C:\Program Files\Android\Android Studio\jre\jre\bin\nio.dll
0x00007ffdb9e40000 - 0x00007ffdb9e5e000 	C:\Users\Administrator\.gradle\native\25\windows-amd64\native-platform.dll
0x00007ffdbc420000 - 0x00007ffdbc42d000 	C:\Program Files\Android\Android Studio\jre\jre\bin\management.dll
0x00007ffdc3910000 - 0x00007ffdc3927000 	C:\WINDOWS\SYSTEM32\CRYPTSP.dll
0x00007ffdc3340000 - 0x00007ffdc3373000 	C:\WINDOWS\system32\rsaenh.dll
0x00007ffdc3a40000 - 0x00007ffdc3a65000 	C:\WINDOWS\SYSTEM32\bcrypt.dll
0x00007ffdc3e10000 - 0x00007ffdc3e38000 	C:\WINDOWS\SYSTEM32\USERENV.dll
0x00007ffdc3930000 - 0x00007ffdc393b000 	C:\WINDOWS\SYSTEM32\CRYPTBASE.dll
0x00007ffdc34e0000 - 0x00007ffdc3518000 	C:\WINDOWS\SYSTEM32\IPHLPAPI.DLL
0x00007ffdc7b90000 - 0x00007ffdc7b98000 	C:\WINDOWS\System32\NSI.dll
0x00007ffdbbb00000 - 0x00007ffdbbb16000 	C:\WINDOWS\SYSTEM32\dhcpcsvc6.DLL
0x00007ffdbc1e0000 - 0x00007ffdbc1fa000 	C:\WINDOWS\SYSTEM32\dhcpcsvc.DLL

VM Arguments:
jvm_args: -Xmx1536m -Dfile.encoding=x-windows-949 -Duser.country=KR -Duser.language=ko -Duser.variant 
java_command: org.gradle.launcher.daemon.bootstrap.GradleDaemon 4.10.1
java_class_path (initial): C:\Users\Administrator\.gradle\wrapper\dists\gradle-4.10.1-all\455itskqi2qtf0v2sja68alqd\gradle-4.10.1\lib\gradle-launcher-4.10.1.jar
Launcher Type: SUN_STANDARD

Environment Variables:
JAVA_HOME=C:\Program Files\Java\jdk1.8.0_191
PATH=C:\Program Files (x86)\NAT Service;C:\Program Files\Java\jdk1.8.0_191\bin;C:\oraclexe\app\oracle\product\11.2.0\server\bin;C:\Program Files (x86)\Intel\iCLS Client\;C:\Program Files\Intel\iCLS Client\;C:\WINDOWS\system32;C:\WINDOWS;C:\WINDOWS\System32\Wbem;C:\WINDOWS\System32\WindowsPowerShell\v1.0\;C:\Program Files (x86)\Intel\OpenCL SDK\3.0\bin\x86;C:\Program Files (x86)\Intel\OpenCL SDK\3.0\bin\x64;C:\Program Files\Intel\Intel(R) Management Engine Components\DAL;C:\Program Files\Intel\Intel(R) Management Engine Components\IPT;C:\Program Files (x86)\Intel\Intel(R) Management Engine Components\DAL;C:\Program Files (x86)\Intel\Intel(R) Management Engine Components\IPT;C:\Program Files\Intel\WiFi\bin\;C:\Program Files\Common Files\Intel\WirelessCommon\;C:\WINDOWS\system32\config\systemprofile\.dnx\bin;C:\Program Files\Microsoft DNX\Dnvm\;C:\Program Files\Microsoft SQL Server\130\Tools\Binn\;C:\Program Files (x86)\Windows Kits\8.1\Windows Performance Toolkit\;C:\WINDOWS\System32\OpenSSH\;C:\Program Files\Git\cmd;C:\Program Files\nodejs\;C:\Program Files\Intel\WiFi\bin\;C:\Program Files\Common Files\Intel\WirelessCommon\;C:\Users\Administrator\AppData\Local\Microsoft\WindowsApps;C:\Users\Administrator\AppData\Local\GitHubDesktop\bin;C:\Users\Administrator\AppData\Roaming\npm;C:\Users\Administrator\AppData\Local\Programs\Microsoft VS Code\bin
USERNAME=Administrator
OS=Windows_NT
PROCESSOR_IDENTIFIER=Intel64 Family 6 Model 69 Stepping 1, GenuineIntel



---------------  S Y S T E M  ---------------

OS: Windows 10.0 , 64 bit Build 17134 (10.0.17134.1)

CPU:total 4 (initial active 4) (2 cores per cpu, 2 threads per core) family 6 model 69 stepping 1, cmov, cx8, fxsr, mmx, sse, sse2, sse3, ssse3, sse4.1, sse4.2, popcnt, avx, avx2, aes, clmul, erms, lzcnt, ht, tsc, tscinvbit, bmi1, bmi2

Memory: 4k page, physical 4099872k(384640k free), swap 6197024k(5224k free)

vm_info: OpenJDK 64-Bit Server VM (25.152-b01) for windows-amd64 JRE (1.8.0_152-release-1248-b01), built by "builder" with MS VC++ 10.0 (VS2010)

time: Wed Feb 13 02:27:25 2019
elapsed time: 354 seconds (0d 0h 5m 54s)

