#
# There is insufficient memory for the Java Runtime Environment to continue.
# Native memory allocation (malloc) failed to allocate 692896 bytes for Chunk::new
# Possible reasons:
#   The system is out of physical RAM or swap space
#   In 32 bit mode, the process size limit was hit
# Possible solutions:
#   Reduce memory load on the system
#   Increase physical memory or swap space
#   Check if swap backing store is full
#   Use 64 bit Java on a 64 bit OS
#   Decrease Java heap size (-Xmx/-Xms)
#   Decrease number of Java threads
#   Decrease Java thread stack sizes (-Xss)
#   Set larger code cache with -XX:ReservedCodeCacheSize=
# This output file may be truncated or incomplete.
#
#  Out of Memory Error (allocation.cpp:390), pid=9072, tid=0x0000000000002fbc
#
# JRE version: OpenJDK Runtime Environment (8.0_152-b01) (build 1.8.0_152-release-1248-b01)
# Java VM: OpenJDK 64-Bit Server VM (25.152-b01 mixed mode windows-amd64 compressed oops)
# Failed to write core dump. Minidumps are not enabled by default on client versions of Windows
#

---------------  T H R E A D  ---------------

Current thread (0x00000000163fb000):  JavaThread "C2 CompilerThread0" daemon [_thread_in_native, id=12220, stack(0x0000000017cf0000,0x0000000017df0000)]

Stack: [0x0000000017cf0000,0x0000000017df0000]
[error occurred during error reporting (printing stack bounds), id 0xc0000005]

Native frames: (J=compiled Java code, j=interpreted, Vv=VM code, C=native code)


Current CompileTask:
C2:  32897 9406       4       org.gradle.api.internal.file.pattern.PatternMatcherFactory$PathMatcherBackedSpec::isSatisfiedBy (44 bytes)


---------------  P R O C E S S  ---------------

Java Threads: ( => current thread )
  0x000000001ced3800 JavaThread "Cache worker for Java compile cache (C:\Users\Administrator\Documents\GitHub\HellgaramMobileApp\.gradle\4.10.1\javaCompile)" [_thread_blocked, id=892, stack(0x0000000023c50000,0x0000000023d50000)]
  0x000000001ced2800 JavaThread "Cache worker for Java compile cache (C:\Users\Administrator\.gradle\caches\4.10.1\javaCompile)" [_thread_blocked, id=5712, stack(0x0000000023b50000,0x0000000023c50000)]
  0x000000001ced5800 JavaThread "stdout" [_thread_in_native, id=2188, stack(0x0000000023850000,0x0000000023950000)]
  0x000000001ced0800 JavaThread "stderr" [_thread_in_native, id=1912, stack(0x0000000023480000,0x0000000023580000)]
  0x000000001ced2000 JavaThread "pool-2-thread-1" [_thread_blocked, id=676, stack(0x0000000023380000,0x0000000023480000)]
  0x000000001ce61800 JavaThread "Cache worker for Build Output Cleanup Cache (C:\Users\Administrator\Documents\GitHub\HellgaramMobileApp\.gradle\buildOutputCleanup)" [_thread_blocked, id=2408, stack(0x0000000023180000,0x0000000023280000)]
  0x000000001ce64000 JavaThread "Cache worker for task history cache (C:\Users\Administrator\Documents\GitHub\HellgaramMobileApp\.gradle\4.10.1\taskHistory)" [_thread_blocked, id=1180, stack(0x0000000023080000,0x0000000023180000)]
  0x000000001ce64800 JavaThread "Task worker for ':' Thread 3" [_thread_blocked, id=9896, stack(0x0000000022f80000,0x0000000023080000)]
  0x000000001ce5a000 JavaThread "Task worker for ':' Thread 2" [_thread_blocked, id=4856, stack(0x0000000022e80000,0x0000000022f80000)]
  0x000000001ce61000 JavaThread "Task worker for ':'" [_thread_in_native, id=8396, stack(0x0000000022d80000,0x0000000022e80000)]
  0x000000001ce60000 JavaThread "Cache worker for file content cache (C:\Users\Administrator\Documents\GitHub\HellgaramMobileApp\.gradle\4.10.1\fileContent)" [_thread_blocked, id=11520, stack(0x0000000022c80000,0x0000000022d80000)]
  0x000000001ce57800 JavaThread "Cache worker for file content cache (C:\Users\Administrator\.gradle\caches\4.10.1\fileContent)" [_thread_blocked, id=2192, stack(0x0000000022b80000,0x0000000022c80000)]
  0x000000001ce5d000 JavaThread "Memory manager" [_thread_blocked, id=6916, stack(0x0000000022a80000,0x0000000022b80000)]
  0x000000001ce59000 JavaThread "Build operations Thread 4" [_thread_blocked, id=8588, stack(0x00000000212c0000,0x00000000213c0000)]
  0x000000001ce5a800 JavaThread "Build operations Thread 3" [_thread_blocked, id=11820, stack(0x00000000211c0000,0x00000000212c0000)]
  0x000000001ce5d800 JavaThread "Build operations Thread 2" [_thread_blocked, id=10004, stack(0x00000000210c0000,0x00000000211c0000)]
  0x000000001ce5b800 JavaThread "Build operations" [_thread_blocked, id=8736, stack(0x0000000020fc0000,0x00000000210c0000)]
  0x000000001ce5c000 JavaThread "Cache worker for Artifact transforms cache (C:\Users\Administrator\.gradle\caches\transforms-1)" [_thread_blocked, id=8000, stack(0x000000001faf0000,0x000000001fbf0000)]
  0x000000001b7a5800 JavaThread "Cache worker for cache directory md-rule (C:\Users\Administrator\.gradle\caches\4.10.1\md-rule)" [_thread_blocked, id=7380, stack(0x000000001f9f0000,0x000000001faf0000)]
  0x000000001b7a1000 JavaThread "Cache worker for cache directory md-supplier (C:\Users\Administrator\.gradle\caches\4.10.1\md-supplier)" [_thread_blocked, id=2440, stack(0x000000001e670000,0x000000001e770000)]
  0x000000001b79f800 JavaThread "Cache worker for journal cache (C:\Users\Administrator\.gradle\caches\journal-1)" [_thread_blocked, id=1236, stack(0x000000001e270000,0x000000001e370000)]
  0x000000001b7a2800 JavaThread "Cache worker for file hash cache (C:\Users\Administrator\Documents\GitHub\HellgaramMobileApp\.gradle\4.10.1\fileHashes)" [_thread_blocked, id=7968, stack(0x000000001ca40000,0x000000001cb40000)]
  0x000000001b976000 JavaThread "File lock request listener" [_thread_in_native, id=9124, stack(0x000000001c940000,0x000000001ca40000)]
  0x000000001b8b7800 JavaThread "Cache worker for file hash cache (C:\Users\Administrator\.gradle\caches\4.10.1\fileHashes)" [_thread_blocked, id=7292, stack(0x000000001c840000,0x000000001c940000)]
  0x0000000018fa0000 JavaThread "Stdin handler" [_thread_blocked, id=10712, stack(0x000000001b570000,0x000000001b670000)]
  0x0000000018f9f000 JavaThread "Asynchronous log dispatcher for DefaultDaemonConnection: socket connection from /127.0.0.1:56052 to /127.0.0.1:56053" [_thread_blocked, id=7368, stack(0x000000001b470000,0x000000001b570000)]
  0x000000001980e000 JavaThread "Daemon worker" [_thread_blocked, id=11188, stack(0x000000001b370000,0x000000001b470000)]
  0x0000000018e22000 JavaThread "Cancel handler" [_thread_blocked, id=11452, stack(0x000000001b270000,0x000000001b370000)]
  0x0000000019b59000 JavaThread "Handler for socket connection from /127.0.0.1:56052 to /127.0.0.1:56053" [_thread_in_native, id=12260, stack(0x000000001af70000,0x000000001b070000)]
  0x0000000019b55800 JavaThread "Daemon" [_thread_blocked, id=9668, stack(0x000000001ae70000,0x000000001af70000)]
  0x000000001926e800 JavaThread "Daemon periodic checks" [_thread_blocked, id=12532, stack(0x000000001ad70000,0x000000001ae70000)]
  0x000000001926d000 JavaThread "Incoming local TCP Connector on port 56052" [_thread_in_native, id=12052, stack(0x000000001ab90000,0x000000001ac90000)]
  0x000000001777b000 JavaThread "Service Thread" daemon [_thread_blocked, id=5492, stack(0x0000000017ff0000,0x00000000180f0000)]
  0x000000001771b000 JavaThread "C1 CompilerThread2" daemon [_thread_blocked, id=10724, stack(0x0000000017ef0000,0x0000000017ff0000)]
  0x00000000163fe000 JavaThread "C2 CompilerThread1" daemon [_thread_in_native, id=4308, stack(0x0000000017df0000,0x0000000017ef0000)]
=>0x00000000163fb000 JavaThread "C2 CompilerThread0" daemon [_thread_in_native, id=12220, stack(0x0000000017cf0000,0x0000000017df0000)]
  0x00000000176f8800 JavaThread "Attach Listener" daemon [_thread_blocked, id=10536, stack(0x0000000017bf0000,0x0000000017cf0000)]
  0x00000000163b1000 JavaThread "Signal Dispatcher" daemon [_thread_blocked, id=4300, stack(0x0000000017af0000,0x0000000017bf0000)]
  0x0000000016389800 JavaThread "Finalizer" daemon [_thread_blocked, id=11012, stack(0x00000000175f0000,0x00000000176f0000)]
  0x0000000002a23000 JavaThread "Reference Handler" daemon [_thread_blocked, id=11720, stack(0x00000000174f0000,0x00000000175f0000)]
  0x0000000002932800 JavaThread "main" [_thread_blocked, id=10616, stack(0x0000000002780000,0x0000000002880000)]

Other Threads:
  0x0000000016367800 VMThread [stack: 0x00000000173f0000,0x00000000174f0000] [id=12512]
  0x000000001774f800 WatcherThread [stack: 0x00000000180f0000,0x00000000181f0000] [id=9832]

VM state:not at safepoint (normal execution)

VM Mutex/Monitor currently owned by a thread: None

Heap:
 PSYoungGen      total 278528K, used 98858K [0x00000000e0000000, 0x00000000f3080000, 0x0000000100000000)
  eden space 262144K, 31% used [0x00000000e0000000,0x00000000e508fe20,0x00000000f0000000)
  from space 16384K, 99% used [0x00000000f2080000,0x00000000f307aa08,0x00000000f3080000)
  to   space 19456K, 0% used [0x00000000f0a80000,0x00000000f0a80000,0x00000000f1d80000)
 ParOldGen       total 72704K, used 30341K [0x00000000a0000000, 0x00000000a4700000, 0x00000000e0000000)
  object space 72704K, 41% used [0x00000000a0000000,0x00000000a1da14f0,0x00000000a4700000)
 Metaspace       used 66535K, capacity 68234K, committed 68480K, reserved 1107968K
  class space    used 8814K, capacity 9250K, committed 9344K, reserved 1048576K

Card table byte_map: [0x0000000011df0000,0x0000000012100000] byte_map_base: 0x00000000118f0000

Marking Bits: (ParMarkBitMap*) 0x000000006acd5aa0
 Begin Bits: [0x0000000012700000, 0x0000000013f00000)
 End Bits:   [0x0000000013f00000, 0x0000000015700000)

Polling page: 0x0000000000ad0000

CodeCache: size=245760Kb used=28282Kb max_used=28442Kb free=217477Kb
 bounds [0x0000000002a30000, 0x0000000004630000, 0x0000000011a30000]
 total_blobs=9167 nmethods=8348 adapters=731
 compilation: enabled

Compilation events (10 events):
Event: 32.867 Thread 0x000000001771b000 9427       3       org.gradle.api.internal.file.AbstractFileTreeElement::getName (8 bytes)
Event: 32.867 Thread 0x000000001771b000 nmethod 9427 0x0000000003006990 code [0x0000000003006b00, 0x0000000003006e08]
Event: 32.867 Thread 0x000000001771b000 9428       3       org.gradle.api.internal.changedetection.state.SplitFileHasher::hash (43 bytes)
Event: 32.868 Thread 0x000000001771b000 nmethod 9428 0x0000000002fabd10 code [0x0000000002fabec0, 0x0000000002fac458]
Event: 32.868 Thread 0x000000001771b000 9429       3       org.gradle.api.internal.changedetection.state.CachingFileHasher::hash (9 bytes)
Event: 32.868 Thread 0x000000001771b000 nmethod 9429 0x0000000003e6af50 code [0x0000000003e6b100, 0x0000000003e6b578]
Event: 32.874 Thread 0x000000001771b000 9430       3       org.gradle.api.internal.file.DefaultFileVisitDetails::getSize (5 bytes)
Event: 32.874 Thread 0x000000001771b000 nmethod 9430 0x000000000382e310 code [0x000000000382e460, 0x000000000382e5b0]
Event: 32.875 Thread 0x000000001771b000 9431       1       org.gradle.api.internal.changedetection.state.mirror.MerkleDirectorySnapshotBuilder::getResult (5 bytes)
Event: 32.876 Thread 0x000000001771b000 nmethod 9431 0x00000000038b6110 code [0x00000000038b6260, 0x00000000038b6370]

GC Heap History (10 events):
Event: 15.721 GC heap before
{Heap before GC invocations=13 (full 2):
 PSYoungGen      total 141312K, used 129536K [0x00000000e0000000, 0x00000000ed380000, 0x0000000100000000)
  eden space 129536K, 100% used [0x00000000e0000000,0x00000000e7e80000,0x00000000e7e80000)
  from space 11776K, 0% used [0x00000000e8980000,0x00000000e8980000,0x00000000e9500000)
  to   space 11264K, 0% used [0x00000000e7e80000,0x00000000e7e80000,0x00000000e8980000)
 ParOldGen       total 48128K, used 14810K [0x00000000a0000000, 0x00000000a2f00000, 0x00000000e0000000)
  object space 48128K, 30% used [0x00000000a0000000,0x00000000a0e76870,0x00000000a2f00000)
 Metaspace       used 47920K, capacity 48906K, committed 49280K, reserved 1091584K
  class space    used 6484K, capacity 6784K, committed 6784K, reserved 1048576K
Event: 15.743 GC heap after
Heap after GC invocations=13 (full 2):
 PSYoungGen      total 140800K, used 11234K [0x00000000e0000000, 0x00000000eda00000, 0x0000000100000000)
  eden space 129536K, 0% used [0x00000000e0000000,0x00000000e0000000,0x00000000e7e80000)
  from space 11264K, 99% used [0x00000000e7e80000,0x00000000e8978b20,0x00000000e8980000)
  to   space 15360K, 0% used [0x00000000ecb00000,0x00000000ecb00000,0x00000000eda00000)
 ParOldGen       total 48128K, used 21082K [0x00000000a0000000, 0x00000000a2f00000, 0x00000000e0000000)
  object space 48128K, 43% used [0x00000000a0000000,0x00000000a1496a70,0x00000000a2f00000)
 Metaspace       used 47920K, capacity 48906K, committed 49280K, reserved 1091584K
  class space    used 6484K, capacity 6784K, committed 6784K, reserved 1048576K
}
Event: 18.387 GC heap before
{Heap before GC invocations=14 (full 2):
 PSYoungGen      total 140800K, used 140770K [0x00000000e0000000, 0x00000000eda00000, 0x0000000100000000)
  eden space 129536K, 100% used [0x00000000e0000000,0x00000000e7e80000,0x00000000e7e80000)
  from space 11264K, 99% used [0x00000000e7e80000,0x00000000e8978b20,0x00000000e8980000)
  to   space 15360K, 0% used [0x00000000ecb00000,0x00000000ecb00000,0x00000000eda00000)
 ParOldGen       total 48128K, used 21082K [0x00000000a0000000, 0x00000000a2f00000, 0x00000000e0000000)
  object space 48128K, 43% used [0x00000000a0000000,0x00000000a1496a70,0x00000000a2f00000)
 Metaspace       used 55855K, capacity 57390K, committed 57472K, reserved 1099776K
  class space    used 7592K, capacity 8032K, committed 8064K, reserved 1048576K
Event: 18.432 GC heap after
Heap after GC invocations=14 (full 2):
 PSYoungGen      total 204800K, used 12629K [0x00000000e0000000, 0x00000000ed980000, 0x0000000100000000)
  eden space 189952K, 0% used [0x00000000e0000000,0x00000000e0000000,0x00000000eb980000)
  from space 14848K, 85% used [0x00000000ecb00000,0x00000000ed755578,0x00000000ed980000)
  to   space 16384K, 0% used [0x00000000eb980000,0x00000000eb980000,0x00000000ec980000)
 ParOldGen       total 48128K, used 30094K [0x00000000a0000000, 0x00000000a2f00000, 0x00000000e0000000)
  object space 48128K, 62% used [0x00000000a0000000,0x00000000a1d638f8,0x00000000a2f00000)
 Metaspace       used 55855K, capacity 57390K, committed 57472K, reserved 1099776K
  class space    used 7592K, capacity 8032K, committed 8064K, reserved 1048576K
}
Event: 18.822 GC heap before
{Heap before GC invocations=15 (full 2):
 PSYoungGen      total 204800K, used 34243K [0x00000000e0000000, 0x00000000ed980000, 0x0000000100000000)
  eden space 189952K, 11% used [0x00000000e0000000,0x00000000e151b800,0x00000000eb980000)
  from space 14848K, 85% used [0x00000000ecb00000,0x00000000ed755578,0x00000000ed980000)
  to   space 16384K, 0% used [0x00000000eb980000,0x00000000eb980000,0x00000000ec980000)
 ParOldGen       total 48128K, used 30094K [0x00000000a0000000, 0x00000000a2f00000, 0x00000000e0000000)
  object space 48128K, 62% used [0x00000000a0000000,0x00000000a1d638f8,0x00000000a2f00000)
 Metaspace       used 57395K, capacity 58924K, committed 59008K, reserved 1099776K
  class space    used 7840K, capacity 8251K, committed 8320K, reserved 1048576K
Event: 18.852 GC heap after
Heap after GC invocations=15 (full 2):
 PSYoungGen      total 206336K, used 2407K [0x00000000e0000000, 0x00000000f3080000, 0x0000000100000000)
  eden space 189952K, 0% used [0x00000000e0000000,0x00000000e0000000,0x00000000eb980000)
  from space 16384K, 14% used [0x00000000eb980000,0x00000000ebbd9f08,0x00000000ec980000)
  to   space 16384K, 0% used [0x00000000f2080000,0x00000000f2080000,0x00000000f3080000)
 ParOldGen       total 48128K, used 34633K [0x00000000a0000000, 0x00000000a2f00000, 0x00000000e0000000)
  object space 48128K, 71% used [0x00000000a0000000,0x00000000a21d2650,0x00000000a2f00000)
 Metaspace       used 57395K, capacity 58924K, committed 59008K, reserved 1099776K
  class space    used 7840K, capacity 8251K, committed 8320K, reserved 1048576K
}
Event: 18.852 GC heap before
{Heap before GC invocations=16 (full 3):
 PSYoungGen      total 206336K, used 2407K [0x00000000e0000000, 0x00000000f3080000, 0x0000000100000000)
  eden space 189952K, 0% used [0x00000000e0000000,0x00000000e0000000,0x00000000eb980000)
  from space 16384K, 14% used [0x00000000eb980000,0x00000000ebbd9f08,0x00000000ec980000)
  to   space 16384K, 0% used [0x00000000f2080000,0x00000000f2080000,0x00000000f3080000)
 ParOldGen       total 48128K, used 34633K [0x00000000a0000000, 0x00000000a2f00000, 0x00000000e0000000)
  object space 48128K, 71% used [0x00000000a0000000,0x00000000a21d2650,0x00000000a2f00000)
 Metaspace       used 57395K, capacity 58924K, committed 59008K, reserved 1099776K
  class space    used 7840K, capacity 8251K, committed 8320K, reserved 1048576K
Event: 19.206 GC heap after
Heap after GC invocations=16 (full 3):
 PSYoungGen      total 206336K, used 0K [0x00000000e0000000, 0x00000000f3080000, 0x0000000100000000)
  eden space 189952K, 0% used [0x00000000e0000000,0x00000000e0000000,0x00000000eb980000)
  from space 16384K, 0% used [0x00000000eb980000,0x00000000eb980000,0x00000000ec980000)
  to   space 16384K, 0% used [0x00000000f2080000,0x00000000f2080000,0x00000000f3080000)
 ParOldGen       total 72704K, used 29836K [0x00000000a0000000, 0x00000000a4700000, 0x00000000e0000000)
  object space 72704K, 41% used [0x00000000a0000000,0x00000000a1d23308,0x00000000a4700000)
 Metaspace       used 57395K, capacity 58924K, committed 59008K, reserved 1099776K
  class space    used 7840K, capacity 8251K, committed 8320K, reserved 1048576K
}
Event: 29.253 GC heap before
{Heap before GC invocations=17 (full 3):
 PSYoungGen      total 206336K, used 189011K [0x00000000e0000000, 0x00000000f3080000, 0x0000000100000000)
  eden space 189952K, 99% used [0x00000000e0000000,0x00000000eb894ec8,0x00000000eb980000)
  from space 16384K, 0% used [0x00000000eb980000,0x00000000eb980000,0x00000000ec980000)
  to   space 16384K, 0% used [0x00000000f2080000,0x00000000f2080000,0x00000000f3080000)
 ParOldGen       total 72704K, used 29836K [0x00000000a0000000, 0x00000000a4700000, 0x00000000e0000000)
  object space 72704K, 41% used [0x00000000a0000000,0x00000000a1d23308,0x00000000a4700000)
 Metaspace       used 64646K, capacity 66346K, committed 66560K, reserved 1105920K
  class space    used 8701K, capacity 9154K, committed 9216K, reserved 1048576K
Event: 29.312 GC heap after
Heap after GC invocations=17 (full 3):
 PSYoungGen      total 278528K, used 16362K [0x00000000e0000000, 0x00000000f3080000, 0x0000000100000000)
  eden space 262144K, 0% used [0x00000000e0000000,0x00000000e0000000,0x00000000f0000000)
  from space 16384K, 99% used [0x00000000f2080000,0x00000000f307aa08,0x00000000f3080000)
  to   space 19456K, 0% used [0x00000000f0a80000,0x00000000f0a80000,0x00000000f1d80000)
 ParOldGen       total 72704K, used 30341K [0x00000000a0000000, 0x00000000a4700000, 0x00000000e0000000)
  object space 72704K, 41% used [0x00000000a0000000,0x00000000a1da14f0,0x00000000a4700000)
 Metaspace       used 64646K, capacity 66346K, committed 66560K, reserved 1105920K
  class space    used 8701K, capacity 9154K, committed 9216K, reserved 1048576K
}

Deoptimization events (10 events):
Event: 31.021 Thread 0x000000001ce61000 Uncommon trap: reason=class_check action=maybe_recompile pc=0x000000000435fd4c method=com.sun.tools.javac.code.Type$ClassType.allparams()Lcom/sun/tools/javac/util/List; @ 16
Event: 31.022 Thread 0x000000001ce61000 Uncommon trap: reason=class_check action=maybe_recompile pc=0x000000000438bfe8 method=com.sun.tools.javac.code.Types$14.visitClassType(Lcom/sun/tools/javac/code/Type$ClassType;Lcom/sun/tools/javac/code/Symbol;)Lcom/sun/tools/javac/code/Type; @ 82
Event: 31.022 Thread 0x000000001ce61000 Uncommon trap: reason=class_check action=maybe_recompile pc=0x000000000438bfe8 method=com.sun.tools.javac.code.Types$14.visitClassType(Lcom/sun/tools/javac/code/Type$ClassType;Lcom/sun/tools/javac/code/Symbol;)Lcom/sun/tools/javac/code/Type; @ 82
Event: 31.022 Thread 0x000000001ce61000 Uncommon trap: reason=class_check action=maybe_recompile pc=0x000000000438bfe8 method=com.sun.tools.javac.code.Types$14.visitClassType(Lcom/sun/tools/javac/code/Type$ClassType;Lcom/sun/tools/javac/code/Symbol;)Lcom/sun/tools/javac/code/Type; @ 82
Event: 31.022 Thread 0x000000001ce61000 Uncommon trap: reason=class_check action=maybe_recompile pc=0x000000000438bfe8 method=com.sun.tools.javac.code.Types$14.visitClassType(Lcom/sun/tools/javac/code/Type$ClassType;Lcom/sun/tools/javac/code/Symbol;)Lcom/sun/tools/javac/code/Type; @ 82
Event: 31.022 Thread 0x000000001ce61000 Uncommon trap: reason=class_check action=maybe_recompile pc=0x00000000043843fc method=com.sun.tools.javac.code.Types$14.visitClassType(Lcom/sun/tools/javac/code/Type$ClassType;Lcom/sun/tools/javac/code/Symbol;)Lcom/sun/tools/javac/code/Type; @ 82
Event: 31.102 Thread 0x000000001ce61000 Uncommon trap: reason=unstable_if action=reinterpret pc=0x000000000409d910 method=com.sun.tools.javac.util.Convert.chars2utf([CI[BII)I @ 35
Event: 31.102 Thread 0x000000001ce61000 Uncommon trap: reason=unstable_if action=reinterpret pc=0x0000000003ccbd9c method=com.sun.tools.javac.util.Convert.chars2utf([CI[BII)I @ 35
Event: 32.475 Thread 0x000000001ce61000 Uncommon trap: reason=unstable_if action=reinterpret pc=0x0000000003ef7f6c method=com.google.common.collect.MapMakerInternalMap$Segment.drainKeyReferenceQueue()V @ 11
Event: 32.478 Thread 0x000000001ce61000 Uncommon trap: reason=unstable_if action=reinterpret pc=0x0000000003eed7e4 method=com.google.common.collect.MapMakerInternalMap$Segment.drainKeyReferenceQueue()V @ 11

Classes redefined (0 events):
No events

Internal exceptions (10 events):
Event: 20.720 Thread 0x000000001980e000 Exception <a 'java/lang/NoSuchMethodError': <clinit>> (0x00000000e2003450) thrown at [D:\src\AOSP-openjdk-cygwin\jdk8u\hotspot\src\share\vm\prims\jni.cpp, line 1613]
Event: 21.114 Thread 0x000000001ce61000 Exception <a 'java/lang/NoSuchMethodError': <clinit>> (0x00000000e272abd8) thrown at [D:\src\AOSP-openjdk-cygwin\jdk8u\hotspot\src\share\vm\prims\jni.cpp, line 1613]
Event: 21.117 Thread 0x000000001ce61000 Exception <a 'java/lang/NoSuchMethodError': <clinit>> (0x00000000e2734780) thrown at [D:\src\AOSP-openjdk-cygwin\jdk8u\hotspot\src\share\vm\prims\jni.cpp, line 1613]
Event: 21.120 Thread 0x000000001ce61000 Exception <a 'java/lang/NoSuchMethodError': <clinit>> (0x00000000e274aa60) thrown at [D:\src\AOSP-openjdk-cygwin\jdk8u\hotspot\src\share\vm\prims\jni.cpp, line 1613]
Event: 21.121 Thread 0x000000001ce61000 Exception <a 'java/lang/NoSuchMethodError': <clinit>> (0x00000000e2755cf0) thrown at [D:\src\AOSP-openjdk-cygwin\jdk8u\hotspot\src\share\vm\prims\jni.cpp, line 1613]
Event: 22.005 Thread 0x000000001ce61000 Implicit null exception at 0x0000000002f1065e to 0x0000000002f107e1
Event: 23.360 Thread 0x000000001ce5a000 Exception <a 'java/lang/NoSuchMethodError': java.lang.Object.lambda$negate$1(Ljava/lang/Object;)Z> (0x00000000e6ba3e90) thrown at [D:\src\AOSP-openjdk-cygwin\jdk8u\hotspot\src\share\vm\interpreter\linkResolver.cpp, line 584]
Event: 26.438 Thread 0x000000001ce5a000 Exception <a 'java/lang/NoSuchMethodError': java.lang.Object.lambda$comparingInt$7b0bb60$1(Ljava/util/function/ToIntFunction;Ljava/lang/Object;Ljava/lang/Object;)I> (0x00000000e6cc6cf0) thrown at [D:\src\AOSP-openjdk-cygwin\jdk8u\hotspot\src\share\vm\inte
Event: 26.725 Thread 0x000000001ce5a000 Implicit null exception at 0x0000000003ead919 to 0x0000000003eadd01
Event: 26.727 Thread 0x000000001ce5a000 Implicit null exception at 0x0000000003eae25a to 0x0000000003eae631

Events (10 events):
Event: 32.850 loading class org/gradle/api/internal/file/collections/SingletonFileTree
Event: 32.850 loading class org/gradle/api/internal/file/collections/SingletonFileTree done
Event: 32.861 loading class org/gradle/api/internal/file/AbstractFileTree$FilteredFileTreeImpl
Event: 32.861 loading class org/gradle/api/internal/file/AbstractFileTree$FilteredFileTreeImpl done
Event: 32.863 loading class org/gradle/api/internal/changedetection/state/mirror/FileSystemSnapshotBuilder
Event: 32.863 loading class org/gradle/api/internal/changedetection/state/mirror/FileSystemSnapshotBuilder done
Event: 32.863 loading class org/gradle/api/internal/changedetection/state/DefaultFileSystemSnapshotter$4
Event: 32.863 loading class org/gradle/api/internal/changedetection/state/DefaultFileSystemSnapshotter$4 done
Event: 32.865 loading class org/gradle/api/internal/changedetection/state/mirror/FileSystemSnapshotBuilder$DirectoryBuilder
Event: 32.865 loading class org/gradle/api/internal/changedetection/state/mirror/FileSystemSnapshotBuilder$DirectoryBuilder done


Dynamic libraries:
0x00007ff73ff80000 - 0x00007ff73ffb1000 	C:\Program Files\Android\Android Studio\jre\bin\java.exe
0x00007ffdb2ba0000 - 0x00007ffdb2d81000 	C:\WINDOWS\SYSTEM32\ntdll.dll
0x00007ffdb1ed0000 - 0x00007ffdb1f82000 	C:\WINDOWS\System32\KERNEL32.DLL
0x00007ffdaf160000 - 0x00007ffdaf3d3000 	C:\WINDOWS\System32\KERNELBASE.dll
0x00007ffdb2740000 - 0x00007ffdb27e1000 	C:\WINDOWS\System32\ADVAPI32.dll
0x00007ffdb0590000 - 0x00007ffdb062e000 	C:\WINDOWS\System32\msvcrt.dll
0x00007ffdb27f0000 - 0x00007ffdb284b000 	C:\WINDOWS\System32\sechost.dll
0x00007ffdb0050000 - 0x00007ffdb0174000 	C:\WINDOWS\System32\RPCRT4.dll
0x00007ffdb1d40000 - 0x00007ffdb1ed0000 	C:\WINDOWS\System32\USER32.dll
0x00007ffdaf7d0000 - 0x00007ffdaf7f0000 	C:\WINDOWS\System32\win32u.dll
0x00007ffdb1c70000 - 0x00007ffdb1c98000 	C:\WINDOWS\System32\GDI32.dll
0x00007ffdaefc0000 - 0x00007ffdaf152000 	C:\WINDOWS\System32\gdi32full.dll
0x00007ffdaf3e0000 - 0x00007ffdaf47f000 	C:\WINDOWS\System32\msvcp_win.dll
0x00007ffdaf480000 - 0x00007ffdaf57a000 	C:\WINDOWS\System32\ucrtbase.dll
0x00007ffda3a60000 - 0x00007ffda3cc9000 	C:\WINDOWS\WinSxS\amd64_microsoft.windows.common-controls_6595b64144ccf1df_6.0.17134.523_none_fb409dd930672a56\COMCTL32.dll
0x00007ffdb01e0000 - 0x00007ffdb0502000 	C:\WINDOWS\System32\combase.dll
0x00007ffdaff00000 - 0x00007ffdaff7a000 	C:\WINDOWS\System32\bcryptPrimitives.dll
0x00007ffdb1d10000 - 0x00007ffdb1d3d000 	C:\WINDOWS\System32\IMM32.DLL
0x000000006a350000 - 0x000000006a422000 	C:\Program Files\Android\Android Studio\jre\jre\bin\msvcr100.dll
0x000000006a510000 - 0x000000006ad51000 	C:\Program Files\Android\Android Studio\jre\jre\bin\server\jvm.dll
0x00007ffdb1ca0000 - 0x00007ffdb1ca8000 	C:\WINDOWS\System32\PSAPI.DLL
0x00007ffdaa630000 - 0x00007ffdaa653000 	C:\WINDOWS\SYSTEM32\WINMM.dll
0x00007ffd9ff20000 - 0x00007ffd9ff29000 	C:\WINDOWS\SYSTEM32\WSOCK32.dll
0x00007ffdad5a0000 - 0x00007ffdad5aa000 	C:\WINDOWS\SYSTEM32\VERSION.dll
0x00007ffdb1f90000 - 0x00007ffdb1ffc000 	C:\WINDOWS\System32\WS2_32.dll
0x00007ffdaa600000 - 0x00007ffdaa62a000 	C:\WINDOWS\SYSTEM32\WINMMBASE.dll
0x00007ffdaef70000 - 0x00007ffdaefb9000 	C:\WINDOWS\System32\cfgmgr32.dll
0x00007ffda6090000 - 0x00007ffda609f000 	C:\Program Files\Android\Android Studio\jre\jre\bin\verify.dll
0x00007ffd98530000 - 0x00007ffd98559000 	C:\Program Files\Android\Android Studio\jre\jre\bin\java.dll
0x00007ffd97050000 - 0x00007ffd97066000 	C:\Program Files\Android\Android Studio\jre\jre\bin\zip.dll
0x00007ffdb0830000 - 0x00007ffdb1c70000 	C:\WINDOWS\System32\SHELL32.dll
0x00007ffdb2000000 - 0x00007ffdb20a9000 	C:\WINDOWS\System32\shcore.dll
0x00007ffdaf7f0000 - 0x00007ffdafefd000 	C:\WINDOWS\System32\windows.storage.dll
0x00007ffdb1cb0000 - 0x00007ffdb1d01000 	C:\WINDOWS\System32\shlwapi.dll
0x00007ffdaeeb0000 - 0x00007ffdaeec1000 	C:\WINDOWS\System32\kernel.appcore.dll
0x00007ffdaef40000 - 0x00007ffdaef5f000 	C:\WINDOWS\System32\profapi.dll
0x00007ffdaeed0000 - 0x00007ffdaef1c000 	C:\WINDOWS\System32\powrprof.dll
0x00007ffdaef60000 - 0x00007ffdaef6a000 	C:\WINDOWS\System32\FLTLIB.DLL
0x00007ffd96cb0000 - 0x00007ffd96cca000 	C:\Program Files\Android\Android Studio\jre\jre\bin\net.dll
0x00007ffdae730000 - 0x00007ffdae796000 	C:\WINDOWS\system32\mswsock.dll
0x00007ffd95d20000 - 0x00007ffd95d31000 	C:\Program Files\Android\Android Studio\jre\jre\bin\nio.dll
0x00007ffda9420000 - 0x00007ffda943e000 	C:\Users\Administrator\.gradle\native\25\windows-amd64\native-platform.dll
0x00007ffda5a30000 - 0x00007ffda5a3d000 	C:\Program Files\Android\Android Studio\jre\jre\bin\management.dll
0x00007ffdae8e0000 - 0x00007ffdae8f7000 	C:\WINDOWS\SYSTEM32\CRYPTSP.dll
0x00007ffdae310000 - 0x00007ffdae343000 	C:\WINDOWS\system32\rsaenh.dll
0x00007ffdaea10000 - 0x00007ffdaea35000 	C:\WINDOWS\SYSTEM32\bcrypt.dll
0x00007ffdaede0000 - 0x00007ffdaee08000 	C:\WINDOWS\SYSTEM32\USERENV.dll
0x00007ffdae900000 - 0x00007ffdae90b000 	C:\WINDOWS\SYSTEM32\CRYPTBASE.dll
0x00007ffdae4b0000 - 0x00007ffdae4e8000 	C:\WINDOWS\SYSTEM32\IPHLPAPI.DLL
0x00007ffdb2210000 - 0x00007ffdb2218000 	C:\WINDOWS\System32\NSI.dll
0x00007ffda5490000 - 0x00007ffda54a6000 	C:\WINDOWS\SYSTEM32\dhcpcsvc6.DLL
0x00007ffda7930000 - 0x00007ffda794a000 	C:\WINDOWS\SYSTEM32\dhcpcsvc.DLL

VM Arguments:
jvm_args: -Xmx1536m -Dfile.encoding=x-windows-949 -Duser.country=KR -Duser.language=ko -Duser.variant 
java_command: org.gradle.launcher.daemon.bootstrap.GradleDaemon 4.10.1
java_class_path (initial): C:\Users\Administrator\.gradle\wrapper\dists\gradle-4.10.1-all\455itskqi2qtf0v2sja68alqd\gradle-4.10.1\lib\gradle-launcher-4.10.1.jar
Launcher Type: SUN_STANDARD

Environment Variables:
JAVA_HOME=C:\Program Files\Java\jdk1.8.0_191
PATH=C:\Program Files (x86)\NAT Service;C:\Program Files\Java\jdk1.8.0_191\bin;C:\oraclexe\app\oracle\product\11.2.0\server\bin;C:\Program Files (x86)\Intel\iCLS Client\;C:\Program Files\Intel\iCLS Client\;C:\WINDOWS\system32;C:\WINDOWS;C:\WINDOWS\System32\Wbem;C:\WINDOWS\System32\WindowsPowerShell\v1.0\;C:\Program Files (x86)\Intel\OpenCL SDK\3.0\bin\x86;C:\Program Files (x86)\Intel\OpenCL SDK\3.0\bin\x64;C:\Program Files\Intel\Intel(R) Management Engine Components\DAL;C:\Program Files\Intel\Intel(R) Management Engine Components\IPT;C:\Program Files (x86)\Intel\Intel(R) Management Engine Components\DAL;C:\Program Files (x86)\Intel\Intel(R) Management Engine Components\IPT;C:\Program Files\Intel\WiFi\bin\;C:\Program Files\Common Files\Intel\WirelessCommon\;C:\WINDOWS\system32\config\systemprofile\.dnx\bin;C:\Program Files\Microsoft DNX\Dnvm\;C:\Program Files\Microsoft SQL Server\130\Tools\Binn\;C:\Program Files (x86)\Windows Kits\8.1\Windows Performance Toolkit\;C:\WINDOWS\System32\OpenSSH\;C:\Program Files\Git\cmd;C:\Program Files\nodejs\;C:\Program Files\Intel\WiFi\bin\;C:\Program Files\Common Files\Intel\WirelessCommon\;C:\Users\Administrator\AppData\Local\Microsoft\WindowsApps;C:\Users\Administrator\AppData\Local\GitHubDesktop\bin;C:\Users\Administrator\AppData\Roaming\npm;C:\Users\Administrator\AppData\Local\Programs\Microsoft VS Code\bin
USERNAME=Administrator
OS=Windows_NT
PROCESSOR_IDENTIFIER=Intel64 Family 6 Model 69 Stepping 1, GenuineIntel



---------------  S Y S T E M  ---------------

OS: Windows 10.0 , 64 bit Build 17134 (10.0.17134.1)

CPU:total 4 (initial active 4) (2 cores per cpu, 2 threads per core) family 6 model 69 stepping 1, cmov, cx8, fxsr, mmx, sse, sse2, sse3, ssse3, sse4.1, sse4.2, popcnt, avx, avx2, aes, clmul, erms, lzcnt, ht, tsc, tscinvbit, bmi1, bmi2

Memory: 4k page, physical 4099872k(290372k free), swap 6197024k(5476k free)

vm_info: OpenJDK 64-Bit Server VM (25.152-b01) for windows-amd64 JRE (1.8.0_152-release-1248-b01), built by "builder" with MS VC++ 10.0 (VS2010)

time: Wed Feb 13 22:39:47 2019
elapsed time: 32 seconds (0d 0h 0m 32s)

