JvmtiExport can_access_local_variables 0
JvmtiExport can_hotswap_or_post_breakpoint 0
JvmtiExport can_post_on_exceptions 0
# 180 ciObject found
ciMethod java/lang/Object <init> ()V 4097 1 5887851 0 0
ciMethod java/lang/Object getClass ()Ljava/lang/Class; 2049 1 256 0 -1
ciMethod java/lang/Object hashCode ()I 2049 1 256 0 -1
ciMethod java/lang/Object equals (Ljava/lang/Object;)Z 2057 1 50324 0 -1
ciMethod java/util/Arrays hashCode ([Ljava/lang/Object;)I 2121 1505 27880 0 288
ciMethodData java/lang/Object <init> ()V 2 5887882 orig 264 56 173 196 93 0 0 0 0 128 4 208 21 0 0 0 0 32 1 0 0 0 0 0 0 0 0 0 0 0 0 0 0 0 0 0 0 0 0 0 0 0 0 0 0 0 0 0 0 0 0 0 0 0 0 0 0 0 0 0 0 0 0 0 0 0 0 0 0 0 0 0 0 0 0 0 0 0 0 0 0 77 68 79 32 101 120 116 114 97 32 100 97 116 97 32 108 111 99 107 0 0 0 0 0 0 0 0 0 0 0 0 0 0 0 0 0 0 0 0 0 0 0 0 0 0 0 0 0 0 0 0 0 0 0 0 0 0 0 0 0 0 0 0 0 0 0 0 0 0 0 0 0 0 0 0 0 0 0 0 0 0 0 0 0 0 0 0 0 0 0 0 0 0 0 0 0 0 0 0 0 0 0 0 0 1 0 0 0 0 0 0 0 1 0 0 0 0 0 0 0 1 0 0 0 0 0 0 0 0 0 0 0 0 0 0 0 0 2 0 0 81 172 206 2 1 0 0 0 0 0 0 0 0 0 0 0 2 0 0 0 0 0 3 0 1 0 0 0 0 0 0 0 255 255 255 255 0 0 0 0 0 0 0 0 data 0 oops 0
ciMethod com/google/common/base/Objects equal (Ljava/lang/Object;Ljava/lang/Object;)Z 2201 1 41955 0 128
ciMethod com/google/common/base/Objects hashCode ([Ljava/lang/Object;)I 2081 1 22142 0 288
ciMethodData org/gradle/internal/Describables$FixedDescribable equals (Ljava/lang/Object;)Z 2 3474 orig 264 56 173 196 93 0 0 0 0 112 49 222 31 0 0 0 0 80 2 0 0 160 0 0 0 0 0 0 0 0 0 0 0 0 0 0 0 0 0 0 0 0 0 0 0 0 0 0 0 0 0 0 0 0 0 0 0 0 0 0 0 0 0 0 0 0 0 0 0 0 0 0 0 0 0 0 0 0 0 0 0 77 68 79 32 101 120 116 114 97 32 100 97 116 97 32 108 111 99 107 0 0 0 0 0 0 0 0 0 0 0 0 0 0 0 0 0 0 0 0 0 0 0 0 0 0 0 0 0 0 0 0 0 0 0 0 0 0 0 0 0 0 0 0 0 0 0 0 0 0 0 0 0 0 0 0 0 0 0 0 0 0 0 0 0 0 0 0 0 0 0 0 0 0 0 0 0 0 0 0 0 0 0 0 0 0 0 0 0 0 0 0 0 0 0 0 0 0 0 0 0 0 0 0 0 0 0 0 0 0 0 0 0 0 0 0 0 0 2 0 0 145 92 0 0 1 0 0 0 0 0 0 0 0 0 0 0 2 0 0 0 0 0 20 0 2 0 0 0 0 1 0 0 255 255 255 255 7 0 2 0 0 0 0 0 data 32 0x20007 0xb92 0x20 0x0 0x80007 0x0 0xa0 0xb92 0xc0005 0x7 0x19aa22f0 0xb8b 0x0 0x0 0x100005 0x7 0x19aa22f0 0xb3e 0x19aa7f30 0x4d 0x130007 0xb45 0x20 0x4d 0x190004 0x0 0x19aa22f0 0xb45 0x0 0x0 0x250002 0xb45 oops 4 10 org/gradle/internal/Describables$FixedDescribable 16 org/gradle/internal/Describables$FixedDescribable 18 org/gradle/api/internal/artifacts/ivyservice/resolveengine/graph/conflicts/VersionConflictResolutionDetails 26 org/gradle/internal/Describables$FixedDescribable
ciMethod org/gradle/internal/Describables of (Ljava/lang/Object;)Lorg/gradle/internal/DisplayName; 3281 1 6091 0 0
ciMethod org/gradle/internal/component/model/DependencyMetadata getSelector ()Lorg/gradle/api/artifacts/component/ComponentSelector; 0 0 1 0 -1
ciMethod org/gradle/internal/component/model/DependencyMetadata getReason ()Ljava/lang/String; 0 0 1 0 -1
ciMethod org/gradle/api/internal/artifacts/ivyservice/dependencysubstitution/DependencySubstitutionApplicator apply (Lorg/gradle/internal/component/model/DependencyMetadata;)Lorg/gradle/api/internal/artifacts/ivyservice/dependencysubstitution/DependencySubstitutionApplicator$SubstitutionResult; 0 0 1 0 -1
ciMethodData java/util/Arrays hashCode ([Ljava/lang/Object;)I 2 121033 orig 264 56 173 196 93 0 0 0 0 224 176 225 21 0 0 0 0 8 2 0 0 0 0 0 0 0 0 0 0 0 0 0 0 0 0 0 0 0 0 0 0 0 0 0 0 0 0 0 0 0 0 0 0 0 0 0 0 0 0 0 0 0 0 0 0 0 0 0 0 0 0 0 0 0 0 0 0 0 0 0 0 77 68 79 32 101 120 116 114 97 32 100 97 116 97 32 108 111 99 107 0 0 0 0 0 0 0 0 0 0 0 0 0 0 0 0 0 0 0 0 0 0 0 0 0 0 0 0 0 0 0 0 0 0 0 0 0 0 0 0 0 0 0 0 0 1 0 0 0 0 0 0 0 0 0 0 0 0 0 0 0 0 0 0 0 0 0 0 0 0 0 0 0 0 0 0 0 0 0 0 3 0 0 0 0 17 0 0 0 0 0 0 0 0 0 0 0 0 0 0 0 1 0 0 0 0 0 0 0 0 0 0 0 0 0 0 0 8 1 0 0 249 94 3 0 105 192 14 0 10 24 0 0 121 28 0 0 2 0 0 0 1 0 11 0 2 0 0 0 192 0 0 0 255 255 255 255 7 224 1 0 0 0 0 0 data 24 0x1e007 0x5afe 0x20 0x10e8 0x130007 0x5afd 0xa0 0x1d811 0x220007 0x1d64c 0x38 0x1c6 0x260003 0x1c6 0x48 0x2b0005 0x1c144 0x2d07600 0xe76 0x2d07570 0x68e 0x330003 0x1d811 0xffffffffffffff78 oops 2 17 java/lang/Class 19 java/lang/String
ciMethod org/gradle/internal/Describables$AbstractDescribable <init> ()V 3097 1 11963 0 -1
ciMethod org/gradle/internal/Describables$AbstractDescribable <init> (Lorg/gradle/internal/Describables$1;)V 3097 1 11963 0 -1
ciMethod org/gradle/api/artifacts/result/ComponentSelectionDescriptor getCause ()Lorg/gradle/api/artifacts/result/ComponentSelectionCause; 0 0 1 0 -1
ciMethod org/gradle/internal/Describables$FixedDescribable <init> (Ljava/lang/Object;)V 2065 1 4979 0 0
ciMethod org/gradle/internal/Describables$FixedDescribable equals (Ljava/lang/Object;)Z 4097 1 3474 0 0
ciMethod org/gradle/api/internal/artifacts/ivyservice/resolveengine/result/ComponentSelectionDescriptorInternal withReason (Lorg/gradle/api/Describable;)Lorg/gradle/api/internal/artifacts/ivyservice/resolveengine/result/ComponentSelectionDescriptorInternal; 0 0 1 0 -1
ciMethod org/gradle/api/internal/artifacts/ivyservice/resolveengine/result/DefaultComponentSelectionDescriptor <init> (Lorg/gradle/api/artifacts/result/ComponentSelectionCause;Lorg/gradle/api/Describable;)V 1721 1 2856 0 0
ciMethod org/gradle/api/internal/artifacts/ivyservice/resolveengine/result/DefaultComponentSelectionDescriptor getCause ()Lorg/gradle/api/artifacts/result/ComponentSelectionCause; 1089 1 136 0 0
ciMethod org/gradle/api/internal/artifacts/ivyservice/resolveengine/result/DefaultComponentSelectionDescriptor withReason (Lorg/gradle/api/Describable;)Lorg/gradle/api/internal/artifacts/ivyservice/resolveengine/result/ComponentSelectionDescriptorInternal; 1649 1 2794 0 0
ciMethod org/gradle/api/internal/artifacts/ivyservice/dependencysubstitution/DependencySubstitutionApplicator$1 apply (Lorg/gradle/internal/component/model/DependencyMetadata;)Lorg/gradle/api/internal/artifacts/ivyservice/dependencysubstitution/DependencySubstitutionApplicator$SubstitutionResult; 2049 1 5385 0 0
ciMethod org/gradle/api/internal/artifacts/DependencySubstitutionInternal getTarget ()Lorg/gradle/api/artifacts/component/ComponentSelector; 0 0 1 0 -1
ciMethod org/gradle/api/internal/artifacts/DependencySubstitutionInternal getSelectionDescription ()Lorg/gradle/api/internal/artifacts/ivyservice/resolveengine/result/ComponentSelectionDescriptorInternal; 0 0 1 0 -1
ciMethod org/gradle/api/internal/artifacts/DependencySubstitutionInternal isUpdated ()Z 0 0 1 0 -1
ciMethod org/gradle/api/internal/artifacts/ivyservice/resolveengine/graph/builder/NodeState maybeSubstitute (Lorg/gradle/api/internal/artifacts/ivyservice/resolveengine/graph/builder/DependencyState;)Lorg/gradle/api/internal/artifacts/ivyservice/resolveengine/graph/builder/DependencyState; 2049 1 5376 0 -1
ciMethod org/gradle/api/internal/artifacts/ivyservice/resolveengine/graph/builder/ResolveState getDependencySubstitutionApplicator ()Lorg/gradle/api/internal/artifacts/ivyservice/dependencysubstitution/DependencySubstitutionApplicator; 1089 1 136 0 0
ciMethodData com/google/common/base/Objects hashCode ([Ljava/lang/Object;)I 2 22145 orig 264 56 173 196 93 0 0 0 0 232 102 72 27 0 0 0 0 88 1 0 0 0 0 0 0 0 0 0 0 0 0 0 0 0 0 0 0 0 0 0 0 0 0 0 0 0 0 0 0 0 0 0 0 0 0 0 0 0 0 0 0 0 0 0 0 0 0 0 0 0 0 0 0 0 0 0 0 0 0 0 0 77 68 79 32 101 120 116 114 97 32 100 97 116 97 32 108 111 99 107 0 0 0 0 0 0 0 0 0 0 0 0 0 0 0 0 0 0 0 0 0 0 0 0 0 0 0 0 0 0 0 0 0 0 0 0 0 0 0 0 0 0 0 0 0 0 0 0 0 0 0 0 0 0 0 0 0 0 0 0 0 0 0 0 0 0 0 0 0 0 0 0 0 0 0 0 0 0 0 0 0 0 0 0 0 0 0 0 0 0 0 0 0 0 0 0 0 0 0 0 0 0 0 0 0 0 0 0 0 0 0 0 0 0 0 0 0 4 1 0 0 233 171 2 0 1 0 0 0 0 0 0 0 0 0 0 0 2 0 0 0 0 0 3 0 2 0 0 0 16 0 0 0 255 255 255 255 2 0 1 0 0 0 0 0 data 2 0x10002 0x557d oops 0
ciMethodData com/google/common/base/Objects equal (Ljava/lang/Object;Ljava/lang/Object;)Z 2 41955 orig 264 56 173 196 93 0 0 0 0 16 102 72 27 0 0 0 0 248 1 0 0 112 0 0 0 0 0 0 0 0 0 0 0 0 0 0 0 0 0 0 0 0 0 0 0 0 0 0 0 0 0 0 0 0 0 0 0 0 0 0 0 0 0 0 0 0 0 0 0 0 0 0 0 0 0 0 0 0 0 0 0 77 68 79 32 101 120 116 114 97 32 100 97 116 97 32 108 111 99 107 0 0 0 0 0 0 0 0 0 0 0 0 0 0 0 0 0 0 0 0 0 0 0 0 0 0 0 0 0 0 0 0 0 0 0 0 0 0 0 0 0 0 0 0 0 0 0 0 0 0 0 0 0 0 0 0 0 0 0 0 0 0 0 0 0 0 0 0 0 0 0 0 0 0 0 0 0 0 0 0 0 0 0 0 0 0 0 0 0 0 0 0 0 0 0 0 0 0 0 0 0 0 0 0 0 0 0 0 0 0 0 0 0 0 0 0 0 14 1 0 0 129 22 5 0 1 0 0 0 0 0 0 0 0 0 0 0 2 0 0 0 0 0 12 0 2 0 0 0 168 0 0 0 255 255 255 255 7 0 2 0 0 0 0 0 data 21 0x20007 0x5b2c 0x90 0x47a4 0x60007 0x0 0x88 0x47a4 0xb0005 0x15fe 0x2d07570 0x1df6 0x1bb20250 0x13b0 0xe0007 0x288f 0x38 0x1f15 0x120003 0x7a41 0x18 oops 2 10 java/lang/String 12 org/gradle/api/internal/artifacts/DefaultModuleIdentifier
ciMethod org/gradle/api/internal/artifacts/ivyservice/resolveengine/graph/builder/DependencyState getDependency ()Lorg/gradle/internal/component/model/DependencyMetadata; 1641 1 205 0 0
ciMethod org/gradle/api/internal/artifacts/ivyservice/resolveengine/graph/builder/DependencyState withTarget (Lorg/gradle/api/artifacts/component/ComponentSelector;Lorg/gradle/api/internal/artifacts/ivyservice/resolveengine/result/ComponentSelectionDescriptorInternal;)Lorg/gradle/api/internal/artifacts/ivyservice/resolveengine/graph/builder/DependencyState; 0 0 1 0 -1
ciMethod org/gradle/api/internal/artifacts/ivyservice/dependencysubstitution/DefaultDependencySubstitution <init> (Lorg/gradle/api/artifacts/component/ComponentSelector;Ljava/lang/String;)V 2049 1 5385 0 0
ciMethod org/gradle/api/internal/artifacts/ivyservice/dependencysubstitution/DefaultDependencySubstitution isUpdated ()Z 2049 1 5392 0 0
ciMethod org/gradle/api/internal/artifacts/ivyservice/dependencysubstitution/DependencySubstitutionApplicator$SubstitutionResult <init> (Lorg/gradle/api/internal/artifacts/DependencySubstitutionInternal;Ljava/lang/Throwable;)V 2049 1 5392 0 0
ciMethod org/gradle/api/internal/artifacts/ivyservice/dependencysubstitution/DependencySubstitutionApplicator$SubstitutionResult of (Lorg/gradle/api/internal/artifacts/DependencySubstitutionInternal;)Lorg/gradle/api/internal/artifacts/ivyservice/dependencysubstitution/DependencySubstitutionApplicator$SubstitutionResult; 2049 1 5385 0 0
ciMethod org/gradle/api/internal/artifacts/ivyservice/dependencysubstitution/DependencySubstitutionApplicator$SubstitutionResult getResult ()Lorg/gradle/api/internal/artifacts/DependencySubstitutionInternal; 1089 1 136 0 0
ciMethod org/gradle/api/internal/artifacts/ivyservice/dependencysubstitution/DependencySubstitutionApplicator$SubstitutionResult hasFailure ()Z 2049 1 5385 0 0
ciMethodData org/gradle/internal/Describables$AbstractDescribable <init> (Lorg/gradle/internal/Describables$1;)V 2 11963 orig 264 56 173 196 93 0 0 0 0 232 22 215 31 0 0 0 0 56 1 0 0 0 0 0 0 0 0 0 0 0 0 0 0 0 0 0 0 0 0 0 0 0 0 0 0 0 0 0 0 0 0 0 0 0 0 0 0 0 0 0 0 0 0 0 0 0 0 0 0 0 0 0 0 0 0 0 0 0 0 0 0 77 68 79 32 101 120 116 114 97 32 100 97 116 97 32 108 111 99 107 0 0 0 0 0 0 0 0 0 0 0 0 0 0 0 0 0 0 0 0 0 0 0 0 0 0 0 0 0 0 0 0 0 0 0 0 0 0 0 0 0 0 0 0 0 0 0 0 0 0 0 0 0 0 0 0 0 0 0 0 0 0 0 0 0 0 0 0 0 0 0 0 0 0 0 0 0 0 0 0 0 0 0 0 0 0 0 0 0 0 0 0 0 0 0 0 0 0 0 0 0 0 0 0 0 0 0 0 0 0 0 0 0 0 0 0 0 131 1 0 0 193 105 1 0 1 0 0 0 0 0 0 0 0 0 0 0 2 0 0 0 0 0 3 0 2 0 0 0 16 0 0 0 255 255 255 255 2 0 1 0 0 0 0 0 data 2 0x10002 0x2d38 oops 0
ciMethodData org/gradle/internal/Describables$AbstractDescribable <init> ()V 2 11963 orig 264 56 173 196 93 0 0 0 0 152 21 215 31 0 0 0 0 48 1 0 0 0 0 0 0 0 0 0 0 0 0 0 0 0 0 0 0 0 0 0 0 0 0 0 0 0 0 0 0 0 0 0 0 0 0 0 0 0 0 0 0 0 0 0 0 0 0 0 0 0 0 0 0 0 0 0 0 0 0 0 0 77 68 79 32 101 120 116 114 97 32 100 97 116 97 32 108 111 99 107 0 0 0 0 0 0 0 0 0 0 0 0 0 0 0 0 0 0 0 0 0 0 0 0 0 0 0 0 0 0 0 0 0 0 0 0 0 0 0 0 0 0 0 0 0 0 0 0 0 0 0 0 0 0 0 0 0 0 0 0 0 0 0 0 0 0 0 0 0 0 0 0 0 0 0 0 0 0 0 0 0 0 0 0 0 0 0 0 0 0 0 0 0 0 0 0 0 0 0 0 0 0 0 0 0 0 0 0 0 0 0 0 0 0 0 0 0 131 1 0 0 193 105 1 0 1 0 0 0 0 0 0 0 0 0 0 0 2 0 0 0 0 0 3 0 2 0 0 0 16 0 0 0 255 255 255 255 2 0 1 0 0 0 0 0 data 2 0x10002 0x2d38 oops 0
ciMethodData org/gradle/api/internal/artifacts/ivyservice/resolveengine/graph/builder/NodeState maybeSubstitute (Lorg/gradle/api/internal/artifacts/ivyservice/resolveengine/graph/builder/DependencyState;)Lorg/gradle/api/internal/artifacts/ivyservice/resolveengine/graph/builder/DependencyState; 2 5385 orig 264 56 173 196 93 0 0 0 0 184 48 228 31 0 0 0 0 208 3 0 0 64 1 0 0 0 0 0 0 0 0 0 0 0 0 0 0 0 0 0 0 0 0 0 0 0 0 0 0 0 0 0 0 0 0 0 0 0 0 0 0 0 0 0 0 0 0 0 0 0 0 0 0 0 0 0 0 0 0 0 0 77 68 79 32 101 120 116 114 97 32 100 97 116 97 32 108 111 99 107 0 0 0 0 0 0 0 0 0 0 0 0 0 0 0 0 0 0 0 0 0 0 0 0 0 0 0 0 0 0 0 0 0 0 0 0 0 0 0 0 0 0 0 0 0 0 0 0 0 0 0 0 0 0 0 0 0 0 0 0 0 0 0 0 0 0 0 0 0 0 0 0 0 0 0 0 0 0 0 0 0 0 0 0 0 0 0 0 0 0 0 0 0 0 0 0 0 0 0 0 0 0 0 0 0 0 0 0 0 0 0 0 0 0 0 0 0 0 1 0 0 73 160 0 0 1 0 0 0 0 0 0 0 0 0 0 0 2 0 0 0 0 0 18 0 2 0 0 0 128 2 0 0 255 255 255 255 5 0 4 0 0 0 0 0 data 80 0x40005 0x0 0x1db95f60 0x1409 0x0 0x0 0x80005 0x0 0x1db95a50 0x1409 0x0 0x0 0xb0005 0x0 0x1db96010 0x1409 0x0 0x0 0x120005 0x0 0x1db960c0 0x1409 0x0 0x0 0x150007 0x1409 0x90 0x0 0x1e0005 0x0 0x0 0x0 0x0 0x0 0x220005 0x0 0x0 0x0 0x0 0x0 0x250002 0x0 0x2e0005 0x0 0x1db960c0 0x1409 0x0 0x0 0x330007 0x0 0x100 0x1409 0x370005 0x0 0x1db96170 0x1409 0x0 0x0 0x3c0007 0x1409 0xb0 0x0 0x410005 0x0 0x0 0x0 0x0 0x0 0x470005 0x0 0x0 0x0 0x0 0x0 0x4c0005 0x0 0x0 0x0 0x0 0x0 oops 6 2 org/gradle/api/internal/artifacts/ivyservice/resolveengine/graph/builder/ResolveState 8 org/gradle/api/internal/artifacts/ivyservice/resolveengine/graph/builder/DependencyState 14 org/gradle/api/internal/artifacts/ivyservice/dependencysubstitution/DependencySubstitutionApplicator$1 20 org/gradle/api/internal/artifacts/ivyservice/dependencysubstitution/DependencySubstitutionApplicator$SubstitutionResult 44 org/gradle/api/internal/artifacts/ivyservice/dependencysubstitution/DependencySubstitutionApplicator$SubstitutionResult 54 org/gradle/api/internal/artifacts/ivyservice/dependencysubstitution/DefaultDependencySubstitution
ciMethodData org/gradle/api/internal/artifacts/ivyservice/dependencysubstitution/DependencySubstitutionApplicator$1 apply (Lorg/gradle/internal/component/model/DependencyMetadata;)Lorg/gradle/api/internal/artifacts/ivyservice/dependencysubstitution/DependencySubstitutionApplicator$SubstitutionResult; 2 5385 orig 264 56 173 196 93 0 0 0 0 176 204 227 31 0 0 0 0 208 1 0 0 0 0 0 0 0 0 0 0 0 0 0 0 0 0 0 0 0 0 0 0 0 0 0 0 0 0 0 0 0 0 0 0 0 0 0 0 0 0 0 0 0 0 0 0 0 0 0 0 0 0 0 0 0 0 0 0 0 0 0 0 77 68 79 32 101 120 116 114 97 32 100 97 116 97 32 108 111 99 107 0 0 0 0 0 0 0 0 0 0 0 0 0 0 0 0 0 0 0 0 0 0 0 0 0 0 0 0 0 0 0 0 0 0 0 0 0 0 0 0 0 0 0 0 0 0 0 0 0 0 0 0 0 0 0 0 0 0 0 0 0 0 0 0 0 0 0 0 0 0 0 0 0 0 0 0 0 0 0 0 0 0 0 0 0 0 0 0 0 0 0 0 0 0 0 0 0 0 0 0 0 0 0 0 0 0 0 0 0 0 0 0 0 0 0 0 0 0 1 0 0 73 160 0 0 1 0 0 0 0 0 0 0 0 0 0 0 2 0 0 0 0 0 0 0 0 0 0 0 128 0 0 0 255 255 255 255 5 0 5 0 0 0 0 0 data 16 0x50005 0xf0 0x19a7ceb0 0xc59 0x19a7d760 0x6c0 0xb0005 0xf0 0x19a7ceb0 0xc59 0x19a7d760 0x6c0 0x100002 0x1409 0x130002 0x1409 oops 4 2 org/gradle/internal/component/external/model/ConfigurationBoundExternalDependencyMetadata 4 org/gradle/internal/component/model/LocalComponentDependencyMetadata 8 org/gradle/internal/component/external/model/ConfigurationBoundExternalDependencyMetadata 10 org/gradle/internal/component/model/LocalComponentDependencyMetadata
ciMethodData org/gradle/api/internal/artifacts/ivyservice/dependencysubstitution/DefaultDependencySubstitution <init> (Lorg/gradle/api/artifacts/component/ComponentSelector;Ljava/lang/String;)V 2 5385 orig 264 56 173 196 93 0 0 0 0 224 29 232 31 0 0 0 0 224 1 0 0 0 0 0 0 0 0 0 0 0 0 0 0 0 0 0 0 0 0 0 0 0 0 0 0 0 0 0 0 0 0 0 0 0 0 0 0 0 0 0 0 0 0 0 0 0 0 0 0 0 0 0 0 0 0 0 0 0 0 0 0 77 68 79 32 101 120 116 114 97 32 100 97 116 97 32 108 111 99 107 0 0 0 0 0 0 0 0 0 0 0 0 0 0 0 0 0 0 0 0 0 0 0 0 0 0 0 0 0 0 0 0 0 0 0 0 0 0 0 0 0 0 0 0 0 0 0 0 0 0 0 0 0 0 0 0 0 0 0 0 0 0 0 0 0 0 0 0 0 0 0 0 0 0 0 0 0 0 0 0 0 0 0 0 0 0 0 0 0 0 0 0 0 0 0 0 0 0 0 0 0 0 0 0 0 0 0 0 0 0 0 0 0 0 0 0 0 0 1 0 0 73 160 0 0 1 0 0 0 0 0 0 0 0 0 0 0 2 0 0 0 0 0 12 0 2 0 0 0 136 0 0 0 255 255 255 255 2 0 1 0 0 0 0 0 data 17 0x10002 0x1409 0xf0007 0xd49 0x78 0x6c0 0x170002 0x6c0 0x1a0005 0x0 0x19a7fb20 0x6c0 0x0 0x0 0x220003 0x6c0 0x18 oops 1 10 org/gradle/api/internal/artifacts/ivyservice/resolveengine/result/DefaultComponentSelectionDescriptor
ciMethodData org/gradle/api/internal/artifacts/ivyservice/dependencysubstitution/DependencySubstitutionApplicator$SubstitutionResult of (Lorg/gradle/api/internal/artifacts/DependencySubstitutionInternal;)Lorg/gradle/api/internal/artifacts/ivyservice/dependencysubstitution/DependencySubstitutionApplicator$SubstitutionResult; 2 5392 orig 264 56 173 196 93 0 0 0 0 72 42 232 31 0 0 0 0 48 1 0 0 0 0 0 0 0 0 0 0 0 0 0 0 0 0 0 0 0 0 0 0 0 0 0 0 0 0 0 0 0 0 0 0 0 0 0 0 0 0 0 0 0 0 0 0 0 0 0 0 0 0 0 0 0 0 0 0 0 0 0 0 77 68 79 32 101 120 116 114 97 32 100 97 116 97 32 108 111 99 107 0 0 0 0 0 0 0 0 0 0 0 0 0 0 0 0 0 0 0 0 0 0 0 0 0 0 0 0 0 0 0 0 0 0 0 0 0 0 0 0 0 0 0 0 0 0 0 0 0 0 0 0 0 0 0 0 0 0 0 0 0 0 0 0 0 0 0 0 0 0 0 0 0 0 0 0 0 0 0 0 0 0 0 0 0 0 0 0 0 0 0 0 0 0 0 0 0 0 0 0 0 0 0 0 0 0 0 0 0 0 0 0 0 0 0 0 0 0 1 0 0 129 160 0 0 1 0 0 0 0 0 0 0 0 0 0 0 2 0 0 0 0 0 0 0 0 0 0 0 16 0 0 0 255 255 255 255 2 0 6 0 0 0 0 0 data 2 0x60002 0x1410 oops 0
ciMethodData org/gradle/api/internal/artifacts/ivyservice/dependencysubstitution/DependencySubstitutionApplicator$SubstitutionResult <init> (Lorg/gradle/api/internal/artifacts/DependencySubstitutionInternal;Ljava/lang/Throwable;)V 2 5392 orig 264 56 173 196 93 0 0 0 0 160 41 232 31 0 0 0 0 64 1 0 0 0 0 0 0 0 0 0 0 0 0 0 0 0 0 0 0 0 0 0 0 0 0 0 0 0 0 0 0 0 0 0 0 0 0 0 0 0 0 0 0 0 0 0 0 0 0 0 0 0 0 0 0 0 0 0 0 0 0 0 0 77 68 79 32 101 120 116 114 97 32 100 97 116 97 32 108 111 99 107 0 0 0 0 0 0 0 0 0 0 0 0 0 0 0 0 0 0 0 0 0 0 0 0 0 0 0 0 0 0 0 0 0 0 0 0 0 0 0 0 0 0 0 0 0 0 0 0 0 0 0 0 0 0 0 0 0 0 0 0 0 0 0 0 0 0 0 0 0 0 0 0 0 0 0 0 0 0 0 0 0 0 0 0 0 0 0 0 0 0 0 0 0 0 0 0 0 0 0 0 0 0 0 0 0 0 0 0 0 0 0 0 0 0 0 0 0 0 1 0 0 129 160 0 0 1 0 0 0 0 0 0 0 0 0 0 0 2 0 0 0 0 0 0 0 0 0 0 0 16 0 0 0 255 255 255 255 2 0 1 0 0 0 0 0 data 2 0x10002 0x1410 oops 0
ciMethodData org/gradle/api/internal/artifacts/ivyservice/dependencysubstitution/DependencySubstitutionApplicator$SubstitutionResult hasFailure ()Z 2 5392 orig 264 56 173 196 93 0 0 0 0 216 44 232 31 0 0 0 0 88 1 0 0 0 0 0 0 0 0 0 0 0 0 0 0 0 0 0 0 0 0 0 0 0 0 0 0 0 0 0 0 0 0 0 0 0 0 0 0 0 0 0 0 0 0 0 0 0 0 0 0 0 0 0 0 0 0 0 0 0 0 0 0 77 68 79 32 101 120 116 114 97 32 100 97 116 97 32 108 111 99 107 0 0 0 0 0 0 0 0 0 0 0 0 0 0 0 0 0 0 0 0 0 0 0 0 0 0 0 0 0 0 0 0 0 0 0 0 0 0 0 0 0 0 0 0 0 0 0 0 0 0 0 0 0 0 0 0 0 0 0 0 0 0 0 0 0 0 0 0 0 0 0 0 0 0 0 0 0 0 0 0 0 0 0 0 0 0 0 0 0 0 0 0 0 0 0 0 0 0 0 0 0 0 0 0 0 0 0 0 0 0 0 0 0 0 0 0 0 0 1 0 0 129 160 0 0 1 0 0 0 0 0 0 0 0 0 0 0 2 0 0 0 0 0 0 0 0 0 0 0 56 0 0 0 255 255 255 255 7 0 4 0 0 0 0 0 data 7 0x40007 0x1410 0x38 0x0 0x80003 0x0 0x18 oops 0
ciMethodData org/gradle/api/internal/artifacts/ivyservice/dependencysubstitution/DefaultDependencySubstitution isUpdated ()Z 2 5393 orig 264 56 173 196 93 0 0 0 0 224 34 232 31 0 0 0 0 176 1 0 0 0 0 0 0 0 0 0 0 0 0 0 0 0 0 0 0 0 0 0 0 0 0 0 0 0 0 0 0 0 0 0 0 0 0 0 0 0 0 0 0 0 0 0 0 0 0 0 0 0 0 0 0 0 0 0 0 0 0 0 0 77 68 79 32 101 120 116 114 97 32 100 97 116 97 32 108 111 99 107 0 0 0 0 0 0 0 0 0 0 0 0 0 0 0 0 0 0 0 0 0 0 0 0 0 0 0 0 0 0 0 0 0 0 0 0 0 0 0 0 0 0 0 0 0 0 0 0 0 0 0 0 0 0 0 0 0 0 0 0 0 0 0 0 0 0 0 0 0 0 0 0 0 0 0 0 0 0 0 0 0 0 0 0 0 0 0 0 0 0 0 0 0 0 0 0 0 0 0 0 0 0 0 0 0 0 0 0 0 0 0 0 0 0 0 0 0 0 1 0 0 137 160 0 0 1 0 0 0 0 0 0 0 0 0 0 0 2 0 0 0 0 0 0 0 0 0 0 0 104 0 0 0 255 255 255 255 5 0 4 0 0 0 0 0 data 13 0x40005 0x0 0x19a7fb20 0x1411 0x0 0x0 0xc0007 0x1411 0x38 0x0 0x100003 0x0 0x18 oops 1 2 org/gradle/api/internal/artifacts/ivyservice/resolveengine/result/DefaultComponentSelectionDescriptor
ciMethodData org/gradle/internal/Describables$FixedDescribable <init> (Ljava/lang/Object;)V 2 4979 orig 264 56 173 196 93 0 0 0 0 216 46 222 31 0 0 0 0 56 1 0 0 0 0 0 0 0 0 0 0 0 0 0 0 0 0 0 0 0 0 0 0 0 0 0 0 0 0 0 0 0 0 0 0 0 0 0 0 0 0 0 0 0 0 0 0 0 0 0 0 0 0 0 0 0 0 0 0 0 0 0 0 77 68 79 32 101 120 116 114 97 32 100 97 116 97 32 108 111 99 107 0 0 0 0 0 0 0 0 0 0 0 0 0 0 0 0 0 0 0 0 0 0 0 0 0 0 0 0 0 0 0 0 0 0 0 0 0 0 0 0 0 0 0 0 0 0 0 0 0 0 0 0 0 0 0 0 0 0 0 0 0 0 0 0 0 0 0 0 0 0 0 0 0 0 0 0 0 0 0 0 0 0 0 0 0 0 0 0 0 0 0 0 0 0 0 0 0 0 0 0 0 0 0 0 0 0 0 0 0 0 0 0 0 0 0 0 0 1 1 0 0 137 147 0 0 1 0 0 0 0 0 0 0 0 0 0 0 2 0 0 0 0 0 3 0 2 0 0 0 16 0 0 0 255 255 255 255 2 0 2 0 0 0 0 0 data 2 0x20002 0x1271 oops 0
ciMethodData org/gradle/internal/Describables of (Ljava/lang/Object;)Lorg/gradle/internal/DisplayName; 2 6091 orig 264 56 173 196 93 0 0 0 0 248 254 39 30 0 0 0 0 216 1 0 0 80 0 0 0 0 0 0 0 0 0 0 0 0 0 0 0 0 0 0 0 0 0 0 0 0 0 0 0 0 0 0 0 0 0 0 0 0 0 0 0 0 0 0 0 0 0 0 0 0 0 0 0 0 0 0 0 0 0 0 0 77 68 79 32 101 120 116 114 97 32 100 97 116 97 32 108 111 99 107 0 0 0 0 0 0 0 0 0 0 0 0 0 0 0 0 0 0 0 0 0 0 0 0 0 0 0 0 0 0 0 0 0 0 0 0 0 0 0 0 0 0 0 0 0 0 0 0 0 0 0 0 0 0 0 0 0 0 0 0 0 0 0 0 0 0 0 0 0 0 0 0 0 0 0 0 0 0 0 0 0 0 0 0 0 0 0 0 0 0 0 0 0 0 0 0 0 0 0 0 0 0 0 0 0 0 0 0 0 0 0 0 0 0 0 0 0 154 1 0 0 137 177 0 0 1 0 0 0 0 0 0 0 0 0 0 0 2 0 0 0 0 0 5 0 2 0 0 0 144 0 0 0 255 255 255 255 4 0 1 0 0 0 0 0 data 18 0x10004 0xffffffffffffede2 0x19aa2810 0x413 0x0 0x0 0x40007 0x121e 0x50 0x413 0x80004 0x0 0x19aa2810 0x413 0x0 0x0 0x110002 0x121e oops 2 2 org/gradle/internal/component/external/model/DefaultModuleComponentIdentifier 12 org/gradle/internal/component/external/model/DefaultModuleComponentIdentifier
ciMethodData org/gradle/api/internal/artifacts/ivyservice/resolveengine/result/DefaultComponentSelectionDescriptor withReason (Lorg/gradle/api/Describable;)Lorg/gradle/api/internal/artifacts/ivyservice/resolveengine/result/ComponentSelectionDescriptorInternal; 2 2794 orig 264 56 173 196 93 0 0 0 0 184 131 223 31 0 0 0 0 176 1 0 0 48 0 0 0 0 0 0 0 0 0 0 0 0 0 0 0 0 0 0 0 0 0 0 0 0 0 0 0 0 0 0 0 0 0 0 0 0 0 0 0 0 0 0 0 0 0 0 0 0 0 0 0 0 0 0 0 0 0 0 0 77 68 79 32 101 120 116 114 97 32 100 97 116 97 32 108 111 99 107 0 0 0 0 0 0 0 0 0 0 0 0 0 0 0 0 0 0 0 0 0 0 0 0 0 0 0 0 0 0 0 0 0 0 0 0 0 0 0 0 0 0 0 0 0 0 0 0 0 0 0 0 0 0 0 0 0 0 0 0 0 0 0 0 0 0 0 0 0 0 0 0 0 0 0 0 0 0 0 0 0 0 0 0 0 0 0 0 0 0 0 0 0 0 0 0 0 0 0 0 0 0 0 0 0 0 0 0 0 0 0 0 0 0 0 0 0 206 0 0 0 225 80 0 0 1 0 0 0 0 0 0 0 0 0 0 0 2 0 0 0 0 0 5 0 2 0 0 0 96 0 0 0 255 255 255 255 5 0 5 0 0 0 0 0 data 12 0x50005 0x0 0x19aa22f0 0xa1c 0x0 0x0 0x80007 0xa1c 0x20 0x0 0x160002 0xa1c oops 1 2 org/gradle/internal/Describables$FixedDescribable
ciMethodData org/gradle/api/internal/artifacts/ivyservice/resolveengine/result/DefaultComponentSelectionDescriptor <init> (Lorg/gradle/api/artifacts/result/ComponentSelectionCause;Lorg/gradle/api/Describable;)V 2 2856 orig 264 56 173 196 93 0 0 0 0 16 126 223 31 0 0 0 0 216 1 0 0 0 0 0 0 0 0 0 0 0 0 0 0 0 0 0 0 0 0 0 0 0 0 0 0 0 0 0 0 0 0 0 0 0 0 0 0 0 0 0 0 0 0 0 0 0 0 0 0 0 0 0 0 0 0 0 0 0 0 0 0 77 68 79 32 101 120 116 114 97 32 100 97 116 97 32 108 111 99 107 0 0 0 0 0 0 0 0 0 0 0 0 0 0 0 0 0 0 0 0 0 0 0 0 0 0 0 0 0 0 0 0 0 0 0 0 0 0 0 0 0 0 0 0 0 0 0 0 0 0 0 0 0 0 0 0 0 0 0 0 0 0 0 0 0 0 0 0 0 0 0 0 0 0 0 0 0 0 0 0 0 0 0 0 0 0 0 0 0 0 0 0 0 0 0 0 0 0 0 0 0 0 0 0 0 0 0 0 0 0 0 0 0 0 0 0 0 215 0 0 0 137 82 0 0 1 0 0 0 0 0 0 0 0 0 0 0 2 0 0 0 0 0 3 0 2 0 0 0 128 0 0 0 255 255 255 255 2 0 1 0 0 0 0 0 data 16 0x10002 0xa51 0x1b0004 0x0 0x19aa57c0 0xa51 0x0 0x0 0x1f0004 0x0 0x19aa22f0 0x9fa 0x19aa7f30 0x57 0x200002 0xa51 oops 3 4 org/gradle/api/artifacts/result/ComponentSelectionCause 10 org/gradle/internal/Describables$FixedDescribable 12 org/gradle/api/internal/artifacts/ivyservice/resolveengine/graph/conflicts/VersionConflictResolutionDetails
instanceKlass org/gradle/internal/typeconversion/NotationConverterToNotationParserAdapter$1
instanceKlass sun/security/jca/GetInstance$1
instanceKlass org/gradle/internal/operations/DefaultBuildOperationQueue$1
instanceKlass java/util/ArrayDeque$1
instanceKlass com/android/tools/r8/graph/DexValue$1
instanceKlass org/gradle/internal/operations/DefaultBuildOperationExecutor$1
instanceKlass sun/nio/cs/US_ASCII$1
instanceKlass com/android/tools/r8/dex/DexParser$1
instanceKlass org/gradle/internal/operations/BuildOperationDescriptor$1
instanceKlass com/android/ide/common/workers/ExecutorServiceAdapter$submit$submission$1
instanceKlass com/android/build/gradle/internal/res/Aapt2CompileWithBlameRunnable$Params
instanceKlass com/android/build/gradle/internal/res/Aapt2CompileWithBlameRunnable
instanceKlass com/android/utils/XmlUtils$PositionAwareStringBuilder
instanceKlass com/android/ide/common/blame/SourceFileJsonTypeAdapter$1
instanceKlass com/android/ide/common/blame/MergingLogPersistUtil
instanceKlass com/android/builder/internal/aapt/v2/Aapt2RenamingConventions
instanceKlass com/android/ide/common/resources/CompileResourceRequest
instanceKlass com/google/common/collect/LinkedListMultimap$NodeIterator
instanceKlass com/google/common/collect/HashBasedTable$Factory
instanceKlass java/util/concurrent/ConcurrentLinkedDeque$Node
instanceKlass com/android/ide/common/resources/MergeWriter
instanceKlass com/android/build/gradle/internal/aapt/WorkerExecutorResourceCompilationService
instanceKlass com/android/ide/common/blame/MergingLog
instanceKlass com/android/ide/common/resources/ResourceSet$1
instanceKlass com/android/ide/common/resources/ResourceSet$FolderData
instanceKlass com/android/ide/common/resources/DataSet$1
instanceKlass com/google/common/collect/LinkedListMultimap$ValueForKeyIterator
instanceKlass com/google/common/collect/LinkedListMultimap$DistinctKeyIterator
instanceKlass com/google/common/collect/Multimaps$AsMap$EntrySet$1
instanceKlass com/android/resources/FolderTypeRelationship
instanceKlass com/android/utils/SdkUtils
instanceKlass com/android/ide/common/resources/FileResourceNameValidator
instanceKlass com/google/common/collect/LinkedListMultimap$KeyList
instanceKlass com/android/ide/common/rendering/api/ResourceNamespace$Resolver
instanceKlass com/android/ide/common/rendering/api/PluralsResourceValue
instanceKlass com/android/ide/common/rendering/api/ResourceValueImpl
instanceKlass com/android/ide/common/rendering/api/ArrayResourceValue
instanceKlass com/android/ide/common/rendering/api/AttrResourceValue
instanceKlass com/android/ide/common/rendering/api/StyleItemResourceValue
instanceKlass com/android/ide/common/rendering/api/ResourceValue
instanceKlass com/android/ide/common/resources/ValueResourceNameValidator
instanceKlass com/android/resources/ResourceType$$Lambda$594
instanceKlass com/android/resources/ResourceType$$Lambda$593
instanceKlass com/android/ide/common/resources/ValueResourceParser2
instanceKlass com/android/ide/common/resources/configuration/FolderConfiguration
instanceKlass com/android/ide/common/resources/NoOpResourcePreprocessor
instanceKlass com/android/ide/common/resources/DataFile
instanceKlass com/android/ide/common/rendering/api/ResourceNamespace
instanceKlass com/android/ide/common/resources/NodeUtils
instanceKlass com/android/ide/common/resources/DataItem
instanceKlass com/android/ide/common/resources/ResourceItem
instanceKlass com/android/ide/common/resources/configuration/Configurable
instanceKlass com/android/ide/common/resources/DataMerger
instanceKlass com/android/build/gradle/internal/LoggerWrapper$LoggerSupplier
instanceKlass com/android/ide/common/resources/configuration/ResourceQualifier
instanceKlass com/android/builder/png/VectorDrawableRenderer
instanceKlass com/android/build/gradle/tasks/MergeResources$$Lambda$592
instanceKlass org/gradle/workers/internal/WorkerDaemonClientsManager$1
instanceKlass org/gradle/workers/internal/WorkerDaemonExpiration$SimpleMemoryExpirationSelector
instanceKlass com/android/tools/r8/ir/code/ArithmeticBinop$1
instanceKlass org/gradle/cache/internal/btree/FileBackedBlockStore$1
instanceKlass com/android/tools/build/apkzlib/zip/ExtraField$$Lambda$591
instanceKlass com/android/tools/build/apkzlib/zip/ExtraField$SegmentFactory
instanceKlass java/lang/invoke/LambdaForm$DMH
instanceKlass com/android/tools/r8/dex/FileWriter$$Lambda$590
instanceKlass com/android/tools/r8/dex/FileWriter$$Lambda$589
instanceKlass com/android/tools/r8/dex/FileWriter$$Lambda$588
instanceKlass com/android/tools/r8/utils/OrderedMergingIterator
instanceKlass com/android/tools/r8/dex/VirtualFile$$Lambda$587
instanceKlass com/android/tools/r8/naming/ClassNameMapper
instanceKlass com/android/tools/r8/naming/ProguardMap
instanceKlass com/android/tools/r8/com/google/common/collect/Collections2
instanceKlass com/android/tools/r8/graph/DexEncodedAnnotation$$Lambda$586
instanceKlass com/android/tools/r8/com/google/gson/internal/bind/TypeAdapters$36
instanceKlass com/android/tools/r8/com/google/gson/internal/JsonReaderInternalAccess
instanceKlass com/android/tools/r8/com/google/gson/JsonParser
instanceKlass com/android/tools/r8/dex/DexParser$$Lambda$585
instanceKlass com/android/tools/r8/it/unimi/dsi/fastutil/ints/Int2IntMap$FastEntrySet
instanceKlass com/android/tools/r8/it/unimi/dsi/fastutil/ints/AbstractInt2IntFunction
instanceKlass com/android/tools/r8/graph/DexItemFactory$$Lambda$584
instanceKlass com/android/tools/r8/graph/DexItemFactory$$Lambda$583
instanceKlass com/android/tools/r8/utils/EncodedValueUtils
instanceKlass com/android/tools/r8/dex/DexParser$$Lambda$580
instanceKlass com/android/tools/r8/dex/DexParser$$Lambda$582
instanceKlass com/android/tools/r8/dex/DexParser$$Lambda$581
instanceKlass com/android/tools/r8/dex/DexParser$$Lambda$579
instanceKlass com/android/tools/r8/dex/DexParser$$Lambda$578
instanceKlass com/android/tools/r8/dex/DexParser$$Lambda$577
instanceKlass com/android/tools/r8/dex/DexParser$AttributesAndAnnotations
instanceKlass com/android/tools/r8/dex/DexParser$$Lambda$576
instanceKlass com/android/tools/r8/dex/DexParser$$Lambda$575
instanceKlass com/android/tools/r8/dex/DexParser$$Lambda$573
instanceKlass com/android/tools/r8/dex/DexParser$$Lambda$572
instanceKlass com/android/tools/r8/dex/DexParser$$Lambda$574
instanceKlass com/android/tools/r8/dex/DexParser$$Lambda$569
instanceKlass com/android/tools/r8/dex/DexParser$$Lambda$571
instanceKlass com/android/tools/r8/dex/DexParser$$Lambda$570
instanceKlass com/android/tools/r8/dex/DexParser$MemberAnnotationIterator
instanceKlass com/android/tools/r8/dex/DexParser$$Lambda$568
instanceKlass com/android/tools/r8/dex/DexParser$$Lambda$567
instanceKlass com/android/tools/r8/dex/DexParser$$Lambda$566
instanceKlass com/android/tools/r8/dex/DexParser$$Lambda$565
instanceKlass com/android/tools/r8/dex/DexParser$$Lambda$564
instanceKlass com/android/tools/r8/dex/DexParser$$Lambda$563
instanceKlass com/android/tools/r8/dex/DexParser$$Lambda$561
instanceKlass com/android/tools/r8/dex/DexParser$$Lambda$560
instanceKlass com/android/tools/r8/dex/DexParser$$Lambda$562
instanceKlass com/android/tools/r8/dex/DexParser$AnnotationsDirectory
instanceKlass com/android/tools/r8/code/InstructionFactory$ShortBufferBytecodeStream
instanceKlass com/android/tools/r8/code/BytecodeStream
instanceKlass com/android/tools/r8/code/BaseInstructionFactory
instanceKlass com/android/tools/r8/dex/DexParser$$Lambda$559
instanceKlass com/android/tools/r8/dex/ApplicationReader$ClassReader$$Lambda$558
instanceKlass com/android/tools/r8/dex/ApplicationReader$ClassReader$$Lambda$557
instanceKlass com/android/tools/r8/dex/DexParser$$Lambda$556
instanceKlass com/android/tools/r8/dex/DexSection
instanceKlass com/android/tools/r8/graph/OffsetToObjectMapping
instanceKlass com/android/tools/r8/dex/DexParser
instanceKlass com/android/tools/r8/com/google/common/io/ByteArrayDataInput
instanceKlass com/android/tools/r8/com/google/common/io/ByteArrayDataOutput
instanceKlass com/android/tools/r8/com/google/common/io/ByteStreams
instanceKlass com/android/tools/r8/utils/StreamUtils
instanceKlass com/android/tools/r8/dex/BinaryReader
instanceKlass com/android/tools/r8/DexIndexedConsumer$ForwardingConsumer
instanceKlass com/android/tools/r8/D8Command$Builder$$Lambda$555
instanceKlass com/android/builder/dexing/DexArchiveEntry
instanceKlass com/android/builder/dexing/DirDexArchive
instanceKlass com/android/builder/dexing/DexArchives$$Lambda$554
instanceKlass com/android/builder/dexing/DexArchive
instanceKlass com/android/builder/dexing/DexArchives
instanceKlass com/android/builder/dexing/D8DexArchiveMerger$$Lambda$553
instanceKlass com/android/builder/dexing/D8DexArchiveMerger
instanceKlass com/android/builder/dexing/DexArchiveMerger
instanceKlass com/android/build/gradle/internal/transforms/DexMergerTransformCallable$1
instanceKlass com/android/build/gradle/internal/transforms/DexMergerTransformCallable
instanceKlass com/android/build/gradle/internal/tasks/DexMergingTaskDelegate
instanceKlass com/android/tools/r8/com/google/common/io/Closer$SuppressingSuppressor
instanceKlass com/android/tools/r8/com/google/common/io/Closer$Suppressor
instanceKlass com/android/tools/r8/com/google/common/io/Closer
instanceKlass com/android/tools/r8/ByteDataView
instanceKlass com/android/tools/r8/dex/FileWriter$ByteBufferResult
instanceKlass java/util/zip/Adler32
instanceKlass com/android/tools/r8/utils/DexVersion$1
instanceKlass com/android/tools/r8/dex/Constants
instanceKlass com/android/tools/r8/dex/FileWriter$$Lambda$552
instanceKlass com/android/tools/r8/dex/FileWriter$$Lambda$551
instanceKlass com/android/tools/r8/dex/FileWriter$$Lambda$550
instanceKlass com/android/tools/r8/dex/FileWriter$$Lambda$549
instanceKlass com/android/tools/r8/dex/FileWriter$$Lambda$548
instanceKlass com/android/tools/r8/dex/FileWriter$$Lambda$547
instanceKlass com/android/tools/r8/dex/FileWriter$$Lambda$546
instanceKlass com/android/tools/r8/dex/FileWriter$$Lambda$545
instanceKlass com/android/tools/r8/dex/FileWriter$$Lambda$544
instanceKlass com/android/tools/r8/dex/FileWriter$$Lambda$543
instanceKlass com/android/tools/r8/dex/FileWriter$$Lambda$542
instanceKlass com/android/tools/r8/dex/FileWriter$$Lambda$541
instanceKlass com/android/tools/r8/dex/FileWriter$$Lambda$540
instanceKlass com/android/tools/r8/dex/FileWriter$$Lambda$539
instanceKlass com/android/tools/r8/dex/FileWriter$$Lambda$538
instanceKlass com/android/tools/r8/dex/FileWriter$$Lambda$537
instanceKlass com/android/tools/r8/dex/FileWriter$$Lambda$536
instanceKlass com/android/tools/r8/dex/FileWriter$$Lambda$535
instanceKlass com/android/tools/r8/dex/FileWriter$$Lambda$534
instanceKlass com/android/tools/r8/dex/FileWriter$$Lambda$533
instanceKlass com/android/tools/r8/dex/FileWriter$$Lambda$532
instanceKlass com/android/tools/r8/dex/FileWriter$$Lambda$531
instanceKlass com/android/tools/r8/dex/FileWriter$$Lambda$530
instanceKlass com/android/tools/r8/dex/FileWriter$$Lambda$529
instanceKlass com/android/tools/r8/dex/FileWriter$$Lambda$528
instanceKlass com/android/tools/r8/dex/FileWriter$$Lambda$527
instanceKlass com/android/tools/r8/utils/LebUtils
instanceKlass com/android/tools/r8/dex/DebugBytecodeWriter
instanceKlass com/android/tools/r8/dex/FileWriter$$Lambda$526
instanceKlass com/android/tools/r8/dex/FileWriter$$Lambda$525
instanceKlass java/lang/invoke/LambdaForm$DMH
instanceKlass com/android/tools/r8/dex/FileWriter$$Lambda$524
instanceKlass com/android/tools/r8/utils/DescriptorUtils
instanceKlass com/android/tools/r8/dex/FileWriter$$Lambda$523
instanceKlass com/android/tools/r8/dex/FileWriter$Layout
instanceKlass com/android/tools/r8/graph/DexProgramClass$$Lambda$522
instanceKlass com/android/tools/r8/graph/DexProgramClass$$Lambda$521
instanceKlass com/android/tools/r8/graph/DexItem$$Lambda$520
instanceKlass com/android/tools/r8/it/unimi/dsi/fastutil/objects/Reference2IntLinkedOpenHashMap$MapIterator
instanceKlass com/android/tools/r8/dex/FileWriter$$Lambda$519
instanceKlass com/android/tools/r8/graph/DexProgramClass$$Lambda$518
instanceKlass com/android/tools/r8/graph/DexProgramClass$$Lambda$517
instanceKlass com/android/tools/r8/it/unimi/dsi/fastutil/objects/Object2IntLinkedOpenHashMap$MapIterator
instanceKlass com/android/tools/r8/dex/FileWriter$$Lambda$516
instanceKlass com/android/tools/r8/graph/ProgramClassVisitor
instanceKlass com/android/tools/r8/it/unimi/dsi/fastutil/objects/Object2IntSortedMap$FastSortedEntrySet
instanceKlass com/android/tools/r8/it/unimi/dsi/fastutil/objects/Object2IntMap$FastEntrySet
instanceKlass com/android/tools/r8/it/unimi/dsi/fastutil/objects/AbstractObject2IntFunction
instanceKlass com/android/tools/r8/it/unimi/dsi/fastutil/objects/Object2IntSortedMap
instanceKlass com/android/tools/r8/it/unimi/dsi/fastutil/objects/Object2IntMap
instanceKlass com/android/tools/r8/it/unimi/dsi/fastutil/objects/Object2IntFunction
instanceKlass com/android/tools/r8/dex/DexOutputBuffer
instanceKlass com/android/tools/r8/dex/FileWriter
instanceKlass com/android/tools/r8/dex/ApplicationWriter$$Lambda$515
instanceKlass com/android/tools/r8/graph/ObjectToOffsetMapping$$Lambda$514
instanceKlass com/android/tools/r8/graph/ObjectToOffsetMapping$$Lambda$513
